>/Users/arcchit/Docs/Mistle/Resources/spmf.jar
========== LCM - STATS ============
 Freq. closed itemsets count: 54
 Total time ~: 5 ms
 Max memory:7.565757751464844
=====================================
>/Users/arcchit/Docs/Mistle/Resources/spmf.jar
========== LCM - STATS ============
 Freq. closed itemsets count: 7
 Total time ~: 2 ms
 Max memory:7.5620574951171875
=====================================
>/Users/arcchit/Docs/Mistle/Resources/spmf.jar
========== LCM - STATS ============
 Freq. closed itemsets count: 338
 Total time ~: 11 ms
 Max memory:8.0
=====================================
>/Users/arcchit/Docs/Mistle/Resources/spmf.jar
========== LCM - STATS ============
 Freq. closed itemsets count: 1
 Total time ~: 1 ms
 Max memory:7.577720642089844
=====================================
Length of freq items 1	: 54
Time of freq items 1	: 0.32145214080810547
1024 Frequent Itemsets are mined in 0.009598970413208008 seconds.
Length of freq items 2	: 1024
Time of freq items 2	: 0.009634017944335938
9  violations of +ve partial assignments found for the learned theory.
Violating Clauses	:{frozenset({-19, -17, -15, -13, -11, -9, -7, -5, -2}), frozenset({-19, -17, -15, -13, -11, -9, -6, -4, -3}), frozenset({-19, -17, -15, -13, -11, -8, -7, -5, -3}), frozenset({-19, -17, -15, -13, -11, -8, -7, -4, -3}), frozenset({-19, -17, -15, -13, -11, -9, -7, -5, -3}), frozenset({-19, -17, -15, -11, -8, -7, -5, -3}), frozenset({-19, -17, -15, -13, -11, -9, -7, -4, -3}), frozenset({-19, -17, -14, -13, -11, -8, -7, -5, -3}), frozenset({-19, -17, -14, -13, -11, -9, -7, -5, -3})}
DL of initial theory	: 1728.5070382410145
15	itemsets left after T operation 	: [frozenset({-19, -17, -13, -11, -7, -3})]
3	itemsets left after V operation 	: [frozenset({-15, 3, -9, -5, -2}), frozenset({-3, -13, -11, -7, -19, -17})]
1	itemsets left after V operation 	: [frozenset({-15, -9, 7, -6, -4}), frozenset({-3, -13, -11, -7, -19, -17})]
0	itemsets left after V operation 	: [frozenset({-8, -15, -5, 13}), frozenset({-3, -13, -11, -7, -19, -17})]
Length of freq items 1	: 7
Time of freq items 1	: 0.282116174697876
68 Frequent Itemsets are mined in 0.0005998611450195312 seconds.
Length of freq items 2	: 68
Time of freq items 2	: 0.0006439685821533203
0 clauses are pruned.
Initial DL				: 22838.8081049768
Final DL				: 596.2020832923946
Compression (wrt me)	: 0.9738952190257916
Operator Counters		: {'D': 0, 'W': 0, 'V': 3, 'S': 0, 'R': 0, 'T': 1}
Length of freq items 1	: 338
Time of freq items 1	: 0.31592798233032227
1920 Frequent Itemsets are mined in 0.02288675308227539 seconds.
Length of freq items 2	: 1920
Time of freq items 2	: 0.02292776107788086
9  violations of +ve partial assignments found for the learned theory.
Violating Clauses	:{frozenset({-19, -17, -15, -13, -11, -9, -7, -5, -2}), frozenset({-19, -17, -15, -13, -11, -9, -6, -4, -3}), frozenset({-19, -17, -15, -13, -11, -8, -7, -5, -3}), frozenset({-19, -17, -15, -13, -11, -8, -7, -4, -3}), frozenset({-19, -17, -15, -13, -11, -9, -7, -5, -3}), frozenset({-19, -17, -15, -11, -8, -7, -5, -3}), frozenset({-19, -17, -15, -13, -11, -9, -7, -4, -3}), frozenset({-19, -17, -15, -11, -9, -7, -5, -3}), frozenset({-19, -17, -14, -13, -11, -8, -7, -5, -3}), frozenset({-19, -17, -14, -13, -11, -9, -7, -5, -3})}
DL of initial theory	: 1728.5070382410145
54	itemsets left after T operation 	: [frozenset({-11, -13, -19, -17})]
17	itemsets left after T operation 	: [frozenset({-19, -17, -11, -8, -4, -2})]
1	itemsets left after T operation 	: [frozenset({-19, -17, -15, -11, -7, -5, -3})]
0	itemsets left after T operation 	: [frozenset({-11, -19, -17})]
Length of freq items 1	: 1
Time of freq items 1	: 0.2935478687286377
4 Frequent Itemsets are mined in 9.512901306152344e-05 seconds.
Length of freq items 2	: 4
Time of freq items 2	: 0.00013017654418945312
1 clauses are pruned.
Initial DL				: 22838.808104976797
Final DL				: 391.89885752257555
Compression (wrt me)	: 0.9828406606981748
Operator Counters		: {'D': 0, 'W': 0, 'V': 0, 'S': 0, 'R': 0, 'T': 4}

Dataset	: breast.dat;	Missingness Parameter	: 0.1
Mistle Accuracy = 0.0 ; 0.2 ; 0.07 ; 0.27 / 400
CNFAlgo Accuracy 2 = 339/443 = 0.7652370203160271
CNFAlgo Accuracy 3 = 104/443 = 0.23476297968397292


dataset = breast.dat with minsup = 0.001430615164520744
missingness_parameters = [0.1]
mistle_accuracy_list1 = [0.0]
mistle_accuracy_list2 = [0.2]
mistle_accuracy_list3 = [0.07]
mistle_accuracy_list4 = [0.27]
mistle_clauses_list = [4]
mistle_literals_list = [20]
cnfalgo_accuracy_list2 = [0.7652370203160271]
cnfalgo_accuracy_list3 = [0.23476297968397292]
cnfalgo_clauses_list = [155]
cnfalgo_literals_list = [377]
train_data_literals_list = [4858]
randomized_accuracy_list = [0.3474462365591398]
