>/Users/arcchit/Docs/Mistle/Resources/spmf.jar
========== LCM - STATS ============
 Freq. closed itemsets count: 2877
 Total time ~: 166 ms
 Max memory:14.0
=====================================
>/Users/arcchit/Docs/Mistle/Resources/spmf.jar
========== LCM - STATS ============
 Freq. closed itemsets count: 19
 Total time ~: 8 ms
 Max memory:7.5620574951171875
=====================================
>/Users/arcchit/Docs/Mistle/Resources/spmf.jar
========== LCM - STATS ============
 Freq. closed itemsets count: 1945
 Total time ~: 51 ms
 Max memory:14.0
=====================================
>/Users/arcchit/Docs/Mistle/Resources/spmf.jar
========== LCM - STATS ============
 Freq. closed itemsets count: 4
 Total time ~: 1 ms
 Max memory:7.84222412109375
=====================================
Length of freq items 1	: 2877
Time of freq items 1	: 0.6636538505554199
253262 Frequent Itemsets are mined in 4.440336227416992 seconds.
Length of freq items 2	: 253262
Time of freq items 2	: 4.44038987159729
DL of initial theory	: 12287.449040084146
2470	itemsets left after T operation 	: [frozenset({-31, -17, -8, -6, -36, -66})]
1697	itemsets left after T operation 	: [frozenset({-32, -52, -27, -57})]
1219	itemsets left after T operation 	: [frozenset({-17, -37, -66, -25})]
928	itemsets left after T operation 	: [frozenset({-8, -31, -6, -66})]
655	itemsets left after T operation 	: [frozenset({-57, -33, -52, -25})]
404	itemsets left after T operation 	: [frozenset({-32, -6, -57, -41})]
271	itemsets left after T operation 	: [frozenset({-55, -17, -47, -43, -8, -66})]
141	itemsets left after T operation 	: [frozenset({-32, -58, -9, -42, -41, -2})]
75	itemsets left after T operation 	: [frozenset({-32, -57, -22, -52, -12, -41, -2})]
46	itemsets left after T operation 	: [frozenset({-31, -60, -25, -47, -34})]
17	itemsets left after T operation 	: [frozenset({-32, -22, -52, -12})]
13	itemsets left after T operation 	: [frozenset({-32, -52})]
Length of freq items 1	: 19
Time of freq items 1	: 0.40429210662841797
111 Frequent Itemsets are mined in 0.005808830261230469 seconds.
Length of freq items 2	: 111
Time of freq items 2	: 0.0060269832611083984
0 clauses are pruned.
Initial DL				: 12244.087744499622
Final DL				: 420.1533887697422
Compression (wrt me)	: 0.965685202725006
Operator Counters		: {'D': 0, 'W': 0, 'V': 0, 'S': 0, 'R': 0, 'T': 12}
Length of freq items 1	: 1945
Time of freq items 1	: 0.42211198806762695
181585 Frequent Itemsets are mined in 2.7356390953063965 seconds.
Length of freq items 2	: 181585
Time of freq items 2	: 2.735679864883423
DL of initial theory	: 12287.449040084146
1001	itemsets left after T operation 	: [frozenset({-47, -12, -2, -33})]
142	itemsets left after T operation 	: [frozenset({-47, -2})]
1	itemsets left after T operation 	: [frozenset({-17, -12, -42, -7, -33})]
Length of freq items 1	: 4
Time of freq items 1	: 0.2908658981323242
4113 Frequent Itemsets are mined in 0.05320000648498535 seconds.
Length of freq items 2	: 4113
Time of freq items 2	: 0.05324816703796387
0 clauses are pruned.
Initial DL				: 12244.087744499622
Final DL				: 858.7041118759144
Compression (wrt me)	: 0.9298678570592841
Operator Counters		: {'D': 0, 'W': 0, 'V': 0, 'S': 0, 'R': 0, 'T': 3}

Dataset	: wine.dat;	Missingness Parameter	: 0.1
Mistle Accuracy = 0.25384615384615383 ; 0.9846153846153847 ; 0.0 ; 0.7307692307692307 / 260
CNFAlgo Accuracy 2 = 71/261 = 0.2720306513409962
CNFAlgo Accuracy 3 = 190/261 = 0.7279693486590039


dataset = wine.dat with minsup = 0.015625
missingness_parameters = [0.1]
mistle_accuracy_list1 = [0.25384615384615383]
mistle_accuracy_list2 = [0.9846153846153847]
mistle_accuracy_list3 = [0.0]
mistle_accuracy_list4 = [0.7307692307692307]
mistle_clauses_list = [11]
mistle_literals_list = [55]
cnfalgo_accuracy_list2 = [0.2720306513409962]
cnfalgo_accuracy_list3 = [0.7279693486590039]
cnfalgo_clauses_list = [388098]
cnfalgo_literals_list = [1755333]
train_data_literals_list = [1664]
randomized_accuracy_list = [0.30849358974358976]
