[1585588083] -- 30/03/2020 19:08:03 * Initiating (datatrans,convertdb)
[1585588083] -- 30/03/2020 19:08:03 * Initiating (main,analysedb)
[1585588083] -- 30/03/2020 19:08:03 * Initiating (main,compress)
[1585588093] -- 30/03/2020 19:08:13 * Initiating (datatrans,convertdb)
[1585588093] -- 30/03/2020 19:08:13 * Initiating (main,analysedb)
[1585588093] -- 30/03/2020 19:08:13 * Initiating (main,compress)
[1585592232] -- 30/03/2020 20:17:12 * Initiating (datatrans,convertdb)
[1585592232] -- 30/03/2020 20:17:12 * Initiating (main,analysedb)
[1585592232] -- 30/03/2020 20:17:12 * Initiating (main,compress)
[1585593015] -- 30/03/2020 20:30:15 * Initiating (datatrans,convertdb)
[1585593015] -- 30/03/2020 20:30:15 * Initiating (main,analysedb)
[1585593015] -- 30/03/2020 20:30:15 * Initiating (compress_ng,compress)
[1585593537] -- 30/03/2020 20:38:57 * Initiating (datatrans,convertdb)
[1585593537] -- 30/03/2020 20:38:57 * Initiating (main,analysedb)
[1585593537] -- 30/03/2020 20:38:57 * Initiating (compress_ng,compress)
[1585593632] -- 30/03/2020 20:40:32 * Initiating (datatrans,convertdb)
[1585593632] -- 30/03/2020 20:40:32 * Initiating (main,analysedb)
[1585593632] -- 30/03/2020 20:40:32 * Initiating (compress_ng,compress)
[1585593669] -- 30/03/2020 20:41:09 * Initiating (datatrans,convertdb)
[1585593669] -- 30/03/2020 20:41:09 * Initiating (main,analysedb)
[1585593669] -- 30/03/2020 20:41:09 * Initiating (compress_ng,compress)
[1585593705] -- 30/03/2020 20:41:45 * Initiating (datatrans,convertdb)
[1585593705] -- 30/03/2020 20:41:45 * Initiating (main,analysedb)
[1585593705] -- 30/03/2020 20:41:45 * Initiating (compress_ng,compress)
[1585593826] -- 30/03/2020 20:43:46 * Initiating (datatrans,convertdb)
[1585593826] -- 30/03/2020 20:43:46 * Initiating (main,analysedb)
[1585593826] -- 30/03/2020 20:43:46 * Initiating (main,compress)
[1585593855] -- 30/03/2020 20:44:15 * Initiating (datatrans,convertdb)
[1585593855] -- 30/03/2020 20:44:15 * Initiating (main,analysedb)
[1585593855] -- 30/03/2020 20:44:15 * Initiating (compress_ng,compress)
[1585594016] -- 30/03/2020 20:46:56 * Initiating (datatrans,convertdb)
[1585594016] -- 30/03/2020 20:46:56 * Initiating (main,analysedb)
[1585594016] -- 30/03/2020 20:46:56 * Initiating (compress_ng,compress)
[1585594062] -- 30/03/2020 20:47:42 * Initiating (datatrans,convertdb)
[1585594062] -- 30/03/2020 20:47:42 * Initiating (main,analysedb)
[1585594062] -- 30/03/2020 20:47:42 * Initiating (compress_ng,compress)
[1585594265] -- 30/03/2020 20:51:05 * Initiating (datatrans,convertdb)
[1585594265] -- 30/03/2020 20:51:05 * Initiating (main,analysedb)
[1585594265] -- 30/03/2020 20:51:05 * Initiating (compress_ng,compress)
[1585594336] -- 30/03/2020 20:52:16 * Initiating (datatrans,convertdb)
[1585594336] -- 30/03/2020 20:52:16 * Initiating (main,analysedb)
[1585594336] -- 30/03/2020 20:52:16 * Initiating (compress_ng,compress)
[1585594365] -- 30/03/2020 20:52:45 * Initiating (datatrans,convertdb)
[1585594365] -- 30/03/2020 20:52:45 * Initiating (main,analysedb)
[1585594365] -- 30/03/2020 20:52:45 * Initiating (compress_ng,compress)
[1585594375] -- 30/03/2020 20:52:55 * Initiating (datatrans,convertdb)
[1585594376] -- 30/03/2020 20:52:56 * Initiating (main,analysedb)
[1585594376] -- 30/03/2020 20:52:56 * Initiating (compress_ng,compress)
[1585594384] -- 30/03/2020 20:53:04 * Initiating (datatrans,convertdb)
[1585594384] -- 30/03/2020 20:53:04 * Initiating (main,analysedb)
[1585594384] -- 30/03/2020 20:53:04 * Initiating (compress_ng,compress)
[1585594395] -- 30/03/2020 20:53:15 * Initiating (datatrans,convertdb)
[1585594395] -- 30/03/2020 20:53:15 * Initiating (main,analysedb)
[1585594399] -- 30/03/2020 20:53:19 * Initiating (datatrans,convertdb)
[1585594399] -- 30/03/2020 20:53:19 * Initiating (main,analysedb)
[1585594399] -- 30/03/2020 20:53:19 * Initiating (compress_ng,compress)
[1585594408] -- 30/03/2020 20:53:28 * Initiating (datatrans,convertdb)
[1585594408] -- 30/03/2020 20:53:28 * Initiating (main,analysedb)
[1585594408] -- 30/03/2020 20:53:28 * Initiating (compress_ng,compress)
[1585594433] -- 30/03/2020 20:53:53 * Initiating (datatrans,convertdb)
[1585594433] -- 30/03/2020 20:53:53 * Initiating (main,analysedb)
[1585594433] -- 30/03/2020 20:53:53 * Initiating (compress_ng,compress)
[1585594442] -- 30/03/2020 20:54:02 * Initiating (datatrans,convertdb)
[1585594442] -- 30/03/2020 20:54:02 * Initiating (main,analysedb)
[1585594442] -- 30/03/2020 20:54:02 * Initiating (compress_ng,compress)
[1585594453] -- 30/03/2020 20:54:13 * Initiating (datatrans,convertdb)
[1585594453] -- 30/03/2020 20:54:13 * Initiating (main,analysedb)
[1585594453] -- 30/03/2020 20:54:13 * Initiating (compress_ng,compress)
[1585594461] -- 30/03/2020 20:54:21 * Initiating (datatrans,convertdb)
[1585594461] -- 30/03/2020 20:54:21 * Initiating (main,analysedb)
[1585594461] -- 30/03/2020 20:54:21 * Initiating (compress_ng,compress)
[1585594472] -- 30/03/2020 20:54:32 * Initiating (datatrans,convertdb)
[1585594472] -- 30/03/2020 20:54:32 * Initiating (main,analysedb)
[1585594472] -- 30/03/2020 20:54:32 * Initiating (compress_ng,compress)
[1585594479] -- 30/03/2020 20:54:39 * Initiating (datatrans,convertdb)
[1585594479] -- 30/03/2020 20:54:39 * Initiating (main,analysedb)
[1585594479] -- 30/03/2020 20:54:39 * Initiating (compress_ng,compress)
[1585594492] -- 30/03/2020 20:54:52 * Initiating (datatrans,convertdb)
[1585594492] -- 30/03/2020 20:54:52 * Initiating (main,analysedb)
[1585594492] -- 30/03/2020 20:54:52 * Initiating (compress_ng,compress)
[1585594499] -- 30/03/2020 20:54:59 * Initiating (datatrans,convertdb)
[1585594499] -- 30/03/2020 20:54:59 * Initiating (main,analysedb)
[1585594499] -- 30/03/2020 20:54:59 * Initiating (compress_ng,compress)
[1585594509] -- 30/03/2020 20:55:09 * Initiating (datatrans,convertdb)
[1585594509] -- 30/03/2020 20:55:09 * Initiating (main,analysedb)
[1585594509] -- 30/03/2020 20:55:09 * Initiating (compress_ng,compress)
[1585594516] -- 30/03/2020 20:55:16 * Initiating (datatrans,convertdb)
[1585594516] -- 30/03/2020 20:55:16 * Initiating (main,analysedb)
[1585594516] -- 30/03/2020 20:55:16 * Initiating (compress_ng,compress)
[1585594526] -- 30/03/2020 20:55:26 * Initiating (datatrans,convertdb)
[1585594526] -- 30/03/2020 20:55:26 * Initiating (main,analysedb)
[1585594526] -- 30/03/2020 20:55:26 * Initiating (compress_ng,compress)
[1585594533] -- 30/03/2020 20:55:33 * Initiating (datatrans,convertdb)
[1585594533] -- 30/03/2020 20:55:33 * Initiating (main,analysedb)
[1585594533] -- 30/03/2020 20:55:33 * Initiating (compress_ng,compress)
[1585594911] -- 30/03/2020 21:01:51 * Initiating (datatrans,convertdb)
[1585594911] -- 30/03/2020 21:01:51 * Initiating (datatrans,convertdb)
[1585594911] -- 30/03/2020 21:01:51 * Initiating (main,analysedb)
[1585594911] -- 30/03/2020 21:01:51 * Initiating (datatrans,convertdb)
[1585594911] -- 30/03/2020 21:01:51 * Initiating (main,compress)
[1585594911] -- 30/03/2020 21:01:51 * Initiating (main,analysedb)
[1585594911] -- 30/03/2020 21:01:51 * Initiating (main,compress)
[1585594911] -- 30/03/2020 21:01:51 * Initiating (datatrans,convertdb)
[1585594911] -- 30/03/2020 21:01:51 * Initiating (main,analysedb)
[1585594911] -- 30/03/2020 21:01:51 * Initiating (datatrans,convertdb)
[1585594911] -- 30/03/2020 21:01:51 * Initiating (main,compress)
[1585594911] -- 30/03/2020 21:01:51 * Initiating (main,analysedb)
[1585594911] -- 30/03/2020 21:01:51 * Initiating (main,analysedb)
[1585594911] -- 30/03/2020 21:01:51 * Initiating (main,compress)
[1585594911] -- 30/03/2020 21:01:51 * Initiating (main,compress)
[1585595167] -- 30/03/2020 21:06:07 * Initiating (datatrans,convertdb)
[1585595167] -- 30/03/2020 21:06:07 * Initiating (main,analysedb)
[1585595167] -- 30/03/2020 21:06:07 * Initiating (datatrans,convertdb)
[1585595167] -- 30/03/2020 21:06:07 * Initiating (compress_ng,compress)
[1585595167] -- 30/03/2020 21:06:07 * Initiating (datatrans,convertdb)
[1585595167] -- 30/03/2020 21:06:07 * Initiating (main,analysedb)
[1585595167] -- 30/03/2020 21:06:07 * Initiating (main,analysedb)
[1585595167] -- 30/03/2020 21:06:07 * Initiating (datatrans,convertdb)
[1585595167] -- 30/03/2020 21:06:07 * Initiating (main,analysedb)
[1585595167] -- 30/03/2020 21:06:07 * Initiating (compress_ng,compress)
[1585595167] -- 30/03/2020 21:06:07 * Initiating (datatrans,convertdb)
[1585595167] -- 30/03/2020 21:06:07 * Initiating (compress_ng,compress)
[1585595167] -- 30/03/2020 21:06:07 * Initiating (main,analysedb)
[1585595167] -- 30/03/2020 21:06:07 * Initiating (compress_ng,compress)
[1585595167] -- 30/03/2020 21:06:07 * Initiating (compress_ng,compress)
[1585595448] -- 30/03/2020 21:10:48 * Initiating (datatrans,convertdb)
[1585595448] -- 30/03/2020 21:10:48 * Initiating (datatrans,convertdb)
[1585595448] -- 30/03/2020 21:10:48 * Initiating (main,analysedb)
[1585595448] -- 30/03/2020 21:10:48 * Initiating (main,analysedb)
[1585595448] -- 30/03/2020 21:10:48 * Initiating (compress_ng,compress)
[1585595448] -- 30/03/2020 21:10:48 * Initiating (datatrans,convertdb)
[1585595448] -- 30/03/2020 21:10:48 * Initiating (compress_ng,compress)
[1585595448] -- 30/03/2020 21:10:48 * Initiating (main,analysedb)
[1585595448] -- 30/03/2020 21:10:48 * Initiating (datatrans,convertdb)
[1585595448] -- 30/03/2020 21:10:48 * Initiating (compress_ng,compress)
[1585595448] -- 30/03/2020 21:10:48 * Initiating (main,analysedb)
[1585595448] -- 30/03/2020 21:10:48 * Initiating (compress_ng,compress)
[1585595570] -- 30/03/2020 21:12:50 * Initiating (datatrans,convertdb)
[1585595570] -- 30/03/2020 21:12:50 * Initiating (datatrans,convertdb)
[1585595570] -- 30/03/2020 21:12:50 * Initiating (datatrans,convertdb)
[1585595570] -- 30/03/2020 21:12:50 * Initiating (main,analysedb)
[1585595570] -- 30/03/2020 21:12:50 * Initiating (main,analysedb)
[1585595570] -- 30/03/2020 21:12:50 * Initiating (datatrans,convertdb)
[1585595570] -- 30/03/2020 21:12:50 * Initiating (main,analysedb)
[1585595570] -- 30/03/2020 21:12:50 * Initiating (datatrans,convertdb)
[1585595570] -- 30/03/2020 21:12:50 * Initiating (compress_ng,compress)
[1585595570] -- 30/03/2020 21:12:50 * Initiating (compress_ng,compress)
[1585595570] -- 30/03/2020 21:12:50 * Initiating (main,analysedb)
[1585595570] -- 30/03/2020 21:12:50 * Initiating (compress_ng,compress)
[1585595570] -- 30/03/2020 21:12:50 * Initiating (main,analysedb)
[1585595570] -- 30/03/2020 21:12:50 * Initiating (compress_ng,compress)
[1585595570] -- 30/03/2020 21:12:50 * Initiating (compress_ng,compress)
[1585595798] -- 30/03/2020 21:16:38 * Initiating (datatrans,convertdb)
[1585595798] -- 30/03/2020 21:16:38 * Initiating (datatrans,convertdb)
[1585595798] -- 30/03/2020 21:16:38 * Initiating (datatrans,convertdb)
[1585595798] -- 30/03/2020 21:16:38 * Initiating (datatrans,convertdb)
[1585595798] -- 30/03/2020 21:16:38 * Initiating (datatrans,convertdb)
[1585595798] -- 30/03/2020 21:16:38 * Initiating (datatrans,convertdb)
[1585595798] -- 30/03/2020 21:16:38 * Initiating (datatrans,convertdb)
[1585595798] -- 30/03/2020 21:16:38 * Initiating (main,analysedb)
[1585595798] -- 30/03/2020 21:16:38 * Initiating (datatrans,convertdb)
[1585595798] -- 30/03/2020 21:16:38 * Initiating (datatrans,convertdb)
[1585595798] -- 30/03/2020 21:16:38 * Initiating (main,analysedb)
[1585595798] -- 30/03/2020 21:16:38 * Initiating (main,analysedb)
[1585595798] -- 30/03/2020 21:16:38 * Initiating (main,analysedb)
[1585595798] -- 30/03/2020 21:16:38 * Initiating (main,analysedb)
[1585595798] -- 30/03/2020 21:16:38 * Initiating (datatrans,convertdb)
[1585595798] -- 30/03/2020 21:16:38 * Initiating (main,analysedb)
[1585595798] -- 30/03/2020 21:16:38 * Initiating (main,analysedb)
[1585595798] -- 30/03/2020 21:16:38 * Initiating (compress_ng,compress)
[1585595798] -- 30/03/2020 21:16:38 * Initiating (compress_ng,compress)
[1585595798] -- 30/03/2020 21:16:38 * Initiating (datatrans,convertdb)
[1585595798] -- 30/03/2020 21:16:38 * Initiating (compress_ng,compress)
[1585595798] -- 30/03/2020 21:16:38 * Initiating (compress_ng,compress)
[1585595798] -- 30/03/2020 21:16:38 * Initiating (datatrans,convertdb)
[1585595798] -- 30/03/2020 21:16:38 * Initiating (datatrans,convertdb)
[1585595798] -- 30/03/2020 21:16:38 * Initiating (datatrans,convertdb)
[1585595798] -- 30/03/2020 21:16:38 * Initiating (datatrans,convertdb)
[1585595798] -- 30/03/2020 21:16:38 * Initiating (main,analysedb)
[1585595798] -- 30/03/2020 21:16:38 * Initiating (compress_ng,compress)
[1585595798] -- 30/03/2020 21:16:38 * Initiating (datatrans,convertdb)
[1585595798] -- 30/03/2020 21:16:38 * Initiating (datatrans,convertdb)
[1585595798] -- 30/03/2020 21:16:38 * Initiating (main,analysedb)
[1585595798] -- 30/03/2020 21:16:38 * Initiating (compress_ng,compress)
[1585595798] -- 30/03/2020 21:16:38 * Initiating (compress_ng,compress)
[1585595798] -- 30/03/2020 21:16:38 * Initiating (main,analysedb)
[1585595798] -- 30/03/2020 21:16:38 * Initiating (compress_ng,compress)
[1585595798] -- 30/03/2020 21:16:38 * Initiating (main,analysedb)
[1585595798] -- 30/03/2020 21:16:38 * Initiating (main,analysedb)
[1585595798] -- 30/03/2020 21:16:38 * Initiating (main,analysedb)
[1585595798] -- 30/03/2020 21:16:38 * Initiating (main,analysedb)
[1585595798] -- 30/03/2020 21:16:38 * Initiating (main,analysedb)
[1585595798] -- 30/03/2020 21:16:38 * Initiating (datatrans,convertdb)
[1585595798] -- 30/03/2020 21:16:38 * Initiating (compress_ng,compress)
[1585595798] -- 30/03/2020 21:16:38 * Initiating (compress_ng,compress)
[1585595798] -- 30/03/2020 21:16:38 * Initiating (compress_ng,compress)
[1585595799] -- 30/03/2020 21:16:39 * Initiating (compress_ng,compress)
[1585595799] -- 30/03/2020 21:16:39 * Initiating (main,analysedb)
[1585595799] -- 30/03/2020 21:16:39 * Initiating (compress_ng,compress)
[1585595799] -- 30/03/2020 21:16:39 * Initiating (compress_ng,compress)
[1585595799] -- 30/03/2020 21:16:39 * Initiating (main,analysedb)
[1585595799] -- 30/03/2020 21:16:39 * Initiating (compress_ng,compress)
[1585595799] -- 30/03/2020 21:16:39 * Initiating (main,analysedb)
[1585595799] -- 30/03/2020 21:16:39 * Initiating (compress_ng,compress)
[1585595799] -- 30/03/2020 21:16:39 * Initiating (compress_ng,compress)
[1585595799] -- 30/03/2020 21:16:39 * Initiating (compress_ng,compress)
[1585595915] -- 30/03/2020 21:18:35 * Initiating (datatrans,convertdb)
[1585595915] -- 30/03/2020 21:18:35 * Initiating (main,analysedb)
[1585595915] -- 30/03/2020 21:18:35 * Initiating (compress_ng,compress)
[1585595926] -- 30/03/2020 21:18:46 * Initiating (datatrans,convertdb)
[1585595926] -- 30/03/2020 21:18:46 * Initiating (main,analysedb)
[1585595926] -- 30/03/2020 21:18:46 * Initiating (compress_ng,compress)
[1585598480] -- 30/03/2020 22:01:20 * Initiating (datatrans,convertdb)
[1585598480] -- 30/03/2020 22:01:20 * Initiating (main,analysedb)
[1585598480] -- 30/03/2020 22:01:20 * Initiating (compress_ng,compress)
[1585598541] -- 30/03/2020 22:02:21 * Initiating (datatrans,convertdb)
[1585598541] -- 30/03/2020 22:02:21 * Initiating (main,analysedb)
[1585598541] -- 30/03/2020 22:02:21 * Initiating (compress_ng,compress)
[1585598550] -- 30/03/2020 22:02:30 * Initiating (datatrans,convertdb)
[1585598550] -- 30/03/2020 22:02:30 * Initiating (main,analysedb)
[1585598550] -- 30/03/2020 22:02:30 * Initiating (compress_ng,compress)
[1585598559] -- 30/03/2020 22:02:39 * Initiating (datatrans,convertdb)
[1585598559] -- 30/03/2020 22:02:39 * Initiating (main,analysedb)
[1585598559] -- 30/03/2020 22:02:39 * Initiating (compress_ng,compress)
[1585598578] -- 30/03/2020 22:02:58 * Initiating (datatrans,convertdb)
[1585598578] -- 30/03/2020 22:02:58 * Initiating (main,analysedb)
[1585598578] -- 30/03/2020 22:02:58 * Initiating (compress_ng,compress)
[1585598585] -- 30/03/2020 22:03:05 * Initiating (datatrans,convertdb)
[1585598585] -- 30/03/2020 22:03:05 * Initiating (main,analysedb)
[1585598585] -- 30/03/2020 22:03:05 * Initiating (compress_ng,compress)
[1585598602] -- 30/03/2020 22:03:22 * Initiating (datatrans,convertdb)
[1585598602] -- 30/03/2020 22:03:22 * Initiating (main,analysedb)
[1585598602] -- 30/03/2020 22:03:22 * Initiating (compress_ng,compress)
[1585598609] -- 30/03/2020 22:03:29 * Initiating (datatrans,convertdb)
[1585598609] -- 30/03/2020 22:03:29 * Initiating (main,analysedb)
[1585598609] -- 30/03/2020 22:03:29 * Initiating (compress_ng,compress)
[1585598616] -- 30/03/2020 22:03:36 * Initiating (datatrans,convertdb)
[1585598616] -- 30/03/2020 22:03:36 * Initiating (main,analysedb)
[1585598616] -- 30/03/2020 22:03:36 * Initiating (compress_ng,compress)
[1585598622] -- 30/03/2020 22:03:42 * Initiating (datatrans,convertdb)
[1585598622] -- 30/03/2020 22:03:42 * Initiating (main,analysedb)
[1585598622] -- 30/03/2020 22:03:42 * Initiating (compress_ng,compress)
[1585598627] -- 30/03/2020 22:03:47 * Initiating (datatrans,convertdb)
[1585598627] -- 30/03/2020 22:03:47 * Initiating (main,analysedb)
[1585598627] -- 30/03/2020 22:03:47 * Initiating (compress_ng,compress)
[1585598632] -- 30/03/2020 22:03:52 * Initiating (datatrans,convertdb)
[1585598632] -- 30/03/2020 22:03:52 * Initiating (main,analysedb)
[1585598632] -- 30/03/2020 22:03:52 * Initiating (compress_ng,compress)
[1585598639] -- 30/03/2020 22:03:59 * Initiating (datatrans,convertdb)
[1585598639] -- 30/03/2020 22:03:59 * Initiating (main,analysedb)
[1585598639] -- 30/03/2020 22:03:59 * Initiating (compress_ng,compress)
[1585598644] -- 30/03/2020 22:04:04 * Initiating (datatrans,convertdb)
[1585598644] -- 30/03/2020 22:04:04 * Initiating (main,analysedb)
[1585598644] -- 30/03/2020 22:04:04 * Initiating (compress_ng,compress)
[1585598650] -- 30/03/2020 22:04:10 * Initiating (datatrans,convertdb)
[1585598650] -- 30/03/2020 22:04:10 * Initiating (main,analysedb)
[1585598650] -- 30/03/2020 22:04:10 * Initiating (compress_ng,compress)
[1585598655] -- 30/03/2020 22:04:15 * Initiating (datatrans,convertdb)
[1585598655] -- 30/03/2020 22:04:15 * Initiating (main,analysedb)
[1585598655] -- 30/03/2020 22:04:15 * Initiating (compress_ng,compress)
[1585598660] -- 30/03/2020 22:04:20 * Initiating (datatrans,convertdb)
[1585598660] -- 30/03/2020 22:04:20 * Initiating (main,analysedb)
[1585598660] -- 30/03/2020 22:04:20 * Initiating (compress_ng,compress)
[1585598665] -- 30/03/2020 22:04:25 * Initiating (datatrans,convertdb)
[1585598665] -- 30/03/2020 22:04:25 * Initiating (main,analysedb)
[1585598665] -- 30/03/2020 22:04:25 * Initiating (compress_ng,compress)
[1585598671] -- 30/03/2020 22:04:31 * Initiating (datatrans,convertdb)
[1585598671] -- 30/03/2020 22:04:31 * Initiating (main,analysedb)
[1585598671] -- 30/03/2020 22:04:31 * Initiating (compress_ng,compress)
[1585598676] -- 30/03/2020 22:04:36 * Initiating (datatrans,convertdb)
[1585598676] -- 30/03/2020 22:04:36 * Initiating (main,analysedb)
[1585598676] -- 30/03/2020 22:04:36 * Initiating (compress_ng,compress)
[1585598805] -- 30/03/2020 22:06:45 * Initiating (datatrans,convertdb)
[1585598805] -- 30/03/2020 22:06:45 * Initiating (main,analysedb)
[1585598805] -- 30/03/2020 22:06:45 * Initiating (compress_ng,compress)
[1585598951] -- 30/03/2020 22:09:11 * Initiating (datatrans,convertdb)
[1585598951] -- 30/03/2020 22:09:11 * Initiating (main,analysedb)
[1585598951] -- 30/03/2020 22:09:11 * Initiating (compress_ng,compress)
[1585599156] -- 30/03/2020 22:12:36 * Initiating (datatrans,convertdb)
[1585599189] -- 30/03/2020 22:13:09 * Initiating (main,analysedb)
[1585599405] -- 30/03/2020 22:16:45 * Initiating (compress_ng,compress)
[1585600139] -- 30/03/2020 22:28:59 * Initiating (datatrans,convertdb)
[1585600139] -- 30/03/2020 22:28:59 * Initiating (main,analysedb)
[1585600139] -- 30/03/2020 22:28:59 * Initiating (compress_ng,compress)
[1585600792] -- 30/03/2020 22:39:52 * Initiating (compress_ng,compress)
[1585602815] -- 30/03/2020 23:13:35 * Initiating (compress_ng,compress)
[1585602824] -- 30/03/2020 23:13:44 * Initiating (compress_ng,compress)
[1585602830] -- 30/03/2020 23:13:50 * Initiating (compress_ng,compress)
[1585602851] -- 30/03/2020 23:14:11 * Initiating (compress_ng,compress)
[1585602857] -- 30/03/2020 23:14:17 * Initiating (compress_ng,compress)
[1585603256] -- 30/03/2020 23:20:56 * Initiating (datatrans,convertdb)
[1585603256] -- 30/03/2020 23:20:56 * Initiating (main,analysedb)
[1585603256] -- 30/03/2020 23:20:56 * Initiating (main,compress)
[1585603286] -- 30/03/2020 23:21:26 * Initiating (datatrans,convertdb)
[1585603286] -- 30/03/2020 23:21:26 * Initiating (main,analysedb)
[1585603286] -- 30/03/2020 23:21:26 * Initiating (main,compress)
[1585603293] -- 30/03/2020 23:21:33 * Initiating (datatrans,convertdb)
[1585603293] -- 30/03/2020 23:21:33 * Initiating (main,analysedb)
[1585603293] -- 30/03/2020 23:21:33 * Initiating (main,compress)
[1585603304] -- 30/03/2020 23:21:44 * Initiating (datatrans,convertdb)
[1585603305] -- 30/03/2020 23:21:45 * Initiating (main,analysedb)
[1585603305] -- 30/03/2020 23:21:45 * Initiating (main,compress)
[1585603313] -- 30/03/2020 23:21:53 * Initiating (datatrans,convertdb)
[1585603313] -- 30/03/2020 23:21:53 * Initiating (main,analysedb)
[1585603313] -- 30/03/2020 23:21:53 * Initiating (main,compress)
[1585603334] -- 30/03/2020 23:22:14 * Initiating (datatrans,convertdb)
[1585603334] -- 30/03/2020 23:22:14 * Initiating (main,analysedb)
[1585603334] -- 30/03/2020 23:22:14 * Initiating (main,compress)
[1585603342] -- 30/03/2020 23:22:22 * Initiating (datatrans,convertdb)
[1585603342] -- 30/03/2020 23:22:22 * Initiating (main,analysedb)
[1585603342] -- 30/03/2020 23:22:22 * Initiating (main,compress)
[1585603348] -- 30/03/2020 23:22:28 * Initiating (datatrans,convertdb)
[1585603348] -- 30/03/2020 23:22:28 * Initiating (main,analysedb)
[1585603348] -- 30/03/2020 23:22:28 * Initiating (main,compress)
[1585603367] -- 30/03/2020 23:22:47 * Initiating (datatrans,convertdb)
[1585603367] -- 30/03/2020 23:22:47 * Initiating (main,analysedb)
[1585603367] -- 30/03/2020 23:22:47 * Initiating (main,compress)
[1585603545] -- 30/03/2020 23:25:45 * Initiating (datatrans,convertdb)
[1585603545] -- 30/03/2020 23:25:45 * Initiating (main,analysedb)
[1585603545] -- 30/03/2020 23:25:45 * Initiating (main,compress)
[1585603598] -- 30/03/2020 23:26:38 * Initiating (datatrans,convertdb)
[1585603598] -- 30/03/2020 23:26:38 * Initiating (main,analysedb)
[1585640220] -- 31/03/2020 09:37:00 * Initiating (datatrans,convertdb)
[1585640220] -- 31/03/2020 09:37:00 * Initiating (main,analysedb)
[1585640220] -- 31/03/2020 09:37:00 * Initiating (main,compress)
[1585640231] -- 31/03/2020 09:37:11 * Initiating (datatrans,convertdb)
[1585640231] -- 31/03/2020 09:37:11 * Initiating (main,analysedb)
[1585640231] -- 31/03/2020 09:37:11 * Initiating (main,compress)
[1585640309] -- 31/03/2020 09:38:29 * Initiating (datatrans,convertdb)
[1585640309] -- 31/03/2020 09:38:29 * Initiating (main,analysedb)
[1585640309] -- 31/03/2020 09:38:29 * Initiating (main,compress)
[1585640316] -- 31/03/2020 09:38:36 * Initiating (datatrans,convertdb)
[1585640316] -- 31/03/2020 09:38:36 * Initiating (main,analysedb)
[1585640316] -- 31/03/2020 09:38:36 * Initiating (main,compress)
[1585640322] -- 31/03/2020 09:38:42 * Initiating (datatrans,convertdb)
[1585640322] -- 31/03/2020 09:38:42 * Initiating (main,analysedb)
[1585640322] -- 31/03/2020 09:38:42 * Initiating (main,compress)
[1585648851] -- 31/03/2020 12:00:51 * Initiating (datatrans,convertdb)
[1585648851] -- 31/03/2020 12:00:51 * Initiating (main,analysedb)
[1585648851] -- 31/03/2020 12:00:51 * Initiating (main,compress)
[1585648851] -- 31/03/2020 12:00:51 * Initiating (datatrans,convertdb)
[1585648851] -- 31/03/2020 12:00:51 * Initiating (main,analysedb)
[1585648851] -- 31/03/2020 12:00:51 * Initiating (main,compress)
[1585648851] -- 31/03/2020 12:00:51 * Initiating (datatrans,convertdb)
[1585648851] -- 31/03/2020 12:00:51 * Initiating (main,analysedb)
[1585648851] -- 31/03/2020 12:00:51 * Initiating (main,compress)
[1585648851] -- 31/03/2020 12:00:51 * Initiating (datatrans,convertdb)
[1585648851] -- 31/03/2020 12:00:51 * Initiating (main,analysedb)
[1585648851] -- 31/03/2020 12:00:51 * Initiating (main,compress)
[1585648852] -- 31/03/2020 12:00:52 * Initiating (datatrans,convertdb)
[1585648852] -- 31/03/2020 12:00:52 * Initiating (main,analysedb)
[1585648852] -- 31/03/2020 12:00:52 * Initiating (main,compress)
[1585648852] -- 31/03/2020 12:00:52 * Initiating (datatrans,convertdb)
[1585648852] -- 31/03/2020 12:00:52 * Initiating (main,analysedb)
[1585648852] -- 31/03/2020 12:00:52 * Initiating (main,compress)
[1585648853] -- 31/03/2020 12:00:53 * Initiating (datatrans,convertdb)
[1585648853] -- 31/03/2020 12:00:53 * Initiating (main,analysedb)
[1585648853] -- 31/03/2020 12:00:53 * Initiating (main,compress)
[1585648854] -- 31/03/2020 12:00:54 * Initiating (datatrans,convertdb)
[1585648854] -- 31/03/2020 12:00:54 * Initiating (main,analysedb)
[1585648854] -- 31/03/2020 12:00:54 * Initiating (main,compress)
[1585648854] -- 31/03/2020 12:00:54 * Initiating (datatrans,convertdb)
[1585648854] -- 31/03/2020 12:00:54 * Initiating (main,analysedb)
[1585648854] -- 31/03/2020 12:00:54 * Initiating (main,compress)
[1585648854] -- 31/03/2020 12:00:54 * Initiating (datatrans,convertdb)
[1585648854] -- 31/03/2020 12:00:54 * Initiating (main,analysedb)
[1585648854] -- 31/03/2020 12:00:54 * Initiating (main,compress)
[1585648855] -- 31/03/2020 12:00:55 * Initiating (datatrans,convertdb)
[1585648855] -- 31/03/2020 12:00:55 * Initiating (main,analysedb)
[1585648855] -- 31/03/2020 12:00:55 * Initiating (main,compress)
[1585648855] -- 31/03/2020 12:00:55 * Initiating (datatrans,convertdb)
[1585648855] -- 31/03/2020 12:00:55 * Initiating (main,analysedb)
[1585648855] -- 31/03/2020 12:00:55 * Initiating (main,compress)
[1585648856] -- 31/03/2020 12:00:56 * Initiating (datatrans,convertdb)
[1585648856] -- 31/03/2020 12:00:56 * Initiating (main,analysedb)
[1585648856] -- 31/03/2020 12:00:56 * Initiating (main,compress)
[1585648856] -- 31/03/2020 12:00:56 * Initiating (datatrans,convertdb)
[1585648856] -- 31/03/2020 12:00:56 * Initiating (main,analysedb)
[1585648856] -- 31/03/2020 12:00:56 * Initiating (main,compress)
[1585648857] -- 31/03/2020 12:00:57 * Initiating (datatrans,convertdb)
[1585648857] -- 31/03/2020 12:00:57 * Initiating (main,analysedb)
[1585648857] -- 31/03/2020 12:00:57 * Initiating (main,compress)
[1585648858] -- 31/03/2020 12:00:58 * Initiating (datatrans,convertdb)
[1585648858] -- 31/03/2020 12:00:58 * Initiating (main,analysedb)
[1585648858] -- 31/03/2020 12:00:58 * Initiating (main,compress)
[1585648859] -- 31/03/2020 12:00:59 * Initiating (datatrans,convertdb)
[1585648859] -- 31/03/2020 12:00:59 * Initiating (main,analysedb)
[1585648859] -- 31/03/2020 12:00:59 * Initiating (main,compress)
[1585648859] -- 31/03/2020 12:00:59 * Initiating (datatrans,convertdb)
[1585648859] -- 31/03/2020 12:00:59 * Initiating (main,analysedb)
[1585648859] -- 31/03/2020 12:00:59 * Initiating (main,compress)
[1585648860] -- 31/03/2020 12:01:00 * Initiating (datatrans,convertdb)
[1585648860] -- 31/03/2020 12:01:00 * Initiating (main,analysedb)
[1585648860] -- 31/03/2020 12:01:00 * Initiating (main,compress)
[1585648860] -- 31/03/2020 12:01:00 * Initiating (datatrans,convertdb)
[1585648860] -- 31/03/2020 12:01:00 * Initiating (main,analysedb)
[1585648860] -- 31/03/2020 12:01:00 * Initiating (main,compress)
[1585651087] -- 31/03/2020 12:38:07 * Initiating (datatrans,convertdb)
[1585651087] -- 31/03/2020 12:38:07 * Initiating (main,analysedb)
[1585651087] -- 31/03/2020 12:38:07 * Initiating (main,compress)
[1585651089] -- 31/03/2020 12:38:09 * Initiating (datatrans,convertdb)
[1585651089] -- 31/03/2020 12:38:09 * Initiating (main,analysedb)
[1585651089] -- 31/03/2020 12:38:09 * Initiating (main,compress)
[1585651090] -- 31/03/2020 12:38:10 * Initiating (datatrans,convertdb)
[1585651090] -- 31/03/2020 12:38:10 * Initiating (main,analysedb)
[1585651090] -- 31/03/2020 12:38:10 * Initiating (main,compress)
[1585651127] -- 31/03/2020 12:38:47 * Initiating (datatrans,convertdb)
[1585651128] -- 31/03/2020 12:38:48 * Initiating (main,analysedb)
[1585651128] -- 31/03/2020 12:38:48 * Initiating (main,compress)
[1585651128] -- 31/03/2020 12:38:48 * Initiating (datatrans,convertdb)
[1585651128] -- 31/03/2020 12:38:48 * Initiating (main,analysedb)
[1585651128] -- 31/03/2020 12:38:48 * Initiating (main,compress)
[1585651130] -- 31/03/2020 12:38:50 * Initiating (datatrans,convertdb)
[1585651130] -- 31/03/2020 12:38:50 * Initiating (main,analysedb)
[1585651130] -- 31/03/2020 12:38:50 * Initiating (main,compress)
[1585651130] -- 31/03/2020 12:38:50 * Initiating (datatrans,convertdb)
[1585651130] -- 31/03/2020 12:38:50 * Initiating (main,analysedb)
[1585651130] -- 31/03/2020 12:38:50 * Initiating (main,compress)
[1585651132] -- 31/03/2020 12:38:52 * Initiating (datatrans,convertdb)
[1585651132] -- 31/03/2020 12:38:52 * Initiating (main,analysedb)
[1585651132] -- 31/03/2020 12:38:52 * Initiating (main,compress)
[1585651132] -- 31/03/2020 12:38:52 * Initiating (datatrans,convertdb)
[1585651132] -- 31/03/2020 12:38:52 * Initiating (main,analysedb)
[1585651132] -- 31/03/2020 12:38:52 * Initiating (main,compress)
[1585651134] -- 31/03/2020 12:38:54 * Initiating (datatrans,convertdb)
[1585651134] -- 31/03/2020 12:38:54 * Initiating (main,analysedb)
[1585651134] -- 31/03/2020 12:38:54 * Initiating (main,compress)
[1585651134] -- 31/03/2020 12:38:54 * Initiating (datatrans,convertdb)
[1585651135] -- 31/03/2020 12:38:55 * Initiating (main,analysedb)
[1585651135] -- 31/03/2020 12:38:55 * Initiating (main,compress)
[1585651136] -- 31/03/2020 12:38:56 * Initiating (datatrans,convertdb)
[1585651137] -- 31/03/2020 12:38:57 * Initiating (main,analysedb)
[1585651137] -- 31/03/2020 12:38:57 * Initiating (main,compress)
[1585651137] -- 31/03/2020 12:38:57 * Initiating (datatrans,convertdb)
[1585651137] -- 31/03/2020 12:38:57 * Initiating (main,analysedb)
[1585651137] -- 31/03/2020 12:38:57 * Initiating (main,compress)
[1585651169] -- 31/03/2020 12:39:29 * Initiating (datatrans,convertdb)
[1585651169] -- 31/03/2020 12:39:29 * Initiating (main,analysedb)
[1585651169] -- 31/03/2020 12:39:29 * Initiating (main,compress)
[1585651169] -- 31/03/2020 12:39:29 * Initiating (datatrans,convertdb)
[1585651169] -- 31/03/2020 12:39:29 * Initiating (main,analysedb)
[1585651169] -- 31/03/2020 12:39:29 * Initiating (main,compress)
[1585651171] -- 31/03/2020 12:39:31 * Initiating (datatrans,convertdb)
[1585651171] -- 31/03/2020 12:39:31 * Initiating (main,analysedb)
[1585651171] -- 31/03/2020 12:39:31 * Initiating (main,compress)
[1585651171] -- 31/03/2020 12:39:31 * Initiating (datatrans,convertdb)
[1585651171] -- 31/03/2020 12:39:31 * Initiating (main,analysedb)
[1585651171] -- 31/03/2020 12:39:31 * Initiating (main,compress)
[1585651173] -- 31/03/2020 12:39:33 * Initiating (datatrans,convertdb)
[1585651173] -- 31/03/2020 12:39:33 * Initiating (main,analysedb)
[1585651173] -- 31/03/2020 12:39:33 * Initiating (main,compress)
[1585651173] -- 31/03/2020 12:39:33 * Initiating (datatrans,convertdb)
[1585651173] -- 31/03/2020 12:39:33 * Initiating (main,analysedb)
[1585651173] -- 31/03/2020 12:39:33 * Initiating (main,compress)
[1585651175] -- 31/03/2020 12:39:35 * Initiating (datatrans,convertdb)
[1585651175] -- 31/03/2020 12:39:35 * Initiating (main,analysedb)
[1585651175] -- 31/03/2020 12:39:35 * Initiating (main,compress)
[1585663401] -- 31/03/2020 16:03:21 * Initiating (datatrans,convertdb)
[1585663401] -- 31/03/2020 16:03:21 * Initiating (main,analysedb)
[1585663401] -- 31/03/2020 16:03:21 * Initiating (main,compress)
[1585663403] -- 31/03/2020 16:03:23 * Initiating (datatrans,convertdb)
[1585663403] -- 31/03/2020 16:03:23 * Initiating (main,analysedb)
[1585663403] -- 31/03/2020 16:03:23 * Initiating (main,compress)
[1585663404] -- 31/03/2020 16:03:24 * Initiating (datatrans,convertdb)
[1585663404] -- 31/03/2020 16:03:24 * Initiating (main,analysedb)
[1585663404] -- 31/03/2020 16:03:24 * Initiating (main,compress)
[1585663406] -- 31/03/2020 16:03:26 * Initiating (datatrans,convertdb)
[1585663406] -- 31/03/2020 16:03:26 * Initiating (main,analysedb)
[1585663406] -- 31/03/2020 16:03:26 * Initiating (main,compress)
[1585663406] -- 31/03/2020 16:03:26 * Initiating (datatrans,convertdb)
[1585663406] -- 31/03/2020 16:03:26 * Initiating (main,analysedb)
[1585663406] -- 31/03/2020 16:03:26 * Initiating (main,compress)
[1585663408] -- 31/03/2020 16:03:28 * Initiating (datatrans,convertdb)
[1585663408] -- 31/03/2020 16:03:28 * Initiating (main,analysedb)
[1585663408] -- 31/03/2020 16:03:28 * Initiating (main,compress)
[1585663408] -- 31/03/2020 16:03:28 * Initiating (datatrans,convertdb)
[1585663408] -- 31/03/2020 16:03:28 * Initiating (main,analysedb)
[1585663408] -- 31/03/2020 16:03:28 * Initiating (main,compress)
[1585663410] -- 31/03/2020 16:03:30 * Initiating (datatrans,convertdb)
[1585663410] -- 31/03/2020 16:03:30 * Initiating (main,analysedb)
[1585663410] -- 31/03/2020 16:03:30 * Initiating (main,compress)
[1585663411] -- 31/03/2020 16:03:31 * Initiating (datatrans,convertdb)
[1585663411] -- 31/03/2020 16:03:31 * Initiating (main,analysedb)
[1585663411] -- 31/03/2020 16:03:31 * Initiating (main,compress)
[1585663413] -- 31/03/2020 16:03:33 * Initiating (datatrans,convertdb)
[1585663413] -- 31/03/2020 16:03:33 * Initiating (main,analysedb)
[1585663413] -- 31/03/2020 16:03:33 * Initiating (main,compress)
[1585663413] -- 31/03/2020 16:03:33 * Initiating (datatrans,convertdb)
[1585663413] -- 31/03/2020 16:03:33 * Initiating (main,analysedb)
[1585663413] -- 31/03/2020 16:03:33 * Initiating (main,compress)
[1585663415] -- 31/03/2020 16:03:35 * Initiating (datatrans,convertdb)
[1585663415] -- 31/03/2020 16:03:35 * Initiating (main,analysedb)
[1585663415] -- 31/03/2020 16:03:35 * Initiating (main,compress)
[1585663415] -- 31/03/2020 16:03:35 * Initiating (datatrans,convertdb)
[1585663415] -- 31/03/2020 16:03:35 * Initiating (main,analysedb)
[1585663415] -- 31/03/2020 16:03:35 * Initiating (main,compress)
[1585663417] -- 31/03/2020 16:03:37 * Initiating (datatrans,convertdb)
[1585663417] -- 31/03/2020 16:03:37 * Initiating (main,analysedb)
[1585663417] -- 31/03/2020 16:03:37 * Initiating (main,compress)
[1585663418] -- 31/03/2020 16:03:38 * Initiating (datatrans,convertdb)
[1585663418] -- 31/03/2020 16:03:38 * Initiating (main,analysedb)
[1585663418] -- 31/03/2020 16:03:38 * Initiating (main,compress)
[1585663420] -- 31/03/2020 16:03:40 * Initiating (datatrans,convertdb)
[1585663420] -- 31/03/2020 16:03:40 * Initiating (main,analysedb)
[1585663420] -- 31/03/2020 16:03:40 * Initiating (main,compress)
[1585663420] -- 31/03/2020 16:03:40 * Initiating (datatrans,convertdb)
[1585663420] -- 31/03/2020 16:03:40 * Initiating (main,analysedb)
[1585663420] -- 31/03/2020 16:03:40 * Initiating (main,compress)
[1585663422] -- 31/03/2020 16:03:42 * Initiating (datatrans,convertdb)
[1585663422] -- 31/03/2020 16:03:42 * Initiating (main,analysedb)
[1585663422] -- 31/03/2020 16:03:42 * Initiating (main,compress)
[1585663422] -- 31/03/2020 16:03:42 * Initiating (datatrans,convertdb)
[1585663422] -- 31/03/2020 16:03:42 * Initiating (main,analysedb)
[1585663422] -- 31/03/2020 16:03:42 * Initiating (main,compress)
[1585663424] -- 31/03/2020 16:03:44 * Initiating (datatrans,convertdb)
[1585663424] -- 31/03/2020 16:03:44 * Initiating (main,analysedb)
[1585663425] -- 31/03/2020 16:03:45 * Initiating (main,compress)
[1585663523] -- 31/03/2020 16:05:23 * Initiating (datatrans,convertdb)
[1585663523] -- 31/03/2020 16:05:23 * Initiating (main,analysedb)
[1585663523] -- 31/03/2020 16:05:23 * Initiating (main,compress)
[1585663524] -- 31/03/2020 16:05:24 * Initiating (datatrans,convertdb)
[1585663524] -- 31/03/2020 16:05:24 * Initiating (main,analysedb)
[1585663524] -- 31/03/2020 16:05:24 * Initiating (main,compress)
[1585663524] -- 31/03/2020 16:05:24 * Initiating (datatrans,convertdb)
[1585663524] -- 31/03/2020 16:05:24 * Initiating (main,analysedb)
[1585663524] -- 31/03/2020 16:05:24 * Initiating (main,compress)
[1585663565] -- 31/03/2020 16:06:05 * Initiating (datatrans,convertdb)
[1585663565] -- 31/03/2020 16:06:05 * Initiating (main,analysedb)
[1585663565] -- 31/03/2020 16:06:05 * Initiating (main,compress)
[1585663565] -- 31/03/2020 16:06:05 * Initiating (datatrans,convertdb)
[1585663565] -- 31/03/2020 16:06:05 * Initiating (main,analysedb)
[1585663565] -- 31/03/2020 16:06:05 * Initiating (main,compress)
[1585663566] -- 31/03/2020 16:06:06 * Initiating (datatrans,convertdb)
[1585663566] -- 31/03/2020 16:06:06 * Initiating (main,analysedb)
[1585663566] -- 31/03/2020 16:06:06 * Initiating (main,compress)
[1585663566] -- 31/03/2020 16:06:06 * Initiating (datatrans,convertdb)
[1585663566] -- 31/03/2020 16:06:06 * Initiating (main,analysedb)
[1585663566] -- 31/03/2020 16:06:06 * Initiating (main,compress)
[1585663566] -- 31/03/2020 16:06:06 * Initiating (datatrans,convertdb)
[1585663567] -- 31/03/2020 16:06:07 * Initiating (main,analysedb)
[1585663567] -- 31/03/2020 16:06:07 * Initiating (main,compress)
[1585663567] -- 31/03/2020 16:06:07 * Initiating (datatrans,convertdb)
[1585663567] -- 31/03/2020 16:06:07 * Initiating (main,analysedb)
[1585663567] -- 31/03/2020 16:06:07 * Initiating (main,compress)
[1585663567] -- 31/03/2020 16:06:07 * Initiating (datatrans,convertdb)
[1585663567] -- 31/03/2020 16:06:07 * Initiating (main,analysedb)
[1585663567] -- 31/03/2020 16:06:07 * Initiating (main,compress)
[1585663567] -- 31/03/2020 16:06:07 * Initiating (datatrans,convertdb)
[1585663567] -- 31/03/2020 16:06:07 * Initiating (main,analysedb)
[1585663567] -- 31/03/2020 16:06:07 * Initiating (main,compress)
[1585663568] -- 31/03/2020 16:06:08 * Initiating (datatrans,convertdb)
[1585663568] -- 31/03/2020 16:06:08 * Initiating (main,analysedb)
[1585663568] -- 31/03/2020 16:06:08 * Initiating (main,compress)
[1585663568] -- 31/03/2020 16:06:08 * Initiating (datatrans,convertdb)
[1585663568] -- 31/03/2020 16:06:08 * Initiating (main,analysedb)
[1585663568] -- 31/03/2020 16:06:08 * Initiating (main,compress)
[1585663568] -- 31/03/2020 16:06:08 * Initiating (datatrans,convertdb)
[1585663568] -- 31/03/2020 16:06:08 * Initiating (main,analysedb)
[1585663569] -- 31/03/2020 16:06:09 * Initiating (main,compress)
[1585663569] -- 31/03/2020 16:06:09 * Initiating (datatrans,convertdb)
[1585663569] -- 31/03/2020 16:06:09 * Initiating (main,analysedb)
[1585663569] -- 31/03/2020 16:06:09 * Initiating (main,compress)
[1585663569] -- 31/03/2020 16:06:09 * Initiating (datatrans,convertdb)
[1585663569] -- 31/03/2020 16:06:09 * Initiating (main,analysedb)
[1585663569] -- 31/03/2020 16:06:09 * Initiating (main,compress)
[1585663569] -- 31/03/2020 16:06:09 * Initiating (datatrans,convertdb)
[1585663569] -- 31/03/2020 16:06:09 * Initiating (main,analysedb)
[1585663569] -- 31/03/2020 16:06:09 * Initiating (main,compress)
[1585663570] -- 31/03/2020 16:06:10 * Initiating (datatrans,convertdb)
[1585663570] -- 31/03/2020 16:06:10 * Initiating (main,analysedb)
[1585663570] -- 31/03/2020 16:06:10 * Initiating (main,compress)
[1585663570] -- 31/03/2020 16:06:10 * Initiating (datatrans,convertdb)
[1585663570] -- 31/03/2020 16:06:10 * Initiating (main,analysedb)
[1585663570] -- 31/03/2020 16:06:10 * Initiating (main,compress)
[1585663570] -- 31/03/2020 16:06:10 * Initiating (datatrans,convertdb)
[1585663571] -- 31/03/2020 16:06:11 * Initiating (main,analysedb)
[1585663571] -- 31/03/2020 16:06:11 * Initiating (main,compress)
[1585663571] -- 31/03/2020 16:06:11 * Initiating (datatrans,convertdb)
[1585663571] -- 31/03/2020 16:06:11 * Initiating (main,analysedb)
[1585663571] -- 31/03/2020 16:06:11 * Initiating (main,compress)
[1585663571] -- 31/03/2020 16:06:11 * Initiating (datatrans,convertdb)
[1585663571] -- 31/03/2020 16:06:11 * Initiating (main,analysedb)
[1585663571] -- 31/03/2020 16:06:11 * Initiating (main,compress)
[1585663571] -- 31/03/2020 16:06:11 * Initiating (datatrans,convertdb)
[1585663571] -- 31/03/2020 16:06:11 * Initiating (main,analysedb)
[1585663571] -- 31/03/2020 16:06:11 * Initiating (main,compress)
[1585663571] -- 31/03/2020 16:06:11 * Initiating (datatrans,convertdb)
[1585663571] -- 31/03/2020 16:06:11 * Initiating (main,analysedb)
[1585663571] -- 31/03/2020 16:06:11 * Initiating (main,compress)
[1585663571] -- 31/03/2020 16:06:11 * Initiating (datatrans,convertdb)
[1585663571] -- 31/03/2020 16:06:11 * Initiating (main,analysedb)
[1585663571] -- 31/03/2020 16:06:11 * Initiating (main,compress)
[1585663571] -- 31/03/2020 16:06:11 * Initiating (datatrans,convertdb)
[1585663572] -- 31/03/2020 16:06:12 * Initiating (main,analysedb)
[1585663572] -- 31/03/2020 16:06:12 * Initiating (main,compress)
[1585663572] -- 31/03/2020 16:06:12 * Initiating (datatrans,convertdb)
[1585663572] -- 31/03/2020 16:06:12 * Initiating (main,analysedb)
[1585663572] -- 31/03/2020 16:06:12 * Initiating (main,compress)
[1585663572] -- 31/03/2020 16:06:12 * Initiating (datatrans,convertdb)
[1585663572] -- 31/03/2020 16:06:12 * Initiating (main,analysedb)
[1585663572] -- 31/03/2020 16:06:12 * Initiating (main,compress)
[1585663572] -- 31/03/2020 16:06:12 * Initiating (datatrans,convertdb)
[1585663572] -- 31/03/2020 16:06:12 * Initiating (main,analysedb)
[1585663572] -- 31/03/2020 16:06:12 * Initiating (main,compress)
[1585663572] -- 31/03/2020 16:06:12 * Initiating (datatrans,convertdb)
[1585663572] -- 31/03/2020 16:06:12 * Initiating (main,analysedb)
[1585663572] -- 31/03/2020 16:06:12 * Initiating (main,compress)
[1585663572] -- 31/03/2020 16:06:12 * Initiating (datatrans,convertdb)
[1585663572] -- 31/03/2020 16:06:12 * Initiating (main,analysedb)
[1585663572] -- 31/03/2020 16:06:12 * Initiating (main,compress)
[1585663572] -- 31/03/2020 16:06:12 * Initiating (datatrans,convertdb)
[1585663572] -- 31/03/2020 16:06:12 * Initiating (main,analysedb)
[1585663572] -- 31/03/2020 16:06:12 * Initiating (main,compress)
[1585663572] -- 31/03/2020 16:06:12 * Initiating (datatrans,convertdb)
[1585663572] -- 31/03/2020 16:06:12 * Initiating (main,analysedb)
[1585663572] -- 31/03/2020 16:06:12 * Initiating (main,compress)
[1585663572] -- 31/03/2020 16:06:12 * Initiating (datatrans,convertdb)
[1585663573] -- 31/03/2020 16:06:13 * Initiating (main,analysedb)
[1585663573] -- 31/03/2020 16:06:13 * Initiating (main,compress)
[1585663573] -- 31/03/2020 16:06:13 * Initiating (datatrans,convertdb)
[1585663573] -- 31/03/2020 16:06:13 * Initiating (main,analysedb)
[1585663573] -- 31/03/2020 16:06:13 * Initiating (main,compress)
[1585663573] -- 31/03/2020 16:06:13 * Initiating (datatrans,convertdb)
[1585663573] -- 31/03/2020 16:06:13 * Initiating (main,analysedb)
[1585663573] -- 31/03/2020 16:06:13 * Initiating (main,compress)
[1585663573] -- 31/03/2020 16:06:13 * Initiating (datatrans,convertdb)
[1585663573] -- 31/03/2020 16:06:13 * Initiating (main,analysedb)
[1585663573] -- 31/03/2020 16:06:13 * Initiating (main,compress)
[1585663573] -- 31/03/2020 16:06:13 * Initiating (datatrans,convertdb)
[1585663573] -- 31/03/2020 16:06:13 * Initiating (main,analysedb)
[1585663573] -- 31/03/2020 16:06:13 * Initiating (main,compress)
[1585663573] -- 31/03/2020 16:06:13 * Initiating (datatrans,convertdb)
[1585663573] -- 31/03/2020 16:06:13 * Initiating (main,analysedb)
[1585663573] -- 31/03/2020 16:06:13 * Initiating (main,compress)
[1585663573] -- 31/03/2020 16:06:13 * Initiating (datatrans,convertdb)
[1585663573] -- 31/03/2020 16:06:13 * Initiating (main,analysedb)
[1585663573] -- 31/03/2020 16:06:13 * Initiating (main,compress)
[1585663573] -- 31/03/2020 16:06:13 * Initiating (datatrans,convertdb)
[1585663574] -- 31/03/2020 16:06:14 * Initiating (main,analysedb)
[1585663574] -- 31/03/2020 16:06:14 * Initiating (main,compress)
[1585663574] -- 31/03/2020 16:06:14 * Initiating (datatrans,convertdb)
[1585663574] -- 31/03/2020 16:06:14 * Initiating (main,analysedb)
[1585663574] -- 31/03/2020 16:06:14 * Initiating (main,compress)
[1585663574] -- 31/03/2020 16:06:14 * Initiating (datatrans,convertdb)
[1585663574] -- 31/03/2020 16:06:14 * Initiating (main,analysedb)
[1585663574] -- 31/03/2020 16:06:14 * Initiating (main,compress)
[1585663574] -- 31/03/2020 16:06:14 * Initiating (datatrans,convertdb)
[1585663574] -- 31/03/2020 16:06:14 * Initiating (main,analysedb)
[1585663574] -- 31/03/2020 16:06:14 * Initiating (main,compress)
[1585663574] -- 31/03/2020 16:06:14 * Initiating (datatrans,convertdb)
[1585663574] -- 31/03/2020 16:06:14 * Initiating (main,analysedb)
[1585663574] -- 31/03/2020 16:06:14 * Initiating (main,compress)
[1585663574] -- 31/03/2020 16:06:14 * Initiating (datatrans,convertdb)
[1585663574] -- 31/03/2020 16:06:14 * Initiating (main,analysedb)
[1585663574] -- 31/03/2020 16:06:14 * Initiating (main,compress)
[1585663574] -- 31/03/2020 16:06:14 * Initiating (datatrans,convertdb)
[1585663574] -- 31/03/2020 16:06:14 * Initiating (main,analysedb)
[1585663574] -- 31/03/2020 16:06:14 * Initiating (main,compress)
[1585663574] -- 31/03/2020 16:06:14 * Initiating (datatrans,convertdb)
[1585663575] -- 31/03/2020 16:06:15 * Initiating (main,analysedb)
[1585663575] -- 31/03/2020 16:06:15 * Initiating (main,compress)
[1585663575] -- 31/03/2020 16:06:15 * Initiating (datatrans,convertdb)
[1585663575] -- 31/03/2020 16:06:15 * Initiating (main,analysedb)
[1585663575] -- 31/03/2020 16:06:15 * Initiating (main,compress)
[1585663575] -- 31/03/2020 16:06:15 * Initiating (datatrans,convertdb)
[1585663575] -- 31/03/2020 16:06:15 * Initiating (main,analysedb)
[1585663575] -- 31/03/2020 16:06:15 * Initiating (main,compress)
[1585663575] -- 31/03/2020 16:06:15 * Initiating (datatrans,convertdb)
[1585663575] -- 31/03/2020 16:06:15 * Initiating (main,analysedb)
[1585663575] -- 31/03/2020 16:06:15 * Initiating (main,compress)
[1585663575] -- 31/03/2020 16:06:15 * Initiating (datatrans,convertdb)
[1585663575] -- 31/03/2020 16:06:15 * Initiating (main,analysedb)
[1585663575] -- 31/03/2020 16:06:15 * Initiating (main,compress)
[1585663575] -- 31/03/2020 16:06:15 * Initiating (datatrans,convertdb)
[1585663575] -- 31/03/2020 16:06:15 * Initiating (main,analysedb)
[1585663575] -- 31/03/2020 16:06:15 * Initiating (main,compress)
[1585663575] -- 31/03/2020 16:06:15 * Initiating (datatrans,convertdb)
[1585663575] -- 31/03/2020 16:06:15 * Initiating (main,analysedb)
[1585663575] -- 31/03/2020 16:06:15 * Initiating (main,compress)
[1585663575] -- 31/03/2020 16:06:15 * Initiating (datatrans,convertdb)
[1585663575] -- 31/03/2020 16:06:15 * Initiating (main,analysedb)
[1585663575] -- 31/03/2020 16:06:15 * Initiating (main,compress)
[1585663575] -- 31/03/2020 16:06:15 * Initiating (datatrans,convertdb)
[1585663576] -- 31/03/2020 16:06:16 * Initiating (main,analysedb)
[1585663576] -- 31/03/2020 16:06:16 * Initiating (main,compress)
[1585663576] -- 31/03/2020 16:06:16 * Initiating (datatrans,convertdb)
[1585663576] -- 31/03/2020 16:06:16 * Initiating (main,analysedb)
[1585663576] -- 31/03/2020 16:06:16 * Initiating (main,compress)
[1585663576] -- 31/03/2020 16:06:16 * Initiating (datatrans,convertdb)
[1585663576] -- 31/03/2020 16:06:16 * Initiating (main,analysedb)
[1585663576] -- 31/03/2020 16:06:16 * Initiating (main,compress)
[1585663576] -- 31/03/2020 16:06:16 * Initiating (datatrans,convertdb)
[1585663576] -- 31/03/2020 16:06:16 * Initiating (main,analysedb)
[1585663576] -- 31/03/2020 16:06:16 * Initiating (main,compress)
[1585663576] -- 31/03/2020 16:06:16 * Initiating (datatrans,convertdb)
[1585663576] -- 31/03/2020 16:06:16 * Initiating (main,analysedb)
[1585663576] -- 31/03/2020 16:06:16 * Initiating (main,compress)
[1585663640] -- 31/03/2020 16:07:20 * Initiating (datatrans,convertdb)
[1585663640] -- 31/03/2020 16:07:20 * Initiating (main,analysedb)
[1585663640] -- 31/03/2020 16:07:20 * Initiating (main,compress)
[1585663661] -- 31/03/2020 16:07:41 * Initiating (datatrans,convertdb)
[1585663661] -- 31/03/2020 16:07:41 * Initiating (main,analysedb)
[1585663661] -- 31/03/2020 16:07:41 * Initiating (main,compress)
[1585663661] -- 31/03/2020 16:07:41 * Initiating (datatrans,convertdb)
[1585663661] -- 31/03/2020 16:07:41 * Initiating (main,analysedb)
[1585663661] -- 31/03/2020 16:07:41 * Initiating (main,compress)
[1585663682] -- 31/03/2020 16:08:02 * Initiating (datatrans,convertdb)
[1585663683] -- 31/03/2020 16:08:03 * Initiating (main,analysedb)
[1585663683] -- 31/03/2020 16:08:03 * Initiating (main,compress)
[1585663683] -- 31/03/2020 16:08:03 * Initiating (datatrans,convertdb)
[1585663683] -- 31/03/2020 16:08:03 * Initiating (main,analysedb)
[1585663683] -- 31/03/2020 16:08:03 * Initiating (main,compress)
[1585663707] -- 31/03/2020 16:08:27 * Initiating (datatrans,convertdb)
[1585663707] -- 31/03/2020 16:08:27 * Initiating (main,analysedb)
[1585663707] -- 31/03/2020 16:08:27 * Initiating (main,compress)
[1585663707] -- 31/03/2020 16:08:27 * Initiating (datatrans,convertdb)
[1585663707] -- 31/03/2020 16:08:27 * Initiating (main,analysedb)
[1585663707] -- 31/03/2020 16:08:27 * Initiating (main,compress)
[1585663723] -- 31/03/2020 16:08:43 * Initiating (datatrans,convertdb)
[1585663723] -- 31/03/2020 16:08:43 * Initiating (main,analysedb)
[1585663723] -- 31/03/2020 16:08:43 * Initiating (main,compress)
[1585663724] -- 31/03/2020 16:08:44 * Initiating (datatrans,convertdb)
[1585663724] -- 31/03/2020 16:08:44 * Initiating (main,analysedb)
[1585663724] -- 31/03/2020 16:08:44 * Initiating (main,compress)
[1585663742] -- 31/03/2020 16:09:02 * Initiating (datatrans,convertdb)
[1585663743] -- 31/03/2020 16:09:03 * Initiating (main,analysedb)
[1585663743] -- 31/03/2020 16:09:03 * Initiating (main,compress)
[1585663743] -- 31/03/2020 16:09:03 * Initiating (datatrans,convertdb)
[1585663743] -- 31/03/2020 16:09:03 * Initiating (main,analysedb)
[1585663743] -- 31/03/2020 16:09:03 * Initiating (main,compress)
[1585663759] -- 31/03/2020 16:09:19 * Initiating (datatrans,convertdb)
[1585663759] -- 31/03/2020 16:09:19 * Initiating (main,analysedb)
[1585663759] -- 31/03/2020 16:09:19 * Initiating (main,compress)
[1585663759] -- 31/03/2020 16:09:19 * Initiating (datatrans,convertdb)
[1585663759] -- 31/03/2020 16:09:19 * Initiating (main,analysedb)
[1585663759] -- 31/03/2020 16:09:19 * Initiating (main,compress)
[1585663778] -- 31/03/2020 16:09:38 * Initiating (datatrans,convertdb)
[1585663778] -- 31/03/2020 16:09:38 * Initiating (main,analysedb)
[1585663778] -- 31/03/2020 16:09:38 * Initiating (main,compress)
[1585663778] -- 31/03/2020 16:09:38 * Initiating (datatrans,convertdb)
[1585663778] -- 31/03/2020 16:09:38 * Initiating (main,analysedb)
[1585663778] -- 31/03/2020 16:09:38 * Initiating (main,compress)
[1585663798] -- 31/03/2020 16:09:58 * Initiating (datatrans,convertdb)
[1585663799] -- 31/03/2020 16:09:59 * Initiating (main,analysedb)
[1585663799] -- 31/03/2020 16:09:59 * Initiating (main,compress)
[1585663799] -- 31/03/2020 16:09:59 * Initiating (datatrans,convertdb)
[1585663799] -- 31/03/2020 16:09:59 * Initiating (main,analysedb)
[1585663799] -- 31/03/2020 16:09:59 * Initiating (main,compress)
[1585663820] -- 31/03/2020 16:10:20 * Initiating (datatrans,convertdb)
[1585663820] -- 31/03/2020 16:10:20 * Initiating (main,analysedb)
[1585663820] -- 31/03/2020 16:10:20 * Initiating (main,compress)
[1585663820] -- 31/03/2020 16:10:20 * Initiating (datatrans,convertdb)
[1585663820] -- 31/03/2020 16:10:20 * Initiating (main,analysedb)
[1585663820] -- 31/03/2020 16:10:20 * Initiating (main,compress)
[1585663836] -- 31/03/2020 16:10:36 * Initiating (datatrans,convertdb)
[1585663836] -- 31/03/2020 16:10:36 * Initiating (main,analysedb)
[1585663836] -- 31/03/2020 16:10:36 * Initiating (main,compress)
[1585663836] -- 31/03/2020 16:10:36 * Initiating (datatrans,convertdb)
[1585663836] -- 31/03/2020 16:10:36 * Initiating (main,analysedb)
[1585663836] -- 31/03/2020 16:10:36 * Initiating (main,compress)
[1585663856] -- 31/03/2020 16:10:56 * Initiating (datatrans,convertdb)
[1585663857] -- 31/03/2020 16:10:57 * Initiating (main,analysedb)
[1585663857] -- 31/03/2020 16:10:57 * Initiating (main,compress)
[1585663857] -- 31/03/2020 16:10:57 * Initiating (datatrans,convertdb)
[1585663857] -- 31/03/2020 16:10:57 * Initiating (main,analysedb)
[1585663857] -- 31/03/2020 16:10:57 * Initiating (main,compress)
[1585663873] -- 31/03/2020 16:11:13 * Initiating (datatrans,convertdb)
[1585663873] -- 31/03/2020 16:11:13 * Initiating (main,analysedb)
[1585663873] -- 31/03/2020 16:11:13 * Initiating (main,compress)
[1585663873] -- 31/03/2020 16:11:13 * Initiating (datatrans,convertdb)
[1585663873] -- 31/03/2020 16:11:13 * Initiating (main,analysedb)
[1585663873] -- 31/03/2020 16:11:13 * Initiating (main,compress)
[1585663894] -- 31/03/2020 16:11:34 * Initiating (datatrans,convertdb)
[1585663894] -- 31/03/2020 16:11:34 * Initiating (main,analysedb)
[1585663894] -- 31/03/2020 16:11:34 * Initiating (main,compress)
[1585663894] -- 31/03/2020 16:11:34 * Initiating (datatrans,convertdb)
[1585663894] -- 31/03/2020 16:11:34 * Initiating (main,analysedb)
[1585663894] -- 31/03/2020 16:11:34 * Initiating (main,compress)
[1585663910] -- 31/03/2020 16:11:50 * Initiating (datatrans,convertdb)
[1585663910] -- 31/03/2020 16:11:50 * Initiating (main,analysedb)
[1585663910] -- 31/03/2020 16:11:50 * Initiating (main,compress)
[1585663911] -- 31/03/2020 16:11:51 * Initiating (datatrans,convertdb)
[1585663911] -- 31/03/2020 16:11:51 * Initiating (main,analysedb)
[1585663911] -- 31/03/2020 16:11:51 * Initiating (main,compress)
[1585663932] -- 31/03/2020 16:12:12 * Initiating (datatrans,convertdb)
[1585663932] -- 31/03/2020 16:12:12 * Initiating (main,analysedb)
[1585663932] -- 31/03/2020 16:12:12 * Initiating (main,compress)
[1585663932] -- 31/03/2020 16:12:12 * Initiating (datatrans,convertdb)
[1585663932] -- 31/03/2020 16:12:12 * Initiating (main,analysedb)
[1585663932] -- 31/03/2020 16:12:12 * Initiating (main,compress)
[1585663947] -- 31/03/2020 16:12:27 * Initiating (datatrans,convertdb)
[1585663947] -- 31/03/2020 16:12:27 * Initiating (main,analysedb)
[1585663947] -- 31/03/2020 16:12:27 * Initiating (main,compress)
[1585663947] -- 31/03/2020 16:12:27 * Initiating (datatrans,convertdb)
[1585663947] -- 31/03/2020 16:12:27 * Initiating (main,analysedb)
[1585663947] -- 31/03/2020 16:12:27 * Initiating (main,compress)
[1585663966] -- 31/03/2020 16:12:46 * Initiating (datatrans,convertdb)
[1585663966] -- 31/03/2020 16:12:46 * Initiating (main,analysedb)
[1585663966] -- 31/03/2020 16:12:46 * Initiating (main,compress)
[1585663966] -- 31/03/2020 16:12:46 * Initiating (datatrans,convertdb)
[1585663966] -- 31/03/2020 16:12:46 * Initiating (main,analysedb)
[1585663966] -- 31/03/2020 16:12:46 * Initiating (main,compress)
[1585663988] -- 31/03/2020 16:13:08 * Initiating (datatrans,convertdb)
[1585663988] -- 31/03/2020 16:13:08 * Initiating (main,analysedb)
[1585663988] -- 31/03/2020 16:13:08 * Initiating (main,compress)
[1585663988] -- 31/03/2020 16:13:08 * Initiating (datatrans,convertdb)
[1585663988] -- 31/03/2020 16:13:08 * Initiating (main,analysedb)
[1585663988] -- 31/03/2020 16:13:08 * Initiating (main,compress)
[1585664008] -- 31/03/2020 16:13:28 * Initiating (datatrans,convertdb)
[1585664008] -- 31/03/2020 16:13:28 * Initiating (main,analysedb)
[1585664008] -- 31/03/2020 16:13:28 * Initiating (main,compress)
[1585664008] -- 31/03/2020 16:13:28 * Initiating (datatrans,convertdb)
[1585664008] -- 31/03/2020 16:13:28 * Initiating (main,analysedb)
[1585664008] -- 31/03/2020 16:13:28 * Initiating (main,compress)
[1585664023] -- 31/03/2020 16:13:43 * Initiating (datatrans,convertdb)
[1585664023] -- 31/03/2020 16:13:43 * Initiating (main,analysedb)
[1585664023] -- 31/03/2020 16:13:43 * Initiating (main,compress)
[1585664023] -- 31/03/2020 16:13:43 * Initiating (datatrans,convertdb)
[1585664023] -- 31/03/2020 16:13:43 * Initiating (main,analysedb)
[1585664023] -- 31/03/2020 16:13:43 * Initiating (main,compress)
[1585664023] -- 31/03/2020 16:13:43 * Initiating (datatrans,convertdb)
[1585664023] -- 31/03/2020 16:13:43 * Initiating (main,analysedb)
[1585664023] -- 31/03/2020 16:13:43 * Initiating (main,compress)
[1585664023] -- 31/03/2020 16:13:43 * Initiating (datatrans,convertdb)
[1585664023] -- 31/03/2020 16:13:43 * Initiating (main,analysedb)
[1585664023] -- 31/03/2020 16:13:43 * Initiating (main,compress)
[1585664023] -- 31/03/2020 16:13:43 * Initiating (datatrans,convertdb)
[1585664023] -- 31/03/2020 16:13:43 * Initiating (main,analysedb)
[1585664023] -- 31/03/2020 16:13:43 * Initiating (main,compress)
[1585664023] -- 31/03/2020 16:13:43 * Initiating (datatrans,convertdb)
[1585664023] -- 31/03/2020 16:13:43 * Initiating (main,analysedb)
[1585664023] -- 31/03/2020 16:13:43 * Initiating (main,compress)
[1585664024] -- 31/03/2020 16:13:44 * Initiating (datatrans,convertdb)
[1585664024] -- 31/03/2020 16:13:44 * Initiating (main,analysedb)
[1585664024] -- 31/03/2020 16:13:44 * Initiating (main,compress)
[1585664024] -- 31/03/2020 16:13:44 * Initiating (datatrans,convertdb)
[1585664024] -- 31/03/2020 16:13:44 * Initiating (main,analysedb)
[1585664024] -- 31/03/2020 16:13:44 * Initiating (main,compress)
[1585664024] -- 31/03/2020 16:13:44 * Initiating (datatrans,convertdb)
[1585664024] -- 31/03/2020 16:13:44 * Initiating (main,analysedb)
[1585664024] -- 31/03/2020 16:13:44 * Initiating (main,compress)
[1585664024] -- 31/03/2020 16:13:44 * Initiating (datatrans,convertdb)
[1585664024] -- 31/03/2020 16:13:44 * Initiating (main,analysedb)
[1585664024] -- 31/03/2020 16:13:44 * Initiating (main,compress)
[1585664024] -- 31/03/2020 16:13:44 * Initiating (datatrans,convertdb)
[1585664024] -- 31/03/2020 16:13:44 * Initiating (main,analysedb)
[1585664024] -- 31/03/2020 16:13:44 * Initiating (main,compress)
[1585664024] -- 31/03/2020 16:13:44 * Initiating (datatrans,convertdb)
[1585664024] -- 31/03/2020 16:13:44 * Initiating (main,analysedb)
[1585664024] -- 31/03/2020 16:13:44 * Initiating (main,compress)
[1585664024] -- 31/03/2020 16:13:44 * Initiating (datatrans,convertdb)
[1585664024] -- 31/03/2020 16:13:44 * Initiating (main,analysedb)
[1585664024] -- 31/03/2020 16:13:44 * Initiating (main,compress)
[1585664024] -- 31/03/2020 16:13:44 * Initiating (datatrans,convertdb)
[1585664024] -- 31/03/2020 16:13:44 * Initiating (main,analysedb)
[1585664024] -- 31/03/2020 16:13:44 * Initiating (main,compress)
[1585664024] -- 31/03/2020 16:13:44 * Initiating (datatrans,convertdb)
[1585664024] -- 31/03/2020 16:13:44 * Initiating (main,analysedb)
[1585664024] -- 31/03/2020 16:13:44 * Initiating (main,compress)
[1585664024] -- 31/03/2020 16:13:44 * Initiating (datatrans,convertdb)
[1585664024] -- 31/03/2020 16:13:44 * Initiating (main,analysedb)
[1585664024] -- 31/03/2020 16:13:44 * Initiating (main,compress)
[1585664025] -- 31/03/2020 16:13:45 * Initiating (datatrans,convertdb)
[1585664025] -- 31/03/2020 16:13:45 * Initiating (main,analysedb)
[1585664025] -- 31/03/2020 16:13:45 * Initiating (main,compress)
[1585664025] -- 31/03/2020 16:13:45 * Initiating (datatrans,convertdb)
[1585664025] -- 31/03/2020 16:13:45 * Initiating (main,analysedb)
[1585664025] -- 31/03/2020 16:13:45 * Initiating (main,compress)
[1585664025] -- 31/03/2020 16:13:45 * Initiating (datatrans,convertdb)
[1585664025] -- 31/03/2020 16:13:45 * Initiating (main,analysedb)
[1585664025] -- 31/03/2020 16:13:45 * Initiating (main,compress)
[1585664025] -- 31/03/2020 16:13:45 * Initiating (datatrans,convertdb)
[1585664025] -- 31/03/2020 16:13:45 * Initiating (main,analysedb)
[1585664025] -- 31/03/2020 16:13:45 * Initiating (main,compress)
[1585664025] -- 31/03/2020 16:13:45 * Initiating (datatrans,convertdb)
[1585664025] -- 31/03/2020 16:13:45 * Initiating (main,analysedb)
[1585664025] -- 31/03/2020 16:13:45 * Initiating (main,compress)
[1585664025] -- 31/03/2020 16:13:45 * Initiating (datatrans,convertdb)
[1585664025] -- 31/03/2020 16:13:45 * Initiating (main,analysedb)
[1585664025] -- 31/03/2020 16:13:45 * Initiating (main,compress)
[1585664025] -- 31/03/2020 16:13:45 * Initiating (datatrans,convertdb)
[1585664025] -- 31/03/2020 16:13:45 * Initiating (main,analysedb)
[1585664025] -- 31/03/2020 16:13:45 * Initiating (main,compress)
[1585664025] -- 31/03/2020 16:13:45 * Initiating (datatrans,convertdb)
[1585664025] -- 31/03/2020 16:13:45 * Initiating (main,analysedb)
[1585664025] -- 31/03/2020 16:13:45 * Initiating (main,compress)
[1585664025] -- 31/03/2020 16:13:45 * Initiating (datatrans,convertdb)
[1585664025] -- 31/03/2020 16:13:45 * Initiating (main,analysedb)
[1585664025] -- 31/03/2020 16:13:45 * Initiating (main,compress)
[1585664025] -- 31/03/2020 16:13:45 * Initiating (datatrans,convertdb)
[1585664026] -- 31/03/2020 16:13:46 * Initiating (main,analysedb)
[1585664026] -- 31/03/2020 16:13:46 * Initiating (main,compress)
[1585664026] -- 31/03/2020 16:13:46 * Initiating (datatrans,convertdb)
[1585664026] -- 31/03/2020 16:13:46 * Initiating (main,analysedb)
[1585664026] -- 31/03/2020 16:13:46 * Initiating (main,compress)
[1585664026] -- 31/03/2020 16:13:46 * Initiating (datatrans,convertdb)
[1585664026] -- 31/03/2020 16:13:46 * Initiating (main,analysedb)
[1585664026] -- 31/03/2020 16:13:46 * Initiating (main,compress)
[1585664026] -- 31/03/2020 16:13:46 * Initiating (datatrans,convertdb)
[1585664026] -- 31/03/2020 16:13:46 * Initiating (main,analysedb)
[1585664026] -- 31/03/2020 16:13:46 * Initiating (main,compress)
[1585664026] -- 31/03/2020 16:13:46 * Initiating (datatrans,convertdb)
[1585664026] -- 31/03/2020 16:13:46 * Initiating (main,analysedb)
[1585664026] -- 31/03/2020 16:13:46 * Initiating (main,compress)
[1585664026] -- 31/03/2020 16:13:46 * Initiating (datatrans,convertdb)
[1585664026] -- 31/03/2020 16:13:46 * Initiating (main,analysedb)
[1585664026] -- 31/03/2020 16:13:46 * Initiating (main,compress)
[1585664026] -- 31/03/2020 16:13:46 * Initiating (datatrans,convertdb)
[1585664026] -- 31/03/2020 16:13:46 * Initiating (main,analysedb)
[1585664026] -- 31/03/2020 16:13:46 * Initiating (main,compress)
[1585664026] -- 31/03/2020 16:13:46 * Initiating (datatrans,convertdb)
[1585664026] -- 31/03/2020 16:13:46 * Initiating (main,analysedb)
[1585664026] -- 31/03/2020 16:13:46 * Initiating (main,compress)
[1585664026] -- 31/03/2020 16:13:46 * Initiating (datatrans,convertdb)
[1585664026] -- 31/03/2020 16:13:46 * Initiating (main,analysedb)
[1585664026] -- 31/03/2020 16:13:46 * Initiating (main,compress)
[1585664026] -- 31/03/2020 16:13:46 * Initiating (datatrans,convertdb)
[1585664026] -- 31/03/2020 16:13:46 * Initiating (main,analysedb)
[1585664026] -- 31/03/2020 16:13:46 * Initiating (main,compress)
[1585664026] -- 31/03/2020 16:13:46 * Initiating (datatrans,convertdb)
[1585664026] -- 31/03/2020 16:13:46 * Initiating (main,analysedb)
[1585664026] -- 31/03/2020 16:13:46 * Initiating (main,compress)
[1585664027] -- 31/03/2020 16:13:47 * Initiating (datatrans,convertdb)
[1585664027] -- 31/03/2020 16:13:47 * Initiating (main,analysedb)
[1585664027] -- 31/03/2020 16:13:47 * Initiating (main,compress)
[1585664027] -- 31/03/2020 16:13:47 * Initiating (datatrans,convertdb)
[1585664027] -- 31/03/2020 16:13:47 * Initiating (main,analysedb)
[1585664027] -- 31/03/2020 16:13:47 * Initiating (main,compress)
[1585664027] -- 31/03/2020 16:13:47 * Initiating (datatrans,convertdb)
[1585664027] -- 31/03/2020 16:13:47 * Initiating (main,analysedb)
[1585664027] -- 31/03/2020 16:13:47 * Initiating (main,compress)
[1585664027] -- 31/03/2020 16:13:47 * Initiating (datatrans,convertdb)
[1585664027] -- 31/03/2020 16:13:47 * Initiating (main,analysedb)
[1585664027] -- 31/03/2020 16:13:47 * Initiating (main,compress)
[1585664027] -- 31/03/2020 16:13:47 * Initiating (datatrans,convertdb)
[1585664027] -- 31/03/2020 16:13:47 * Initiating (main,analysedb)
[1585664027] -- 31/03/2020 16:13:47 * Initiating (main,compress)
[1585664061] -- 31/03/2020 16:14:21 * Initiating (datatrans,convertdb)
[1585664061] -- 31/03/2020 16:14:21 * Initiating (main,analysedb)
[1585664061] -- 31/03/2020 16:14:21 * Initiating (main,compress)
[1585664061] -- 31/03/2020 16:14:21 * Initiating (datatrans,convertdb)
[1585664061] -- 31/03/2020 16:14:21 * Initiating (main,analysedb)
[1585664061] -- 31/03/2020 16:14:21 * Initiating (main,compress)
[1585664062] -- 31/03/2020 16:14:22 * Initiating (datatrans,convertdb)
[1585664062] -- 31/03/2020 16:14:22 * Initiating (main,analysedb)
[1585664062] -- 31/03/2020 16:14:22 * Initiating (main,compress)
[1585664062] -- 31/03/2020 16:14:22 * Initiating (datatrans,convertdb)
[1585664062] -- 31/03/2020 16:14:22 * Initiating (main,analysedb)
[1585664062] -- 31/03/2020 16:14:22 * Initiating (main,compress)
[1585664062] -- 31/03/2020 16:14:22 * Initiating (datatrans,convertdb)
[1585664062] -- 31/03/2020 16:14:22 * Initiating (main,analysedb)
[1585664062] -- 31/03/2020 16:14:22 * Initiating (main,compress)
[1585664062] -- 31/03/2020 16:14:22 * Initiating (datatrans,convertdb)
[1585664062] -- 31/03/2020 16:14:22 * Initiating (main,analysedb)
[1585664062] -- 31/03/2020 16:14:22 * Initiating (main,compress)
[1585664063] -- 31/03/2020 16:14:23 * Initiating (datatrans,convertdb)
[1585664063] -- 31/03/2020 16:14:23 * Initiating (main,analysedb)
[1585664063] -- 31/03/2020 16:14:23 * Initiating (main,compress)
[1585664063] -- 31/03/2020 16:14:23 * Initiating (datatrans,convertdb)
[1585664063] -- 31/03/2020 16:14:23 * Initiating (main,analysedb)
[1585664063] -- 31/03/2020 16:14:23 * Initiating (main,compress)
[1585664064] -- 31/03/2020 16:14:24 * Initiating (datatrans,convertdb)
[1585664064] -- 31/03/2020 16:14:24 * Initiating (main,analysedb)
[1585664064] -- 31/03/2020 16:14:24 * Initiating (main,compress)
[1585664064] -- 31/03/2020 16:14:24 * Initiating (datatrans,convertdb)
[1585664064] -- 31/03/2020 16:14:24 * Initiating (main,analysedb)
[1585664064] -- 31/03/2020 16:14:24 * Initiating (main,compress)
[1585664065] -- 31/03/2020 16:14:25 * Initiating (datatrans,convertdb)
[1585664065] -- 31/03/2020 16:14:25 * Initiating (main,analysedb)
[1585664065] -- 31/03/2020 16:14:25 * Initiating (main,compress)
[1585664065] -- 31/03/2020 16:14:25 * Initiating (datatrans,convertdb)
[1585664065] -- 31/03/2020 16:14:25 * Initiating (main,analysedb)
[1585664065] -- 31/03/2020 16:14:25 * Initiating (main,compress)
[1585664065] -- 31/03/2020 16:14:25 * Initiating (datatrans,convertdb)
[1585664065] -- 31/03/2020 16:14:25 * Initiating (main,analysedb)
[1585664065] -- 31/03/2020 16:14:25 * Initiating (main,compress)
[1585664065] -- 31/03/2020 16:14:25 * Initiating (datatrans,convertdb)
[1585664065] -- 31/03/2020 16:14:25 * Initiating (main,analysedb)
[1585664065] -- 31/03/2020 16:14:25 * Initiating (main,compress)
[1585664066] -- 31/03/2020 16:14:26 * Initiating (datatrans,convertdb)
[1585664066] -- 31/03/2020 16:14:26 * Initiating (main,analysedb)
[1585664066] -- 31/03/2020 16:14:26 * Initiating (main,compress)
[1585664066] -- 31/03/2020 16:14:26 * Initiating (datatrans,convertdb)
[1585664066] -- 31/03/2020 16:14:26 * Initiating (main,analysedb)
[1585664066] -- 31/03/2020 16:14:26 * Initiating (main,compress)
[1585664067] -- 31/03/2020 16:14:27 * Initiating (datatrans,convertdb)
[1585664067] -- 31/03/2020 16:14:27 * Initiating (main,analysedb)
[1585664067] -- 31/03/2020 16:14:27 * Initiating (main,compress)
[1585664067] -- 31/03/2020 16:14:27 * Initiating (datatrans,convertdb)
[1585664067] -- 31/03/2020 16:14:27 * Initiating (main,analysedb)
[1585664067] -- 31/03/2020 16:14:27 * Initiating (main,compress)
[1585664068] -- 31/03/2020 16:14:28 * Initiating (datatrans,convertdb)
[1585664068] -- 31/03/2020 16:14:28 * Initiating (main,analysedb)
[1585664068] -- 31/03/2020 16:14:28 * Initiating (main,compress)
[1585664068] -- 31/03/2020 16:14:28 * Initiating (datatrans,convertdb)
[1585664068] -- 31/03/2020 16:14:28 * Initiating (main,analysedb)
[1585664068] -- 31/03/2020 16:14:28 * Initiating (main,compress)
[1585664069] -- 31/03/2020 16:14:29 * Initiating (datatrans,convertdb)
[1585664069] -- 31/03/2020 16:14:29 * Initiating (main,analysedb)
[1585664069] -- 31/03/2020 16:14:29 * Initiating (main,compress)
[1585664069] -- 31/03/2020 16:14:29 * Initiating (datatrans,convertdb)
[1585664069] -- 31/03/2020 16:14:29 * Initiating (main,analysedb)
[1585664069] -- 31/03/2020 16:14:29 * Initiating (main,compress)
[1585664069] -- 31/03/2020 16:14:29 * Initiating (datatrans,convertdb)
[1585664069] -- 31/03/2020 16:14:29 * Initiating (main,analysedb)
[1585664069] -- 31/03/2020 16:14:29 * Initiating (main,compress)
[1585664069] -- 31/03/2020 16:14:29 * Initiating (datatrans,convertdb)
[1585664069] -- 31/03/2020 16:14:29 * Initiating (main,analysedb)
[1585664069] -- 31/03/2020 16:14:29 * Initiating (main,compress)
[1585664070] -- 31/03/2020 16:14:30 * Initiating (datatrans,convertdb)
[1585664070] -- 31/03/2020 16:14:30 * Initiating (main,analysedb)
[1585664070] -- 31/03/2020 16:14:30 * Initiating (main,compress)
[1585664070] -- 31/03/2020 16:14:30 * Initiating (datatrans,convertdb)
[1585664070] -- 31/03/2020 16:14:30 * Initiating (main,analysedb)
[1585664070] -- 31/03/2020 16:14:30 * Initiating (main,compress)
[1585664071] -- 31/03/2020 16:14:31 * Initiating (datatrans,convertdb)
[1585664071] -- 31/03/2020 16:14:31 * Initiating (main,analysedb)
[1585664071] -- 31/03/2020 16:14:31 * Initiating (main,compress)
[1585664071] -- 31/03/2020 16:14:31 * Initiating (datatrans,convertdb)
[1585664071] -- 31/03/2020 16:14:31 * Initiating (main,analysedb)
[1585664071] -- 31/03/2020 16:14:31 * Initiating (main,compress)
[1585664072] -- 31/03/2020 16:14:32 * Initiating (datatrans,convertdb)
[1585664072] -- 31/03/2020 16:14:32 * Initiating (main,analysedb)
[1585664072] -- 31/03/2020 16:14:32 * Initiating (main,compress)
[1585664072] -- 31/03/2020 16:14:32 * Initiating (datatrans,convertdb)
[1585664072] -- 31/03/2020 16:14:32 * Initiating (main,analysedb)
[1585664072] -- 31/03/2020 16:14:32 * Initiating (main,compress)
[1585664072] -- 31/03/2020 16:14:32 * Initiating (datatrans,convertdb)
[1585664072] -- 31/03/2020 16:14:32 * Initiating (main,analysedb)
[1585664072] -- 31/03/2020 16:14:32 * Initiating (main,compress)
[1585664072] -- 31/03/2020 16:14:32 * Initiating (datatrans,convertdb)
[1585664072] -- 31/03/2020 16:14:32 * Initiating (main,analysedb)
[1585664072] -- 31/03/2020 16:14:32 * Initiating (main,compress)
[1585664073] -- 31/03/2020 16:14:33 * Initiating (datatrans,convertdb)
[1585664073] -- 31/03/2020 16:14:33 * Initiating (main,analysedb)
[1585664073] -- 31/03/2020 16:14:33 * Initiating (main,compress)
[1585664073] -- 31/03/2020 16:14:33 * Initiating (datatrans,convertdb)
[1585664073] -- 31/03/2020 16:14:33 * Initiating (main,analysedb)
[1585664073] -- 31/03/2020 16:14:33 * Initiating (main,compress)
[1585664075] -- 31/03/2020 16:14:35 * Initiating (datatrans,convertdb)
[1585664075] -- 31/03/2020 16:14:35 * Initiating (main,analysedb)
[1585664075] -- 31/03/2020 16:14:35 * Initiating (main,compress)
[1585664075] -- 31/03/2020 16:14:35 * Initiating (datatrans,convertdb)
[1585664075] -- 31/03/2020 16:14:35 * Initiating (main,analysedb)
[1585664075] -- 31/03/2020 16:14:35 * Initiating (main,compress)
[1585664076] -- 31/03/2020 16:14:36 * Initiating (datatrans,convertdb)
[1585664076] -- 31/03/2020 16:14:36 * Initiating (main,analysedb)
[1585664076] -- 31/03/2020 16:14:36 * Initiating (main,compress)
[1585664076] -- 31/03/2020 16:14:36 * Initiating (datatrans,convertdb)
[1585664076] -- 31/03/2020 16:14:36 * Initiating (main,analysedb)
[1585664076] -- 31/03/2020 16:14:36 * Initiating (main,compress)
[1585664077] -- 31/03/2020 16:14:37 * Initiating (datatrans,convertdb)
[1585664077] -- 31/03/2020 16:14:37 * Initiating (main,analysedb)
[1585664077] -- 31/03/2020 16:14:37 * Initiating (main,compress)
[1585664077] -- 31/03/2020 16:14:37 * Initiating (datatrans,convertdb)
[1585664077] -- 31/03/2020 16:14:37 * Initiating (main,analysedb)
[1585664077] -- 31/03/2020 16:14:37 * Initiating (main,compress)
[1585664078] -- 31/03/2020 16:14:38 * Initiating (datatrans,convertdb)
[1585664078] -- 31/03/2020 16:14:38 * Initiating (main,analysedb)
[1585664078] -- 31/03/2020 16:14:38 * Initiating (main,compress)
[1585664078] -- 31/03/2020 16:14:38 * Initiating (datatrans,convertdb)
[1585664078] -- 31/03/2020 16:14:38 * Initiating (main,analysedb)
[1585664078] -- 31/03/2020 16:14:38 * Initiating (main,compress)
[1585664078] -- 31/03/2020 16:14:38 * Initiating (datatrans,convertdb)
[1585664078] -- 31/03/2020 16:14:38 * Initiating (main,analysedb)
[1585664078] -- 31/03/2020 16:14:38 * Initiating (main,compress)
[1585664078] -- 31/03/2020 16:14:38 * Initiating (datatrans,convertdb)
[1585664078] -- 31/03/2020 16:14:38 * Initiating (main,analysedb)
[1585664078] -- 31/03/2020 16:14:38 * Initiating (main,compress)
[1585664078] -- 31/03/2020 16:14:38 * Initiating (datatrans,convertdb)
[1585664078] -- 31/03/2020 16:14:38 * Initiating (main,analysedb)
[1585664078] -- 31/03/2020 16:14:38 * Initiating (main,compress)
[1585664078] -- 31/03/2020 16:14:38 * Initiating (datatrans,convertdb)
[1585664078] -- 31/03/2020 16:14:38 * Initiating (main,analysedb)
[1585664078] -- 31/03/2020 16:14:38 * Initiating (main,compress)
[1585664078] -- 31/03/2020 16:14:38 * Initiating (datatrans,convertdb)
[1585664078] -- 31/03/2020 16:14:38 * Initiating (main,analysedb)
[1585664078] -- 31/03/2020 16:14:38 * Initiating (main,compress)
[1585664078] -- 31/03/2020 16:14:38 * Initiating (datatrans,convertdb)
[1585664078] -- 31/03/2020 16:14:38 * Initiating (main,analysedb)
[1585664078] -- 31/03/2020 16:14:38 * Initiating (main,compress)
[1585664078] -- 31/03/2020 16:14:38 * Initiating (datatrans,convertdb)
[1585664078] -- 31/03/2020 16:14:38 * Initiating (main,analysedb)
[1585664078] -- 31/03/2020 16:14:38 * Initiating (main,compress)
[1585664078] -- 31/03/2020 16:14:38 * Initiating (datatrans,convertdb)
[1585664078] -- 31/03/2020 16:14:38 * Initiating (main,analysedb)
[1585664078] -- 31/03/2020 16:14:38 * Initiating (main,compress)
[1585664078] -- 31/03/2020 16:14:38 * Initiating (datatrans,convertdb)
[1585664078] -- 31/03/2020 16:14:38 * Initiating (main,analysedb)
[1585664078] -- 31/03/2020 16:14:38 * Initiating (main,compress)
[1585664078] -- 31/03/2020 16:14:38 * Initiating (datatrans,convertdb)
[1585664078] -- 31/03/2020 16:14:38 * Initiating (main,analysedb)
[1585664078] -- 31/03/2020 16:14:38 * Initiating (main,compress)
[1585664078] -- 31/03/2020 16:14:38 * Initiating (datatrans,convertdb)
[1585664078] -- 31/03/2020 16:14:38 * Initiating (main,analysedb)
[1585664078] -- 31/03/2020 16:14:38 * Initiating (main,compress)
[1585664078] -- 31/03/2020 16:14:38 * Initiating (datatrans,convertdb)
[1585664078] -- 31/03/2020 16:14:38 * Initiating (main,analysedb)
[1585664078] -- 31/03/2020 16:14:38 * Initiating (main,compress)
[1585664078] -- 31/03/2020 16:14:38 * Initiating (datatrans,convertdb)
[1585664078] -- 31/03/2020 16:14:38 * Initiating (main,analysedb)
[1585664078] -- 31/03/2020 16:14:38 * Initiating (main,compress)
[1585664078] -- 31/03/2020 16:14:38 * Initiating (datatrans,convertdb)
[1585664078] -- 31/03/2020 16:14:38 * Initiating (main,analysedb)
[1585664078] -- 31/03/2020 16:14:38 * Initiating (main,compress)
[1585664078] -- 31/03/2020 16:14:38 * Initiating (datatrans,convertdb)
[1585664078] -- 31/03/2020 16:14:38 * Initiating (main,analysedb)
[1585664078] -- 31/03/2020 16:14:38 * Initiating (main,compress)
[1585664078] -- 31/03/2020 16:14:38 * Initiating (datatrans,convertdb)
[1585664078] -- 31/03/2020 16:14:38 * Initiating (main,analysedb)
[1585664078] -- 31/03/2020 16:14:38 * Initiating (main,compress)
[1585664078] -- 31/03/2020 16:14:38 * Initiating (datatrans,convertdb)
[1585664078] -- 31/03/2020 16:14:38 * Initiating (main,analysedb)
[1585664078] -- 31/03/2020 16:14:38 * Initiating (main,compress)
[1585664078] -- 31/03/2020 16:14:38 * Initiating (datatrans,convertdb)
[1585664078] -- 31/03/2020 16:14:38 * Initiating (main,analysedb)
[1585664078] -- 31/03/2020 16:14:38 * Initiating (main,compress)
[1585664078] -- 31/03/2020 16:14:38 * Initiating (datatrans,convertdb)
[1585664078] -- 31/03/2020 16:14:38 * Initiating (main,analysedb)
[1585664078] -- 31/03/2020 16:14:38 * Initiating (main,compress)
[1585664078] -- 31/03/2020 16:14:38 * Initiating (datatrans,convertdb)
[1585664078] -- 31/03/2020 16:14:38 * Initiating (main,analysedb)
[1585664078] -- 31/03/2020 16:14:38 * Initiating (main,compress)
[1585664078] -- 31/03/2020 16:14:38 * Initiating (datatrans,convertdb)
[1585664079] -- 31/03/2020 16:14:39 * Initiating (main,analysedb)
[1585664079] -- 31/03/2020 16:14:39 * Initiating (main,compress)
[1585664079] -- 31/03/2020 16:14:39 * Initiating (datatrans,convertdb)
[1585664079] -- 31/03/2020 16:14:39 * Initiating (main,analysedb)
[1585664079] -- 31/03/2020 16:14:39 * Initiating (main,compress)
[1585664079] -- 31/03/2020 16:14:39 * Initiating (datatrans,convertdb)
[1585664079] -- 31/03/2020 16:14:39 * Initiating (main,analysedb)
[1585664079] -- 31/03/2020 16:14:39 * Initiating (main,compress)
[1585664079] -- 31/03/2020 16:14:39 * Initiating (datatrans,convertdb)
[1585664079] -- 31/03/2020 16:14:39 * Initiating (main,analysedb)
[1585664079] -- 31/03/2020 16:14:39 * Initiating (main,compress)
[1585664079] -- 31/03/2020 16:14:39 * Initiating (datatrans,convertdb)
[1585664079] -- 31/03/2020 16:14:39 * Initiating (main,analysedb)
[1585664079] -- 31/03/2020 16:14:39 * Initiating (main,compress)
[1585664079] -- 31/03/2020 16:14:39 * Initiating (datatrans,convertdb)
[1585664079] -- 31/03/2020 16:14:39 * Initiating (main,analysedb)
[1585664079] -- 31/03/2020 16:14:39 * Initiating (main,compress)
[1585664079] -- 31/03/2020 16:14:39 * Initiating (datatrans,convertdb)
[1585664079] -- 31/03/2020 16:14:39 * Initiating (main,analysedb)
[1585664079] -- 31/03/2020 16:14:39 * Initiating (main,compress)
[1585664079] -- 31/03/2020 16:14:39 * Initiating (datatrans,convertdb)
[1585664079] -- 31/03/2020 16:14:39 * Initiating (main,analysedb)
[1585664079] -- 31/03/2020 16:14:39 * Initiating (main,compress)
[1585664079] -- 31/03/2020 16:14:39 * Initiating (datatrans,convertdb)
[1585664079] -- 31/03/2020 16:14:39 * Initiating (main,analysedb)
[1585664079] -- 31/03/2020 16:14:39 * Initiating (main,compress)
[1585664079] -- 31/03/2020 16:14:39 * Initiating (datatrans,convertdb)
[1585664079] -- 31/03/2020 16:14:39 * Initiating (main,analysedb)
[1585664079] -- 31/03/2020 16:14:39 * Initiating (main,compress)
[1585664079] -- 31/03/2020 16:14:39 * Initiating (datatrans,convertdb)
[1585664079] -- 31/03/2020 16:14:39 * Initiating (main,analysedb)
[1585664079] -- 31/03/2020 16:14:39 * Initiating (main,compress)
[1585664079] -- 31/03/2020 16:14:39 * Initiating (datatrans,convertdb)
[1585664079] -- 31/03/2020 16:14:39 * Initiating (main,analysedb)
[1585664079] -- 31/03/2020 16:14:39 * Initiating (main,compress)
[1585664079] -- 31/03/2020 16:14:39 * Initiating (datatrans,convertdb)
[1585664079] -- 31/03/2020 16:14:39 * Initiating (main,analysedb)
[1585664079] -- 31/03/2020 16:14:39 * Initiating (main,compress)
[1585664079] -- 31/03/2020 16:14:39 * Initiating (datatrans,convertdb)
[1585664079] -- 31/03/2020 16:14:39 * Initiating (main,analysedb)
[1585664079] -- 31/03/2020 16:14:39 * Initiating (main,compress)
[1585664079] -- 31/03/2020 16:14:39 * Initiating (datatrans,convertdb)
[1585664079] -- 31/03/2020 16:14:39 * Initiating (main,analysedb)
[1585664079] -- 31/03/2020 16:14:39 * Initiating (main,compress)
[1585664079] -- 31/03/2020 16:14:39 * Initiating (datatrans,convertdb)
[1585664079] -- 31/03/2020 16:14:39 * Initiating (main,analysedb)
[1585664079] -- 31/03/2020 16:14:39 * Initiating (main,compress)
[1585664079] -- 31/03/2020 16:14:39 * Initiating (datatrans,convertdb)
[1585664079] -- 31/03/2020 16:14:39 * Initiating (main,analysedb)
[1585664079] -- 31/03/2020 16:14:39 * Initiating (main,compress)
[1585664079] -- 31/03/2020 16:14:39 * Initiating (datatrans,convertdb)
[1585664079] -- 31/03/2020 16:14:39 * Initiating (main,analysedb)
[1585664079] -- 31/03/2020 16:14:39 * Initiating (main,compress)
[1585664079] -- 31/03/2020 16:14:39 * Initiating (datatrans,convertdb)
[1585664079] -- 31/03/2020 16:14:39 * Initiating (main,analysedb)
[1585664079] -- 31/03/2020 16:14:39 * Initiating (main,compress)
[1585664079] -- 31/03/2020 16:14:39 * Initiating (datatrans,convertdb)
[1585664079] -- 31/03/2020 16:14:39 * Initiating (main,analysedb)
[1585664079] -- 31/03/2020 16:14:39 * Initiating (main,compress)
[1585664079] -- 31/03/2020 16:14:39 * Initiating (datatrans,convertdb)
[1585664079] -- 31/03/2020 16:14:39 * Initiating (main,analysedb)
[1585664079] -- 31/03/2020 16:14:39 * Initiating (main,compress)
[1585664079] -- 31/03/2020 16:14:39 * Initiating (datatrans,convertdb)
[1585664079] -- 31/03/2020 16:14:39 * Initiating (main,analysedb)
[1585664079] -- 31/03/2020 16:14:39 * Initiating (main,compress)
[1585664079] -- 31/03/2020 16:14:39 * Initiating (datatrans,convertdb)
[1585664079] -- 31/03/2020 16:14:39 * Initiating (main,analysedb)
[1585664079] -- 31/03/2020 16:14:39 * Initiating (main,compress)
[1585664079] -- 31/03/2020 16:14:39 * Initiating (datatrans,convertdb)
[1585664080] -- 31/03/2020 16:14:40 * Initiating (main,analysedb)
[1585664080] -- 31/03/2020 16:14:40 * Initiating (main,compress)
[1585664080] -- 31/03/2020 16:14:40 * Initiating (datatrans,convertdb)
[1585664080] -- 31/03/2020 16:14:40 * Initiating (main,analysedb)
[1585664080] -- 31/03/2020 16:14:40 * Initiating (main,compress)
[1585664080] -- 31/03/2020 16:14:40 * Initiating (datatrans,convertdb)
[1585664080] -- 31/03/2020 16:14:40 * Initiating (main,analysedb)
[1585664080] -- 31/03/2020 16:14:40 * Initiating (main,compress)
[1585664080] -- 31/03/2020 16:14:40 * Initiating (datatrans,convertdb)
[1585664080] -- 31/03/2020 16:14:40 * Initiating (main,analysedb)
[1585664080] -- 31/03/2020 16:14:40 * Initiating (main,compress)
[1585664080] -- 31/03/2020 16:14:40 * Initiating (datatrans,convertdb)
[1585664080] -- 31/03/2020 16:14:40 * Initiating (main,analysedb)
[1585664080] -- 31/03/2020 16:14:40 * Initiating (main,compress)
[1585664080] -- 31/03/2020 16:14:40 * Initiating (datatrans,convertdb)
[1585664080] -- 31/03/2020 16:14:40 * Initiating (main,analysedb)
[1585664080] -- 31/03/2020 16:14:40 * Initiating (main,compress)
[1585664080] -- 31/03/2020 16:14:40 * Initiating (datatrans,convertdb)
[1585664080] -- 31/03/2020 16:14:40 * Initiating (main,analysedb)
[1585664080] -- 31/03/2020 16:14:40 * Initiating (main,compress)
[1585664080] -- 31/03/2020 16:14:40 * Initiating (datatrans,convertdb)
[1585664080] -- 31/03/2020 16:14:40 * Initiating (main,analysedb)
[1585664080] -- 31/03/2020 16:14:40 * Initiating (main,compress)
[1585664080] -- 31/03/2020 16:14:40 * Initiating (datatrans,convertdb)
[1585664080] -- 31/03/2020 16:14:40 * Initiating (main,analysedb)
[1585664080] -- 31/03/2020 16:14:40 * Initiating (main,compress)
[1585664080] -- 31/03/2020 16:14:40 * Initiating (datatrans,convertdb)
[1585664080] -- 31/03/2020 16:14:40 * Initiating (main,analysedb)
[1585664080] -- 31/03/2020 16:14:40 * Initiating (main,compress)
[1585664080] -- 31/03/2020 16:14:40 * Initiating (datatrans,convertdb)
[1585664080] -- 31/03/2020 16:14:40 * Initiating (main,analysedb)
[1585664080] -- 31/03/2020 16:14:40 * Initiating (main,compress)
[1585664080] -- 31/03/2020 16:14:40 * Initiating (datatrans,convertdb)
[1585664080] -- 31/03/2020 16:14:40 * Initiating (main,analysedb)
[1585664080] -- 31/03/2020 16:14:40 * Initiating (main,compress)
[1585664080] -- 31/03/2020 16:14:40 * Initiating (datatrans,convertdb)
[1585664080] -- 31/03/2020 16:14:40 * Initiating (main,analysedb)
[1585664080] -- 31/03/2020 16:14:40 * Initiating (main,compress)
[1585664080] -- 31/03/2020 16:14:40 * Initiating (datatrans,convertdb)
[1585664080] -- 31/03/2020 16:14:40 * Initiating (main,analysedb)
[1585664080] -- 31/03/2020 16:14:40 * Initiating (main,compress)
[1585664080] -- 31/03/2020 16:14:40 * Initiating (datatrans,convertdb)
[1585664080] -- 31/03/2020 16:14:40 * Initiating (main,analysedb)
[1585664080] -- 31/03/2020 16:14:40 * Initiating (main,compress)
[1585664080] -- 31/03/2020 16:14:40 * Initiating (datatrans,convertdb)
[1585664080] -- 31/03/2020 16:14:40 * Initiating (main,analysedb)
[1585664080] -- 31/03/2020 16:14:40 * Initiating (main,compress)
[1585664080] -- 31/03/2020 16:14:40 * Initiating (datatrans,convertdb)
[1585664080] -- 31/03/2020 16:14:40 * Initiating (main,analysedb)
[1585664080] -- 31/03/2020 16:14:40 * Initiating (main,compress)
[1585664080] -- 31/03/2020 16:14:40 * Initiating (datatrans,convertdb)
[1585664080] -- 31/03/2020 16:14:40 * Initiating (main,analysedb)
[1585664080] -- 31/03/2020 16:14:40 * Initiating (main,compress)
[1585664080] -- 31/03/2020 16:14:40 * Initiating (datatrans,convertdb)
[1585664080] -- 31/03/2020 16:14:40 * Initiating (main,analysedb)
[1585664080] -- 31/03/2020 16:14:40 * Initiating (main,compress)
[1585664080] -- 31/03/2020 16:14:40 * Initiating (datatrans,convertdb)
[1585664080] -- 31/03/2020 16:14:40 * Initiating (main,analysedb)
[1585664080] -- 31/03/2020 16:14:40 * Initiating (main,compress)
[1585664080] -- 31/03/2020 16:14:40 * Initiating (datatrans,convertdb)
[1585664080] -- 31/03/2020 16:14:40 * Initiating (main,analysedb)
[1585664080] -- 31/03/2020 16:14:40 * Initiating (main,compress)
[1585664080] -- 31/03/2020 16:14:40 * Initiating (datatrans,convertdb)
[1585664080] -- 31/03/2020 16:14:40 * Initiating (main,analysedb)
[1585664080] -- 31/03/2020 16:14:40 * Initiating (main,compress)
[1585664080] -- 31/03/2020 16:14:40 * Initiating (datatrans,convertdb)
[1585664080] -- 31/03/2020 16:14:40 * Initiating (main,analysedb)
[1585664080] -- 31/03/2020 16:14:40 * Initiating (main,compress)
[1585664080] -- 31/03/2020 16:14:40 * Initiating (datatrans,convertdb)
[1585664080] -- 31/03/2020 16:14:40 * Initiating (main,analysedb)
[1585664080] -- 31/03/2020 16:14:40 * Initiating (main,compress)
[1585664080] -- 31/03/2020 16:14:40 * Initiating (datatrans,convertdb)
[1585664080] -- 31/03/2020 16:14:40 * Initiating (main,analysedb)
[1585664080] -- 31/03/2020 16:14:40 * Initiating (main,compress)
[1585664080] -- 31/03/2020 16:14:40 * Initiating (datatrans,convertdb)
[1585664080] -- 31/03/2020 16:14:40 * Initiating (main,analysedb)
[1585664080] -- 31/03/2020 16:14:40 * Initiating (main,compress)
[1585664080] -- 31/03/2020 16:14:40 * Initiating (datatrans,convertdb)
[1585664080] -- 31/03/2020 16:14:40 * Initiating (main,analysedb)
[1585664080] -- 31/03/2020 16:14:40 * Initiating (main,compress)
[1585664081] -- 31/03/2020 16:14:41 * Initiating (datatrans,convertdb)
[1585664081] -- 31/03/2020 16:14:41 * Initiating (main,analysedb)
[1585664081] -- 31/03/2020 16:14:41 * Initiating (main,compress)
[1585664081] -- 31/03/2020 16:14:41 * Initiating (datatrans,convertdb)
[1585664081] -- 31/03/2020 16:14:41 * Initiating (main,analysedb)
[1585664081] -- 31/03/2020 16:14:41 * Initiating (main,compress)
[1585664081] -- 31/03/2020 16:14:41 * Initiating (datatrans,convertdb)
[1585664081] -- 31/03/2020 16:14:41 * Initiating (main,analysedb)
[1585664081] -- 31/03/2020 16:14:41 * Initiating (main,compress)
[1585664081] -- 31/03/2020 16:14:41 * Initiating (datatrans,convertdb)
[1585664081] -- 31/03/2020 16:14:41 * Initiating (main,analysedb)
[1585664081] -- 31/03/2020 16:14:41 * Initiating (main,compress)
[1585664081] -- 31/03/2020 16:14:41 * Initiating (datatrans,convertdb)
[1585664081] -- 31/03/2020 16:14:41 * Initiating (main,analysedb)
[1585664081] -- 31/03/2020 16:14:41 * Initiating (main,compress)
[1585664081] -- 31/03/2020 16:14:41 * Initiating (datatrans,convertdb)
[1585664081] -- 31/03/2020 16:14:41 * Initiating (main,analysedb)
[1585664081] -- 31/03/2020 16:14:41 * Initiating (main,compress)
[1585664081] -- 31/03/2020 16:14:41 * Initiating (datatrans,convertdb)
[1585664081] -- 31/03/2020 16:14:41 * Initiating (main,analysedb)
[1585664081] -- 31/03/2020 16:14:41 * Initiating (main,compress)
[1585664081] -- 31/03/2020 16:14:41 * Initiating (datatrans,convertdb)
[1585664081] -- 31/03/2020 16:14:41 * Initiating (main,analysedb)
[1585664081] -- 31/03/2020 16:14:41 * Initiating (main,compress)
[1585664081] -- 31/03/2020 16:14:41 * Initiating (datatrans,convertdb)
[1585664081] -- 31/03/2020 16:14:41 * Initiating (main,analysedb)
[1585664081] -- 31/03/2020 16:14:41 * Initiating (main,compress)
[1585664081] -- 31/03/2020 16:14:41 * Initiating (datatrans,convertdb)
[1585664081] -- 31/03/2020 16:14:41 * Initiating (main,analysedb)
[1585664081] -- 31/03/2020 16:14:41 * Initiating (main,compress)
[1585664081] -- 31/03/2020 16:14:41 * Initiating (datatrans,convertdb)
[1585664081] -- 31/03/2020 16:14:41 * Initiating (main,analysedb)
[1585664081] -- 31/03/2020 16:14:41 * Initiating (main,compress)
[1585664081] -- 31/03/2020 16:14:41 * Initiating (datatrans,convertdb)
[1585664081] -- 31/03/2020 16:14:41 * Initiating (main,analysedb)
[1585664081] -- 31/03/2020 16:14:41 * Initiating (main,compress)
[1585664081] -- 31/03/2020 16:14:41 * Initiating (datatrans,convertdb)
[1585664081] -- 31/03/2020 16:14:41 * Initiating (main,analysedb)
[1585664081] -- 31/03/2020 16:14:41 * Initiating (main,compress)
[1585664081] -- 31/03/2020 16:14:41 * Initiating (datatrans,convertdb)
[1585664081] -- 31/03/2020 16:14:41 * Initiating (main,analysedb)
[1585664081] -- 31/03/2020 16:14:41 * Initiating (main,compress)
[1585664081] -- 31/03/2020 16:14:41 * Initiating (datatrans,convertdb)
[1585664081] -- 31/03/2020 16:14:41 * Initiating (main,analysedb)
[1585664081] -- 31/03/2020 16:14:41 * Initiating (main,compress)
[1585664081] -- 31/03/2020 16:14:41 * Initiating (datatrans,convertdb)
[1585664081] -- 31/03/2020 16:14:41 * Initiating (main,analysedb)
[1585664081] -- 31/03/2020 16:14:41 * Initiating (main,compress)
[1585664081] -- 31/03/2020 16:14:41 * Initiating (datatrans,convertdb)
[1585664081] -- 31/03/2020 16:14:41 * Initiating (main,analysedb)
[1585664081] -- 31/03/2020 16:14:41 * Initiating (main,compress)
[1585664081] -- 31/03/2020 16:14:41 * Initiating (datatrans,convertdb)
[1585664081] -- 31/03/2020 16:14:41 * Initiating (main,analysedb)
[1585664081] -- 31/03/2020 16:14:41 * Initiating (main,compress)
[1585664081] -- 31/03/2020 16:14:41 * Initiating (datatrans,convertdb)
[1585664081] -- 31/03/2020 16:14:41 * Initiating (main,analysedb)
[1585664081] -- 31/03/2020 16:14:41 * Initiating (main,compress)
[1585664081] -- 31/03/2020 16:14:41 * Initiating (datatrans,convertdb)
[1585664081] -- 31/03/2020 16:14:41 * Initiating (main,analysedb)
[1585664081] -- 31/03/2020 16:14:41 * Initiating (main,compress)
[1585664081] -- 31/03/2020 16:14:41 * Initiating (datatrans,convertdb)
[1585664081] -- 31/03/2020 16:14:41 * Initiating (main,analysedb)
[1585664081] -- 31/03/2020 16:14:41 * Initiating (main,compress)
[1585664081] -- 31/03/2020 16:14:41 * Initiating (datatrans,convertdb)
[1585664081] -- 31/03/2020 16:14:41 * Initiating (main,analysedb)
[1585664081] -- 31/03/2020 16:14:41 * Initiating (main,compress)
[1585664081] -- 31/03/2020 16:14:41 * Initiating (datatrans,convertdb)
[1585664081] -- 31/03/2020 16:14:41 * Initiating (main,analysedb)
[1585664081] -- 31/03/2020 16:14:41 * Initiating (main,compress)
[1585664081] -- 31/03/2020 16:14:41 * Initiating (datatrans,convertdb)
[1585664081] -- 31/03/2020 16:14:41 * Initiating (main,analysedb)
[1585664081] -- 31/03/2020 16:14:41 * Initiating (main,compress)
[1585664081] -- 31/03/2020 16:14:41 * Initiating (datatrans,convertdb)
[1585664081] -- 31/03/2020 16:14:41 * Initiating (main,analysedb)
[1585664081] -- 31/03/2020 16:14:41 * Initiating (main,compress)
[1585664081] -- 31/03/2020 16:14:41 * Initiating (datatrans,convertdb)
[1585664081] -- 31/03/2020 16:14:41 * Initiating (main,analysedb)
[1585664081] -- 31/03/2020 16:14:41 * Initiating (main,compress)
[1585664081] -- 31/03/2020 16:14:41 * Initiating (datatrans,convertdb)
[1585664081] -- 31/03/2020 16:14:41 * Initiating (main,analysedb)
[1585664082] -- 31/03/2020 16:14:42 * Initiating (main,compress)
[1585664082] -- 31/03/2020 16:14:42 * Initiating (datatrans,convertdb)
[1585664082] -- 31/03/2020 16:14:42 * Initiating (main,analysedb)
[1585664082] -- 31/03/2020 16:14:42 * Initiating (main,compress)
[1585664082] -- 31/03/2020 16:14:42 * Initiating (datatrans,convertdb)
[1585664082] -- 31/03/2020 16:14:42 * Initiating (main,analysedb)
[1585664082] -- 31/03/2020 16:14:42 * Initiating (main,compress)
[1585664082] -- 31/03/2020 16:14:42 * Initiating (datatrans,convertdb)
[1585664082] -- 31/03/2020 16:14:42 * Initiating (main,analysedb)
[1585664082] -- 31/03/2020 16:14:42 * Initiating (main,compress)
[1585664082] -- 31/03/2020 16:14:42 * Initiating (datatrans,convertdb)
[1585664082] -- 31/03/2020 16:14:42 * Initiating (main,analysedb)
[1585664082] -- 31/03/2020 16:14:42 * Initiating (main,compress)
[1585664082] -- 31/03/2020 16:14:42 * Initiating (datatrans,convertdb)
[1585664082] -- 31/03/2020 16:14:42 * Initiating (main,analysedb)
[1585664082] -- 31/03/2020 16:14:42 * Initiating (main,compress)
[1585664082] -- 31/03/2020 16:14:42 * Initiating (datatrans,convertdb)
[1585664082] -- 31/03/2020 16:14:42 * Initiating (main,analysedb)
[1585664082] -- 31/03/2020 16:14:42 * Initiating (main,compress)
[1585664082] -- 31/03/2020 16:14:42 * Initiating (datatrans,convertdb)
[1585664082] -- 31/03/2020 16:14:42 * Initiating (main,analysedb)
[1585664082] -- 31/03/2020 16:14:42 * Initiating (main,compress)
[1585664082] -- 31/03/2020 16:14:42 * Initiating (datatrans,convertdb)
[1585664082] -- 31/03/2020 16:14:42 * Initiating (main,analysedb)
[1585664082] -- 31/03/2020 16:14:42 * Initiating (main,compress)
[1585664082] -- 31/03/2020 16:14:42 * Initiating (datatrans,convertdb)
[1585664082] -- 31/03/2020 16:14:42 * Initiating (main,analysedb)
[1585664082] -- 31/03/2020 16:14:42 * Initiating (main,compress)
[1585664082] -- 31/03/2020 16:14:42 * Initiating (datatrans,convertdb)
[1585664082] -- 31/03/2020 16:14:42 * Initiating (main,analysedb)
[1585664082] -- 31/03/2020 16:14:42 * Initiating (main,compress)
[1585664082] -- 31/03/2020 16:14:42 * Initiating (datatrans,convertdb)
[1585664082] -- 31/03/2020 16:14:42 * Initiating (main,analysedb)
[1585664082] -- 31/03/2020 16:14:42 * Initiating (main,compress)
[1585664082] -- 31/03/2020 16:14:42 * Initiating (datatrans,convertdb)
[1585664082] -- 31/03/2020 16:14:42 * Initiating (main,analysedb)
[1585664082] -- 31/03/2020 16:14:42 * Initiating (main,compress)
[1585664082] -- 31/03/2020 16:14:42 * Initiating (datatrans,convertdb)
[1585664082] -- 31/03/2020 16:14:42 * Initiating (main,analysedb)
[1585664082] -- 31/03/2020 16:14:42 * Initiating (main,compress)
[1585664082] -- 31/03/2020 16:14:42 * Initiating (datatrans,convertdb)
[1585664082] -- 31/03/2020 16:14:42 * Initiating (main,analysedb)
[1585664082] -- 31/03/2020 16:14:42 * Initiating (main,compress)
[1585664082] -- 31/03/2020 16:14:42 * Initiating (datatrans,convertdb)
[1585664082] -- 31/03/2020 16:14:42 * Initiating (main,analysedb)
[1585664082] -- 31/03/2020 16:14:42 * Initiating (main,compress)
[1585664082] -- 31/03/2020 16:14:42 * Initiating (datatrans,convertdb)
[1585664082] -- 31/03/2020 16:14:42 * Initiating (main,analysedb)
[1585664082] -- 31/03/2020 16:14:42 * Initiating (main,compress)
[1585664082] -- 31/03/2020 16:14:42 * Initiating (datatrans,convertdb)
[1585664082] -- 31/03/2020 16:14:42 * Initiating (main,analysedb)
[1585664082] -- 31/03/2020 16:14:42 * Initiating (main,compress)
[1585664082] -- 31/03/2020 16:14:42 * Initiating (datatrans,convertdb)
[1585664082] -- 31/03/2020 16:14:42 * Initiating (main,analysedb)
[1585664082] -- 31/03/2020 16:14:42 * Initiating (main,compress)
[1585664082] -- 31/03/2020 16:14:42 * Initiating (datatrans,convertdb)
[1585664082] -- 31/03/2020 16:14:42 * Initiating (main,analysedb)
[1585664082] -- 31/03/2020 16:14:42 * Initiating (main,compress)
[1585664082] -- 31/03/2020 16:14:42 * Initiating (datatrans,convertdb)
[1585664082] -- 31/03/2020 16:14:42 * Initiating (main,analysedb)
[1585664082] -- 31/03/2020 16:14:42 * Initiating (main,compress)
[1585664082] -- 31/03/2020 16:14:42 * Initiating (datatrans,convertdb)
[1585664082] -- 31/03/2020 16:14:42 * Initiating (main,analysedb)
[1585664082] -- 31/03/2020 16:14:42 * Initiating (main,compress)
[1585665032] -- 31/03/2020 16:30:32 * Initiating (datatrans,convertdb)
[1585665032] -- 31/03/2020 16:30:32 * Initiating (main,analysedb)
[1585665032] -- 31/03/2020 16:30:32 * Initiating (main,compress)
[1585665040] -- 31/03/2020 16:30:40 * Initiating (datatrans,convertdb)
[1585665040] -- 31/03/2020 16:30:40 * Initiating (main,analysedb)
[1585665040] -- 31/03/2020 16:30:40 * Initiating (main,compress)
[1585665115] -- 31/03/2020 16:31:55 * Initiating (datatrans,convertdb)
[1585665115] -- 31/03/2020 16:31:55 * Initiating (main,analysedb)
[1585665115] -- 31/03/2020 16:31:55 * Initiating (main,compress)
