>/Users/arcchit/Docs/Mistle/Resources/spmf.jar
Running the DCI-Closed algorithm
========== DCI_CLOSED - STATS ============
 Number of transactions: 87
 Number of frequent closed itemsets: 17688
 Total time ~: 353 ms
>/Users/arcchit/Docs/Mistle/Resources/spmf.jar
Running the DCI-Closed algorithm
========== DCI_CLOSED - STATS ============
 Number of transactions: 172
 Number of frequent closed itemsets: 16228
 Total time ~: 426 ms
Current Minsup[0.5] yields 17688 itemsets.
Top-k minsup for at least 5000 paterns = 0.5 or 44
1  violations of +ve partial assignments found for the learned theory.
Violating Clauses	:{frozenset({2, 3, 4, 5, 7, 8, 9, 11, 12, 14, 15, 16, 18, 20, 21, 22, 24, 25, 26, 28, 30, 31, 32, 34, 36, 37, 38, 40, 41, 42, 44, -43, -39, -35, -33, -29, -27, -23, -19, -17, -13, -10, -6})}
DL of initial theory	: 59173.41314872611
4246	itemsets left after T operation 	: [frozenset({32, 34, 2, 26, -27, 5, -29, 8, 7, 4, 11, 15, -33, 28, 30, 31})]
131	itemsets left after W operation 	: [frozenset({32, 34, 3, -29, -27, 4, 7, 11, 45, 15, -33, 28, 30, 31}), frozenset({2, 5, 9, 10, 12, 13, 17, 18, -45, 20, 21, 22, -43, 24, 25, 26, -39, -35, 36, 37, 38, 40, 41, 42, -23, 44, -19, -16, -14, -8, -6}), frozenset({2, 5, 9, 10, 13, 14, 17, 18, 19, -45, 21, 22, 23, -43, 25, 26, -40, -36, 35, 37, 38, 39, -24, 41, 42, 44, -20, -16, -12, -8, -6}), frozenset({2, 5, 9, 10, 12, 14, 16, 18, 19, -44, 21, 22, 23, -41, 25, 26, -37, -45, 35, 36, 38, 39, 40, -24, 42, 43, -20, -17, -13, -8, -6}), frozenset({2, 5, 8, 10, 12, 14, 16, 18, 19, 20, 21, -43, 23, 24, 25, -41, -45, -35, 36, 37, 38, 39, 40, -26, 42, -22, 44, -17, -13, -9, -6}), frozenset({2, 5, 8, 9, 12, 13, 16, 17, 19, 20, 21, -44, 23, 24, 25, -42, -38, -45, 35, 36, 37, -26, 39, 40, 41, -22, 43, -18, -14, -10, -6}), frozenset({5, 6, 8, 10, 12, 14, 16, 18, 19, 20, 21, -44, 23, 24, -42, 26, -37, -45, 35, 36, 38, 39, 40, 41, -25, 43, -22, -17, -13, -9, -2}), frozenset({2, 6, 8, 10, 12, 14, 16, 18, 19, 20, 21, -44, -41, 24, 25, 26, -37, -45, 35, 36, 38, 39, 40, -23, 42, 43, -22, -17, -13, -9, -5}), frozenset({2, 5, 8, 10, 12, 13, 16, 17, 19, 20, 21, -43, 23, 24, 25, -40, -37, -45, 35, 36, 38, 39, -26, 41, 42, -22, 44, -18, -14, -9, -6}), frozenset({5, 6, 9, 10, 13, 14, 17, 18, 19, -45, 21, 22, 23, -43, 25, 26, -41, -37, 35, 36, 38, 39, 40, -24, 42, 44, -20, -16, -12, -8, -2}), frozenset({2, 6, 8, 10, 12, 13, 16, 18, 19, -45, 21, 22, -43, 24, 25, 26, -41, -37, 35, 36, 38, 39, 40, -23, 42, 44, -20, -17, -14, -9, -5}), frozenset({2, 6, 9, 10, 12, 14, 16, 18, 19, 20, -43, 22, -41, 24, 25, 26, -37, -45, 35, 36, 38, 39, 40, -23, 42, -21, 44, -17, -13, -8, -5}), frozenset({2, 6, 8, 10, 12, 14, 16, 18, -45, 20, 21, 22, 23, -43, 25, 26, -40, -37, 35, 36, 38, 39, -24, 41, 42, 44, -19, -17, -13, -9, -5}), frozenset({5, 6, 8, 9, 12, 14, 17, 18, 19, -45, 21, 22, -43, 24, 25, 26, -40, -37, 35, 36, 38, 39, 41, 42, -23, 44, -20, -16, -13, -10, -2})]
35	itemsets left after V operation 	: [frozenset({3, 6, 10, 12, 14, 16, 18, 20, 21, 22, -43, 24, 25, -39, -38, 35, 36, 37, 40, 41, 42, -23, 44, -19, -17, -13, -9, -4}), frozenset({2, 4, 5, 7, 8, 11, 15, 26, 28, 30, -33, 32, 31, 34, -29, -27})]
# of frequent itemsets	: 0
Time of DCI Closed		: 0.29889988899230957
Initial DL				: 65811.93411125071
Final DL				: 11980.217884396396
Compression (wrt me)	: 0.8179628353704872
Operator Counters		: {'D': 0, 'W': 1, 'V': 1, 'S': 0, 'R': 0, 'T': 1}
Misle Learning Runtime	: 4.023234128952026

Timeout Reached
Current Minsup[0.75] yields 16228 itemsets.
Top-k minsup for at least 5000 paterns = 0.75 or 129
1  violations of +ve partial assignments found for the learned theory.
Violating Clauses	:{frozenset({2, 3, 4, 5, 7, 8, 9, 11, 12, 14, 15, 16, 18, 20, 21, 22, 24, 25, 26, 28, 30, 31, 32, 34, 36, 37, 38, 40, 41, 42, 44, -43, -39, -35, -33, -29, -27, -23, -19, -17, -13, -10, -6})}
DL of initial theory	: 59173.41314872611
4999	itemsets left after T operation 	: [frozenset({32, -29, 36, 37, 38, 7, 40, 41, 42, 4, 44, -43, -39, -35, 30, 31})]
4214	itemsets left after T operation 	: [frozenset({32, 4, 38, 7, 41, 42, 11, 18, 26})]
1226	itemsets left after T operation 	: [frozenset({32, -29, 36, 37, 38, 40, 42, 44, -43, -35, 30, 31})]
306	itemsets left after T operation 	: [frozenset({5, 38, 7, 40, 41, 42, 11, 14, -39})]
57	itemsets left after T operation 	: [frozenset({37, 38, 40, 42, 44, -43, 30, 31})]
# of frequent itemsets	: 0
Time of DCI Closed		: 0.31151914596557617
Initial DL				: 65811.93411125071
Final DL				: 8945.479143950337
Compression (wrt me)	: 0.8640751215603449
Operator Counters		: {'D': 0, 'W': 0, 'V': 0, 'S': 0, 'R': 0, 'T': 5}
Misle Learning Runtime	: 25.931728839874268

Max Score = 0.0; Max Indices = [0, 1, 2, 3, 4, 5, 6, 7]; # failed_clauses_list = ["defaultdict(<class 'int'>, {})", "defaultdict(<class 'int'>, {})", "defaultdict(<class 'int'>, {})", "defaultdict(<class 'int'>, {})", "defaultdict(<class 'int'>, {})", "defaultdict(<class 'int'>, {})", "defaultdict(<class 'int'>, {})", "defaultdict(<class 'int'>, {})"]
Max Score = 0.0625; Max Indices = [0, 1, 2, 3, 4, 5, 6, 7]; # failed_clauses_list = ["defaultdict(<class 'int'>, {16: 1})", "defaultdict(<class 'int'>, {16: 1})", "defaultdict(<class 'int'>, {16: 1})", "defaultdict(<class 'int'>, {16: 1})", "defaultdict(<class 'int'>, {16: 1})", "defaultdict(<class 'int'>, {16: 1})", "defaultdict(<class 'int'>, {16: 1})", "defaultdict(<class 'int'>, {16: 1})"]
Max Score = 0.0625; Max Indices = [0, 1, 2, 3, 4, 5, 6, 7]; # failed_clauses_list = ["defaultdict(<class 'int'>, {16: 1})", "defaultdict(<class 'int'>, {16: 1})", "defaultdict(<class 'int'>, {16: 1})", "defaultdict(<class 'int'>, {16: 1})", "defaultdict(<class 'int'>, {16: 1})", "defaultdict(<class 'int'>, {16: 1})", "defaultdict(<class 'int'>, {16: 1})", "defaultdict(<class 'int'>, {16: 1})"]
Max Score = 0.0625; Max Indices = [0, 1, 2, 3, 4, 5, 6, 7]; # failed_clauses_list = ["defaultdict(<class 'int'>, {16: 1})", "defaultdict(<class 'int'>, {16: 1})", "defaultdict(<class 'int'>, {16: 1})", "defaultdict(<class 'int'>, {16: 1})", "defaultdict(<class 'int'>, {16: 1})", "defaultdict(<class 'int'>, {16: 1})", "defaultdict(<class 'int'>, {16: 1})", "defaultdict(<class 'int'>, {16: 1})"]
Max Score = 0.0; Max Indices = [0, 1, 2, 3, 4, 5, 6, 7]; # failed_clauses_list = ["defaultdict(<class 'int'>, {})", "defaultdict(<class 'int'>, {})", "defaultdict(<class 'int'>, {})", "defaultdict(<class 'int'>, {})", "defaultdict(<class 'int'>, {})", "defaultdict(<class 'int'>, {})", "defaultdict(<class 'int'>, {})", "defaultdict(<class 'int'>, {})"]
Max Score = 0.0; Max Indices = [0, 1, 2, 3, 4, 5, 6, 7]; # failed_clauses_list = ["defaultdict(<class 'int'>, {})", "defaultdict(<class 'int'>, {})", "defaultdict(<class 'int'>, {})", "defaultdict(<class 'int'>, {})", "defaultdict(<class 'int'>, {})", "defaultdict(<class 'int'>, {})", "defaultdict(<class 'int'>, {})", "defaultdict(<class 'int'>, {})"]
Max Score = 0.18055555555555555; Max Indices = [0, 1, 2, 3, 4, 5, 6, 7]; # failed_clauses_list = ["defaultdict(<class 'int'>, {9: 1, 8: 1})", "defaultdict(<class 'int'>, {9: 1, 8: 1})", "defaultdict(<class 'int'>, {9: 1, 8: 1})", "defaultdict(<class 'int'>, {9: 1, 8: 1})", "defaultdict(<class 'int'>, {9: 1, 8: 1})", "defaultdict(<class 'int'>, {9: 1, 8: 1})", "defaultdict(<class 'int'>, {9: 1, 8: 1})", "defaultdict(<class 'int'>, {9: 1, 8: 1})"]
Max Score = 0.18055555555555555; Max Indices = [0, 1, 2, 3, 4, 5, 6, 7]; # failed_clauses_list = ["defaultdict(<class 'int'>, {9: 1, 8: 1})", "defaultdict(<class 'int'>, {9: 1, 8: 1})", "defaultdict(<class 'int'>, {9: 1, 8: 1})", "defaultdict(<class 'int'>, {9: 1, 8: 1})", "defaultdict(<class 'int'>, {9: 1, 8: 1})", "defaultdict(<class 'int'>, {9: 1, 8: 1})", "defaultdict(<class 'int'>, {9: 1, 8: 1})", "defaultdict(<class 'int'>, {9: 1, 8: 1})"]
Max Score = 0.2361111111111111; Max Indices = [0, 1, 2, 3, 4, 5, 6, 7]; # failed_clauses_list = ["defaultdict(<class 'int'>, {9: 2, 8: 1})", "defaultdict(<class 'int'>, {9: 2, 8: 1})", "defaultdict(<class 'int'>, {9: 2, 8: 1})", "defaultdict(<class 'int'>, {9: 2, 8: 1})", "defaultdict(<class 'int'>, {9: 2, 8: 1})", "defaultdict(<class 'int'>, {9: 2, 8: 1})", "defaultdict(<class 'int'>, {9: 2, 8: 1})", "defaultdict(<class 'int'>, {9: 2, 8: 1})"]
Max Score = 0.125; Max Indices = [0, 1, 2, 3, 4, 5, 6, 7]; # failed_clauses_list = ["defaultdict(<class 'int'>, {8: 1})", "defaultdict(<class 'int'>, {8: 1})", "defaultdict(<class 'int'>, {8: 1})", "defaultdict(<class 'int'>, {8: 1})", "defaultdict(<class 'int'>, {8: 1})", "defaultdict(<class 'int'>, {8: 1})", "defaultdict(<class 'int'>, {8: 1})", "defaultdict(<class 'int'>, {8: 1})"]
Max Score = 0.2361111111111111; Max Indices = [0, 1, 2, 3, 4, 5, 6, 7]; # failed_clauses_list = ["defaultdict(<class 'int'>, {9: 2, 8: 1})", "defaultdict(<class 'int'>, {9: 2, 8: 1})", "defaultdict(<class 'int'>, {9: 2, 8: 1})", "defaultdict(<class 'int'>, {9: 2, 8: 1})", "defaultdict(<class 'int'>, {9: 2, 8: 1})", "defaultdict(<class 'int'>, {9: 2, 8: 1})", "defaultdict(<class 'int'>, {9: 2, 8: 1})", "defaultdict(<class 'int'>, {9: 2, 8: 1})"]
Max Score = 0.2361111111111111; Max Indices = [0, 1, 2, 3, 4, 5, 6, 7]; # failed_clauses_list = ["defaultdict(<class 'int'>, {9: 2, 8: 1})", "defaultdict(<class 'int'>, {9: 2, 8: 1})", "defaultdict(<class 'int'>, {9: 2, 8: 1})", "defaultdict(<class 'int'>, {9: 2, 8: 1})", "defaultdict(<class 'int'>, {9: 2, 8: 1})", "defaultdict(<class 'int'>, {9: 2, 8: 1})", "defaultdict(<class 'int'>, {9: 2, 8: 1})", "defaultdict(<class 'int'>, {9: 2, 8: 1})"]
Max Score = 0.2361111111111111; Max Indices = [0, 1, 2, 3, 4, 5, 6, 7]; # failed_clauses_list = ["defaultdict(<class 'int'>, {9: 2, 8: 1})", "defaultdict(<class 'int'>, {9: 2, 8: 1})", "defaultdict(<class 'int'>, {9: 2, 8: 1})", "defaultdict(<class 'int'>, {9: 2, 8: 1})", "defaultdict(<class 'int'>, {9: 2, 8: 1})", "defaultdict(<class 'int'>, {9: 2, 8: 1})", "defaultdict(<class 'int'>, {9: 2, 8: 1})", "defaultdict(<class 'int'>, {9: 2, 8: 1})"]
Max Score = 0.1111111111111111; Max Indices = [0, 1, 2, 3, 4, 5, 6, 7]; # failed_clauses_list = ["defaultdict(<class 'int'>, {9: 2})", "defaultdict(<class 'int'>, {9: 2})", "defaultdict(<class 'int'>, {9: 2})", "defaultdict(<class 'int'>, {9: 2})", "defaultdict(<class 'int'>, {9: 2})", "defaultdict(<class 'int'>, {9: 2})", "defaultdict(<class 'int'>, {9: 2})", "defaultdict(<class 'int'>, {9: 2})"]
Max Score = 0.0; Max Indices = [0, 1, 2, 3, 4, 5, 6, 7]; # failed_clauses_list = ["defaultdict(<class 'int'>, {})", "defaultdict(<class 'int'>, {})", "defaultdict(<class 'int'>, {})", "defaultdict(<class 'int'>, {})", "defaultdict(<class 'int'>, {})", "defaultdict(<class 'int'>, {})", "defaultdict(<class 'int'>, {})", "defaultdict(<class 'int'>, {})"]
Return Code	: 0
CNF-cc Accuracy		: 0.7361111111111112

Dataset				: dermatology.dat
Metric				: length
Minsups				: [3]
Mistle Accuracy		: [0.9861111111111112]
CNFAlgo Accuracy	: [0.7361111111111112]
Randomized Accuracy	: [0.125]

# Test Examples		: 72
Mistle # Ties		: [(68, 220)]
CNFAlgo # Ties		: [(0, 0)]
