>/Users/arcchit/Docs/Mistle/Resources/spmf.jar
Running the DCI-Closed algorithm
========== DCI_CLOSED - STATS ============
 Number of transactions: 498
 Number of frequent closed itemsets: 9353
 Total time ~: 498 ms
>/Users/arcchit/Docs/Mistle/Resources/spmf.jar
Running the DCI-Closed algorithm
========== DCI_CLOSED - STATS ============
 Number of transactions: 263
 Number of frequent closed itemsets: 6393
 Total time ~: 311 ms
Current Minsup[0.5] yields 130 itemsets.
Current Minsup[0.25] yields 4865 itemsets.
Current Minsup[0.125] yields 62789 itemsets.
Current Minsup[0.21478698324775664] yields 9353 itemsets.
Top-k minsup for at least 5000 paterns = 0.21478698324775664 or 107
DL of initial theory	: 98767.76191647914
4985	itemsets left after T operation 	: [frozenset({7, 15, 16, -14, 25})]
4976	itemsets left after T operation 	: [frozenset({3, 4, 17, 22, -2})]
4974	itemsets left after T operation 	: [frozenset({10, -17, 18, 19, 28})]
4960	itemsets left after T operation 	: [frozenset({5, 13, 15, 16, -14, 23})]
4817	itemsets left after T operation 	: [frozenset({-20, 17, 21, 22, 25, 28})]
3583	itemsets left after T operation 	: [frozenset({9, 10, 11, 21, -8})]
930	itemsets left after T operation 	: [frozenset({3, 4, 21, 23, -2})]
343	itemsets left after V operation 	: [frozenset({2, 4, 5, 6, 8, 9, 12, 13, 15, 16, 20, 22, 24, 25, 26, -27, -23, -21, -14, -11, -10, -7, -3}), frozenset({2, 4, 6, 7, 8, 9, 12, 13, 15, 16, 20, 22, 23, 24, 26, -27, -25, -21, -14, -11, -10, -5, -3}), frozenset({2, 4, 5, 7, 8, 9, 11, 13, 14, 15, 21, 22, 24, 25, 27, -26, -23, -20, -16, -12, -10, -6, -3}), frozenset({18, 19, 10, 28, -17})]
70	itemsets left after V operation 	: [frozenset({2, 4, 6, 8, 10, 12, 18, 19, 20, 22, 24, 25, 26, 27, -28, -23, -21, -17, -11, -9, -7, -3}), frozenset({16, -14, 5, 23, 13, 15}), frozenset({2, 4, 6, 8, 9, 12, 20, 22, 24, 25, 26, -27, -23, -21, -11, -10, -7, -3})]
24	itemsets left after V operation 	: [frozenset({16, -14, 5, 23, 13, 15}), frozenset({2, 4, 6, 7, 8, 9, 12, 20, 22, 24, 26, -27, -25, -21, -11, -10, -5, -3})]
14	itemsets left after V operation 	: [frozenset({18, 19, 10, 28, -17}), frozenset({2, 4, 6, 8, 12, 20, 22, 24, 25, 26, 27, -28, -23, -21, -11, -9, -7, -3})]
# of frequent itemsets	: 0
Time of DCI Closed		: 0.38173484802246094
Initial DL				: 95069.34626799737
Final DL				: 23796.777539276336
Compression (wrt me)	: 0.7496903210821078
Operator Counters		: {'D': 0, 'W': 0, 'V': 4, 'S': 0, 'R': 0, 'T': 7}
Misle Learning Runtime	: 10.557871103286743

Current Minsup[0.5] yields 159 itemsets.
Current Minsup[0.25] yields 6393 itemsets.
Top-k minsup for at least 5000 paterns = 0.25 or 66
DL of initial theory	: 98767.76191647914
4987	itemsets left after T operation 	: [frozenset({10, 14, 16, -15, 22})]
4973	itemsets left after T operation 	: [frozenset({-27, 6, 12, 19, 26, 28})]
4897	itemsets left after T operation 	: [frozenset({9, 14, 16, -15, 21, 25})]
2057	itemsets left after T operation 	: [frozenset({8, 14, -17, 18, 19})]
1282	itemsets left after V operation 	: [frozenset({3, 4, 5, 7, 8, 10, 13, 15, 16, 17, 20, 21, 24, 25, -23, -22, -18, -14, -11, -9, -6, -2}), frozenset({3, 4, 5, 7, 9, 10, 13, 15, 16, 17, 20, 22, 24, 25, -23, -21, -18, -14, -11, -8, -6, -2}), frozenset({2, 4, 5, 7, 8, 10, 11, 15, 16, 18, 21, 22, 24, 25, -23, -20, -17, -14, -13, -9, -6, -3}), frozenset({2, 3, 5, 7, 8, 10, 13, 15, 16, 17, 21, 22, 24, 25, -23, -20, -18, -14, -11, -9, -6, -4}), frozenset({3, 4, 5, 7, 9, 10, 11, 15, 16, 18, 20, 22, 23, 25, -24, -21, -17, -14, -13, -8, -6, -2}), frozenset({3, 4, 5, 7, 8, 10, 11, 15, 16, 17, 21, 22, 24, 25, -23, -20, -18, -14, -13, -9, -6, -2}), frozenset({3, 4, 5, 7, 9, 10, 13, 14, 15, 18, 20, 22, 23, 25, -24, -21, -17, -16, -11, -8, -6, -2}), frozenset({19, -27, 6, 26, 12, 28})]
926	itemsets left after T operation 	: [frozenset({6, 13, 14, 16, -15, 24})]
801	itemsets left after V operation 	: [frozenset({3, 4, 7, 8, 9, 11, 15, 16, 17, 18, 20, 22, 23, 25, -24, -21, -19, -14, -13, -10, -5, -2}), frozenset({2, 3, 5, 9, 10, 13, 15, 16, 17, 18, 20, 22, 23, 25, -24, -21, -19, -14, -11, -8, -7, -4}), frozenset({2, 3, 7, 8, 9, 13, 15, 16, 17, 18, 20, 22, 23, 25, -24, -21, -19, -14, -11, -10, -5, -4}), frozenset({3, 4, 5, 8, 9, 13, 15, 16, 17, 18, 20, 22, 23, 25, -24, -21, -19, -14, -11, -10, -7, -2}), frozenset({3, 4, 5, 9, 10, 13, 14, 15, 17, 18, 20, 22, 23, 25, -24, -21, -19, -16, -11, -8, -7, -2}), frozenset({2, 4, 7, 9, 10, 13, 15, 16, 17, 18, 20, 22, 23, 25, -24, -21, -19, -14, -11, -8, -5, -3}), frozenset({19, -27, 6, 26, 12, 28})]
712	itemsets left after V operation 	: [frozenset({2, 4, 7, 9, 10, 11, 13, 15, 16, 18, 20, 22, 23, 24, -25, -21, -17, -14, -12, -8, -5, -3}), frozenset({2, 4, 5, 9, 10, 11, 13, 15, 16, 18, 20, 22, 24, 25, -23, -21, -17, -14, -12, -8, -7, -3}), frozenset({19, -27, 6, 26, 28, 12}), frozenset({3, 4, 5, 9, 10, 11, 13, 15, 16, 18, 20, 22, 23, 25, -24, -21, -17, -14, -12, -8, -7, -2}), frozenset({2, 3, 7, 9, 10, 11, 13, 15, 16, 18, 20, 22, 23, 25, -24, -21, -17, -14, -12, -8, -5, -4}), frozenset({3, 4, 7, 8, 10, 11, 13, 15, 16, 17, 21, 22, 23, 24, -25, -20, -18, -14, -12, -9, -5, -2})]
32	itemsets left after V operation 	: [frozenset({2, 4, 6, 7, 9, 10, 11, 13, 15, 20, 22, 23, 24, 26, 27, -28, -25, -21, -16, -12, -8, -5, -3}), frozenset({18, 19, 8, 14, -17})]
# of frequent itemsets	: 0
Time of DCI Closed		: 0.3485860824584961
Initial DL				: 95069.34626799737
Final DL				: 26106.04079373458
Compression (wrt me)	: 0.7254000177918285
Operator Counters		: {'D': 0, 'W': 0, 'V': 4, 'S': 0, 'R': 0, 'T': 5}
Misle Learning Runtime	: 271.14690685272217

Max Score = 0.04; Max Indices = [0, 1, 2, 3, 4, 5, 6, 7]; # failed_clauses_list = ["defaultdict(<class 'int'>, {5: 1})", "defaultdict(<class 'int'>, {5: 1})", "defaultdict(<class 'int'>, {5: 1})", "defaultdict(<class 'int'>, {5: 1})", "defaultdict(<class 'int'>, {5: 1})", "defaultdict(<class 'int'>, {5: 1})", "defaultdict(<class 'int'>, {5: 1})", "defaultdict(<class 'int'>, {5: 1})"]
Max Score = 0.04; Max Indices = [0, 1, 2, 3, 4, 5, 6, 7]; # failed_clauses_list = ["defaultdict(<class 'int'>, {5: 1})", "defaultdict(<class 'int'>, {5: 1})", "defaultdict(<class 'int'>, {5: 1})", "defaultdict(<class 'int'>, {5: 1})", "defaultdict(<class 'int'>, {5: 1})", "defaultdict(<class 'int'>, {5: 1})", "defaultdict(<class 'int'>, {5: 1})", "defaultdict(<class 'int'>, {5: 1})"]
Max Score = 0.16333333333333333; Max Indices = [0, 1, 2, 3, 4, 5, 6, 7]; # failed_clauses_list = ["defaultdict(<class 'int'>, {5: 2, 6: 1})", "defaultdict(<class 'int'>, {5: 2, 6: 1})", "defaultdict(<class 'int'>, {5: 2, 6: 1})", "defaultdict(<class 'int'>, {5: 2, 6: 1})", "defaultdict(<class 'int'>, {5: 2, 6: 1})", "defaultdict(<class 'int'>, {5: 2, 6: 1})", "defaultdict(<class 'int'>, {5: 2, 6: 1})", "defaultdict(<class 'int'>, {5: 2, 6: 1})"]
Max Score = 0.04; Max Indices = [0, 1, 2, 3, 4, 5, 6, 7]; # failed_clauses_list = ["defaultdict(<class 'int'>, {5: 1})", "defaultdict(<class 'int'>, {5: 1})", "defaultdict(<class 'int'>, {5: 1})", "defaultdict(<class 'int'>, {5: 1})", "defaultdict(<class 'int'>, {5: 1})", "defaultdict(<class 'int'>, {5: 1})", "defaultdict(<class 'int'>, {5: 1})", "defaultdict(<class 'int'>, {5: 1})"]
Max Score = 0.08; Max Indices = [0, 1, 2, 3, 4, 5, 6, 7]; # failed_clauses_list = ["defaultdict(<class 'int'>, {5: 2})", "defaultdict(<class 'int'>, {5: 2})", "defaultdict(<class 'int'>, {5: 2})", "defaultdict(<class 'int'>, {5: 2})", "defaultdict(<class 'int'>, {5: 2})", "defaultdict(<class 'int'>, {5: 2})", "defaultdict(<class 'int'>, {5: 2})", "defaultdict(<class 'int'>, {5: 2})"]
Max Score = 0.08333333333333333; Max Indices = [0, 1, 2, 3, 4, 5, 6, 7]; # failed_clauses_list = ["defaultdict(<class 'int'>, {6: 1})", "defaultdict(<class 'int'>, {6: 1})", "defaultdict(<class 'int'>, {6: 1})", "defaultdict(<class 'int'>, {6: 1})", "defaultdict(<class 'int'>, {6: 1})", "defaultdict(<class 'int'>, {6: 1})", "defaultdict(<class 'int'>, {6: 1})", "defaultdict(<class 'int'>, {6: 1})"]
Max Score = 0.12333333333333332; Max Indices = [0, 1, 2, 3, 4, 5, 6, 7]; # failed_clauses_list = ["defaultdict(<class 'int'>, {6: 1, 5: 1})", "defaultdict(<class 'int'>, {6: 1, 5: 1})", "defaultdict(<class 'int'>, {6: 1, 5: 1})", "defaultdict(<class 'int'>, {6: 1, 5: 1})", "defaultdict(<class 'int'>, {6: 1, 5: 1})", "defaultdict(<class 'int'>, {6: 1, 5: 1})", "defaultdict(<class 'int'>, {6: 1, 5: 1})", "defaultdict(<class 'int'>, {6: 1, 5: 1})"]
Max Score = 0.08; Max Indices = [0, 1, 2, 3, 4, 5, 6, 7]; # failed_clauses_list = ["defaultdict(<class 'int'>, {5: 2})", "defaultdict(<class 'int'>, {5: 2})", "defaultdict(<class 'int'>, {5: 2})", "defaultdict(<class 'int'>, {5: 2})", "defaultdict(<class 'int'>, {5: 2})", "defaultdict(<class 'int'>, {5: 2})", "defaultdict(<class 'int'>, {5: 2})", "defaultdict(<class 'int'>, {5: 2})"]
Max Score = 0.04; Max Indices = [0, 1, 2, 3, 4, 5, 6, 7]; # failed_clauses_list = ["defaultdict(<class 'int'>, {5: 1})", "defaultdict(<class 'int'>, {5: 1})", "defaultdict(<class 'int'>, {5: 1})", "defaultdict(<class 'int'>, {5: 1})", "defaultdict(<class 'int'>, {5: 1})", "defaultdict(<class 'int'>, {5: 1})", "defaultdict(<class 'int'>, {5: 1})", "defaultdict(<class 'int'>, {5: 1})"]
Max Score = 0.08333333333333333; Max Indices = [0, 1, 2, 3, 4, 5, 6, 7]; # failed_clauses_list = ["defaultdict(<class 'int'>, {6: 1})", "defaultdict(<class 'int'>, {6: 1})", "defaultdict(<class 'int'>, {6: 1})", "defaultdict(<class 'int'>, {6: 1})", "defaultdict(<class 'int'>, {6: 1})", "defaultdict(<class 'int'>, {6: 1})", "defaultdict(<class 'int'>, {6: 1})", "defaultdict(<class 'int'>, {6: 1})"]
Max Score = 0.04; Max Indices = [0, 1, 2, 3, 4, 5, 6, 7]; # failed_clauses_list = ["defaultdict(<class 'int'>, {5: 1})", "defaultdict(<class 'int'>, {5: 1})", "defaultdict(<class 'int'>, {5: 1})", "defaultdict(<class 'int'>, {5: 1})", "defaultdict(<class 'int'>, {5: 1})", "defaultdict(<class 'int'>, {5: 1})", "defaultdict(<class 'int'>, {5: 1})", "defaultdict(<class 'int'>, {5: 1})"]
Max Score = 0.0; Max Indices = [0, 1, 2, 3, 4, 5, 6, 7]; # failed_clauses_list = ["defaultdict(<class 'int'>, {})", "defaultdict(<class 'int'>, {})", "defaultdict(<class 'int'>, {})", "defaultdict(<class 'int'>, {})", "defaultdict(<class 'int'>, {})", "defaultdict(<class 'int'>, {})", "defaultdict(<class 'int'>, {})", "defaultdict(<class 'int'>, {})"]
Max Score = 0.04; Max Indices = [0, 1, 2, 3, 4, 5, 6, 7]; # failed_clauses_list = ["defaultdict(<class 'int'>, {5: 1})", "defaultdict(<class 'int'>, {5: 1})", "defaultdict(<class 'int'>, {5: 1})", "defaultdict(<class 'int'>, {5: 1})", "defaultdict(<class 'int'>, {5: 1})", "defaultdict(<class 'int'>, {5: 1})", "defaultdict(<class 'int'>, {5: 1})", "defaultdict(<class 'int'>, {5: 1})"]
Max Score = 0.04; Max Indices = [0, 1, 2, 3, 4, 5, 6, 7]; # failed_clauses_list = ["defaultdict(<class 'int'>, {5: 1})", "defaultdict(<class 'int'>, {5: 1})", "defaultdict(<class 'int'>, {5: 1})", "defaultdict(<class 'int'>, {5: 1})", "defaultdict(<class 'int'>, {5: 1})", "defaultdict(<class 'int'>, {5: 1})", "defaultdict(<class 'int'>, {5: 1})", "defaultdict(<class 'int'>, {5: 1})"]
Max Score = 0.04; Max Indices = [0, 1, 2, 3, 4, 5, 6, 7]; # failed_clauses_list = ["defaultdict(<class 'int'>, {5: 1})", "defaultdict(<class 'int'>, {5: 1})", "defaultdict(<class 'int'>, {5: 1})", "defaultdict(<class 'int'>, {5: 1})", "defaultdict(<class 'int'>, {5: 1})", "defaultdict(<class 'int'>, {5: 1})", "defaultdict(<class 'int'>, {5: 1})", "defaultdict(<class 'int'>, {5: 1})"]
Max Score = 0.08333333333333333; Max Indices = [0, 1, 2, 3, 4, 5, 6, 7]; # failed_clauses_list = ["defaultdict(<class 'int'>, {6: 1})", "defaultdict(<class 'int'>, {6: 1})", "defaultdict(<class 'int'>, {6: 1})", "defaultdict(<class 'int'>, {6: 1})", "defaultdict(<class 'int'>, {6: 1})", "defaultdict(<class 'int'>, {6: 1})", "defaultdict(<class 'int'>, {6: 1})", "defaultdict(<class 'int'>, {6: 1})"]
Max Score = 0.12333333333333332; Max Indices = [0, 1, 2, 3, 4, 5, 6, 7]; # failed_clauses_list = ["defaultdict(<class 'int'>, {5: 1, 6: 1})", "defaultdict(<class 'int'>, {5: 1, 6: 1})", "defaultdict(<class 'int'>, {5: 1, 6: 1})", "defaultdict(<class 'int'>, {5: 1, 6: 1})", "defaultdict(<class 'int'>, {5: 1, 6: 1})", "defaultdict(<class 'int'>, {5: 1, 6: 1})", "defaultdict(<class 'int'>, {5: 1, 6: 1})", "defaultdict(<class 'int'>, {5: 1, 6: 1})"]
Max Score = 0.04; Max Indices = [0, 1, 2, 3, 4, 5, 6, 7]; # failed_clauses_list = ["defaultdict(<class 'int'>, {5: 1})", "defaultdict(<class 'int'>, {5: 1})", "defaultdict(<class 'int'>, {5: 1})", "defaultdict(<class 'int'>, {5: 1})", "defaultdict(<class 'int'>, {5: 1})", "defaultdict(<class 'int'>, {5: 1})", "defaultdict(<class 'int'>, {5: 1})", "defaultdict(<class 'int'>, {5: 1})"]
Max Score = 0.08333333333333333; Max Indices = [0, 1, 2, 3, 4, 5, 6, 7]; # failed_clauses_list = ["defaultdict(<class 'int'>, {6: 1})", "defaultdict(<class 'int'>, {6: 1})", "defaultdict(<class 'int'>, {6: 1})", "defaultdict(<class 'int'>, {6: 1})", "defaultdict(<class 'int'>, {6: 1})", "defaultdict(<class 'int'>, {6: 1})", "defaultdict(<class 'int'>, {6: 1})", "defaultdict(<class 'int'>, {6: 1})"]
Max Score = 0.04; Max Indices = [0, 1, 2, 3, 4, 5, 6, 7]; # failed_clauses_list = ["defaultdict(<class 'int'>, {5: 1})", "defaultdict(<class 'int'>, {5: 1})", "defaultdict(<class 'int'>, {5: 1})", "defaultdict(<class 'int'>, {5: 1})", "defaultdict(<class 'int'>, {5: 1})", "defaultdict(<class 'int'>, {5: 1})", "defaultdict(<class 'int'>, {5: 1})", "defaultdict(<class 'int'>, {5: 1})"]
Max Score = 0.04; Max Indices = [0, 1, 2, 3, 4, 5, 6, 7]; # failed_clauses_list = ["defaultdict(<class 'int'>, {5: 1})", "defaultdict(<class 'int'>, {5: 1})", "defaultdict(<class 'int'>, {5: 1})", "defaultdict(<class 'int'>, {5: 1})", "defaultdict(<class 'int'>, {5: 1})", "defaultdict(<class 'int'>, {5: 1})", "defaultdict(<class 'int'>, {5: 1})", "defaultdict(<class 'int'>, {5: 1})"]
Max Score = 0.04; Max Indices = [0, 1, 2, 3, 4, 5, 6, 7]; # failed_clauses_list = ["defaultdict(<class 'int'>, {5: 1})", "defaultdict(<class 'int'>, {5: 1})", "defaultdict(<class 'int'>, {5: 1})", "defaultdict(<class 'int'>, {5: 1})", "defaultdict(<class 'int'>, {5: 1})", "defaultdict(<class 'int'>, {5: 1})", "defaultdict(<class 'int'>, {5: 1})", "defaultdict(<class 'int'>, {5: 1})"]
Max Score = 0.04; Max Indices = [0, 1, 2, 3, 4, 5, 6, 7]; # failed_clauses_list = ["defaultdict(<class 'int'>, {5: 1})", "defaultdict(<class 'int'>, {5: 1})", "defaultdict(<class 'int'>, {5: 1})", "defaultdict(<class 'int'>, {5: 1})", "defaultdict(<class 'int'>, {5: 1})", "defaultdict(<class 'int'>, {5: 1})", "defaultdict(<class 'int'>, {5: 1})", "defaultdict(<class 'int'>, {5: 1})"]
Max Score = 0.04; Max Indices = [0, 1, 2, 3, 4, 5, 6, 7]; # failed_clauses_list = ["defaultdict(<class 'int'>, {5: 1})", "defaultdict(<class 'int'>, {5: 1})", "defaultdict(<class 'int'>, {5: 1})", "defaultdict(<class 'int'>, {5: 1})", "defaultdict(<class 'int'>, {5: 1})", "defaultdict(<class 'int'>, {5: 1})", "defaultdict(<class 'int'>, {5: 1})", "defaultdict(<class 'int'>, {5: 1})"]
Max Score = 0.0; Max Indices = [0, 1, 2, 3, 4, 5, 6, 7]; # failed_clauses_list = ["defaultdict(<class 'int'>, {})", "defaultdict(<class 'int'>, {})", "defaultdict(<class 'int'>, {})", "defaultdict(<class 'int'>, {})", "defaultdict(<class 'int'>, {})", "defaultdict(<class 'int'>, {})", "defaultdict(<class 'int'>, {})", "defaultdict(<class 'int'>, {})"]
Max Score = 0.08333333333333333; Max Indices = [0, 1, 2, 3, 4, 5, 6, 7]; # failed_clauses_list = ["defaultdict(<class 'int'>, {6: 1})", "defaultdict(<class 'int'>, {6: 1})", "defaultdict(<class 'int'>, {6: 1})", "defaultdict(<class 'int'>, {6: 1})", "defaultdict(<class 'int'>, {6: 1})", "defaultdict(<class 'int'>, {6: 1})", "defaultdict(<class 'int'>, {6: 1})", "defaultdict(<class 'int'>, {6: 1})"]
Max Score = 0.04; Max Indices = [0, 1, 2, 3, 4, 5, 6, 7]; # failed_clauses_list = ["defaultdict(<class 'int'>, {5: 1})", "defaultdict(<class 'int'>, {5: 1})", "defaultdict(<class 'int'>, {5: 1})", "defaultdict(<class 'int'>, {5: 1})", "defaultdict(<class 'int'>, {5: 1})", "defaultdict(<class 'int'>, {5: 1})", "defaultdict(<class 'int'>, {5: 1})", "defaultdict(<class 'int'>, {5: 1})"]
Max Score = 0.0; Max Indices = [0, 1, 2, 3, 4, 5, 6, 7]; # failed_clauses_list = ["defaultdict(<class 'int'>, {})", "defaultdict(<class 'int'>, {})", "defaultdict(<class 'int'>, {})", "defaultdict(<class 'int'>, {})", "defaultdict(<class 'int'>, {})", "defaultdict(<class 'int'>, {})", "defaultdict(<class 'int'>, {})", "defaultdict(<class 'int'>, {})"]
Max Score = 0.04; Max Indices = [0, 1, 2, 3, 4, 5, 6, 7]; # failed_clauses_list = ["defaultdict(<class 'int'>, {5: 1})", "defaultdict(<class 'int'>, {5: 1})", "defaultdict(<class 'int'>, {5: 1})", "defaultdict(<class 'int'>, {5: 1})", "defaultdict(<class 'int'>, {5: 1})", "defaultdict(<class 'int'>, {5: 1})", "defaultdict(<class 'int'>, {5: 1})", "defaultdict(<class 'int'>, {5: 1})"]
Max Score = 0.12; Max Indices = [0, 1, 2, 3, 4, 5, 6, 7]; # failed_clauses_list = ["defaultdict(<class 'int'>, {5: 3})", "defaultdict(<class 'int'>, {5: 3})", "defaultdict(<class 'int'>, {5: 3})", "defaultdict(<class 'int'>, {5: 3})", "defaultdict(<class 'int'>, {5: 3})", "defaultdict(<class 'int'>, {5: 3})", "defaultdict(<class 'int'>, {5: 3})", "defaultdict(<class 'int'>, {5: 3})"]
Max Score = 0.04; Max Indices = [0, 1, 2, 3, 4, 5, 6, 7]; # failed_clauses_list = ["defaultdict(<class 'int'>, {5: 1})", "defaultdict(<class 'int'>, {5: 1})", "defaultdict(<class 'int'>, {5: 1})", "defaultdict(<class 'int'>, {5: 1})", "defaultdict(<class 'int'>, {5: 1})", "defaultdict(<class 'int'>, {5: 1})", "defaultdict(<class 'int'>, {5: 1})", "defaultdict(<class 'int'>, {5: 1})"]
Max Score = 0.04; Max Indices = [0, 1, 2, 3, 4, 5, 6, 7]; # failed_clauses_list = ["defaultdict(<class 'int'>, {5: 1})", "defaultdict(<class 'int'>, {5: 1})", "defaultdict(<class 'int'>, {5: 1})", "defaultdict(<class 'int'>, {5: 1})", "defaultdict(<class 'int'>, {5: 1})", "defaultdict(<class 'int'>, {5: 1})", "defaultdict(<class 'int'>, {5: 1})", "defaultdict(<class 'int'>, {5: 1})"]
Max Score = 0.0; Max Indices = [0, 1, 2, 3, 4, 5, 6, 7]; # failed_clauses_list = ["defaultdict(<class 'int'>, {})", "defaultdict(<class 'int'>, {})", "defaultdict(<class 'int'>, {})", "defaultdict(<class 'int'>, {})", "defaultdict(<class 'int'>, {})", "defaultdict(<class 'int'>, {})", "defaultdict(<class 'int'>, {})", "defaultdict(<class 'int'>, {})"]
Max Score = 0.0; Max Indices = [0, 1, 2, 3, 4, 5, 6, 7]; # failed_clauses_list = ["defaultdict(<class 'int'>, {})", "defaultdict(<class 'int'>, {})", "defaultdict(<class 'int'>, {})", "defaultdict(<class 'int'>, {})", "defaultdict(<class 'int'>, {})", "defaultdict(<class 'int'>, {})", "defaultdict(<class 'int'>, {})", "defaultdict(<class 'int'>, {})"]
Max Score = 0.0; Max Indices = [0, 1, 2, 3, 4, 5, 6, 7]; # failed_clauses_list = ["defaultdict(<class 'int'>, {})", "defaultdict(<class 'int'>, {})", "defaultdict(<class 'int'>, {})", "defaultdict(<class 'int'>, {})", "defaultdict(<class 'int'>, {})", "defaultdict(<class 'int'>, {})", "defaultdict(<class 'int'>, {})", "defaultdict(<class 'int'>, {})"]
Max Score = 0.04; Max Indices = [0, 1, 2, 3, 4, 5, 6, 7]; # failed_clauses_list = ["defaultdict(<class 'int'>, {5: 1})", "defaultdict(<class 'int'>, {5: 1})", "defaultdict(<class 'int'>, {5: 1})", "defaultdict(<class 'int'>, {5: 1})", "defaultdict(<class 'int'>, {5: 1})", "defaultdict(<class 'int'>, {5: 1})", "defaultdict(<class 'int'>, {5: 1})", "defaultdict(<class 'int'>, {5: 1})"]
Max Score = 0.08333333333333333; Max Indices = [0, 1, 2, 3, 4, 5, 6, 7]; # failed_clauses_list = ["defaultdict(<class 'int'>, {6: 1})", "defaultdict(<class 'int'>, {6: 1})", "defaultdict(<class 'int'>, {6: 1})", "defaultdict(<class 'int'>, {6: 1})", "defaultdict(<class 'int'>, {6: 1})", "defaultdict(<class 'int'>, {6: 1})", "defaultdict(<class 'int'>, {6: 1})", "defaultdict(<class 'int'>, {6: 1})"]
Max Score = 0.08333333333333333; Max Indices = [0, 1, 2, 3, 4, 5, 6, 7]; # failed_clauses_list = ["defaultdict(<class 'int'>, {6: 1})", "defaultdict(<class 'int'>, {6: 1})", "defaultdict(<class 'int'>, {6: 1})", "defaultdict(<class 'int'>, {6: 1})", "defaultdict(<class 'int'>, {6: 1})", "defaultdict(<class 'int'>, {6: 1})", "defaultdict(<class 'int'>, {6: 1})", "defaultdict(<class 'int'>, {6: 1})"]
Max Score = 0.0; Max Indices = [0, 1, 2, 3, 4, 5, 6, 7]; # failed_clauses_list = ["defaultdict(<class 'int'>, {})", "defaultdict(<class 'int'>, {})", "defaultdict(<class 'int'>, {})", "defaultdict(<class 'int'>, {})", "defaultdict(<class 'int'>, {})", "defaultdict(<class 'int'>, {})", "defaultdict(<class 'int'>, {})", "defaultdict(<class 'int'>, {})"]
Max Score = 0.0; Max Indices = [0, 1, 2, 3, 4, 5, 6, 7]; # failed_clauses_list = ["defaultdict(<class 'int'>, {})", "defaultdict(<class 'int'>, {})", "defaultdict(<class 'int'>, {})", "defaultdict(<class 'int'>, {})", "defaultdict(<class 'int'>, {})", "defaultdict(<class 'int'>, {})", "defaultdict(<class 'int'>, {})", "defaultdict(<class 'int'>, {})"]
Max Score = 0.2; Max Indices = [0, 1, 2, 3, 4, 5, 6, 7]; # failed_clauses_list = ["defaultdict(<class 'int'>, {5: 2})", "defaultdict(<class 'int'>, {5: 2})", "defaultdict(<class 'int'>, {5: 2})", "defaultdict(<class 'int'>, {5: 2})", "defaultdict(<class 'int'>, {5: 2})", "defaultdict(<class 'int'>, {5: 2})", "defaultdict(<class 'int'>, {5: 2})", "defaultdict(<class 'int'>, {5: 2})"]
Max Score = 0.0; Max Indices = [0, 1, 2, 3, 4, 5, 6, 7]; # failed_clauses_list = ["defaultdict(<class 'int'>, {})", "defaultdict(<class 'int'>, {})", "defaultdict(<class 'int'>, {})", "defaultdict(<class 'int'>, {})", "defaultdict(<class 'int'>, {})", "defaultdict(<class 'int'>, {})", "defaultdict(<class 'int'>, {})", "defaultdict(<class 'int'>, {})"]
Max Score = 0.15555555555555556; Max Indices = [0, 1, 2, 3, 4, 5, 6, 7]; # failed_clauses_list = ["defaultdict(<class 'int'>, {6: 1, 5: 1})", "defaultdict(<class 'int'>, {6: 1, 5: 1})", "defaultdict(<class 'int'>, {6: 1, 5: 1})", "defaultdict(<class 'int'>, {6: 1, 5: 1})", "defaultdict(<class 'int'>, {6: 1, 5: 1})", "defaultdict(<class 'int'>, {6: 1, 5: 1})", "defaultdict(<class 'int'>, {6: 1, 5: 1})", "defaultdict(<class 'int'>, {6: 1, 5: 1})"]
Max Score = 0.0; Max Indices = [0, 1, 2, 3, 4, 5, 6, 7]; # failed_clauses_list = ["defaultdict(<class 'int'>, {})", "defaultdict(<class 'int'>, {})", "defaultdict(<class 'int'>, {})", "defaultdict(<class 'int'>, {})", "defaultdict(<class 'int'>, {})", "defaultdict(<class 'int'>, {})", "defaultdict(<class 'int'>, {})", "defaultdict(<class 'int'>, {})"]
Max Score = 0.0; Max Indices = [0, 1, 2, 3, 4, 5, 6, 7]; # failed_clauses_list = ["defaultdict(<class 'int'>, {})", "defaultdict(<class 'int'>, {})", "defaultdict(<class 'int'>, {})", "defaultdict(<class 'int'>, {})", "defaultdict(<class 'int'>, {})", "defaultdict(<class 'int'>, {})", "defaultdict(<class 'int'>, {})", "defaultdict(<class 'int'>, {})"]
Max Score = 0.0; Max Indices = [0, 1, 2, 3, 4, 5, 6, 7]; # failed_clauses_list = ["defaultdict(<class 'int'>, {})", "defaultdict(<class 'int'>, {})", "defaultdict(<class 'int'>, {})", "defaultdict(<class 'int'>, {})", "defaultdict(<class 'int'>, {})", "defaultdict(<class 'int'>, {})", "defaultdict(<class 'int'>, {})", "defaultdict(<class 'int'>, {})"]
Max Score = 0.0; Max Indices = [0, 1, 2, 3, 4, 5, 6, 7]; # failed_clauses_list = ["defaultdict(<class 'int'>, {})", "defaultdict(<class 'int'>, {})", "defaultdict(<class 'int'>, {})", "defaultdict(<class 'int'>, {})", "defaultdict(<class 'int'>, {})", "defaultdict(<class 'int'>, {})", "defaultdict(<class 'int'>, {})", "defaultdict(<class 'int'>, {})"]
Max Score = 0.0; Max Indices = [0, 1, 2, 3, 4, 5, 6, 7]; # failed_clauses_list = ["defaultdict(<class 'int'>, {})", "defaultdict(<class 'int'>, {})", "defaultdict(<class 'int'>, {})", "defaultdict(<class 'int'>, {})", "defaultdict(<class 'int'>, {})", "defaultdict(<class 'int'>, {})", "defaultdict(<class 'int'>, {})", "defaultdict(<class 'int'>, {})"]
Max Score = 0.15555555555555556; Max Indices = [0, 1, 2, 3, 4, 5, 6, 7]; # failed_clauses_list = ["defaultdict(<class 'int'>, {5: 1, 6: 1})", "defaultdict(<class 'int'>, {5: 1, 6: 1})", "defaultdict(<class 'int'>, {5: 1, 6: 1})", "defaultdict(<class 'int'>, {5: 1, 6: 1})", "defaultdict(<class 'int'>, {5: 1, 6: 1})", "defaultdict(<class 'int'>, {5: 1, 6: 1})", "defaultdict(<class 'int'>, {5: 1, 6: 1})", "defaultdict(<class 'int'>, {5: 1, 6: 1})"]
Max Score = 0.0; Max Indices = [0, 1, 2, 3, 4, 5, 6, 7]; # failed_clauses_list = ["defaultdict(<class 'int'>, {})", "defaultdict(<class 'int'>, {})", "defaultdict(<class 'int'>, {})", "defaultdict(<class 'int'>, {})", "defaultdict(<class 'int'>, {})", "defaultdict(<class 'int'>, {})", "defaultdict(<class 'int'>, {})", "defaultdict(<class 'int'>, {})"]
Max Score = 0.1; Max Indices = [0, 1, 2, 3, 4, 5, 6, 7]; # failed_clauses_list = ["defaultdict(<class 'int'>, {5: 1})", "defaultdict(<class 'int'>, {5: 1})", "defaultdict(<class 'int'>, {5: 1})", "defaultdict(<class 'int'>, {5: 1})", "defaultdict(<class 'int'>, {5: 1})", "defaultdict(<class 'int'>, {5: 1})", "defaultdict(<class 'int'>, {5: 1})", "defaultdict(<class 'int'>, {5: 1})"]
Max Score = 0.0; Max Indices = [0, 1, 2, 3, 4, 5, 6, 7]; # failed_clauses_list = ["defaultdict(<class 'int'>, {})", "defaultdict(<class 'int'>, {})", "defaultdict(<class 'int'>, {})", "defaultdict(<class 'int'>, {})", "defaultdict(<class 'int'>, {})", "defaultdict(<class 'int'>, {})", "defaultdict(<class 'int'>, {})", "defaultdict(<class 'int'>, {})"]
Max Score = 0.0; Max Indices = [0, 1, 2, 3, 4, 5, 6, 7]; # failed_clauses_list = ["defaultdict(<class 'int'>, {})", "defaultdict(<class 'int'>, {})", "defaultdict(<class 'int'>, {})", "defaultdict(<class 'int'>, {})", "defaultdict(<class 'int'>, {})", "defaultdict(<class 'int'>, {})", "defaultdict(<class 'int'>, {})", "defaultdict(<class 'int'>, {})"]
Max Score = 0.0; Max Indices = [0, 1, 2, 3, 4, 5, 6, 7]; # failed_clauses_list = ["defaultdict(<class 'int'>, {})", "defaultdict(<class 'int'>, {})", "defaultdict(<class 'int'>, {})", "defaultdict(<class 'int'>, {})", "defaultdict(<class 'int'>, {})", "defaultdict(<class 'int'>, {})", "defaultdict(<class 'int'>, {})", "defaultdict(<class 'int'>, {})"]
Max Score = 0.05555555555555555; Max Indices = [0, 1, 2, 3, 4, 5, 6, 7]; # failed_clauses_list = ["defaultdict(<class 'int'>, {6: 1})", "defaultdict(<class 'int'>, {6: 1})", "defaultdict(<class 'int'>, {6: 1})", "defaultdict(<class 'int'>, {6: 1})", "defaultdict(<class 'int'>, {6: 1})", "defaultdict(<class 'int'>, {6: 1})", "defaultdict(<class 'int'>, {6: 1})", "defaultdict(<class 'int'>, {6: 1})"]
Max Score = 0.0; Max Indices = [0, 1, 2, 3, 4, 5, 6, 7]; # failed_clauses_list = ["defaultdict(<class 'int'>, {})", "defaultdict(<class 'int'>, {})", "defaultdict(<class 'int'>, {})", "defaultdict(<class 'int'>, {})", "defaultdict(<class 'int'>, {})", "defaultdict(<class 'int'>, {})", "defaultdict(<class 'int'>, {})", "defaultdict(<class 'int'>, {})"]
Max Score = 0.05555555555555555; Max Indices = [0, 1, 2, 3, 4, 5, 6, 7]; # failed_clauses_list = ["defaultdict(<class 'int'>, {6: 1})", "defaultdict(<class 'int'>, {6: 1})", "defaultdict(<class 'int'>, {6: 1})", "defaultdict(<class 'int'>, {6: 1})", "defaultdict(<class 'int'>, {6: 1})", "defaultdict(<class 'int'>, {6: 1})", "defaultdict(<class 'int'>, {6: 1})", "defaultdict(<class 'int'>, {6: 1})"]
Max Score = 0.0; Max Indices = [0, 1, 2, 3, 4, 5, 6, 7]; # failed_clauses_list = ["defaultdict(<class 'int'>, {})", "defaultdict(<class 'int'>, {})", "defaultdict(<class 'int'>, {})", "defaultdict(<class 'int'>, {})", "defaultdict(<class 'int'>, {})", "defaultdict(<class 'int'>, {})", "defaultdict(<class 'int'>, {})", "defaultdict(<class 'int'>, {})"]
Max Score = 0.0; Max Indices = [0, 1, 2, 3, 4, 5, 6, 7]; # failed_clauses_list = ["defaultdict(<class 'int'>, {})", "defaultdict(<class 'int'>, {})", "defaultdict(<class 'int'>, {})", "defaultdict(<class 'int'>, {})", "defaultdict(<class 'int'>, {})", "defaultdict(<class 'int'>, {})", "defaultdict(<class 'int'>, {})", "defaultdict(<class 'int'>, {})"]
Max Score = 0.0; Max Indices = [0, 1, 2, 3, 4, 5, 6, 7]; # failed_clauses_list = ["defaultdict(<class 'int'>, {})", "defaultdict(<class 'int'>, {})", "defaultdict(<class 'int'>, {})", "defaultdict(<class 'int'>, {})", "defaultdict(<class 'int'>, {})", "defaultdict(<class 'int'>, {})", "defaultdict(<class 'int'>, {})", "defaultdict(<class 'int'>, {})"]
Max Score = 0.0; Max Indices = [0, 1, 2, 3, 4, 5, 6, 7]; # failed_clauses_list = ["defaultdict(<class 'int'>, {})", "defaultdict(<class 'int'>, {})", "defaultdict(<class 'int'>, {})", "defaultdict(<class 'int'>, {})", "defaultdict(<class 'int'>, {})", "defaultdict(<class 'int'>, {})", "defaultdict(<class 'int'>, {})", "defaultdict(<class 'int'>, {})"]
Max Score = 0.0; Max Indices = [0, 1, 2, 3, 4, 5, 6, 7]; # failed_clauses_list = ["defaultdict(<class 'int'>, {})", "defaultdict(<class 'int'>, {})", "defaultdict(<class 'int'>, {})", "defaultdict(<class 'int'>, {})", "defaultdict(<class 'int'>, {})", "defaultdict(<class 'int'>, {})", "defaultdict(<class 'int'>, {})", "defaultdict(<class 'int'>, {})"]
Max Score = 0.05555555555555555; Max Indices = [0, 1, 2, 3, 4, 5, 6, 7]; # failed_clauses_list = ["defaultdict(<class 'int'>, {6: 1})", "defaultdict(<class 'int'>, {6: 1})", "defaultdict(<class 'int'>, {6: 1})", "defaultdict(<class 'int'>, {6: 1})", "defaultdict(<class 'int'>, {6: 1})", "defaultdict(<class 'int'>, {6: 1})", "defaultdict(<class 'int'>, {6: 1})", "defaultdict(<class 'int'>, {6: 1})"]
Max Score = 0.0; Max Indices = [0, 1, 2, 3, 4, 5, 6, 7]; # failed_clauses_list = ["defaultdict(<class 'int'>, {})", "defaultdict(<class 'int'>, {})", "defaultdict(<class 'int'>, {})", "defaultdict(<class 'int'>, {})", "defaultdict(<class 'int'>, {})", "defaultdict(<class 'int'>, {})", "defaultdict(<class 'int'>, {})", "defaultdict(<class 'int'>, {})"]
Max Score = 0.0; Max Indices = [0, 1, 2, 3, 4, 5, 6, 7]; # failed_clauses_list = ["defaultdict(<class 'int'>, {})", "defaultdict(<class 'int'>, {})", "defaultdict(<class 'int'>, {})", "defaultdict(<class 'int'>, {})", "defaultdict(<class 'int'>, {})", "defaultdict(<class 'int'>, {})", "defaultdict(<class 'int'>, {})", "defaultdict(<class 'int'>, {})"]
Max Score = 0.0; Max Indices = [0, 1, 2, 3, 4, 5, 6, 7]; # failed_clauses_list = ["defaultdict(<class 'int'>, {})", "defaultdict(<class 'int'>, {})", "defaultdict(<class 'int'>, {})", "defaultdict(<class 'int'>, {})", "defaultdict(<class 'int'>, {})", "defaultdict(<class 'int'>, {})", "defaultdict(<class 'int'>, {})", "defaultdict(<class 'int'>, {})"]
Max Score = 0.0; Max Indices = [0, 1, 2, 3, 4, 5, 6, 7]; # failed_clauses_list = ["defaultdict(<class 'int'>, {})", "defaultdict(<class 'int'>, {})", "defaultdict(<class 'int'>, {})", "defaultdict(<class 'int'>, {})", "defaultdict(<class 'int'>, {})", "defaultdict(<class 'int'>, {})", "defaultdict(<class 'int'>, {})", "defaultdict(<class 'int'>, {})"]
Max Score = 0.05555555555555555; Max Indices = [0, 1, 2, 3, 4, 5, 6, 7]; # failed_clauses_list = ["defaultdict(<class 'int'>, {6: 1})", "defaultdict(<class 'int'>, {6: 1})", "defaultdict(<class 'int'>, {6: 1})", "defaultdict(<class 'int'>, {6: 1})", "defaultdict(<class 'int'>, {6: 1})", "defaultdict(<class 'int'>, {6: 1})", "defaultdict(<class 'int'>, {6: 1})", "defaultdict(<class 'int'>, {6: 1})"]
Max Score = 0.0; Max Indices = [0, 1, 2, 3, 4, 5, 6, 7]; # failed_clauses_list = ["defaultdict(<class 'int'>, {})", "defaultdict(<class 'int'>, {})", "defaultdict(<class 'int'>, {})", "defaultdict(<class 'int'>, {})", "defaultdict(<class 'int'>, {})", "defaultdict(<class 'int'>, {})", "defaultdict(<class 'int'>, {})", "defaultdict(<class 'int'>, {})"]
Max Score = 0.1; Max Indices = [0, 1, 2, 3, 4, 5, 6, 7]; # failed_clauses_list = ["defaultdict(<class 'int'>, {5: 1})", "defaultdict(<class 'int'>, {5: 1})", "defaultdict(<class 'int'>, {5: 1})", "defaultdict(<class 'int'>, {5: 1})", "defaultdict(<class 'int'>, {5: 1})", "defaultdict(<class 'int'>, {5: 1})", "defaultdict(<class 'int'>, {5: 1})", "defaultdict(<class 'int'>, {5: 1})"]
Max Score = 0.0; Max Indices = [0, 1, 2, 3, 4, 5, 6, 7]; # failed_clauses_list = ["defaultdict(<class 'int'>, {})", "defaultdict(<class 'int'>, {})", "defaultdict(<class 'int'>, {})", "defaultdict(<class 'int'>, {})", "defaultdict(<class 'int'>, {})", "defaultdict(<class 'int'>, {})", "defaultdict(<class 'int'>, {})", "defaultdict(<class 'int'>, {})"]
Max Score = 0.0; Max Indices = [0, 1, 2, 3, 4, 5, 6, 7]; # failed_clauses_list = ["defaultdict(<class 'int'>, {})", "defaultdict(<class 'int'>, {})", "defaultdict(<class 'int'>, {})", "defaultdict(<class 'int'>, {})", "defaultdict(<class 'int'>, {})", "defaultdict(<class 'int'>, {})", "defaultdict(<class 'int'>, {})", "defaultdict(<class 'int'>, {})"]
Max Score = 0.05555555555555555; Max Indices = [0, 1, 2, 3, 4, 5, 6, 7]; # failed_clauses_list = ["defaultdict(<class 'int'>, {6: 1})", "defaultdict(<class 'int'>, {6: 1})", "defaultdict(<class 'int'>, {6: 1})", "defaultdict(<class 'int'>, {6: 1})", "defaultdict(<class 'int'>, {6: 1})", "defaultdict(<class 'int'>, {6: 1})", "defaultdict(<class 'int'>, {6: 1})", "defaultdict(<class 'int'>, {6: 1})"]
Max Score = 0.0; Max Indices = [0, 1, 2, 3, 4, 5, 6, 7]; # failed_clauses_list = ["defaultdict(<class 'int'>, {})", "defaultdict(<class 'int'>, {})", "defaultdict(<class 'int'>, {})", "defaultdict(<class 'int'>, {})", "defaultdict(<class 'int'>, {})", "defaultdict(<class 'int'>, {})", "defaultdict(<class 'int'>, {})", "defaultdict(<class 'int'>, {})"]
Max Score = 0.0; Max Indices = [0, 1, 2, 3, 4, 5, 6, 7]; # failed_clauses_list = ["defaultdict(<class 'int'>, {})", "defaultdict(<class 'int'>, {})", "defaultdict(<class 'int'>, {})", "defaultdict(<class 'int'>, {})", "defaultdict(<class 'int'>, {})", "defaultdict(<class 'int'>, {})", "defaultdict(<class 'int'>, {})", "defaultdict(<class 'int'>, {})"]
Return Code	: 0
CNF-cc Accuracy		: 0.7411167512690355

Dataset				: ticTacToe.dat
Metric				: length
Minsups				: [3]
Mistle Accuracy		: [0.8781725888324873]
CNFAlgo Accuracy	: [0.7411167512690355]
Randomized Accuracy	: [0.125]

# Test Examples		: 197
Mistle # Ties		: [(185, 769)]
CNFAlgo # Ties		: [(0, 0)]
