28 7 #SUP: 295
25 11 #SUP: 187
25 5 #SUP: 187
19 17 #SUP: 187
19 5 #SUP: 187
7 23 #SUP: 187
7 11 #SUP: 187
1 23 #SUP: 187
1 17 #SUP: 187
13 26 #SUP: 178
13 20 #SUP: 178
13 8 #SUP: 178
22 8 #SUP: 177
22 2 #SUP: 177
16 20 #SUP: 177
16 2 #SUP: 177
10 26 #SUP: 177
10 8 #SUP: 177
4 26 #SUP: 177
4 20 #SUP: 177
19 14 #SUP: 168
7 14 #SUP: 168
1 14 #SUP: 168
25 20 #SUP: 165
25 8 #SUP: 165
19 26 #SUP: 165
19 2 #SUP: 165
7 26 #SUP: 165
7 2 #SUP: 165
1 20 #SUP: 165
1 8 #SUP: 165
22 17 #SUP: 161
22 11 #SUP: 161
16 5 #SUP: 161
10 23 #SUP: 161
10 5 #SUP: 161
4 17 #SUP: 161
4 11 #SUP: 161
22 14 #SUP: 155
16 14 #SUP: 155
10 14 #SUP: 155
4 14 #SUP: 155
25 2 #SUP: 152
19 8 #SUP: 152
7 20 #SUP: 152
1 26 #SUP: 152
25 17 #SUP: 149
19 23 #SUP: 149
19 11 #SUP: 149
7 17 #SUP: 149
7 5 #SUP: 149
1 11 #SUP: 149
1 5 #SUP: 149
16 8 #SUP: 139
10 2 #SUP: 139
4 8 #SUP: 139
4 2 #SUP: 139
22 5 #SUP: 123
16 11 #SUP: 123
10 17 #SUP: 123
4 23 #SUP: 123
28 13 24 #SUP: 98
28 25 6 #SUP: 98
28 1 24 #SUP: 98
28 13 27 #SUP: 94
28 13 21 #SUP: 94
22 14 29 #SUP: 94
16 14 29 #SUP: 94
10 14 29 #SUP: 94
22 2 29 #SUP: 82
16 2 29 #SUP: 82
10 26 29 #SUP: 82
4 26 29 #SUP: 82
25 14 29 #SUP: 81
28 13 25 11 #SUP: 71
28 13 25 23 #SUP: 68
28 13 19 23 #SUP: 68
28 13 19 11 #SUP: 68
28 7 21 #SUP: 68
28 22 9 #SUP: 68
28 25 7 11 #SUP: 65
28 13 25 20 #SUP: 64
28 13 19 2 #SUP: 64
28 13 7 26 #SUP: 64
28 25 1 23 #SUP: 64
28 25 19 11 #SUP: 62
28 19 1 23 #SUP: 62
25 5 12 #SUP: 62
19 17 6 #SUP: 62
19 5 18 #SUP: 62
1 23 18 #SUP: 62
1 17 24 #SUP: 62
28 13 22 8 #SUP: 58
25 2 29 #SUP: 57
16 20 6 #SUP: 56
10 26 6 #SUP: 56
4 26 12 #SUP: 56
18 6 #SUP: 56
28 25 22 8 #SUP: 54
28 19 1 8 #SUP: 54
16 2 6 #SUP: 54
4 26 18 #SUP: 54
4 20 12 #SUP: 54
19 5 12 #SUP: 53
1 17 6 #SUP: 53
18 27 #SUP: 52
12 21 #SUP: 52
6 3 #SUP: 52
7 26 12 #SUP: 51
7 2 24 #SUP: 51
1 8 24 #SUP: 51
28 25 7 14 #SUP: 50
28 7 1 14 #SUP: 50
13 26 29 #SUP: 50
22 2 9 #SUP: 50
16 20 3 #SUP: 50
16 2 21 #SUP: 50
10 26 9 #SUP: 50
