<tr>
<td>toy1.cnf</td>
<td>3156</td>
<td>3556</td>
<td>48646</td>
<td>4.14933</td>
<td>22590149427372464576007105977104186509720627050211466961049674354512849319591456051274725505632249012937808966284994927643329423349895496101648026664428660373723089031034357785664266772162118653462328023581605785627554187438156177844887506182418826017310634942007950194791239576429737225384201553251241510275782056120401777981187099922654435932336253322952461787939187959484891657562096469342559410757291720310784</td>
</tr>
<tr>
<td>toy1.cnf</td>
<td>3156</td>
<td>3556</td>
<td>48646</td>
<td>4.20132</td>
<td>22590149427372464576007105977104186509720627050211466961049674354512849319591456051274725505632249012937808966284994927643329423349895496101648026664428660373723089031034357785664266772162118653462328023581605785627554187438156177844887506182418826017310634942007950194791239576429737225384201553251241510275782056120401777981187099922654435932336253322952461787939187959484891657562096469342559410757291720310784</td>
</tr>
<tr>
<td>toy1.cnf</td>
<td>3156</td>
<td>3556</td>
<td>48646</td>
<td>4.15356</td>
<td>22590149427372464576007105977104186509720627050211466961049674354512849319591456051274725505632249012937808966284994927643329423349895496101648026664428660373723089031034357785664266772162118653462328023581605785627554187438156177844887506182418826017310634942007950194791239576429737225384201553251241510275782056120401777981187099922654435932336253322952461787939187959484891657562096469342559410757291720310784</td>
</tr>
<tr>
<td>toy2.cnf</td>
<td>672</td>
<td>606</td>
<td>67</td>
<td>0.007419</td>
<td>1</td>
</tr>
<tr>
<td>toy3.cnf</td>
<td>11511</td>
<td>15633</td>
<td>244878</td>
<td>25.1746</td>
<td>3740158973844450705408</td>
</tr>
<tr>
<td>toy3.cnf</td>
<td>11511</td>
<td>15633</td>
<td>244878</td>
<td>25.0599</td>
<td>3740158973844450705408</td>
</tr>
