The system is: Linux - 4.15.0-88-generic - x86_64
Compiling the C compiler identification source file "CMakeCCompilerId.c" succeeded.
Compiler: /usr/bin/cc 
Build flags: 
Id flags:  

The output was:
0


Compilation of the C compiler identification source "CMakeCCompilerId.c" produced "a.out"

The C compiler identification is GNU, found in "/home/dtai/Downloads/ganak-master/build/CMakeFiles/3.10.2/CompilerIdC/a.out"

Compiling the CXX compiler identification source file "CMakeCXXCompilerId.cpp" succeeded.
Compiler: /usr/bin/c++ 
Build flags: 
Id flags:  

The output was:
0


Compilation of the CXX compiler identification source "CMakeCXXCompilerId.cpp" produced "a.out"

The CXX compiler identification is GNU, found in "/home/dtai/Downloads/ganak-master/build/CMakeFiles/3.10.2/CompilerIdCXX/a.out"

Determining if the C compiler works passed with the following output:
Change Dir: /home/dtai/Downloads/ganak-master/build/CMakeFiles/CMakeTmp

Run Build Command:"/usr/bin/make" "cmTC_4fac1/fast"
/usr/bin/make -f CMakeFiles/cmTC_4fac1.dir/build.make CMakeFiles/cmTC_4fac1.dir/build
make[1]: Entering directory '/home/dtai/Downloads/ganak-master/build/CMakeFiles/CMakeTmp'
Building C object CMakeFiles/cmTC_4fac1.dir/testCCompiler.c.o
/usr/bin/cc    -o CMakeFiles/cmTC_4fac1.dir/testCCompiler.c.o   -c /home/dtai/Downloads/ganak-master/build/CMakeFiles/CMakeTmp/testCCompiler.c
Linking C executable cmTC_4fac1
/usr/bin/cmake -E cmake_link_script CMakeFiles/cmTC_4fac1.dir/link.txt --verbose=1
/usr/bin/cc      -rdynamic CMakeFiles/cmTC_4fac1.dir/testCCompiler.c.o  -o cmTC_4fac1 
make[1]: Leaving directory '/home/dtai/Downloads/ganak-master/build/CMakeFiles/CMakeTmp'


Detecting C compiler ABI info compiled with the following output:
Change Dir: /home/dtai/Downloads/ganak-master/build/CMakeFiles/CMakeTmp

Run Build Command:"/usr/bin/make" "cmTC_9b4bd/fast"
/usr/bin/make -f CMakeFiles/cmTC_9b4bd.dir/build.make CMakeFiles/cmTC_9b4bd.dir/build
make[1]: Entering directory '/home/dtai/Downloads/ganak-master/build/CMakeFiles/CMakeTmp'
Building C object CMakeFiles/cmTC_9b4bd.dir/CMakeCCompilerABI.c.o
/usr/bin/cc    -o CMakeFiles/cmTC_9b4bd.dir/CMakeCCompilerABI.c.o   -c /usr/share/cmake-3.10/Modules/CMakeCCompilerABI.c
Linking C executable cmTC_9b4bd
/usr/bin/cmake -E cmake_link_script CMakeFiles/cmTC_9b4bd.dir/link.txt --verbose=1
/usr/bin/cc     -v -rdynamic CMakeFiles/cmTC_9b4bd.dir/CMakeCCompilerABI.c.o  -o cmTC_9b4bd 
Using built-in specs.
COLLECT_GCC=/usr/bin/cc
COLLECT_LTO_WRAPPER=/usr/lib/gcc/x86_64-linux-gnu/4.9/lto-wrapper
Target: x86_64-linux-gnu
Configured with: ../src/configure -v --with-pkgversion='Ubuntu 4.9.3-13ubuntu2' --with-bugurl=file:///usr/share/doc/gcc-4.9/README.Bugs --enable-languages=c,c++,java,go,d,fortran,objc,obj-c++ --prefix=/usr --program-suffix=-4.9 --enable-shared --enable-linker-build-id --libexecdir=/usr/lib --without-included-gettext --enable-threads=posix --with-gxx-include-dir=/usr/include/c++/4.9 --libdir=/usr/lib --enable-nls --with-sysroot=/ --enable-clocale=gnu --enable-libstdcxx-debug --enable-libstdcxx-time=yes --enable-gnu-unique-object --disable-vtable-verify --enable-plugin --with-system-zlib --disable-browser-plugin --enable-java-awt=gtk --enable-gtk-cairo --with-java-home=/usr/lib/jvm/java-1.5.0-gcj-4.9-amd64/jre --enable-java-home --with-jvm-root-dir=/usr/lib/jvm/java-1.5.0-gcj-4.9-amd64 --with-jvm-jar-dir=/usr/lib/jvm-exports/java-1.5.0-gcj-4.9-amd64 --with-arch-directory=amd64 --with-ecj-jar=/usr/share/java/eclipse-ecj.jar --enable-objc-gc --enable-multiarch --disable-werror --with-arch-32=i686 --with-abi=m64 --with-multilib-list=m32,m64,mx32 --enable-multilib --with-tune=generic --enable-checking=release --build=x86_64-linux-gnu --host=x86_64-linux-gnu --target=x86_64-linux-gnu
Thread model: posix
gcc version 4.9.3 (Ubuntu 4.9.3-13ubuntu2) 
COMPILER_PATH=/usr/lib/gcc/x86_64-linux-gnu/4.9/:/usr/lib/gcc/x86_64-linux-gnu/4.9/:/usr/lib/gcc/x86_64-linux-gnu/:/usr/lib/gcc/x86_64-linux-gnu/4.9/:/usr/lib/gcc/x86_64-linux-gnu/
LIBRARY_PATH=/usr/lib/gcc/x86_64-linux-gnu/4.9/:/usr/lib/gcc/x86_64-linux-gnu/4.9/../../../x86_64-linux-gnu/:/usr/lib/gcc/x86_64-linux-gnu/4.9/../../../../lib/:/lib/x86_64-linux-gnu/:/lib/../lib/:/usr/lib/x86_64-linux-gnu/:/usr/lib/../lib/:/usr/lib/gcc/x86_64-linux-gnu/4.9/../../../:/lib/:/usr/lib/
COLLECT_GCC_OPTIONS='-v' '-rdynamic' '-o' 'cmTC_9b4bd' '-mtune=generic' '-march=x86-64'
 /usr/lib/gcc/x86_64-linux-gnu/4.9/collect2 -plugin /usr/lib/gcc/x86_64-linux-gnu/4.9/liblto_plugin.so -plugin-opt=/usr/lib/gcc/x86_64-linux-gnu/4.9/lto-wrapper -plugin-opt=-fresolution=/tmp/ccAhUhsr.res -plugin-opt=-pass-through=-lgcc -plugin-opt=-pass-through=-lgcc_s -plugin-opt=-pass-through=-lc -plugin-opt=-pass-through=-lgcc -plugin-opt=-pass-through=-lgcc_s --sysroot=/ --build-id --eh-frame-hdr -m elf_x86_64 --hash-style=gnu --as-needed -export-dynamic -dynamic-linker /lib64/ld-linux-x86-64.so.2 -z relro -o cmTC_9b4bd /usr/lib/gcc/x86_64-linux-gnu/4.9/../../../x86_64-linux-gnu/crt1.o /usr/lib/gcc/x86_64-linux-gnu/4.9/../../../x86_64-linux-gnu/crti.o /usr/lib/gcc/x86_64-linux-gnu/4.9/crtbegin.o -L/usr/lib/gcc/x86_64-linux-gnu/4.9 -L/usr/lib/gcc/x86_64-linux-gnu/4.9/../../../x86_64-linux-gnu -L/usr/lib/gcc/x86_64-linux-gnu/4.9/../../../../lib -L/lib/x86_64-linux-gnu -L/lib/../lib -L/usr/lib/x86_64-linux-gnu -L/usr/lib/../lib -L/usr/lib/gcc/x86_64-linux-gnu/4.9/../../.. CMakeFiles/cmTC_9b4bd.dir/CMakeCCompilerABI.c.o -lgcc --as-needed -lgcc_s --no-as-needed -lc -lgcc --as-needed -lgcc_s --no-as-needed /usr/lib/gcc/x86_64-linux-gnu/4.9/crtend.o /usr/lib/gcc/x86_64-linux-gnu/4.9/../../../x86_64-linux-gnu/crtn.o
make[1]: Leaving directory '/home/dtai/Downloads/ganak-master/build/CMakeFiles/CMakeTmp'


Parsed C implicit link information from above output:
  link line regex: [^( *|.*[/\])(ld|CMAKE_LINK_STARTFILE-NOTFOUND|([^/\]+-)?ld|collect2)[^/\]*( |$)]
  ignore line: [Change Dir: /home/dtai/Downloads/ganak-master/build/CMakeFiles/CMakeTmp]
  ignore line: []
  ignore line: [Run Build Command:"/usr/bin/make" "cmTC_9b4bd/fast"]
  ignore line: [/usr/bin/make -f CMakeFiles/cmTC_9b4bd.dir/build.make CMakeFiles/cmTC_9b4bd.dir/build]
  ignore line: [make[1]: Entering directory '/home/dtai/Downloads/ganak-master/build/CMakeFiles/CMakeTmp']
  ignore line: [Building C object CMakeFiles/cmTC_9b4bd.dir/CMakeCCompilerABI.c.o]
  ignore line: [/usr/bin/cc    -o CMakeFiles/cmTC_9b4bd.dir/CMakeCCompilerABI.c.o   -c /usr/share/cmake-3.10/Modules/CMakeCCompilerABI.c]
  ignore line: [Linking C executable cmTC_9b4bd]
  ignore line: [/usr/bin/cmake -E cmake_link_script CMakeFiles/cmTC_9b4bd.dir/link.txt --verbose=1]
  ignore line: [/usr/bin/cc     -v -rdynamic CMakeFiles/cmTC_9b4bd.dir/CMakeCCompilerABI.c.o  -o cmTC_9b4bd ]
  ignore line: [Using built-in specs.]
  ignore line: [COLLECT_GCC=/usr/bin/cc]
  ignore line: [COLLECT_LTO_WRAPPER=/usr/lib/gcc/x86_64-linux-gnu/4.9/lto-wrapper]
  ignore line: [Target: x86_64-linux-gnu]
  ignore line: [Configured with: ../src/configure -v --with-pkgversion='Ubuntu 4.9.3-13ubuntu2' --with-bugurl=file:///usr/share/doc/gcc-4.9/README.Bugs --enable-languages=c,c++,java,go,d,fortran,objc,obj-c++ --prefix=/usr --program-suffix=-4.9 --enable-shared --enable-linker-build-id --libexecdir=/usr/lib --without-included-gettext --enable-threads=posix --with-gxx-include-dir=/usr/include/c++/4.9 --libdir=/usr/lib --enable-nls --with-sysroot=/ --enable-clocale=gnu --enable-libstdcxx-debug --enable-libstdcxx-time=yes --enable-gnu-unique-object --disable-vtable-verify --enable-plugin --with-system-zlib --disable-browser-plugin --enable-java-awt=gtk --enable-gtk-cairo --with-java-home=/usr/lib/jvm/java-1.5.0-gcj-4.9-amd64/jre --enable-java-home --with-jvm-root-dir=/usr/lib/jvm/java-1.5.0-gcj-4.9-amd64 --with-jvm-jar-dir=/usr/lib/jvm-exports/java-1.5.0-gcj-4.9-amd64 --with-arch-directory=amd64 --with-ecj-jar=/usr/share/java/eclipse-ecj.jar --enable-objc-gc --enable-multiarch --disable-werror --with-arch-32=i686 --with-abi=m64 --with-multilib-list=m32,m64,mx32 --enable-multilib --with-tune=generic --enable-checking=release --build=x86_64-linux-gnu --host=x86_64-linux-gnu --target=x86_64-linux-gnu]
  ignore line: [Thread model: posix]
  ignore line: [gcc version 4.9.3 (Ubuntu 4.9.3-13ubuntu2) ]
  ignore line: [COMPILER_PATH=/usr/lib/gcc/x86_64-linux-gnu/4.9/:/usr/lib/gcc/x86_64-linux-gnu/4.9/:/usr/lib/gcc/x86_64-linux-gnu/:/usr/lib/gcc/x86_64-linux-gnu/4.9/:/usr/lib/gcc/x86_64-linux-gnu/]
  ignore line: [LIBRARY_PATH=/usr/lib/gcc/x86_64-linux-gnu/4.9/:/usr/lib/gcc/x86_64-linux-gnu/4.9/../../../x86_64-linux-gnu/:/usr/lib/gcc/x86_64-linux-gnu/4.9/../../../../lib/:/lib/x86_64-linux-gnu/:/lib/../lib/:/usr/lib/x86_64-linux-gnu/:/usr/lib/../lib/:/usr/lib/gcc/x86_64-linux-gnu/4.9/../../../:/lib/:/usr/lib/]
  ignore line: [COLLECT_GCC_OPTIONS='-v' '-rdynamic' '-o' 'cmTC_9b4bd' '-mtune=generic' '-march=x86-64']
  link line: [ /usr/lib/gcc/x86_64-linux-gnu/4.9/collect2 -plugin /usr/lib/gcc/x86_64-linux-gnu/4.9/liblto_plugin.so -plugin-opt=/usr/lib/gcc/x86_64-linux-gnu/4.9/lto-wrapper -plugin-opt=-fresolution=/tmp/ccAhUhsr.res -plugin-opt=-pass-through=-lgcc -plugin-opt=-pass-through=-lgcc_s -plugin-opt=-pass-through=-lc -plugin-opt=-pass-through=-lgcc -plugin-opt=-pass-through=-lgcc_s --sysroot=/ --build-id --eh-frame-hdr -m elf_x86_64 --hash-style=gnu --as-needed -export-dynamic -dynamic-linker /lib64/ld-linux-x86-64.so.2 -z relro -o cmTC_9b4bd /usr/lib/gcc/x86_64-linux-gnu/4.9/../../../x86_64-linux-gnu/crt1.o /usr/lib/gcc/x86_64-linux-gnu/4.9/../../../x86_64-linux-gnu/crti.o /usr/lib/gcc/x86_64-linux-gnu/4.9/crtbegin.o -L/usr/lib/gcc/x86_64-linux-gnu/4.9 -L/usr/lib/gcc/x86_64-linux-gnu/4.9/../../../x86_64-linux-gnu -L/usr/lib/gcc/x86_64-linux-gnu/4.9/../../../../lib -L/lib/x86_64-linux-gnu -L/lib/../lib -L/usr/lib/x86_64-linux-gnu -L/usr/lib/../lib -L/usr/lib/gcc/x86_64-linux-gnu/4.9/../../.. CMakeFiles/cmTC_9b4bd.dir/CMakeCCompilerABI.c.o -lgcc --as-needed -lgcc_s --no-as-needed -lc -lgcc --as-needed -lgcc_s --no-as-needed /usr/lib/gcc/x86_64-linux-gnu/4.9/crtend.o /usr/lib/gcc/x86_64-linux-gnu/4.9/../../../x86_64-linux-gnu/crtn.o]
    arg [/usr/lib/gcc/x86_64-linux-gnu/4.9/collect2] ==> ignore
    arg [-plugin] ==> ignore
    arg [/usr/lib/gcc/x86_64-linux-gnu/4.9/liblto_plugin.so] ==> ignore
    arg [-plugin-opt=/usr/lib/gcc/x86_64-linux-gnu/4.9/lto-wrapper] ==> ignore
    arg [-plugin-opt=-fresolution=/tmp/ccAhUhsr.res] ==> ignore
    arg [-plugin-opt=-pass-through=-lgcc] ==> ignore
    arg [-plugin-opt=-pass-through=-lgcc_s] ==> ignore
    arg [-plugin-opt=-pass-through=-lc] ==> ignore
    arg [-plugin-opt=-pass-through=-lgcc] ==> ignore
    arg [-plugin-opt=-pass-through=-lgcc_s] ==> ignore
    arg [--sysroot=/] ==> ignore
    arg [--build-id] ==> ignore
    arg [--eh-frame-hdr] ==> ignore
    arg [-m] ==> ignore
    arg [elf_x86_64] ==> ignore
    arg [--hash-style=gnu] ==> ignore
    arg [--as-needed] ==> ignore
    arg [-export-dynamic] ==> ignore
    arg [-dynamic-linker] ==> ignore
    arg [/lib64/ld-linux-x86-64.so.2] ==> ignore
    arg [-zrelro] ==> ignore
    arg [-o] ==> ignore
    arg [cmTC_9b4bd] ==> ignore
    arg [/usr/lib/gcc/x86_64-linux-gnu/4.9/../../../x86_64-linux-gnu/crt1.o] ==> ignore
    arg [/usr/lib/gcc/x86_64-linux-gnu/4.9/../../../x86_64-linux-gnu/crti.o] ==> ignore
    arg [/usr/lib/gcc/x86_64-linux-gnu/4.9/crtbegin.o] ==> ignore
    arg [-L/usr/lib/gcc/x86_64-linux-gnu/4.9] ==> dir [/usr/lib/gcc/x86_64-linux-gnu/4.9]
    arg [-L/usr/lib/gcc/x86_64-linux-gnu/4.9/../../../x86_64-linux-gnu] ==> dir [/usr/lib/gcc/x86_64-linux-gnu/4.9/../../../x86_64-linux-gnu]
    arg [-L/usr/lib/gcc/x86_64-linux-gnu/4.9/../../../../lib] ==> dir [/usr/lib/gcc/x86_64-linux-gnu/4.9/../../../../lib]
    arg [-L/lib/x86_64-linux-gnu] ==> dir [/lib/x86_64-linux-gnu]
    arg [-L/lib/../lib] ==> dir [/lib/../lib]
    arg [-L/usr/lib/x86_64-linux-gnu] ==> dir [/usr/lib/x86_64-linux-gnu]
    arg [-L/usr/lib/../lib] ==> dir [/usr/lib/../lib]
    arg [-L/usr/lib/gcc/x86_64-linux-gnu/4.9/../../..] ==> dir [/usr/lib/gcc/x86_64-linux-gnu/4.9/../../..]
    arg [CMakeFiles/cmTC_9b4bd.dir/CMakeCCompilerABI.c.o] ==> ignore
    arg [-lgcc] ==> lib [gcc]
    arg [--as-needed] ==> ignore
    arg [-lgcc_s] ==> lib [gcc_s]
    arg [--no-as-needed] ==> ignore
    arg [-lc] ==> lib [c]
    arg [-lgcc] ==> lib [gcc]
    arg [--as-needed] ==> ignore
    arg [-lgcc_s] ==> lib [gcc_s]
    arg [--no-as-needed] ==> ignore
    arg [/usr/lib/gcc/x86_64-linux-gnu/4.9/crtend.o] ==> ignore
    arg [/usr/lib/gcc/x86_64-linux-gnu/4.9/../../../x86_64-linux-gnu/crtn.o] ==> ignore
  collapse library dir [/usr/lib/gcc/x86_64-linux-gnu/4.9] ==> [/usr/lib/gcc/x86_64-linux-gnu/4.9]
  collapse library dir [/usr/lib/gcc/x86_64-linux-gnu/4.9/../../../x86_64-linux-gnu] ==> [/usr/lib/x86_64-linux-gnu]
  collapse library dir [/usr/lib/gcc/x86_64-linux-gnu/4.9/../../../../lib] ==> [/usr/lib]
  collapse library dir [/lib/x86_64-linux-gnu] ==> [/lib/x86_64-linux-gnu]
  collapse library dir [/lib/../lib] ==> [/lib]
  collapse library dir [/usr/lib/x86_64-linux-gnu] ==> [/usr/lib/x86_64-linux-gnu]
  collapse library dir [/usr/lib/../lib] ==> [/usr/lib]
  collapse library dir [/usr/lib/gcc/x86_64-linux-gnu/4.9/../../..] ==> [/usr/lib]
  implicit libs: [gcc;gcc_s;c;gcc;gcc_s]
  implicit dirs: [/usr/lib/gcc/x86_64-linux-gnu/4.9;/usr/lib/x86_64-linux-gnu;/usr/lib;/lib/x86_64-linux-gnu;/lib]
  implicit fwks: []




Detecting C [-std=c11] compiler features compiled with the following output:
Change Dir: /home/dtai/Downloads/ganak-master/build/CMakeFiles/CMakeTmp

Run Build Command:"/usr/bin/make" "cmTC_4f403/fast"
/usr/bin/make -f CMakeFiles/cmTC_4f403.dir/build.make CMakeFiles/cmTC_4f403.dir/build
make[1]: Entering directory '/home/dtai/Downloads/ganak-master/build/CMakeFiles/CMakeTmp'
Building C object CMakeFiles/cmTC_4f403.dir/feature_tests.c.o
/usr/bin/cc   -std=c11 -o CMakeFiles/cmTC_4f403.dir/feature_tests.c.o   -c /home/dtai/Downloads/ganak-master/build/CMakeFiles/feature_tests.c
Linking C executable cmTC_4f403
/usr/bin/cmake -E cmake_link_script CMakeFiles/cmTC_4f403.dir/link.txt --verbose=1
/usr/bin/cc      -rdynamic CMakeFiles/cmTC_4f403.dir/feature_tests.c.o  -o cmTC_4f403 
make[1]: Leaving directory '/home/dtai/Downloads/ganak-master/build/CMakeFiles/CMakeTmp'


    Feature record: C_FEATURE:1c_function_prototypes
    Feature record: C_FEATURE:1c_restrict
    Feature record: C_FEATURE:1c_static_assert
    Feature record: C_FEATURE:1c_variadic_macros


Detecting C [-std=c99] compiler features compiled with the following output:
Change Dir: /home/dtai/Downloads/ganak-master/build/CMakeFiles/CMakeTmp

Run Build Command:"/usr/bin/make" "cmTC_590a0/fast"
/usr/bin/make -f CMakeFiles/cmTC_590a0.dir/build.make CMakeFiles/cmTC_590a0.dir/build
make[1]: Entering directory '/home/dtai/Downloads/ganak-master/build/CMakeFiles/CMakeTmp'
Building C object CMakeFiles/cmTC_590a0.dir/feature_tests.c.o
/usr/bin/cc   -std=c99 -o CMakeFiles/cmTC_590a0.dir/feature_tests.c.o   -c /home/dtai/Downloads/ganak-master/build/CMakeFiles/feature_tests.c
Linking C executable cmTC_590a0
/usr/bin/cmake -E cmake_link_script CMakeFiles/cmTC_590a0.dir/link.txt --verbose=1
/usr/bin/cc      -rdynamic CMakeFiles/cmTC_590a0.dir/feature_tests.c.o  -o cmTC_590a0 
make[1]: Leaving directory '/home/dtai/Downloads/ganak-master/build/CMakeFiles/CMakeTmp'


    Feature record: C_FEATURE:1c_function_prototypes
    Feature record: C_FEATURE:1c_restrict
    Feature record: C_FEATURE:0c_static_assert
    Feature record: C_FEATURE:1c_variadic_macros


Detecting C [-std=c90] compiler features compiled with the following output:
Change Dir: /home/dtai/Downloads/ganak-master/build/CMakeFiles/CMakeTmp

Run Build Command:"/usr/bin/make" "cmTC_7341c/fast"
/usr/bin/make -f CMakeFiles/cmTC_7341c.dir/build.make CMakeFiles/cmTC_7341c.dir/build
make[1]: Entering directory '/home/dtai/Downloads/ganak-master/build/CMakeFiles/CMakeTmp'
Building C object CMakeFiles/cmTC_7341c.dir/feature_tests.c.o
/usr/bin/cc   -std=c90 -o CMakeFiles/cmTC_7341c.dir/feature_tests.c.o   -c /home/dtai/Downloads/ganak-master/build/CMakeFiles/feature_tests.c
Linking C executable cmTC_7341c
/usr/bin/cmake -E cmake_link_script CMakeFiles/cmTC_7341c.dir/link.txt --verbose=1
/usr/bin/cc      -rdynamic CMakeFiles/cmTC_7341c.dir/feature_tests.c.o  -o cmTC_7341c 
make[1]: Leaving directory '/home/dtai/Downloads/ganak-master/build/CMakeFiles/CMakeTmp'


    Feature record: C_FEATURE:1c_function_prototypes
    Feature record: C_FEATURE:0c_restrict
    Feature record: C_FEATURE:0c_static_assert
    Feature record: C_FEATURE:0c_variadic_macros
Determining if the CXX compiler works passed with the following output:
Change Dir: /home/dtai/Downloads/ganak-master/build/CMakeFiles/CMakeTmp

Run Build Command:"/usr/bin/make" "cmTC_be6b6/fast"
/usr/bin/make -f CMakeFiles/cmTC_be6b6.dir/build.make CMakeFiles/cmTC_be6b6.dir/build
make[1]: Entering directory '/home/dtai/Downloads/ganak-master/build/CMakeFiles/CMakeTmp'
Building CXX object CMakeFiles/cmTC_be6b6.dir/testCXXCompiler.cxx.o
/usr/bin/c++     -o CMakeFiles/cmTC_be6b6.dir/testCXXCompiler.cxx.o -c /home/dtai/Downloads/ganak-master/build/CMakeFiles/CMakeTmp/testCXXCompiler.cxx
Linking CXX executable cmTC_be6b6
/usr/bin/cmake -E cmake_link_script CMakeFiles/cmTC_be6b6.dir/link.txt --verbose=1
/usr/bin/c++       -rdynamic CMakeFiles/cmTC_be6b6.dir/testCXXCompiler.cxx.o  -o cmTC_be6b6 
make[1]: Leaving directory '/home/dtai/Downloads/ganak-master/build/CMakeFiles/CMakeTmp'


Detecting CXX compiler ABI info compiled with the following output:
Change Dir: /home/dtai/Downloads/ganak-master/build/CMakeFiles/CMakeTmp

Run Build Command:"/usr/bin/make" "cmTC_6e581/fast"
/usr/bin/make -f CMakeFiles/cmTC_6e581.dir/build.make CMakeFiles/cmTC_6e581.dir/build
make[1]: Entering directory '/home/dtai/Downloads/ganak-master/build/CMakeFiles/CMakeTmp'
Building CXX object CMakeFiles/cmTC_6e581.dir/CMakeCXXCompilerABI.cpp.o
/usr/bin/c++     -o CMakeFiles/cmTC_6e581.dir/CMakeCXXCompilerABI.cpp.o -c /usr/share/cmake-3.10/Modules/CMakeCXXCompilerABI.cpp
Linking CXX executable cmTC_6e581
/usr/bin/cmake -E cmake_link_script CMakeFiles/cmTC_6e581.dir/link.txt --verbose=1
/usr/bin/c++      -v -rdynamic CMakeFiles/cmTC_6e581.dir/CMakeCXXCompilerABI.cpp.o  -o cmTC_6e581 
Using built-in specs.
COLLECT_GCC=/usr/bin/c++
COLLECT_LTO_WRAPPER=/usr/lib/gcc/x86_64-linux-gnu/4.9/lto-wrapper
Target: x86_64-linux-gnu
Configured with: ../src/configure -v --with-pkgversion='Ubuntu 4.9.3-13ubuntu2' --with-bugurl=file:///usr/share/doc/gcc-4.9/README.Bugs --enable-languages=c,c++,java,go,d,fortran,objc,obj-c++ --prefix=/usr --program-suffix=-4.9 --enable-shared --enable-linker-build-id --libexecdir=/usr/lib --without-included-gettext --enable-threads=posix --with-gxx-include-dir=/usr/include/c++/4.9 --libdir=/usr/lib --enable-nls --with-sysroot=/ --enable-clocale=gnu --enable-libstdcxx-debug --enable-libstdcxx-time=yes --enable-gnu-unique-object --disable-vtable-verify --enable-plugin --with-system-zlib --disable-browser-plugin --enable-java-awt=gtk --enable-gtk-cairo --with-java-home=/usr/lib/jvm/java-1.5.0-gcj-4.9-amd64/jre --enable-java-home --with-jvm-root-dir=/usr/lib/jvm/java-1.5.0-gcj-4.9-amd64 --with-jvm-jar-dir=/usr/lib/jvm-exports/java-1.5.0-gcj-4.9-amd64 --with-arch-directory=amd64 --with-ecj-jar=/usr/share/java/eclipse-ecj.jar --enable-objc-gc --enable-multiarch --disable-werror --with-arch-32=i686 --with-abi=m64 --with-multilib-list=m32,m64,mx32 --enable-multilib --with-tune=generic --enable-checking=release --build=x86_64-linux-gnu --host=x86_64-linux-gnu --target=x86_64-linux-gnu
Thread model: posix
gcc version 4.9.3 (Ubuntu 4.9.3-13ubuntu2) 
COMPILER_PATH=/usr/lib/gcc/x86_64-linux-gnu/4.9/:/usr/lib/gcc/x86_64-linux-gnu/4.9/:/usr/lib/gcc/x86_64-linux-gnu/:/usr/lib/gcc/x86_64-linux-gnu/4.9/:/usr/lib/gcc/x86_64-linux-gnu/
LIBRARY_PATH=/usr/lib/gcc/x86_64-linux-gnu/4.9/:/usr/lib/gcc/x86_64-linux-gnu/4.9/../../../x86_64-linux-gnu/:/usr/lib/gcc/x86_64-linux-gnu/4.9/../../../../lib/:/lib/x86_64-linux-gnu/:/lib/../lib/:/usr/lib/x86_64-linux-gnu/:/usr/lib/../lib/:/usr/lib/gcc/x86_64-linux-gnu/4.9/../../../:/lib/:/usr/lib/
COLLECT_GCC_OPTIONS='-v' '-rdynamic' '-o' 'cmTC_6e581' '-shared-libgcc' '-mtune=generic' '-march=x86-64'
 /usr/lib/gcc/x86_64-linux-gnu/4.9/collect2 -plugin /usr/lib/gcc/x86_64-linux-gnu/4.9/liblto_plugin.so -plugin-opt=/usr/lib/gcc/x86_64-linux-gnu/4.9/lto-wrapper -plugin-opt=-fresolution=/tmp/ccDXFXFX.res -plugin-opt=-pass-through=-lgcc_s -plugin-opt=-pass-through=-lgcc -plugin-opt=-pass-through=-lc -plugin-opt=-pass-through=-lgcc_s -plugin-opt=-pass-through=-lgcc --sysroot=/ --build-id --eh-frame-hdr -m elf_x86_64 --hash-style=gnu --as-needed -export-dynamic -dynamic-linker /lib64/ld-linux-x86-64.so.2 -z relro -o cmTC_6e581 /usr/lib/gcc/x86_64-linux-gnu/4.9/../../../x86_64-linux-gnu/crt1.o /usr/lib/gcc/x86_64-linux-gnu/4.9/../../../x86_64-linux-gnu/crti.o /usr/lib/gcc/x86_64-linux-gnu/4.9/crtbegin.o -L/usr/lib/gcc/x86_64-linux-gnu/4.9 -L/usr/lib/gcc/x86_64-linux-gnu/4.9/../../../x86_64-linux-gnu -L/usr/lib/gcc/x86_64-linux-gnu/4.9/../../../../lib -L/lib/x86_64-linux-gnu -L/lib/../lib -L/usr/lib/x86_64-linux-gnu -L/usr/lib/../lib -L/usr/lib/gcc/x86_64-linux-gnu/4.9/../../.. CMakeFiles/cmTC_6e581.dir/CMakeCXXCompilerABI.cpp.o -lstdc++ -lm -lgcc_s -lgcc -lc -lgcc_s -lgcc /usr/lib/gcc/x86_64-linux-gnu/4.9/crtend.o /usr/lib/gcc/x86_64-linux-gnu/4.9/../../../x86_64-linux-gnu/crtn.o
make[1]: Leaving directory '/home/dtai/Downloads/ganak-master/build/CMakeFiles/CMakeTmp'


Parsed CXX implicit link information from above output:
  link line regex: [^( *|.*[/\])(ld|CMAKE_LINK_STARTFILE-NOTFOUND|([^/\]+-)?ld|collect2)[^/\]*( |$)]
  ignore line: [Change Dir: /home/dtai/Downloads/ganak-master/build/CMakeFiles/CMakeTmp]
  ignore line: []
  ignore line: [Run Build Command:"/usr/bin/make" "cmTC_6e581/fast"]
  ignore line: [/usr/bin/make -f CMakeFiles/cmTC_6e581.dir/build.make CMakeFiles/cmTC_6e581.dir/build]
  ignore line: [make[1]: Entering directory '/home/dtai/Downloads/ganak-master/build/CMakeFiles/CMakeTmp']
  ignore line: [Building CXX object CMakeFiles/cmTC_6e581.dir/CMakeCXXCompilerABI.cpp.o]
  ignore line: [/usr/bin/c++     -o CMakeFiles/cmTC_6e581.dir/CMakeCXXCompilerABI.cpp.o -c /usr/share/cmake-3.10/Modules/CMakeCXXCompilerABI.cpp]
  ignore line: [Linking CXX executable cmTC_6e581]
  ignore line: [/usr/bin/cmake -E cmake_link_script CMakeFiles/cmTC_6e581.dir/link.txt --verbose=1]
  ignore line: [/usr/bin/c++      -v -rdynamic CMakeFiles/cmTC_6e581.dir/CMakeCXXCompilerABI.cpp.o  -o cmTC_6e581 ]
  ignore line: [Using built-in specs.]
  ignore line: [COLLECT_GCC=/usr/bin/c++]
  ignore line: [COLLECT_LTO_WRAPPER=/usr/lib/gcc/x86_64-linux-gnu/4.9/lto-wrapper]
  ignore line: [Target: x86_64-linux-gnu]
  ignore line: [Configured with: ../src/configure -v --with-pkgversion='Ubuntu 4.9.3-13ubuntu2' --with-bugurl=file:///usr/share/doc/gcc-4.9/README.Bugs --enable-languages=c,c++,java,go,d,fortran,objc,obj-c++ --prefix=/usr --program-suffix=-4.9 --enable-shared --enable-linker-build-id --libexecdir=/usr/lib --without-included-gettext --enable-threads=posix --with-gxx-include-dir=/usr/include/c++/4.9 --libdir=/usr/lib --enable-nls --with-sysroot=/ --enable-clocale=gnu --enable-libstdcxx-debug --enable-libstdcxx-time=yes --enable-gnu-unique-object --disable-vtable-verify --enable-plugin --with-system-zlib --disable-browser-plugin --enable-java-awt=gtk --enable-gtk-cairo --with-java-home=/usr/lib/jvm/java-1.5.0-gcj-4.9-amd64/jre --enable-java-home --with-jvm-root-dir=/usr/lib/jvm/java-1.5.0-gcj-4.9-amd64 --with-jvm-jar-dir=/usr/lib/jvm-exports/java-1.5.0-gcj-4.9-amd64 --with-arch-directory=amd64 --with-ecj-jar=/usr/share/java/eclipse-ecj.jar --enable-objc-gc --enable-multiarch --disable-werror --with-arch-32=i686 --with-abi=m64 --with-multilib-list=m32,m64,mx32 --enable-multilib --with-tune=generic --enable-checking=release --build=x86_64-linux-gnu --host=x86_64-linux-gnu --target=x86_64-linux-gnu]
  ignore line: [Thread model: posix]
  ignore line: [gcc version 4.9.3 (Ubuntu 4.9.3-13ubuntu2) ]
  ignore line: [COMPILER_PATH=/usr/lib/gcc/x86_64-linux-gnu/4.9/:/usr/lib/gcc/x86_64-linux-gnu/4.9/:/usr/lib/gcc/x86_64-linux-gnu/:/usr/lib/gcc/x86_64-linux-gnu/4.9/:/usr/lib/gcc/x86_64-linux-gnu/]
  ignore line: [LIBRARY_PATH=/usr/lib/gcc/x86_64-linux-gnu/4.9/:/usr/lib/gcc/x86_64-linux-gnu/4.9/../../../x86_64-linux-gnu/:/usr/lib/gcc/x86_64-linux-gnu/4.9/../../../../lib/:/lib/x86_64-linux-gnu/:/lib/../lib/:/usr/lib/x86_64-linux-gnu/:/usr/lib/../lib/:/usr/lib/gcc/x86_64-linux-gnu/4.9/../../../:/lib/:/usr/lib/]
  ignore line: [COLLECT_GCC_OPTIONS='-v' '-rdynamic' '-o' 'cmTC_6e581' '-shared-libgcc' '-mtune=generic' '-march=x86-64']
  link line: [ /usr/lib/gcc/x86_64-linux-gnu/4.9/collect2 -plugin /usr/lib/gcc/x86_64-linux-gnu/4.9/liblto_plugin.so -plugin-opt=/usr/lib/gcc/x86_64-linux-gnu/4.9/lto-wrapper -plugin-opt=-fresolution=/tmp/ccDXFXFX.res -plugin-opt=-pass-through=-lgcc_s -plugin-opt=-pass-through=-lgcc -plugin-opt=-pass-through=-lc -plugin-opt=-pass-through=-lgcc_s -plugin-opt=-pass-through=-lgcc --sysroot=/ --build-id --eh-frame-hdr -m elf_x86_64 --hash-style=gnu --as-needed -export-dynamic -dynamic-linker /lib64/ld-linux-x86-64.so.2 -z relro -o cmTC_6e581 /usr/lib/gcc/x86_64-linux-gnu/4.9/../../../x86_64-linux-gnu/crt1.o /usr/lib/gcc/x86_64-linux-gnu/4.9/../../../x86_64-linux-gnu/crti.o /usr/lib/gcc/x86_64-linux-gnu/4.9/crtbegin.o -L/usr/lib/gcc/x86_64-linux-gnu/4.9 -L/usr/lib/gcc/x86_64-linux-gnu/4.9/../../../x86_64-linux-gnu -L/usr/lib/gcc/x86_64-linux-gnu/4.9/../../../../lib -L/lib/x86_64-linux-gnu -L/lib/../lib -L/usr/lib/x86_64-linux-gnu -L/usr/lib/../lib -L/usr/lib/gcc/x86_64-linux-gnu/4.9/../../.. CMakeFiles/cmTC_6e581.dir/CMakeCXXCompilerABI.cpp.o -lstdc++ -lm -lgcc_s -lgcc -lc -lgcc_s -lgcc /usr/lib/gcc/x86_64-linux-gnu/4.9/crtend.o /usr/lib/gcc/x86_64-linux-gnu/4.9/../../../x86_64-linux-gnu/crtn.o]
    arg [/usr/lib/gcc/x86_64-linux-gnu/4.9/collect2] ==> ignore
    arg [-plugin] ==> ignore
    arg [/usr/lib/gcc/x86_64-linux-gnu/4.9/liblto_plugin.so] ==> ignore
    arg [-plugin-opt=/usr/lib/gcc/x86_64-linux-gnu/4.9/lto-wrapper] ==> ignore
    arg [-plugin-opt=-fresolution=/tmp/ccDXFXFX.res] ==> ignore
    arg [-plugin-opt=-pass-through=-lgcc_s] ==> ignore
    arg [-plugin-opt=-pass-through=-lgcc] ==> ignore
    arg [-plugin-opt=-pass-through=-lc] ==> ignore
    arg [-plugin-opt=-pass-through=-lgcc_s] ==> ignore
    arg [-plugin-opt=-pass-through=-lgcc] ==> ignore
    arg [--sysroot=/] ==> ignore
    arg [--build-id] ==> ignore
    arg [--eh-frame-hdr] ==> ignore
    arg [-m] ==> ignore
    arg [elf_x86_64] ==> ignore
    arg [--hash-style=gnu] ==> ignore
    arg [--as-needed] ==> ignore
    arg [-export-dynamic] ==> ignore
    arg [-dynamic-linker] ==> ignore
    arg [/lib64/ld-linux-x86-64.so.2] ==> ignore
    arg [-zrelro] ==> ignore
    arg [-o] ==> ignore
    arg [cmTC_6e581] ==> ignore
    arg [/usr/lib/gcc/x86_64-linux-gnu/4.9/../../../x86_64-linux-gnu/crt1.o] ==> ignore
    arg [/usr/lib/gcc/x86_64-linux-gnu/4.9/../../../x86_64-linux-gnu/crti.o] ==> ignore
    arg [/usr/lib/gcc/x86_64-linux-gnu/4.9/crtbegin.o] ==> ignore
    arg [-L/usr/lib/gcc/x86_64-linux-gnu/4.9] ==> dir [/usr/lib/gcc/x86_64-linux-gnu/4.9]
    arg [-L/usr/lib/gcc/x86_64-linux-gnu/4.9/../../../x86_64-linux-gnu] ==> dir [/usr/lib/gcc/x86_64-linux-gnu/4.9/../../../x86_64-linux-gnu]
    arg [-L/usr/lib/gcc/x86_64-linux-gnu/4.9/../../../../lib] ==> dir [/usr/lib/gcc/x86_64-linux-gnu/4.9/../../../../lib]
    arg [-L/lib/x86_64-linux-gnu] ==> dir [/lib/x86_64-linux-gnu]
    arg [-L/lib/../lib] ==> dir [/lib/../lib]
    arg [-L/usr/lib/x86_64-linux-gnu] ==> dir [/usr/lib/x86_64-linux-gnu]
    arg [-L/usr/lib/../lib] ==> dir [/usr/lib/../lib]
    arg [-L/usr/lib/gcc/x86_64-linux-gnu/4.9/../../..] ==> dir [/usr/lib/gcc/x86_64-linux-gnu/4.9/../../..]
    arg [CMakeFiles/cmTC_6e581.dir/CMakeCXXCompilerABI.cpp.o] ==> ignore
    arg [-lstdc++] ==> lib [stdc++]
    arg [-lm] ==> lib [m]
    arg [-lgcc_s] ==> lib [gcc_s]
    arg [-lgcc] ==> lib [gcc]
    arg [-lc] ==> lib [c]
    arg [-lgcc_s] ==> lib [gcc_s]
    arg [-lgcc] ==> lib [gcc]
    arg [/usr/lib/gcc/x86_64-linux-gnu/4.9/crtend.o] ==> ignore
    arg [/usr/lib/gcc/x86_64-linux-gnu/4.9/../../../x86_64-linux-gnu/crtn.o] ==> ignore
  collapse library dir [/usr/lib/gcc/x86_64-linux-gnu/4.9] ==> [/usr/lib/gcc/x86_64-linux-gnu/4.9]
  collapse library dir [/usr/lib/gcc/x86_64-linux-gnu/4.9/../../../x86_64-linux-gnu] ==> [/usr/lib/x86_64-linux-gnu]
  collapse library dir [/usr/lib/gcc/x86_64-linux-gnu/4.9/../../../../lib] ==> [/usr/lib]
  collapse library dir [/lib/x86_64-linux-gnu] ==> [/lib/x86_64-linux-gnu]
  collapse library dir [/lib/../lib] ==> [/lib]
  collapse library dir [/usr/lib/x86_64-linux-gnu] ==> [/usr/lib/x86_64-linux-gnu]
  collapse library dir [/usr/lib/../lib] ==> [/usr/lib]
  collapse library dir [/usr/lib/gcc/x86_64-linux-gnu/4.9/../../..] ==> [/usr/lib]
  implicit libs: [stdc++;m;gcc_s;gcc;c;gcc_s;gcc]
  implicit dirs: [/usr/lib/gcc/x86_64-linux-gnu/4.9;/usr/lib/x86_64-linux-gnu;/usr/lib;/lib/x86_64-linux-gnu;/lib]
  implicit fwks: []




Detecting CXX [-std=c++14] compiler features compiled with the following output:
Change Dir: /home/dtai/Downloads/ganak-master/build/CMakeFiles/CMakeTmp

Run Build Command:"/usr/bin/make" "cmTC_552f8/fast"
/usr/bin/make -f CMakeFiles/cmTC_552f8.dir/build.make CMakeFiles/cmTC_552f8.dir/build
make[1]: Entering directory '/home/dtai/Downloads/ganak-master/build/CMakeFiles/CMakeTmp'
Building CXX object CMakeFiles/cmTC_552f8.dir/feature_tests.cxx.o
/usr/bin/c++    -std=c++14 -o CMakeFiles/cmTC_552f8.dir/feature_tests.cxx.o -c /home/dtai/Downloads/ganak-master/build/CMakeFiles/feature_tests.cxx
Linking CXX executable cmTC_552f8
/usr/bin/cmake -E cmake_link_script CMakeFiles/cmTC_552f8.dir/link.txt --verbose=1
/usr/bin/c++       -rdynamic CMakeFiles/cmTC_552f8.dir/feature_tests.cxx.o  -o cmTC_552f8 
make[1]: Leaving directory '/home/dtai/Downloads/ganak-master/build/CMakeFiles/CMakeTmp'


    Feature record: CXX_FEATURE:0cxx_aggregate_default_initializers
    Feature record: CXX_FEATURE:1cxx_alias_templates
    Feature record: CXX_FEATURE:1cxx_alignas
    Feature record: CXX_FEATURE:1cxx_alignof
    Feature record: CXX_FEATURE:1cxx_attributes
    Feature record: CXX_FEATURE:1cxx_attribute_deprecated
    Feature record: CXX_FEATURE:1cxx_auto_type
    Feature record: CXX_FEATURE:1cxx_binary_literals
    Feature record: CXX_FEATURE:1cxx_constexpr
    Feature record: CXX_FEATURE:1cxx_contextual_conversions
    Feature record: CXX_FEATURE:1cxx_decltype
    Feature record: CXX_FEATURE:1cxx_decltype_auto
    Feature record: CXX_FEATURE:1cxx_decltype_incomplete_return_types
    Feature record: CXX_FEATURE:1cxx_default_function_template_args
    Feature record: CXX_FEATURE:1cxx_defaulted_functions
    Feature record: CXX_FEATURE:1cxx_defaulted_move_initializers
    Feature record: CXX_FEATURE:1cxx_delegating_constructors
    Feature record: CXX_FEATURE:1cxx_deleted_functions
    Feature record: CXX_FEATURE:1cxx_digit_separators
    Feature record: CXX_FEATURE:1cxx_enum_forward_declarations
    Feature record: CXX_FEATURE:1cxx_explicit_conversions
    Feature record: CXX_FEATURE:1cxx_extended_friend_declarations
    Feature record: CXX_FEATURE:1cxx_extern_templates
    Feature record: CXX_FEATURE:1cxx_final
    Feature record: CXX_FEATURE:1cxx_func_identifier
    Feature record: CXX_FEATURE:1cxx_generalized_initializers
    Feature record: CXX_FEATURE:1cxx_generic_lambdas
    Feature record: CXX_FEATURE:1cxx_inheriting_constructors
    Feature record: CXX_FEATURE:1cxx_inline_namespaces
    Feature record: CXX_FEATURE:1cxx_lambdas
    Feature record: CXX_FEATURE:1cxx_lambda_init_captures
    Feature record: CXX_FEATURE:1cxx_local_type_template_args
    Feature record: CXX_FEATURE:1cxx_long_long_type
    Feature record: CXX_FEATURE:1cxx_noexcept
    Feature record: CXX_FEATURE:1cxx_nonstatic_member_init
    Feature record: CXX_FEATURE:1cxx_nullptr
    Feature record: CXX_FEATURE:1cxx_override
    Feature record: CXX_FEATURE:1cxx_range_for
    Feature record: CXX_FEATURE:1cxx_raw_string_literals
    Feature record: CXX_FEATURE:1cxx_reference_qualified_functions
    Feature record: CXX_FEATURE:0cxx_relaxed_constexpr
    Feature record: CXX_FEATURE:1cxx_return_type_deduction
    Feature record: CXX_FEATURE:1cxx_right_angle_brackets
    Feature record: CXX_FEATURE:1cxx_rvalue_references
    Feature record: CXX_FEATURE:1cxx_sizeof_member
    Feature record: CXX_FEATURE:1cxx_static_assert
    Feature record: CXX_FEATURE:1cxx_strong_enums
    Feature record: CXX_FEATURE:1cxx_template_template_parameters
    Feature record: CXX_FEATURE:1cxx_thread_local
    Feature record: CXX_FEATURE:1cxx_trailing_return_types
    Feature record: CXX_FEATURE:1cxx_unicode_literals
    Feature record: CXX_FEATURE:1cxx_uniform_initialization
    Feature record: CXX_FEATURE:1cxx_unrestricted_unions
    Feature record: CXX_FEATURE:1cxx_user_literals
    Feature record: CXX_FEATURE:0cxx_variable_templates
    Feature record: CXX_FEATURE:1cxx_variadic_macros
    Feature record: CXX_FEATURE:1cxx_variadic_templates


Detecting CXX [-std=c++11] compiler features compiled with the following output:
Change Dir: /home/dtai/Downloads/ganak-master/build/CMakeFiles/CMakeTmp

Run Build Command:"/usr/bin/make" "cmTC_9cdbf/fast"
/usr/bin/make -f CMakeFiles/cmTC_9cdbf.dir/build.make CMakeFiles/cmTC_9cdbf.dir/build
make[1]: Entering directory '/home/dtai/Downloads/ganak-master/build/CMakeFiles/CMakeTmp'
Building CXX object CMakeFiles/cmTC_9cdbf.dir/feature_tests.cxx.o
/usr/bin/c++    -std=c++11 -o CMakeFiles/cmTC_9cdbf.dir/feature_tests.cxx.o -c /home/dtai/Downloads/ganak-master/build/CMakeFiles/feature_tests.cxx
Linking CXX executable cmTC_9cdbf
/usr/bin/cmake -E cmake_link_script CMakeFiles/cmTC_9cdbf.dir/link.txt --verbose=1
/usr/bin/c++       -rdynamic CMakeFiles/cmTC_9cdbf.dir/feature_tests.cxx.o  -o cmTC_9cdbf 
make[1]: Leaving directory '/home/dtai/Downloads/ganak-master/build/CMakeFiles/CMakeTmp'


    Feature record: CXX_FEATURE:0cxx_aggregate_default_initializers
    Feature record: CXX_FEATURE:1cxx_alias_templates
    Feature record: CXX_FEATURE:1cxx_alignas
    Feature record: CXX_FEATURE:1cxx_alignof
    Feature record: CXX_FEATURE:1cxx_attributes
    Feature record: CXX_FEATURE:0cxx_attribute_deprecated
    Feature record: CXX_FEATURE:1cxx_auto_type
    Feature record: CXX_FEATURE:0cxx_binary_literals
    Feature record: CXX_FEATURE:1cxx_constexpr
    Feature record: CXX_FEATURE:0cxx_contextual_conversions
    Feature record: CXX_FEATURE:1cxx_decltype
    Feature record: CXX_FEATURE:0cxx_decltype_auto
    Feature record: CXX_FEATURE:1cxx_decltype_incomplete_return_types
    Feature record: CXX_FEATURE:1cxx_default_function_template_args
    Feature record: CXX_FEATURE:1cxx_defaulted_functions
    Feature record: CXX_FEATURE:1cxx_defaulted_move_initializers
    Feature record: CXX_FEATURE:1cxx_delegating_constructors
    Feature record: CXX_FEATURE:1cxx_deleted_functions
    Feature record: CXX_FEATURE:0cxx_digit_separators
    Feature record: CXX_FEATURE:1cxx_enum_forward_declarations
    Feature record: CXX_FEATURE:1cxx_explicit_conversions
    Feature record: CXX_FEATURE:1cxx_extended_friend_declarations
    Feature record: CXX_FEATURE:1cxx_extern_templates
    Feature record: CXX_FEATURE:1cxx_final
    Feature record: CXX_FEATURE:1cxx_func_identifier
    Feature record: CXX_FEATURE:1cxx_generalized_initializers
    Feature record: CXX_FEATURE:0cxx_generic_lambdas
    Feature record: CXX_FEATURE:1cxx_inheriting_constructors
    Feature record: CXX_FEATURE:1cxx_inline_namespaces
    Feature record: CXX_FEATURE:1cxx_lambdas
    Feature record: CXX_FEATURE:0cxx_lambda_init_captures
    Feature record: CXX_FEATURE:1cxx_local_type_template_args
    Feature record: CXX_FEATURE:1cxx_long_long_type
    Feature record: CXX_FEATURE:1cxx_noexcept
    Feature record: CXX_FEATURE:1cxx_nonstatic_member_init
    Feature record: CXX_FEATURE:1cxx_nullptr
    Feature record: CXX_FEATURE:1cxx_override
    Feature record: CXX_FEATURE:1cxx_range_for
    Feature record: CXX_FEATURE:1cxx_raw_string_literals
    Feature record: CXX_FEATURE:1cxx_reference_qualified_functions
    Feature record: CXX_FEATURE:0cxx_relaxed_constexpr
    Feature record: CXX_FEATURE:0cxx_return_type_deduction
    Feature record: CXX_FEATURE:1cxx_right_angle_brackets
    Feature record: CXX_FEATURE:1cxx_rvalue_references
    Feature record: CXX_FEATURE:1cxx_sizeof_member
    Feature record: CXX_FEATURE:1cxx_static_assert
    Feature record: CXX_FEATURE:1cxx_strong_enums
    Feature record: CXX_FEATURE:1cxx_template_template_parameters
    Feature record: CXX_FEATURE:1cxx_thread_local
    Feature record: CXX_FEATURE:1cxx_trailing_return_types
    Feature record: CXX_FEATURE:1cxx_unicode_literals
    Feature record: CXX_FEATURE:1cxx_uniform_initialization
    Feature record: CXX_FEATURE:1cxx_unrestricted_unions
    Feature record: CXX_FEATURE:1cxx_user_literals
    Feature record: CXX_FEATURE:0cxx_variable_templates
    Feature record: CXX_FEATURE:1cxx_variadic_macros
    Feature record: CXX_FEATURE:1cxx_variadic_templates


Detecting CXX [-std=c++98] compiler features compiled with the following output:
Change Dir: /home/dtai/Downloads/ganak-master/build/CMakeFiles/CMakeTmp

Run Build Command:"/usr/bin/make" "cmTC_c0d96/fast"
/usr/bin/make -f CMakeFiles/cmTC_c0d96.dir/build.make CMakeFiles/cmTC_c0d96.dir/build
make[1]: Entering directory '/home/dtai/Downloads/ganak-master/build/CMakeFiles/CMakeTmp'
Building CXX object CMakeFiles/cmTC_c0d96.dir/feature_tests.cxx.o
/usr/bin/c++    -std=c++98 -o CMakeFiles/cmTC_c0d96.dir/feature_tests.cxx.o -c /home/dtai/Downloads/ganak-master/build/CMakeFiles/feature_tests.cxx
Linking CXX executable cmTC_c0d96
/usr/bin/cmake -E cmake_link_script CMakeFiles/cmTC_c0d96.dir/link.txt --verbose=1
/usr/bin/c++       -rdynamic CMakeFiles/cmTC_c0d96.dir/feature_tests.cxx.o  -o cmTC_c0d96 
make[1]: Leaving directory '/home/dtai/Downloads/ganak-master/build/CMakeFiles/CMakeTmp'


    Feature record: CXX_FEATURE:0cxx_aggregate_default_initializers
    Feature record: CXX_FEATURE:0cxx_alias_templates
    Feature record: CXX_FEATURE:0cxx_alignas
    Feature record: CXX_FEATURE:0cxx_alignof
    Feature record: CXX_FEATURE:0cxx_attributes
    Feature record: CXX_FEATURE:0cxx_attribute_deprecated
    Feature record: CXX_FEATURE:0cxx_auto_type
    Feature record: CXX_FEATURE:0cxx_binary_literals
    Feature record: CXX_FEATURE:0cxx_constexpr
    Feature record: CXX_FEATURE:0cxx_contextual_conversions
    Feature record: CXX_FEATURE:0cxx_decltype
    Feature record: CXX_FEATURE:0cxx_decltype_auto
    Feature record: CXX_FEATURE:0cxx_decltype_incomplete_return_types
    Feature record: CXX_FEATURE:0cxx_default_function_template_args
    Feature record: CXX_FEATURE:0cxx_defaulted_functions
    Feature record: CXX_FEATURE:0cxx_defaulted_move_initializers
    Feature record: CXX_FEATURE:0cxx_delegating_constructors
    Feature record: CXX_FEATURE:0cxx_deleted_functions
    Feature record: CXX_FEATURE:0cxx_digit_separators
    Feature record: CXX_FEATURE:0cxx_enum_forward_declarations
    Feature record: CXX_FEATURE:0cxx_explicit_conversions
    Feature record: CXX_FEATURE:0cxx_extended_friend_declarations
    Feature record: CXX_FEATURE:0cxx_extern_templates
    Feature record: CXX_FEATURE:0cxx_final
    Feature record: CXX_FEATURE:0cxx_func_identifier
    Feature record: CXX_FEATURE:0cxx_generalized_initializers
    Feature record: CXX_FEATURE:0cxx_generic_lambdas
    Feature record: CXX_FEATURE:0cxx_inheriting_constructors
    Feature record: CXX_FEATURE:0cxx_inline_namespaces
    Feature record: CXX_FEATURE:0cxx_lambdas
    Feature record: CXX_FEATURE:0cxx_lambda_init_captures
    Feature record: CXX_FEATURE:0cxx_local_type_template_args
    Feature record: CXX_FEATURE:0cxx_long_long_type
    Feature record: CXX_FEATURE:0cxx_noexcept
    Feature record: CXX_FEATURE:0cxx_nonstatic_member_init
    Feature record: CXX_FEATURE:0cxx_nullptr
    Feature record: CXX_FEATURE:0cxx_override
    Feature record: CXX_FEATURE:0cxx_range_for
    Feature record: CXX_FEATURE:0cxx_raw_string_literals
    Feature record: CXX_FEATURE:0cxx_reference_qualified_functions
    Feature record: CXX_FEATURE:0cxx_relaxed_constexpr
    Feature record: CXX_FEATURE:0cxx_return_type_deduction
    Feature record: CXX_FEATURE:0cxx_right_angle_brackets
    Feature record: CXX_FEATURE:0cxx_rvalue_references
    Feature record: CXX_FEATURE:0cxx_sizeof_member
    Feature record: CXX_FEATURE:0cxx_static_assert
    Feature record: CXX_FEATURE:0cxx_strong_enums
    Feature record: CXX_FEATURE:1cxx_template_template_parameters
    Feature record: CXX_FEATURE:0cxx_thread_local
    Feature record: CXX_FEATURE:0cxx_trailing_return_types
    Feature record: CXX_FEATURE:0cxx_unicode_literals
    Feature record: CXX_FEATURE:0cxx_uniform_initialization
    Feature record: CXX_FEATURE:0cxx_unrestricted_unions
    Feature record: CXX_FEATURE:0cxx_user_literals
    Feature record: CXX_FEATURE:0cxx_variable_templates
    Feature record: CXX_FEATURE:0cxx_variadic_macros
    Feature record: CXX_FEATURE:0cxx_variadic_templates
Performing C++ SOURCE FILE Test HAVE_FLAG_-mtune=native succeeded with the following output:
Change Dir: /home/dtai/Downloads/ganak-master/build/CMakeFiles/CMakeTmp

Run Build Command:"/usr/bin/make" "cmTC_b13df/fast"
/usr/bin/make -f CMakeFiles/cmTC_b13df.dir/build.make CMakeFiles/cmTC_b13df.dir/build
make[1]: Entering directory '/home/dtai/Downloads/ganak-master/build/CMakeFiles/CMakeTmp'
Building CXX object CMakeFiles/cmTC_b13df.dir/src.cxx.o
/usr/bin/c++    -DHAVE_FLAG_-mtune=native   -mtune=native -o CMakeFiles/cmTC_b13df.dir/src.cxx.o -c /home/dtai/Downloads/ganak-master/build/CMakeFiles/CMakeTmp/src.cxx
<command-line>:0:11: warning: missing whitespace after the macro name
Linking CXX executable cmTC_b13df
/usr/bin/cmake -E cmake_link_script CMakeFiles/cmTC_b13df.dir/link.txt --verbose=1
/usr/bin/c++   -DHAVE_FLAG_-mtune=native    -rdynamic CMakeFiles/cmTC_b13df.dir/src.cxx.o  -o cmTC_b13df 
make[1]: Leaving directory '/home/dtai/Downloads/ganak-master/build/CMakeFiles/CMakeTmp'

Source file was:
int main() { return 0; }
Performing C++ SOURCE FILE Test HAVE_FLAG_-Wall succeeded with the following output:
Change Dir: /home/dtai/Downloads/ganak-master/build/CMakeFiles/CMakeTmp

Run Build Command:"/usr/bin/make" "cmTC_856a0/fast"
/usr/bin/make -f CMakeFiles/cmTC_856a0.dir/build.make CMakeFiles/cmTC_856a0.dir/build
make[1]: Entering directory '/home/dtai/Downloads/ganak-master/build/CMakeFiles/CMakeTmp'
Building CXX object CMakeFiles/cmTC_856a0.dir/src.cxx.o
/usr/bin/c++    -mtune=native -DHAVE_FLAG_-Wall   -Wall -o CMakeFiles/cmTC_856a0.dir/src.cxx.o -c /home/dtai/Downloads/ganak-master/build/CMakeFiles/CMakeTmp/src.cxx
<command-line>:0:11: warning: missing whitespace after the macro name
Linking CXX executable cmTC_856a0
/usr/bin/cmake -E cmake_link_script CMakeFiles/cmTC_856a0.dir/link.txt --verbose=1
/usr/bin/c++   -mtune=native -DHAVE_FLAG_-Wall    -rdynamic CMakeFiles/cmTC_856a0.dir/src.cxx.o  -o cmTC_856a0 
make[1]: Leaving directory '/home/dtai/Downloads/ganak-master/build/CMakeFiles/CMakeTmp'

Source file was:
int main() { return 0; }
Performing C++ SOURCE FILE Test HAVE_FLAG_-Wextra succeeded with the following output:
Change Dir: /home/dtai/Downloads/ganak-master/build/CMakeFiles/CMakeTmp

Run Build Command:"/usr/bin/make" "cmTC_927b2/fast"
/usr/bin/make -f CMakeFiles/cmTC_927b2.dir/build.make CMakeFiles/cmTC_927b2.dir/build
make[1]: Entering directory '/home/dtai/Downloads/ganak-master/build/CMakeFiles/CMakeTmp'
Building CXX object CMakeFiles/cmTC_927b2.dir/src.cxx.o
/usr/bin/c++    -mtune=native -Wall -DHAVE_FLAG_-Wextra   -Wextra -o CMakeFiles/cmTC_927b2.dir/src.cxx.o -c /home/dtai/Downloads/ganak-master/build/CMakeFiles/CMakeTmp/src.cxx
<command-line>:0:11: warning: missing whitespace after the macro name
Linking CXX executable cmTC_927b2
/usr/bin/cmake -E cmake_link_script CMakeFiles/cmTC_927b2.dir/link.txt --verbose=1
/usr/bin/c++   -mtune=native -Wall -DHAVE_FLAG_-Wextra    -rdynamic CMakeFiles/cmTC_927b2.dir/src.cxx.o  -o cmTC_927b2 
make[1]: Leaving directory '/home/dtai/Downloads/ganak-master/build/CMakeFiles/CMakeTmp'

Source file was:
int main() { return 0; }
Performing C++ SOURCE FILE Test HAVE_FLAG_-Wunused succeeded with the following output:
Change Dir: /home/dtai/Downloads/ganak-master/build/CMakeFiles/CMakeTmp

Run Build Command:"/usr/bin/make" "cmTC_9cb54/fast"
/usr/bin/make -f CMakeFiles/cmTC_9cb54.dir/build.make CMakeFiles/cmTC_9cb54.dir/build
make[1]: Entering directory '/home/dtai/Downloads/ganak-master/build/CMakeFiles/CMakeTmp'
Building CXX object CMakeFiles/cmTC_9cb54.dir/src.cxx.o
/usr/bin/c++    -mtune=native -Wall -Wextra -DHAVE_FLAG_-Wunused   -Wunused -o CMakeFiles/cmTC_9cb54.dir/src.cxx.o -c /home/dtai/Downloads/ganak-master/build/CMakeFiles/CMakeTmp/src.cxx
<command-line>:0:11: warning: missing whitespace after the macro name
Linking CXX executable cmTC_9cb54
/usr/bin/cmake -E cmake_link_script CMakeFiles/cmTC_9cb54.dir/link.txt --verbose=1
/usr/bin/c++   -mtune=native -Wall -Wextra -DHAVE_FLAG_-Wunused    -rdynamic CMakeFiles/cmTC_9cb54.dir/src.cxx.o  -o cmTC_9cb54 
make[1]: Leaving directory '/home/dtai/Downloads/ganak-master/build/CMakeFiles/CMakeTmp'

Source file was:
int main() { return 0; }
Performing C++ SOURCE FILE Test HAVE_FLAG_-Wsign-compare succeeded with the following output:
Change Dir: /home/dtai/Downloads/ganak-master/build/CMakeFiles/CMakeTmp

Run Build Command:"/usr/bin/make" "cmTC_27b34/fast"
/usr/bin/make -f CMakeFiles/cmTC_27b34.dir/build.make CMakeFiles/cmTC_27b34.dir/build
make[1]: Entering directory '/home/dtai/Downloads/ganak-master/build/CMakeFiles/CMakeTmp'
Building CXX object CMakeFiles/cmTC_27b34.dir/src.cxx.o
/usr/bin/c++    -mtune=native -Wall -Wextra -Wunused -DHAVE_FLAG_-Wsign-compare   -Wsign-compare -o CMakeFiles/cmTC_27b34.dir/src.cxx.o -c /home/dtai/Downloads/ganak-master/build/CMakeFiles/CMakeTmp/src.cxx
<command-line>:0:11: warning: missing whitespace after the macro name
Linking CXX executable cmTC_27b34
/usr/bin/cmake -E cmake_link_script CMakeFiles/cmTC_27b34.dir/link.txt --verbose=1
/usr/bin/c++   -mtune=native -Wall -Wextra -Wunused -DHAVE_FLAG_-Wsign-compare    -rdynamic CMakeFiles/cmTC_27b34.dir/src.cxx.o  -o cmTC_27b34 
make[1]: Leaving directory '/home/dtai/Downloads/ganak-master/build/CMakeFiles/CMakeTmp'

Source file was:
int main() { return 0; }
Performing C++ SOURCE FILE Test HAVE_FLAG_-fno-omit-frame-pointer succeeded with the following output:
Change Dir: /home/dtai/Downloads/ganak-master/build/CMakeFiles/CMakeTmp

Run Build Command:"/usr/bin/make" "cmTC_f83ec/fast"
/usr/bin/make -f CMakeFiles/cmTC_f83ec.dir/build.make CMakeFiles/cmTC_f83ec.dir/build
make[1]: Entering directory '/home/dtai/Downloads/ganak-master/build/CMakeFiles/CMakeTmp'
Building CXX object CMakeFiles/cmTC_f83ec.dir/src.cxx.o
/usr/bin/c++    -mtune=native -Wall -Wextra -Wunused -Wsign-compare -DHAVE_FLAG_-fno-omit-frame-pointer   -fno-omit-frame-pointer -o CMakeFiles/cmTC_f83ec.dir/src.cxx.o -c /home/dtai/Downloads/ganak-master/build/CMakeFiles/CMakeTmp/src.cxx
<command-line>:0:11: warning: missing whitespace after the macro name
Linking CXX executable cmTC_f83ec
/usr/bin/cmake -E cmake_link_script CMakeFiles/cmTC_f83ec.dir/link.txt --verbose=1
/usr/bin/c++   -mtune=native -Wall -Wextra -Wunused -Wsign-compare -DHAVE_FLAG_-fno-omit-frame-pointer    -rdynamic CMakeFiles/cmTC_f83ec.dir/src.cxx.o  -o cmTC_f83ec 
make[1]: Leaving directory '/home/dtai/Downloads/ganak-master/build/CMakeFiles/CMakeTmp'

Source file was:
int main() { return 0; }
Performing C++ SOURCE FILE Test HAVE_FLAG_-Wtype-limits succeeded with the following output:
Change Dir: /home/dtai/Downloads/ganak-master/build/CMakeFiles/CMakeTmp

Run Build Command:"/usr/bin/make" "cmTC_10c0b/fast"
/usr/bin/make -f CMakeFiles/cmTC_10c0b.dir/build.make CMakeFiles/cmTC_10c0b.dir/build
make[1]: Entering directory '/home/dtai/Downloads/ganak-master/build/CMakeFiles/CMakeTmp'
Building CXX object CMakeFiles/cmTC_10c0b.dir/src.cxx.o
/usr/bin/c++    -mtune=native -Wall -Wextra -Wunused -Wsign-compare -fno-omit-frame-pointer -DHAVE_FLAG_-Wtype-limits   -Wtype-limits -o CMakeFiles/cmTC_10c0b.dir/src.cxx.o -c /home/dtai/Downloads/ganak-master/build/CMakeFiles/CMakeTmp/src.cxx
<command-line>:0:11: warning: missing whitespace after the macro name
Linking CXX executable cmTC_10c0b
/usr/bin/cmake -E cmake_link_script CMakeFiles/cmTC_10c0b.dir/link.txt --verbose=1
/usr/bin/c++   -mtune=native -Wall -Wextra -Wunused -Wsign-compare -fno-omit-frame-pointer -DHAVE_FLAG_-Wtype-limits    -rdynamic CMakeFiles/cmTC_10c0b.dir/src.cxx.o  -o cmTC_10c0b 
make[1]: Leaving directory '/home/dtai/Downloads/ganak-master/build/CMakeFiles/CMakeTmp'

Source file was:
int main() { return 0; }
Performing C++ SOURCE FILE Test HAVE_FLAG_-Wuninitialized succeeded with the following output:
Change Dir: /home/dtai/Downloads/ganak-master/build/CMakeFiles/CMakeTmp

Run Build Command:"/usr/bin/make" "cmTC_5fd26/fast"
/usr/bin/make -f CMakeFiles/cmTC_5fd26.dir/build.make CMakeFiles/cmTC_5fd26.dir/build
make[1]: Entering directory '/home/dtai/Downloads/ganak-master/build/CMakeFiles/CMakeTmp'
Building CXX object CMakeFiles/cmTC_5fd26.dir/src.cxx.o
/usr/bin/c++    -mtune=native -Wall -Wextra -Wunused -Wsign-compare -fno-omit-frame-pointer -Wtype-limits -DHAVE_FLAG_-Wuninitialized   -Wuninitialized -o CMakeFiles/cmTC_5fd26.dir/src.cxx.o -c /home/dtai/Downloads/ganak-master/build/CMakeFiles/CMakeTmp/src.cxx
<command-line>:0:11: warning: missing whitespace after the macro name
Linking CXX executable cmTC_5fd26
/usr/bin/cmake -E cmake_link_script CMakeFiles/cmTC_5fd26.dir/link.txt --verbose=1
/usr/bin/c++   -mtune=native -Wall -Wextra -Wunused -Wsign-compare -fno-omit-frame-pointer -Wtype-limits -DHAVE_FLAG_-Wuninitialized    -rdynamic CMakeFiles/cmTC_5fd26.dir/src.cxx.o  -o cmTC_5fd26 
make[1]: Leaving directory '/home/dtai/Downloads/ganak-master/build/CMakeFiles/CMakeTmp'

Source file was:
int main() { return 0; }
Performing C++ SOURCE FILE Test HAVE_FLAG_-Wno-deprecated succeeded with the following output:
Change Dir: /home/dtai/Downloads/ganak-master/build/CMakeFiles/CMakeTmp

Run Build Command:"/usr/bin/make" "cmTC_df827/fast"
/usr/bin/make -f CMakeFiles/cmTC_df827.dir/build.make CMakeFiles/cmTC_df827.dir/build
make[1]: Entering directory '/home/dtai/Downloads/ganak-master/build/CMakeFiles/CMakeTmp'
Building CXX object CMakeFiles/cmTC_df827.dir/src.cxx.o
/usr/bin/c++    -mtune=native -Wall -Wextra -Wunused -Wsign-compare -fno-omit-frame-pointer -Wtype-limits -Wuninitialized -DHAVE_FLAG_-Wno-deprecated   -Wno-deprecated -o CMakeFiles/cmTC_df827.dir/src.cxx.o -c /home/dtai/Downloads/ganak-master/build/CMakeFiles/CMakeTmp/src.cxx
<command-line>:0:11: warning: missing whitespace after the macro name
Linking CXX executable cmTC_df827
/usr/bin/cmake -E cmake_link_script CMakeFiles/cmTC_df827.dir/link.txt --verbose=1
/usr/bin/c++   -mtune=native -Wall -Wextra -Wunused -Wsign-compare -fno-omit-frame-pointer -Wtype-limits -Wuninitialized -DHAVE_FLAG_-Wno-deprecated    -rdynamic CMakeFiles/cmTC_df827.dir/src.cxx.o  -o cmTC_df827 
make[1]: Leaving directory '/home/dtai/Downloads/ganak-master/build/CMakeFiles/CMakeTmp'

Source file was:
int main() { return 0; }
Performing C++ SOURCE FILE Test HAVE_FLAG_-Wstrict-aliasing succeeded with the following output:
Change Dir: /home/dtai/Downloads/ganak-master/build/CMakeFiles/CMakeTmp

Run Build Command:"/usr/bin/make" "cmTC_a4834/fast"
/usr/bin/make -f CMakeFiles/cmTC_a4834.dir/build.make CMakeFiles/cmTC_a4834.dir/build
make[1]: Entering directory '/home/dtai/Downloads/ganak-master/build/CMakeFiles/CMakeTmp'
Building CXX object CMakeFiles/cmTC_a4834.dir/src.cxx.o
/usr/bin/c++    -mtune=native -Wall -Wextra -Wunused -Wsign-compare -fno-omit-frame-pointer -Wtype-limits -Wuninitialized -Wno-deprecated -DHAVE_FLAG_-Wstrict-aliasing   -Wstrict-aliasing -o CMakeFiles/cmTC_a4834.dir/src.cxx.o -c /home/dtai/Downloads/ganak-master/build/CMakeFiles/CMakeTmp/src.cxx
<command-line>:0:11: warning: missing whitespace after the macro name
Linking CXX executable cmTC_a4834
/usr/bin/cmake -E cmake_link_script CMakeFiles/cmTC_a4834.dir/link.txt --verbose=1
/usr/bin/c++   -mtune=native -Wall -Wextra -Wunused -Wsign-compare -fno-omit-frame-pointer -Wtype-limits -Wuninitialized -Wno-deprecated -DHAVE_FLAG_-Wstrict-aliasing    -rdynamic CMakeFiles/cmTC_a4834.dir/src.cxx.o  -o cmTC_a4834 
make[1]: Leaving directory '/home/dtai/Downloads/ganak-master/build/CMakeFiles/CMakeTmp'

Source file was:
int main() { return 0; }
Performing C++ SOURCE FILE Test HAVE_FLAG_-Wpointer-arith succeeded with the following output:
Change Dir: /home/dtai/Downloads/ganak-master/build/CMakeFiles/CMakeTmp

Run Build Command:"/usr/bin/make" "cmTC_a72fd/fast"
/usr/bin/make -f CMakeFiles/cmTC_a72fd.dir/build.make CMakeFiles/cmTC_a72fd.dir/build
make[1]: Entering directory '/home/dtai/Downloads/ganak-master/build/CMakeFiles/CMakeTmp'
Building CXX object CMakeFiles/cmTC_a72fd.dir/src.cxx.o
/usr/bin/c++    -mtune=native -Wall -Wextra -Wunused -Wsign-compare -fno-omit-frame-pointer -Wtype-limits -Wuninitialized -Wno-deprecated -Wstrict-aliasing -DHAVE_FLAG_-Wpointer-arith   -Wpointer-arith -o CMakeFiles/cmTC_a72fd.dir/src.cxx.o -c /home/dtai/Downloads/ganak-master/build/CMakeFiles/CMakeTmp/src.cxx
<command-line>:0:11: warning: missing whitespace after the macro name
Linking CXX executable cmTC_a72fd
/usr/bin/cmake -E cmake_link_script CMakeFiles/cmTC_a72fd.dir/link.txt --verbose=1
/usr/bin/c++   -mtune=native -Wall -Wextra -Wunused -Wsign-compare -fno-omit-frame-pointer -Wtype-limits -Wuninitialized -Wno-deprecated -Wstrict-aliasing -DHAVE_FLAG_-Wpointer-arith    -rdynamic CMakeFiles/cmTC_a72fd.dir/src.cxx.o  -o cmTC_a72fd 
make[1]: Leaving directory '/home/dtai/Downloads/ganak-master/build/CMakeFiles/CMakeTmp'

Source file was:
int main() { return 0; }
Performing C++ SOURCE FILE Test HAVE_FLAG_-Wformat-nonliteral succeeded with the following output:
Change Dir: /home/dtai/Downloads/ganak-master/build/CMakeFiles/CMakeTmp

Run Build Command:"/usr/bin/make" "cmTC_71c08/fast"
/usr/bin/make -f CMakeFiles/cmTC_71c08.dir/build.make CMakeFiles/cmTC_71c08.dir/build
make[1]: Entering directory '/home/dtai/Downloads/ganak-master/build/CMakeFiles/CMakeTmp'
Building CXX object CMakeFiles/cmTC_71c08.dir/src.cxx.o
/usr/bin/c++    -mtune=native -Wall -Wextra -Wunused -Wsign-compare -fno-omit-frame-pointer -Wtype-limits -Wuninitialized -Wno-deprecated -Wstrict-aliasing -Wpointer-arith -Wpointer-arith -DHAVE_FLAG_-Wformat-nonliteral   -Wformat-nonliteral -o CMakeFiles/cmTC_71c08.dir/src.cxx.o -c /home/dtai/Downloads/ganak-master/build/CMakeFiles/CMakeTmp/src.cxx
<command-line>:0:11: warning: missing whitespace after the macro name
Linking CXX executable cmTC_71c08
/usr/bin/cmake -E cmake_link_script CMakeFiles/cmTC_71c08.dir/link.txt --verbose=1
/usr/bin/c++   -mtune=native -Wall -Wextra -Wunused -Wsign-compare -fno-omit-frame-pointer -Wtype-limits -Wuninitialized -Wno-deprecated -Wstrict-aliasing -Wpointer-arith -Wpointer-arith -DHAVE_FLAG_-Wformat-nonliteral    -rdynamic CMakeFiles/cmTC_71c08.dir/src.cxx.o  -o cmTC_71c08 
make[1]: Leaving directory '/home/dtai/Downloads/ganak-master/build/CMakeFiles/CMakeTmp'

Source file was:
int main() { return 0; }
Performing C++ SOURCE FILE Test HAVE_FLAG_-Winit-self succeeded with the following output:
Change Dir: /home/dtai/Downloads/ganak-master/build/CMakeFiles/CMakeTmp

Run Build Command:"/usr/bin/make" "cmTC_cbbed/fast"
/usr/bin/make -f CMakeFiles/cmTC_cbbed.dir/build.make CMakeFiles/cmTC_cbbed.dir/build
make[1]: Entering directory '/home/dtai/Downloads/ganak-master/build/CMakeFiles/CMakeTmp'
Building CXX object CMakeFiles/cmTC_cbbed.dir/src.cxx.o
/usr/bin/c++    -mtune=native -Wall -Wextra -Wunused -Wsign-compare -fno-omit-frame-pointer -Wtype-limits -Wuninitialized -Wno-deprecated -Wstrict-aliasing -Wpointer-arith -Wpointer-arith -Wformat-nonliteral -DHAVE_FLAG_-Winit-self   -Winit-self -o CMakeFiles/cmTC_cbbed.dir/src.cxx.o -c /home/dtai/Downloads/ganak-master/build/CMakeFiles/CMakeTmp/src.cxx
<command-line>:0:11: warning: missing whitespace after the macro name
Linking CXX executable cmTC_cbbed
/usr/bin/cmake -E cmake_link_script CMakeFiles/cmTC_cbbed.dir/link.txt --verbose=1
/usr/bin/c++   -mtune=native -Wall -Wextra -Wunused -Wsign-compare -fno-omit-frame-pointer -Wtype-limits -Wuninitialized -Wno-deprecated -Wstrict-aliasing -Wpointer-arith -Wpointer-arith -Wformat-nonliteral -DHAVE_FLAG_-Winit-self    -rdynamic CMakeFiles/cmTC_cbbed.dir/src.cxx.o  -o cmTC_cbbed 
make[1]: Leaving directory '/home/dtai/Downloads/ganak-master/build/CMakeFiles/CMakeTmp'

Source file was:
int main() { return 0; }
Performing C++ SOURCE FILE Test HAVE_FLAG_-Wparentheses succeeded with the following output:
Change Dir: /home/dtai/Downloads/ganak-master/build/CMakeFiles/CMakeTmp

Run Build Command:"/usr/bin/make" "cmTC_078f2/fast"
/usr/bin/make -f CMakeFiles/cmTC_078f2.dir/build.make CMakeFiles/cmTC_078f2.dir/build
make[1]: Entering directory '/home/dtai/Downloads/ganak-master/build/CMakeFiles/CMakeTmp'
Building CXX object CMakeFiles/cmTC_078f2.dir/src.cxx.o
/usr/bin/c++    -mtune=native -Wall -Wextra -Wunused -Wsign-compare -fno-omit-frame-pointer -Wtype-limits -Wuninitialized -Wno-deprecated -Wstrict-aliasing -Wpointer-arith -Wpointer-arith -Wformat-nonliteral -Winit-self -DHAVE_FLAG_-Wparentheses   -Wparentheses -o CMakeFiles/cmTC_078f2.dir/src.cxx.o -c /home/dtai/Downloads/ganak-master/build/CMakeFiles/CMakeTmp/src.cxx
<command-line>:0:11: warning: missing whitespace after the macro name
Linking CXX executable cmTC_078f2
/usr/bin/cmake -E cmake_link_script CMakeFiles/cmTC_078f2.dir/link.txt --verbose=1
/usr/bin/c++   -mtune=native -Wall -Wextra -Wunused -Wsign-compare -fno-omit-frame-pointer -Wtype-limits -Wuninitialized -Wno-deprecated -Wstrict-aliasing -Wpointer-arith -Wpointer-arith -Wformat-nonliteral -Winit-self -DHAVE_FLAG_-Wparentheses    -rdynamic CMakeFiles/cmTC_078f2.dir/src.cxx.o  -o cmTC_078f2 
make[1]: Leaving directory '/home/dtai/Downloads/ganak-master/build/CMakeFiles/CMakeTmp'

Source file was:
int main() { return 0; }
Performing C++ SOURCE FILE Test HAVE_FLAG_-Wunreachable-code succeeded with the following output:
Change Dir: /home/dtai/Downloads/ganak-master/build/CMakeFiles/CMakeTmp

Run Build Command:"/usr/bin/make" "cmTC_38b44/fast"
/usr/bin/make -f CMakeFiles/cmTC_38b44.dir/build.make CMakeFiles/cmTC_38b44.dir/build
make[1]: Entering directory '/home/dtai/Downloads/ganak-master/build/CMakeFiles/CMakeTmp'
Building CXX object CMakeFiles/cmTC_38b44.dir/src.cxx.o
/usr/bin/c++    -mtune=native -Wall -Wextra -Wunused -Wsign-compare -fno-omit-frame-pointer -Wtype-limits -Wuninitialized -Wno-deprecated -Wstrict-aliasing -Wpointer-arith -Wpointer-arith -Wformat-nonliteral -Winit-self -Wparentheses -DHAVE_FLAG_-Wunreachable-code   -Wunreachable-code -o CMakeFiles/cmTC_38b44.dir/src.cxx.o -c /home/dtai/Downloads/ganak-master/build/CMakeFiles/CMakeTmp/src.cxx
<command-line>:0:11: warning: missing whitespace after the macro name
Linking CXX executable cmTC_38b44
/usr/bin/cmake -E cmake_link_script CMakeFiles/cmTC_38b44.dir/link.txt --verbose=1
/usr/bin/c++   -mtune=native -Wall -Wextra -Wunused -Wsign-compare -fno-omit-frame-pointer -Wtype-limits -Wuninitialized -Wno-deprecated -Wstrict-aliasing -Wpointer-arith -Wpointer-arith -Wformat-nonliteral -Winit-self -Wparentheses -DHAVE_FLAG_-Wunreachable-code    -rdynamic CMakeFiles/cmTC_38b44.dir/src.cxx.o  -o cmTC_38b44 
make[1]: Leaving directory '/home/dtai/Downloads/ganak-master/build/CMakeFiles/CMakeTmp'

Source file was:
int main() { return 0; }
Performing C++ SOURCE FILE Test HAVE_FLAG_-ggdb3 succeeded with the following output:
Change Dir: /home/dtai/Downloads/ganak-master/build/CMakeFiles/CMakeTmp

Run Build Command:"/usr/bin/make" "cmTC_a294c/fast"
/usr/bin/make -f CMakeFiles/cmTC_a294c.dir/build.make CMakeFiles/cmTC_a294c.dir/build
make[1]: Entering directory '/home/dtai/Downloads/ganak-master/build/CMakeFiles/CMakeTmp'
Building CXX object CMakeFiles/cmTC_a294c.dir/src.cxx.o
/usr/bin/c++    -mtune=native -Wall -Wextra -Wunused -Wsign-compare -fno-omit-frame-pointer -Wtype-limits -Wuninitialized -Wno-deprecated -Wstrict-aliasing -Wpointer-arith -Wpointer-arith -Wformat-nonliteral -Winit-self -Wparentheses -Wunreachable-code -DHAVE_FLAG_-ggdb3   -ggdb3 -o CMakeFiles/cmTC_a294c.dir/src.cxx.o -c /home/dtai/Downloads/ganak-master/build/CMakeFiles/CMakeTmp/src.cxx
<command-line>:0:11: warning: missing whitespace after the macro name
Linking CXX executable cmTC_a294c
/usr/bin/cmake -E cmake_link_script CMakeFiles/cmTC_a294c.dir/link.txt --verbose=1
/usr/bin/c++   -mtune=native -Wall -Wextra -Wunused -Wsign-compare -fno-omit-frame-pointer -Wtype-limits -Wuninitialized -Wno-deprecated -Wstrict-aliasing -Wpointer-arith -Wpointer-arith -Wformat-nonliteral -Winit-self -Wparentheses -Wunreachable-code -DHAVE_FLAG_-ggdb3    -rdynamic CMakeFiles/cmTC_a294c.dir/src.cxx.o  -o cmTC_a294c 
make[1]: Leaving directory '/home/dtai/Downloads/ganak-master/build/CMakeFiles/CMakeTmp'

Source file was:
int main() { return 0; }
Performing C SOURCE FILE Test HAVE_FLAG_-fPIC succeeded with the following output:
Change Dir: /home/dtai/Downloads/ganak-master/build/CMakeFiles/CMakeTmp

Run Build Command:"/usr/bin/make" "cmTC_93863/fast"
/usr/bin/make -f CMakeFiles/cmTC_93863.dir/build.make CMakeFiles/cmTC_93863.dir/build
make[1]: Entering directory '/home/dtai/Downloads/ganak-master/build/CMakeFiles/CMakeTmp'
Building C object CMakeFiles/cmTC_93863.dir/src.c.o
/usr/bin/cc   -DHAVE_FLAG_-fPIC   -fPIC -o CMakeFiles/cmTC_93863.dir/src.c.o   -c /home/dtai/Downloads/ganak-master/build/CMakeFiles/CMakeTmp/src.c
<command-line>:0:11: warning: missing whitespace after the macro name
Linking C executable cmTC_93863
/usr/bin/cmake -E cmake_link_script CMakeFiles/cmTC_93863.dir/link.txt --verbose=1
/usr/bin/cc  -DHAVE_FLAG_-fPIC    -rdynamic CMakeFiles/cmTC_93863.dir/src.c.o  -o cmTC_93863 
make[1]: Leaving directory '/home/dtai/Downloads/ganak-master/build/CMakeFiles/CMakeTmp'

Source file was:
int main(void) { return 0; }
Performing C SOURCE FILE Test HAVE_FLAG_-std=c99 succeeded with the following output:
Change Dir: /home/dtai/Downloads/ganak-master/build/CMakeFiles/CMakeTmp

Run Build Command:"/usr/bin/make" "cmTC_843e7/fast"
/usr/bin/make -f CMakeFiles/cmTC_843e7.dir/build.make CMakeFiles/cmTC_843e7.dir/build
make[1]: Entering directory '/home/dtai/Downloads/ganak-master/build/CMakeFiles/CMakeTmp'
Building C object CMakeFiles/cmTC_843e7.dir/src.c.o
/usr/bin/cc   -fPIC -DHAVE_FLAG_-std=c99   -std=c99 -o CMakeFiles/cmTC_843e7.dir/src.c.o   -c /home/dtai/Downloads/ganak-master/build/CMakeFiles/CMakeTmp/src.c
<command-line>:0:11: warning: ISO C99 requires whitespace after the macro name
Linking C executable cmTC_843e7
/usr/bin/cmake -E cmake_link_script CMakeFiles/cmTC_843e7.dir/link.txt --verbose=1
/usr/bin/cc  -fPIC -DHAVE_FLAG_-std=c99    -rdynamic CMakeFiles/cmTC_843e7.dir/src.c.o  -o cmTC_843e7 
make[1]: Leaving directory '/home/dtai/Downloads/ganak-master/build/CMakeFiles/CMakeTmp'

Source file was:
int main(void) { return 0; }
Performing C SOURCE FILE Test HAVE_FLAG_-msse4.1 succeeded with the following output:
Change Dir: /home/dtai/Downloads/ganak-master/build/CMakeFiles/CMakeTmp

Run Build Command:"/usr/bin/make" "cmTC_c2959/fast"
/usr/bin/make -f CMakeFiles/cmTC_c2959.dir/build.make CMakeFiles/cmTC_c2959.dir/build
make[1]: Entering directory '/home/dtai/Downloads/ganak-master/build/CMakeFiles/CMakeTmp'
Building C object CMakeFiles/cmTC_c2959.dir/src.c.o
/usr/bin/cc   -fPIC -std=c99 -Wall -DHAVE_FLAG_-msse4.1   -msse4.1 -o CMakeFiles/cmTC_c2959.dir/src.c.o   -c /home/dtai/Downloads/ganak-master/build/CMakeFiles/CMakeTmp/src.c
<command-line>:0:11: warning: ISO C99 requires whitespace after the macro name
Linking C executable cmTC_c2959
/usr/bin/cmake -E cmake_link_script CMakeFiles/cmTC_c2959.dir/link.txt --verbose=1
/usr/bin/cc  -fPIC -std=c99 -Wall -DHAVE_FLAG_-msse4.1    -rdynamic CMakeFiles/cmTC_c2959.dir/src.c.o  -o cmTC_c2959 
make[1]: Leaving directory '/home/dtai/Downloads/ganak-master/build/CMakeFiles/CMakeTmp'

Source file was:
int main(void) { return 0; }
Performing C SOURCE FILE Test HAVE_FLAG_-mpclmul succeeded with the following output:
Change Dir: /home/dtai/Downloads/ganak-master/build/CMakeFiles/CMakeTmp

Run Build Command:"/usr/bin/make" "cmTC_fc2a8/fast"
/usr/bin/make -f CMakeFiles/cmTC_fc2a8.dir/build.make CMakeFiles/cmTC_fc2a8.dir/build
make[1]: Entering directory '/home/dtai/Downloads/ganak-master/build/CMakeFiles/CMakeTmp'
Building C object CMakeFiles/cmTC_fc2a8.dir/src.c.o
/usr/bin/cc   -fPIC -std=c99 -Wall -msse4.1 -DHAVE_FLAG_-mpclmul   -mpclmul -o CMakeFiles/cmTC_fc2a8.dir/src.c.o   -c /home/dtai/Downloads/ganak-master/build/CMakeFiles/CMakeTmp/src.c
<command-line>:0:11: warning: ISO C99 requires whitespace after the macro name
Linking C executable cmTC_fc2a8
/usr/bin/cmake -E cmake_link_script CMakeFiles/cmTC_fc2a8.dir/link.txt --verbose=1
/usr/bin/cc  -fPIC -std=c99 -Wall -msse4.1 -DHAVE_FLAG_-mpclmul    -rdynamic CMakeFiles/cmTC_fc2a8.dir/src.c.o  -o cmTC_fc2a8 
make[1]: Leaving directory '/home/dtai/Downloads/ganak-master/build/CMakeFiles/CMakeTmp'

Source file was:
int main(void) { return 0; }
Performing C++ SOURCE FILE Test HAVE_FLAG_-mtune=native succeeded with the following output:
Change Dir: /home/dtai/Downloads/ganak-master/build/CMakeFiles/CMakeTmp

Run Build Command:"/usr/bin/make" "cmTC_140c1/fast"
/usr/bin/make -f CMakeFiles/cmTC_140c1.dir/build.make CMakeFiles/cmTC_140c1.dir/build
make[1]: Entering directory '/home/dtai/Downloads/ganak-master/build/CMakeFiles/CMakeTmp'
Building CXX object CMakeFiles/cmTC_140c1.dir/src.cxx.o
/usr/bin/c++    -DHAVE_FLAG_-mtune=native   -mtune=native -o CMakeFiles/cmTC_140c1.dir/src.cxx.o -c /home/dtai/Downloads/ganak-master/build/CMakeFiles/CMakeTmp/src.cxx
<command-line>:0:11: warning: missing whitespace after the macro name
Linking CXX executable cmTC_140c1
/usr/bin/cmake -E cmake_link_script CMakeFiles/cmTC_140c1.dir/link.txt --verbose=1
/usr/bin/c++   -DHAVE_FLAG_-mtune=native    -rdynamic CMakeFiles/cmTC_140c1.dir/src.cxx.o  -o cmTC_140c1 
make[1]: Leaving directory '/home/dtai/Downloads/ganak-master/build/CMakeFiles/CMakeTmp'

Source file was:
int main() { return 0; }
