

Comparing on wine.dat with nb_rows = 178 and minsup = 0.015625
Running CNFAlgo
Return Code for CNFAlgo	: 0
CNFAlgo Accuracy = 1/18 = 0.05555555555555555
Running CNFAlgo
Return Code for CNFAlgo	: 0
CNFAlgo Accuracy = 0/18 = 0.0
Running CNFAlgo
Return Code for CNFAlgo	: 0
CNFAlgo Accuracy = 0/18 = 0.0
Running CNFAlgo
Return Code for CNFAlgo	: 0
CNFAlgo Accuracy = 0/18 = 0.0
Running CNFAlgo
Return Code for CNFAlgo	: 0
CNFAlgo Accuracy = 0/18 = 0.0
Running CNFAlgo
Return Code for CNFAlgo	: 0
CNFAlgo Accuracy = 0/18 = 0.0
Running CNFAlgo
Return Code for CNFAlgo	: 0
CNFAlgo Accuracy = 0/18 = 0.0
Running CNFAlgo
Return Code for CNFAlgo	: 0
CNFAlgo Accuracy = 0/18 = 0.0
Running CNFAlgo
Return Code for CNFAlgo	: 0
CNFAlgo Accuracy = 0/18 = 0.0
Running CNFAlgo
Return Code for CNFAlgo	: 0
CNFAlgo Accuracy = 1/16 = 0.0625
cnfalgo_fold_accuracy_list = [0.05555555555555555, 0.0, 0.0, 0.0, 0.0, 0.0, 0.0, 0.0, 0.0, 0.0625]
cnfalgo_time = 456.648592710495
cnfalgo_accuracy = 0.011805555555555555
