

Comparing on ticTacToe.dat with nb_rows = 958 and minsup = 0.0078125
Running CNFAlgo
Return Code for CNFAlgo	: 0
CNFAlgo Accuracy = 0/96 = 0.0
Running CNFAlgo
Return Code for CNFAlgo	: 0
CNFAlgo Accuracy = 0/96 = 0.0
Running CNFAlgo
Return Code for CNFAlgo	: 0
CNFAlgo Accuracy = 0/96 = 0.0
Running CNFAlgo
Return Code for CNFAlgo	: 0
CNFAlgo Accuracy = 0/96 = 0.0
Running CNFAlgo
Return Code for CNFAlgo	: 0
CNFAlgo Accuracy = 0/96 = 0.0
Running CNFAlgo
Return Code for CNFAlgo	: 0
CNFAlgo Accuracy = 0/96 = 0.0
Running CNFAlgo
Return Code for CNFAlgo	: 0
CNFAlgo Accuracy = 0/96 = 0.0
Running CNFAlgo
Return Code for CNFAlgo	: 0
CNFAlgo Accuracy = 0/96 = 0.0
Running CNFAlgo
Return Code for CNFAlgo	: 0
CNFAlgo Accuracy = 0/96 = 0.0
Running CNFAlgo
Return Code for CNFAlgo	: 0
CNFAlgo Accuracy = 0/94 = 0.0
cnfalgo_fold_accuracy_list = [0.0, 0.0, 0.0, 0.0, 0.0, 0.0, 0.0, 0.0, 0.0, 0.0]
cnfalgo_time = 94.78996419906616
cnfalgo_accuracy = 0.0
