

Comparing on iris_17.dat with nb_rows = 150 and minsup = 0.006666666666666667
Running CNFAlgo
Return Code for CNFAlgo	: 0
CNFAlgo Accuracy = 14/15 = 0.9333333333333333
Running CNFAlgo
Return Code for CNFAlgo	: 0
CNFAlgo Accuracy = 14/15 = 0.9333333333333333
Running CNFAlgo
Return Code for CNFAlgo	: 0
CNFAlgo Accuracy = 15/15 = 1.0
Running CNFAlgo
Return Code for CNFAlgo	: 0
CNFAlgo Accuracy = 13/15 = 0.8666666666666667
Running CNFAlgo
Return Code for CNFAlgo	: 0
CNFAlgo Accuracy = 11/15 = 0.7333333333333333
Running CNFAlgo
Return Code for CNFAlgo	: 0
CNFAlgo Accuracy = 13/15 = 0.8666666666666667
Running CNFAlgo
Return Code for CNFAlgo	: 0
CNFAlgo Accuracy = 13/15 = 0.8666666666666667
Running CNFAlgo
Return Code for CNFAlgo	: 0
CNFAlgo Accuracy = 13/15 = 0.8666666666666667
Running CNFAlgo
Return Code for CNFAlgo	: 0
CNFAlgo Accuracy = 13/15 = 0.8666666666666667
Running CNFAlgo
Return Code for CNFAlgo	: 0
CNFAlgo Accuracy = 13/15 = 0.8666666666666667
cnfalgo_fold_accuracy_list = [0.9333333333333333, 0.9333333333333333, 1.0, 0.8666666666666667, 0.7333333333333333, 0.8666666666666667, 0.8666666666666667, 0.8666666666666667, 0.8666666666666667, 0.8666666666666667]
cnfalgo_time = 0.7921774387359619
cnfalgo_accuracy = 0.8800000000000002
