>/Users/arcchit/Docs/Mistle/Resources/spmf.jar
========== LCM - STATS ============
 Freq. closed itemsets count: 1257
 Total time ~: 31 ms
 Max memory:10.562057495117188
=====================================
>/Users/arcchit/Docs/Mistle/Resources/spmf.jar
========== LCM - STATS ============
 Freq. closed itemsets count: 34
 Total time ~: 2 ms
 Max memory:7.565757751464844
=====================================
>/Users/arcchit/Docs/Mistle/Resources/spmf.jar
========== LCM - STATS ============
 Freq. closed itemsets count: 735
 Total time ~: 21 ms
 Max memory:9.0
=====================================
>/Users/arcchit/Docs/Mistle/Resources/spmf.jar
========== LCM - STATS ============
 Freq. closed itemsets count: 43
 Total time ~: 3 ms
 Max memory:7.565757751464844
=====================================
Length of freq items 1	: 1257
Time of freq items 1	: 0.40685272216796875
11129 Frequent Itemsets are mined in 0.13013601303100586 seconds.
Length of freq items 2	: 11129
Time of freq items 2	: 0.13018798828125
3  violations of +ve partial assignments found for the learned theory.
Violating Clauses	:{frozenset({-31, -29, -21, -17, -13, -42, -8, -4, -35}), frozenset({-31, -28, -21, -17, -3, -13, -8, -39, -35}), frozenset({-31, -28, -21, -18, -13, -8, -39, -4, -35})}
DL of initial theory	: 7353.856240536592
936	itemsets left after T operation 	: [frozenset({-13, -4, -35, -17})]
697	itemsets left after T operation 	: [frozenset({-39, -4, -35})]
559	itemsets left after T operation 	: [frozenset({-37, -19, -10, -9})]
332	itemsets left after T operation 	: [frozenset({-8, -31, -13, -35})]
218	itemsets left after W operation 	: [frozenset({-35, 43, -29, -3}), frozenset({-43, -10, -8, -23, -39, -19, -33}), frozenset({-31, -22, -13, -43, -39, -6, -17}), frozenset({-30, -13, -43, -42, -8, -23, -18}), frozenset({-30, -13, -43, -42, -7, -22, -18}), frozenset({-30, -43, -10, -8, -39, -20, -19}), frozenset({-31, -43, -10, -24, -39, -6, -17})]
134	itemsets left after W operation 	: [frozenset({-8, -4, -42, 44}), frozenset({-31, -13, -44, -26, -21, -36, -17}), frozenset({-14, -44, -27, -17, -20, -35, -33}), frozenset({-32, -28, -12, -44, -22, -35, -17}), frozenset({-29, -44, -11, -21, -37, -19, -33}), frozenset({-44, -26, -10, -18, -23, -35, -34})]
93	itemsets left after T operation 	: [frozenset({-31, -39, -17})]
73	itemsets left after T operation 	: [frozenset({-30, -25, -24, -9, -39, -35})]
53	itemsets left after T operation 	: [frozenset({-30, -29, -19, -39, -37})]
43	itemsets left after T operation 	: [frozenset({-8, -39, -19})]
37	itemsets left after T operation 	: [frozenset({-37, -19, -29})]
31	itemsets left after V operation 	: [frozenset({-32, 13, -28, -12, -42, -23, -7}), frozenset({-13, -4, -35, -17})]
29	itemsets left after V operation 	: [frozenset({-39, -4, -35}), frozenset({-13, 39, -17})]
24	itemsets left after T operation 	: [frozenset({-37, -19})]
22	itemsets left after V operation 	: [frozenset({-30, -9, 4, -25, -24}), frozenset({-39, -4, -35})]
19	itemsets left after V operation 	: [frozenset({-31, -39, -17}), frozenset({-13, -44, -26, 39, -21, -36})]
0	itemsets left after T operation 	: [frozenset({-32})]
Length of freq items 1	: 34
Time of freq items 1	: 0.3132028579711914
325 Frequent Itemsets are mined in 0.002962827682495117 seconds.
Length of freq items 2	: 325
Time of freq items 2	: 0.0029888153076171875
14	itemsets left after T operation 	: [frozenset({-13, 39})]
1 clauses are pruned.
Initial DL				: 9633.880754478743
Final DL				: 1564.9863575242457
Compression (wrt me)	: 0.8375538998864304
Operator Counters		: {'D': 0, 'W': 2, 'V': 4, 'S': 0, 'R': 0, 'T': 12}
Length of freq items 1	: 735
Time of freq items 1	: 0.3378298282623291
7112 Frequent Itemsets are mined in 0.07452893257141113 seconds.
Length of freq items 2	: 7112
Time of freq items 2	: 0.0746009349822998
3  violations of +ve partial assignments found for the learned theory.
Violating Clauses	:{frozenset({-31, -29, -21, -17, -13, -42, -8, -4, -35}), frozenset({-31, -28, -21, -17, -3, -13, -8, -39, -35}), frozenset({-31, -28, -21, -18, -13, -8, -39, -4, -35})}
DL of initial theory	: 7353.856240536592
535	itemsets left after T operation 	: [frozenset({-8, -21, -4, -35})]
387	itemsets left after T operation 	: [frozenset({-3, -30, -13, -35})]
356	itemsets left after T operation 	: [frozenset({-20, -17, -5, -35, -34})]
236	itemsets left after W operation 	: [frozenset({43, -4, -35, -42}), frozenset({-30, -14, -28, -43, -8, -20, -18}), frozenset({-27, -10, -9, -43, -18, -20, -34}), frozenset({-12, -27, -43, -23, -17, -7, -33}), frozenset({-31, -29, -13, -43, -23, -6, -17}), frozenset({-43, -26, -9, -10, -21, -34, -17}), frozenset({-31, -13, -28, -43, -8, -22, -17})]
153	itemsets left after T operation 	: [frozenset({-29, -22, -18, -39, -4})]
112	itemsets left after T operation 	: [frozenset({-31, -29, -23, -18, -12, -7, -3})]
64	itemsets left after W operation 	: [frozenset({-31, -3, -8, 44, -35}), frozenset({-13, -28, -44, -39, -21, -17}), frozenset({-29, -12, -44, -42, -22, -17}), frozenset({-13, -44, -26, -42, -23, -18})]
52	itemsets left after T operation 	: [frozenset({-25, -17, -10, -39, -35, -34})]
43	itemsets left after T operation 	: [frozenset({-34, -10})]
31	itemsets left after T operation 	: [frozenset({-23, -12, -7})]
20	itemsets left after T operation 	: [frozenset({-8, -28, -18})]
18	itemsets left after V operation 	: [frozenset({-8, -28, -18}), frozenset({-31, 18, -13, -43, -22, -17})]
Length of freq items 1	: 43
Time of freq items 1	: 0.2975327968597412
263 Frequent Itemsets are mined in 0.002511739730834961 seconds.
Length of freq items 2	: 263
Time of freq items 2	: 0.002537965774536133
16	itemsets left after T operation 	: [frozenset({-44, -42})]
0 clauses are pruned.
Initial DL				: 9633.880754478743
Final DL				: 1756.9646063650612
Compression (wrt me)	: 0.8176264943337338
Operator Counters		: {'D': 0, 'W': 2, 'V': 1, 'S': 0, 'R': 0, 'T': 10}

Dataset	: glass.dat;	Missingness Parameter	: 0.1
Mistle Accuracy = 0.3088235294117647 ; 1.0 ; 0.0 ; 0.6911764705882353 / 136
CNFAlgo Accuracy 2 = 126/140 = 0.9
CNFAlgo Accuracy 3 = 29/140 = 0.20714285714285716


dataset = glass.dat with minsup = 0.004672897196261682
missingness_parameters = [0.1]
mistle_accuracy_list1 = [0.3088235294117647]
mistle_accuracy_list2 = [1.0]
mistle_accuracy_list3 = [0.0]
mistle_accuracy_list4 = [0.6911764705882353]
mistle_clauses_list = [26]
mistle_literals_list = [111]
cnfalgo_accuracy_list2 = [0.9]
cnfalgo_accuracy_list3 = [0.20714285714285716]
cnfalgo_clauses_list = [41155]
cnfalgo_literals_list = [175423]
train_data_literals_list = [1422]
randomized_accuracy_list = [0.36655405405405406]
mistle runtime = 1.9477839469909668
cnfalgo runtime = 3.973447799682617
