>/Users/arcchit/Docs/Mistle/Resources/spmf.jar
========== LCM - STATS ============
 Freq. closed itemsets count: 424
 Total time ~: 17 ms
 Max memory:8.281974792480469
=====================================
>/Users/arcchit/Docs/Mistle/Resources/spmf.jar
========== LCM - STATS ============
 Freq. closed itemsets count: 7
 Total time ~: 2 ms
 Max memory:7.562202453613281
=====================================
>/Users/arcchit/Docs/Mistle/Resources/spmf.jar
========== LCM - STATS ============
 Freq. closed itemsets count: 28
 Total time ~: 3 ms
 Max memory:7.5620574951171875
=====================================
>/Users/arcchit/Docs/Mistle/Resources/spmf.jar
========== LCM - STATS ============
 Freq. closed itemsets count: 3
 Total time ~: 1 ms
 Max memory:7.5620574951171875
=====================================
Length of freq items 1	: 424
Time of freq items 1	: 0.4307839870452881
1735 Frequent Itemsets are mined in 0.026951074600219727 seconds.
Length of freq items 2	: 1735
Time of freq items 2	: 0.027005910873413086
5  violations of +ve partial assignments found for the learned theory.
Violating Clauses	:{frozenset({-26, -20, -16, -14, -12, -8, -2}), frozenset({-26, -20, -16, -14, -12, -7, -2}), frozenset({-26, -20, -16, -14, -12, -11, -2}), frozenset({-26, -20, -16, -14, -12, -11, -4}), frozenset({-26, -20, -16, -14, -12, -10, -2})}
DL of initial theory	: 3352.1086742210236
275	itemsets left after T operation 	: [frozenset({-23, -14, -12, -27})]
200	itemsets left after T operation 	: [frozenset({-16, -14, -12, -26})]
114	itemsets left after T operation 	: [frozenset({-14, -12, -27})]
95	itemsets left after T operation 	: [frozenset({-26, -20, -14, -12, -11})]
56	itemsets left after T operation 	: [frozenset({-16, -7, -14, -13})]
23	itemsets left after T operation 	: [frozenset({-14, -5, -19, -26})]
13	itemsets left after T operation 	: [frozenset({-14, -13, -11, -2})]
10	itemsets left after V operation 	: [frozenset({-16, -14, -12, -26}), frozenset({16, -20, -11})]
7	itemsets left after V operation 	: [frozenset({-14, -12, -27}), frozenset({-16, 27, -26})]
5	itemsets left after T operation 	: [frozenset({-14, -13})]
2	itemsets left after T operation 	: [frozenset({-16, -26})]
Length of freq items 1	: 7
Time of freq items 1	: 0.32417988777160645
18 Frequent Itemsets are mined in 0.00018310546875 seconds.
Length of freq items 2	: 18
Time of freq items 2	: 0.0002090930938720703
0 clauses are pruned.
Initial DL				: 10857.382755525432
Final DL				: 475.48892116414027
Compression (wrt me)	: 0.9562059354569443
Operator Counters		: {'D': 0, 'W': 0, 'V': 2, 'S': 0, 'R': 0, 'T': 9}
Length of freq items 1	: 28
Time of freq items 1	: 0.31644177436828613
336 Frequent Itemsets are mined in 0.0030357837677001953 seconds.
Length of freq items 2	: 336
Time of freq items 2	: 0.003063201904296875
5  violations of +ve partial assignments found for the learned theory.
Violating Clauses	:{frozenset({-26, -20, -16, -14, -12, -8, -2}), frozenset({-26, -20, -16, -14, -12, -7, -2}), frozenset({-26, -20, -16, -14, -12, -11, -2}), frozenset({-26, -20, -16, -14, -12, -11, -4}), frozenset({-26, -20, -16, -14, -12, -10, -2})}
DL of initial theory	: 3352.1086742210236
6	itemsets left after T operation 	: [frozenset({-26, -20, -16, -14, -12})]
1	itemsets left after T operation 	: [frozenset({-20, -14, -12, -7, -2})]
Length of freq items 1	: 3
Time of freq items 1	: 0.3079650402069092
28 Frequent Itemsets are mined in 0.00026607513427734375 seconds.
Length of freq items 2	: 28
Time of freq items 2	: 0.0002930164337158203
0 clauses are pruned.
Initial DL				: 10857.382755525432
Final DL				: 478.9106578947351
Compression (wrt me)	: 0.9558907824585061
Operator Counters		: {'D': 0, 'W': 0, 'V': 0, 'S': 0, 'R': 0, 'T': 2}

Dataset	: ecoli.dat;	Missingness Parameter	: 0.1
Mistle Accuracy = 0.3802083333333333 ; 0.7083333333333334 ; 0.171875 ; 0.5 / 192
CNFAlgo Accuracy 2 = 144/207 = 0.6956521739130435
CNFAlgo Accuracy 3 = 102/207 = 0.4927536231884058


dataset = ecoli.dat with minsup = 0.002976190476190476
missingness_parameters = [0.1]
mistle_accuracy_list1 = [0.3802083333333333]
mistle_accuracy_list2 = [0.7083333333333334]
mistle_accuracy_list3 = [0.171875]
mistle_accuracy_list4 = [0.5]
mistle_clauses_list = [7]
mistle_literals_list = [24]
cnfalgo_accuracy_list2 = [0.6956521739130435]
cnfalgo_accuracy_list3 = [0.4927536231884058]
cnfalgo_clauses_list = [2232]
cnfalgo_literals_list = [8768]
train_data_literals_list = [1771]
randomized_accuracy_list = [0.37699468085106386]
mistle runtime = 1.459035873413086
cnfalgo runtime = 0.2397899627685547
