>/Users/arcchit/Docs/Mistle/Resources/spmf.jar
========== LCM - STATS ============
 Freq. closed itemsets count: 6537
 Total time ~: 118 ms
 Max memory:14.0
=====================================
Length of freq items 1	: 6537
Time of freq items 1	: 0.6437251567840576
24075 Frequent Itemsets are mined in 0.3262460231781006 seconds.
Length of freq items 2	: 24075
Time of freq items 2	: 0.32630228996276855
40  violations of +ve partial assignments found for the learned theory.
Violating Clauses	:{frozenset({-21, -16, -8, -6, -4, -3}), frozenset({-6, -4, -3}), frozenset({-7, -4, -2}), frozenset({-21, -17, -3, -72, -73, -8, -6, -37, -4, -35})}
DL of initial theory	: 34443.22685856552
5039	itemsets left after T operation 	: [frozenset({-4, -72, -6, -36, -3})]
2183	itemsets left after W operation 	: [frozenset({-6, -21, -4, 85}), frozenset({-30, -61, -26, -22, -85, -17, -48, -46, -75, -10, -71, -37, -39, -3}), frozenset({-62, -55, -53, -48, -44, -32, -28, -24, -85, -82, -17, -79, -75, -10, -72, -3}), frozenset({-30, -59, -26, -22, -85, -49, -14, -41, -44, -10, -73, -71, -36, -3}), frozenset({-62, -28, -24, -85, -82, -49, -17, -47, -80, -43, -73, -72, -37, -3, -33}), frozenset({-63, -60, -48, -44, -41, -36, -30, -26, -22, -85, -14, -78, -10, -73, -72, -2}), frozenset({-30, -61, -85, -14, -46, -10, -74, -72, -36, -2}), frozenset({-63, -59, -55, -52, -48, -44, -39, -36, -30, -23, -85, -16, -12, -75, -71, -3}), frozenset({-61, -55, -52, -48, -45, -9, -41, -30, -26, -22, -85, -14, -73, -71, -3, -65}), frozenset({-32, -28, -24, -55, -53, -85, -82, -17, -46, -66, -74, -72, -36, -2}), frozenset({-32, -59, -26, -23, -85, -48, -46, -14, -41, -10, -73, -71, -36, -3, -65}), frozenset({-61, -28, -24, -85, -51, -17, -47, -3, -43, -11, -73, -72, -37, -67}), frozenset({-63, -30, -26, -55, -22, -53, -85, -48, -46, -14, -41, -73, -36, -3}), frozenset({-64, -62, -85, -82, -49, -17, -47, -79, -77, -12, -41, -72, -36, -2, -33}), frozenset({-63, -62, -85, -82, -78, -14, -74, -8, -71, -2}), frozenset({-59, -55, -52, -49, -46, -41, -36, -30, -26, -22, -85, -83, -16, -78, -12, -73, -71, -3, -65}), frozenset({-16, -8, -85, -3}), frozenset({-62, -58, -57, -50, -46, -40, -36, -33, -28, -24, -85, -17, -74, -10, -72, -67, -2}), frozenset({-59, -55, -52, -48, -45, -39, -36, -31, -26, -22, -85, -16, -10, -73, -72, -2}), frozenset({-62, -85, -52, -50, -82, -17, -46, -78, -12, -75, -34, -72, -36, -2}), frozenset({-85, -17, -3, -72, -73, -8, -37, -35}), frozenset({-62, -57, -54, -49, -46, -41, -37, -32, -26, -24, -85, -82, -17, -79, -10, -73, -72, -3, -66}), frozenset({-32, -59, -26, -22, -85, -48, -14, -44, -73, -8, -71, -36, -3}), frozenset({-25, -85, -17, -47, -75, -72, -40, -37, -67, -2, -33}), frozenset({-64, -58, -56, -53, -48, -47, -41, -37, -31, -26, -85, -16, -11, -73, -72, -3}), frozenset({-10, -85, -36, -3, -17}), frozenset({-63, -60, -56, -52, -49, -44, -42, -8, -37, -34, -28, -24, -85, -82, -17, -79, -73, -72, -3}), frozenset({-63, -59, -53, -48, -45, -39, -36, -30, -26, -22, -85, -84, -16, -79, -10, -73, -72, -2}), frozenset({-30, -61, -26, -22, -85, -48, -46, -14, -10, -73, -39, -71, -36, -3, -65}), frozenset({-61, -56, -52, -50, -47, -40, -37, -35, -28, -24, -85, -82, -17, -79, -3, -12, -73, -72, -67}), frozenset({-61, -58, -57, -54, -49, -45, -42, -36, -30, -26, -24, -85, -82, -79, -13, -75, -10, -72, -2}), frozenset({-59, -48, -46, -39, -36, -32, -26, -22, -85, -82, -14, -78, -10, -74, -71, -3}), frozenset({-28, -25, -85, -50, -17, -3, -46, -12, -73, -72, -35}), frozenset({-32, -85, -82, -50, -17, -46, -74, -40, -8, -70, -36, -2}), frozenset({-59, -55, -85, -52, -16, -12, -44, -74, -39, -71, -3})]
1708	itemsets left after W operation 	: [frozenset({-73, -26, 86, -22, -36}), frozenset({-63, -30, -55, -86, -53, -85, -48, -46, -14, -41, -3}), frozenset({-59, -55, -52, -49, -46, -41, -30, -86, -85, -83, -16, -78, -12, -71, -3, -65}), frozenset({-58, -54, -49, -46, -39, -31, -86, -21, -82, -17, -78, -10, -72, -7, -5, -3}), frozenset({-63, -62, -55, -53, -48, -46, -40, -30, -86, -19, -13, -8, -71, -6, -4, -3}), frozenset({-31, -59, -55, -86, -85, -52, -48, -16, -45, -10, -72, -39, -2}), frozenset({-32, -59, -86, -85, -48, -14, -44, -8, -71, -3}), frozenset({-63, -30, -59, -86, -53, -85, -84, -48, -16, -79, -45, -10, -72, -39, -2}), frozenset({-30, -61, -86, -85, -48, -46, -14, -10, -39, -71, -3, -65}), frozenset({-30, -59, -86, -85, -49, -14, -44, -10, -41, -71, -3}), frozenset({-63, -30, -60, -86, -85, -48, -14, -78, -44, -10, -41, -72, -2})]
1402	itemsets left after W operation 	: [frozenset({-73, 87, -72, -37, -17}), frozenset({-61, -24, -55, -87, -53, -19, -49, -78, -46, -12, -41, -6, -4, -3}), frozenset({-62, -54, -50, -47, -42, -33, -28, -24, -87, -21, -82, -80, -7, -5, -67, -2}), frozenset({-35, -8, -87, -85, -3}), frozenset({-58, -57, -53, -50, -47, -40, -34, -28, -25, -87, -82, -80, -12, -6, -4, -2}), frozenset({-62, -57, -54, -49, -46, -41, -32, -26, -24, -87, -85, -82, -79, -10, -3, -66}), frozenset({-63, -60, -56, -52, -49, -44, -42, -34, -28, -24, -87, -85, -82, -79, -8, -3}), frozenset({-61, -56, -52, -50, -47, -40, -35, -28, -24, -87, -85, -82, -79, -3, -12, -67}), frozenset({-58, -55, -54, -50, -46, -41, -31, -28, -87, -22, -21, -78, -12, -7, -5, -2}), frozenset({-62, -28, -24, -87, -85, -82, -49, -80, -47, -43, -3, -33}), frozenset({-61, -28, -24, -87, -85, -51, -47, -3, -43, -11, -67})]
822	itemsets left after T operation 	: [frozenset({-30, -26, -55, -4, -19, -6, -36})]
654	itemsets left after S operation 	: [frozenset({-6, -4, -3})]
320	itemsets left after T operation 	: [frozenset({-48, -46, -3, -10})]
246	itemsets left after W operation 	: [frozenset({-72, 88, -2}), frozenset({-30, -61, -88, -85, -14, -46, -10, -74, -36}), frozenset({-32, -28, -24, -55, -88, -53, -85, -82, -17, -46, -74, -36, -66}), frozenset({-64, -62, -88, -85, -82, -49, -17, -47, -79, -77, -12, -41, -36, -33}), frozenset({-62, -58, -57, -50, -46, -40, -36, -33, -28, -24, -88, -85, -17, -74, -10, -67}), frozenset({-62, -88, -85, -52, -50, -82, -17, -46, -78, -12, -75, -36, -34}), frozenset({-25, -88, -85, -17, -47, -75, -40, -37, -67, -33}), frozenset({-61, -58, -57, -54, -49, -45, -42, -36, -30, -26, -24, -88, -85, -82, -79, -13, -75, -10}), frozenset({-31, -59, -88, -55, -86, -85, -52, -48, -16, -45, -10, -39}), frozenset({-63, -30, -59, -88, -86, -53, -85, -84, -48, -16, -79, -45, -10, -39}), frozenset({-63, -30, -60, -88, -86, -85, -48, -14, -78, -44, -10, -41})]
237	itemsets left after W operation 	: [frozenset({-24, 89, -28}), frozenset({-32, -89, -88, -55, -53, -85, -82, -17, -46, -74, -36, -66}), frozenset({-32, -62, -89, -55, -53, -85, -82, -17, -48, -79, -44, -75, -10, -72, -3}), frozenset({-62, -58, -57, -88, -89, -85, -50, -17, -46, -74, -10, -40, -36, -67, -33}), frozenset({-62, -89, -87, -54, -21, -50, -82, -80, -47, -42, -7, -5, -67, -2, -33}), frozenset({-63, -60, -89, -56, -87, -85, -52, -82, -49, -79, -44, -42, -8, -3, -34}), frozenset({-61, -89, -56, -87, -85, -52, -50, -82, -35, -47, -79, -3, -12, -40, -67}), frozenset({-62, -89, -87, -85, -82, -49, -80, -47, -43, -3, -33}), frozenset({-61, -89, -87, -85, -51, -47, -3, -43, -11, -67})]
218	itemsets left after T operation 	: [frozenset({-48, -55, -30, -3})]
166	itemsets left after T operation 	: [frozenset({-3, -82, -49})]
137	itemsets left after W operation 	: [frozenset({90, -36, -17}), frozenset({-90, -21, -12, -73, -7, -5, -68, -3}), frozenset({-32, -90, -89, -88, -55, -53, -85, -82, -46, -74, -66}), frozenset({-62, -58, -57, -88, -89, -90, -85, -50, -46, -74, -10, -40, -67, -33}), frozenset({-85, -3, -90, -10}), frozenset({-32, -90, -85, -82, -50, -46, -74, -40, -8, -70, -2}), frozenset({-64, -62, -90, -88, -85, -82, -49, -47, -79, -77, -12, -41, -33}), frozenset({-62, -90, -88, -85, -52, -50, -82, -46, -78, -12, -75, -34})]
118	itemsets left after T operation 	: [frozenset({-46, -78, -12})]
87	itemsets left after T operation 	: [frozenset({-48, -3})]
81	itemsets left after V operation 	: [frozenset({3, -37, -55, -52, -51, -17, -47, -43, -75, -69, -67, -2, -33}), frozenset({3, -21, 85}), frozenset({3, -28, -58, -57, -25, -87, -53, -50, -82, -80, -47, -12, -2, -40, -34}), frozenset({-30, 3, -26, -55, -36, -19}), frozenset({-6, -4, -3})]
68	itemsets left after T operation 	: [frozenset({-12, -3})]
62	itemsets left after T operation 	: [frozenset({-48, -30, -10})]
53	itemsets left after V operation 	: [frozenset({-61, 3, -58, -57, -54, -45, -42, -36, -30, -26, -24, -88, -85, -79, -13, -75, -10}), frozenset({-64, -62, 3, -90, -88, -85, -47, -79, -77, -12, -41, -33}), frozenset({-3, -82, -49})]>/Users/arcchit/Docs/Mistle/Resources/spmf.jar
========== LCM - STATS ============
 Freq. closed itemsets count: 4
 Total time ~: 1 ms
 Max memory:7.565757751464844
=====================================
>/Users/arcchit/Docs/Mistle/Resources/spmf.jar
========== LCM - STATS ============
 Freq. closed itemsets count: 11204
 Total time ~: 180 ms
 Max memory:22.14306640625
=====================================
>/Users/arcchit/Docs/Mistle/Resources/spmf.jar
========== LCM - STATS ============
 Freq. closed itemsets count: 0
 Total time ~: 0 ms
 Max memory:7.565757751464844
=====================================

49	itemsets left after V operation 	: [frozenset({-31, -59, -88, -55, -86, -85, -52, -16, -45, -39, 30}), frozenset({-48, -30, -10})]
41	itemsets left after T operation 	: [frozenset({-3, -49})]
27	itemsets left after T operation 	: [frozenset({-3})]
Length of freq items 1	: 4
Time of freq items 1	: 0.3201637268066406
4 Frequent Itemsets are mined in 0.00022602081298828125 seconds.
Length of freq items 2	: 4
Time of freq items 2	: 0.00025916099548339844
3	itemsets left after W operation 	: [frozenset({-88, 91, -85}), frozenset({-30, -61, -91, -14, -46, -10, -74, -36}), frozenset({-91, -25, -17, -47, -75, -40, -37, -67, -33}), frozenset({-32, -91, -90, -89, -55, -53, -82, -46, -74, -66}), frozenset({-62, -91, -58, -57, -89, -90, -50, -46, -74, -10, -40, -67, -33}), frozenset({-61, 3, -58, -57, -54, -45, -42, -36, -30, -91, -26, -24, -79, -13, -75, -10}), frozenset({-64, -62, 3, -91, -90, -47, -79, -77, -12, -41, -33}), frozenset({-31, -59, -91, -55, -86, -52, -16, -45, -39, 30})]
0 clauses are pruned.
Initial DL				: 34855.474440863654
Final DL				: 7682.491084041698
Compression (wrt me)	: 0.7795901158345747
Operator Counters		: {'D': 0, 'W': 7, 'V': 3, 'S': 1, 'R': 0, 'T': 11}
Length of freq items 1	: 11204
Time of freq items 1	: 0.5313491821289062
15450 Frequent Itemsets are mined in 0.23538994789123535 seconds.
Length of freq items 2	: 15450
Time of freq items 2	: 0.23543500900268555
19  violations of +ve partial assignments found for the learned theory.
Violating Clauses	:{frozenset({-73, -72, -7, -5, -2}), frozenset({-6, -4, -2}), frozenset({-21, -17, -12, -7, -5, -2}), frozenset({-73, -72, -6, -4, -2}), frozenset({-21, -4, -14, -10, -73, -72, -6, -36, -2})}
DL of initial theory	: 34443.226858565504
9316	itemsets left after T operation 	: [frozenset({-72, -6, -4, -2})]
7851	itemsets left after W operation 	: [frozenset({85, -73, -72, -6, -21, -4, -3}), frozenset({-32, -64, -61, -55, -53, -85, -17, -48, -46, -36}), frozenset({-62, -28, -24, -56, -85, -52, -17, -49, -47, -11, -40, -37, -67}), frozenset({-30, -26, -22, -85, -48, -14, -46, -10, -40, -36, -65}), frozenset({-62, -28, -58, -56, -24, -54, -85, -51, -17, -47, -43, -9, -37, -67, -33}), frozenset({-32, -29, -61, -24, -55, -53, -85, -51, -17, -47, -42, -36, -67}), frozenset({-30, -59, -26, -24, -55, -53, -85, -17, -48, -46, -41, -36}), frozenset({-28, -24, -56, -85, -84, -50, -17, -80, -46, -12, -41, -34}), frozenset({-31, -62, -55, -23, -85, -52, -17, -49, -12, -44, -40, -36, -66}), frozenset({-30, -58, -26, -24, -57, -85, -52, -17, -49, -46, -41, -8, -36}), frozenset({-31, -28, -24, -55, -85, -52, -48, -47, -14, -8, -39, -36, -67}), frozenset({-64, -32, -28, -57, -25, -85, -50, -17, -47, -42, -37}), frozenset({-63, -59, -26, -24, -55, -53, -85, -50, -16, -44, -8, -39, -36, -33}), frozenset({-32, -26, -55, -22, -85, -52, -17, -49, -78, -45, -12, -42, -36}), frozenset({-59, -58, -55, -53, -50, -46, -40, -37, -30, -28, -24, -85, -82, -17, -80, -12, -67}), frozenset({-79, -14, -85, -36, -82}), frozenset({-62, -58, -24, -56, -53, -85, -50, -17, -41, -8, -36, -66}), frozenset({-62, -55, -52, -50, -47, -40, -37, -35, -28, -25, -85, -82, -17, -79, -8, -67})]
6029	itemsets left after S operation 	: [frozenset({-6, -4, -2})]
3457	itemsets left after T operation 	: [frozenset({-21, -73, -72, -7, -2})]
1689	itemsets left after W operation 	: [frozenset({-6, -4, -3, 86}), frozenset({-63, -62, -55, -52, -48, -46, -40, -36, -34, -28, -24, -86, -17, -12, -73, -72}), frozenset({-61, -58, -57, -49, -47, -40, -8, -37, -33, -28, -24, -86, -84, -19, -17, -80, -73, -72, -65}), frozenset({-62, -55, -54, -50, -46, -42, -8, -37, -33, -27, -24, -86, -21, -82, -17, -80, -72, -66}), frozenset({-55, -53, -50, -45, -41, -36, -32, -26, -24, -86, -21, -82, -78, -14, -73, -8, -70, -67}), frozenset({-30, -86, -21, -68, -14, -10, -73, -36}), frozenset({-59, -58, -56, -52, -50, -47, -41, -36, -32, -26, -23, -86, -19, -14, -10, -73, -71, -66}), frozenset({-62, -55, -52, -51, -47, -43, -37, -33, -28, -25, -86, -17, -80, -73, -72, -67}), frozenset({-61, -58, -57, -52, -48, -46, -41, -37, -34, -26, -22, -86, -82, -17, -78, -75, -10, -72, -66}), frozenset({-51, -29, -42, -24, -86, -35}), frozenset({-62, -56, -53, -50, -47, -41, -36, -30, -24, -86, -21, -16, -79, -73, -8, -69, -67}), frozenset({-62, -30, -28, -24, -55, -86, -52, -50, -46, -43, -73, -72, -36, -67}), frozenset({-32, -62, -28, -56, -24, -86, -52, -51, -17, -47, -43, -72, -37, -67}), frozenset({-63, -59, -58, -57, -86, -21, -16, -77, -10, -72, -40}), frozenset({85, -73, -72, -86, -21})]
467	itemsets left after T operation 	: [frozenset({-24, -17})]
340	itemsets left after W operation 	: [frozenset({-73, -21, 87}), frozenset({-61, -55, -53, -48, -46, -40, -37, -7, -32, -28, -24, -87, -80, -14, -10, -71, -4, -3}), frozenset({-59, -87, -53, -82, -17, -78, -44, -11, -71, -6, -5, -2}), frozenset({-87, -82, -17, -12, -72, -7, -5, -3}), frozenset({-72, -87, -7, -2}), frozenset({-55, -53, -50, -45, -41, -36, -32, -26, -24, -87, -86, -82, -78, -14, -8, -70, -67}), frozenset({-30, -14, -10, -87, -86, -36, -68}), frozenset({-62, -56, -53, -50, -47, -41, -36, -30, -24, -87, -86, -16, -79, -8, -69, -67}), frozenset({-72, -87, -86, 85})]
259	itemsets left after T operation 	: [frozenset({-24, -55, -36})]
201	itemsets left after T operation 	: [frozenset({-55, -52, -17})]
137	itemsets left after T operation 	: [frozenset({-7, -2})]
91	itemsets left after T operation 	: [frozenset({-5, -2, -17})]
45	itemsets left after T operation 	: [frozenset({-37, -4, -10})]
27	itemsets left after T operation 	: [frozenset({-36, -50, -41})]
23	itemsets left after V operation 	: [frozenset({-6, -4, -2}), frozenset({2, -3, 86})]
21	itemsets left after V operation 	: [frozenset({-3, 2, -12, -72, -87, -7, -82}), frozenset({-5, -2, -17})]
19	itemsets left after V operation 	: [frozenset({-32, -64, -61, -85, -53, -48, -46, 52, -36}), frozenset({-55, -52, -17})]
9	itemsets left after T operation 	: [frozenset({-2})]
Length of freq items 1	: 0
Time of freq items 1	: 0.3191487789154053
0 Frequent Itemsets are mined in 0.0001647472381591797 seconds.
Length of freq items 2	: 0
Time of freq items 2	: 0.00019693374633789062
0 clauses are pruned.
Initial DL				: 34855.47444086366
Final DL				: 5407.487722955643
Compression (wrt me)	: 0.8448597297928028
Operator Counters		: {'D': 0, 'W': 3, 'V': 3, 'S': 1, 'R': 0, 'T': 10}
mistle runtime = 4.604335784912109
cnfalgo runtime = 202.5146722793579
