>/Users/arcchit/Docs/Mistle/Resources/spmf.jar
========== LCM - STATS ============
 Freq. closed itemsets count: 435
 Total time ~: 30 ms
 Max memory:9.562057495117188
=====================================
Length of freq items 1	: 435
Time of freq items 1	: 0.49564099311828613
557 Frequent Itemsets are mined in 0.011714935302734375 seconds.
Length of freq items 2	: 557
Time of freq items 2	: 0.011803865432739258
DL of initial theory	: 71157.82339771988
434	itemsets left after T operation 	: [frozenset({-92, -155, -151, -4, -98})]
406	itemsets left after W operation 	: [frozenset({-3, -125, -21, -4, 157}), frozenset({-62, -122, -56, -117, -53, -49, -112, -107, -43, -103, -39, -98, -34, -93, -29, -157, -153, -24, -151, -86, -146, -81, -14, -77, -141, -12, -72, -135, -5, -68, -131}), frozenset({-62, -122, -58, -117, -52, -111, -47, -107, -43, -103, -37, -98, -34, -29, -92, -157, -153, -88, -23, -151, -146, -81, -78, -14, -141, -12, -137, -72, -5, -131, -66}), frozenset({-62, -122, -58, -52, -115, -49, -111, -44, -107, -39, -102, -35, -96, -30, -157, -92, -155, -23, -86, -151, -83, -146, -14, -141, -76, -12, -137, -72, -5, -68, -130}), frozenset({-62, -122, -56, -116, -52, -49, -111, -107, -43, -72, -103, -39, -34, -97, -30, -93, -157, -155, -88, -24, -151, -82, -145, -78, -14, -141, -12, -136, -5, -68, -131}), frozenset({-62, -58, -120, -117, -52, -49, -111, -9, -43, -105, -39, -101, -98, -34, -31, -157, -91, -155, -88, -23, -151, -83, -146, -78, -14, -141, -137, -72, -5, -68, -131}), frozenset({-63, -122, -58, -52, -115, -49, -112, -9, -44, -107, -39, -101, -35, -96, -30, -157, -92, -153, -23, -86, -151, -68, -82, -145, -78, -14, -142, -137, -71, -6, -132}), frozenset({-62, -58, -121, -117, -53, -49, -111, -44, -107, -103, -39, -35, -98, -30, -93, -157, -155, -88, -24, -149, -82, -146, -17, -78, -141, -12, -137, -72, -5, -68, -131}), frozenset({-62, -123, -58, -117, -52, -49, -112, -9, -107, -43, -40, -102, -32, -95, -30, -157, -155, -90, -88, -23, -151, -82, -146, -78, -14, -141, -137, -72, -5, -68, -131}), frozenset({-63, -122, -58, -53, -115, -112, -47, -44, -72, -105, -103, -39, -35, -98, -93, -29, -157, -26, -153, -151, -86, -83, -17, -144, -142, -76, -12, -8, -135, -132, -66}), frozenset({-61, -122, -58, -115, -51, -112, -47, -45, -107, -101, -36, -35, -96, -30, -157, -91, -155, -23, -86, -149, -84, -146, -14, -141, -76, -12, -73, -8, -135, -133, -68}), frozenset({-61, -122, -58, -116, -52, -110, -46, -107, -42, -102, -37, -35, -98, -30, -157, -92, -155, -88, -23, -149, -83, -146, -78, -14, -142, -12, -137, -71, -5, -68, -131}), frozenset({-61, -122, -58, -115, -51, -49, -109, -105, -41, -103, -39, -33, -96, -157, -92, -27, -153, -23, -86, -149, -146, -81, -15, -142, -12, -75, -137, -71, -5, -67, -129}), frozenset({-64, -123, -58, -54, -115, -49, -112, -45, -107, -8, -103, -39, -35, -98, -94, -157, -27, -26, -155, -151, -86, -68, -83, -146, -17, -78, -142, -12, -74, -136, -132}), frozenset({-62, -122, -58, -117, -52, -111, -47, -43, -106, -39, -102, -98, -33, -30, -157, -92, -155, -88, -24, -150, -82, -146, -78, -14, -141, -12, -137, -71, -5, -131, -66}), frozenset({-62, -122, -58, -117, -52, -111, -47, -45, -107, -72, -39, -102, -35, -98, -30, -93, -157, -155, -88, -24, -150, -82, -146, -17, -78, -141, -12, -137, -8, -68, -131}), frozenset({-62, -123, -58, -117, -52, -111, -47, -45, -73, -107, -40, -135, -102, -35, -95, -94, -30, -157, -155, -23, -151, -85, -83, -146, -14, -141, -76, -9, -7, -68, -131}), frozenset({-62, -122, -58, -53, -115, -47, -110, -44, -107, -103, -39, -35, -96, -30, -157, -91, -155, -88, -24, -151, -81, -144, -15, -78, -12, -140, -137, -71, -5, -68, -130}), frozenset({-62, -119, -118, -55, -54, -113, -49, -43, -104, -101, -36, -32, -95, -94, -30, -157, -155, -70, -5, -23, -151, -85, -147, -80, -14, -141, -12, -75, -134, -133, -68}), frozenset({-62, -122, -57, -117, -52, -48, -111, -43, -106, -103, -37, -98, -34, -29, -92, -155, -157, -88, -24, -150, -82, -145, -14, -77, -141, -12, -137, -72, -5, -131, -66}), frozenset({-60, -59, -119, -54, -114, -113, -46, -41, -104, -40, -100, -32, -95, -31, -157, -156, -91, -89, -24, -151, -5, -84, -144, -14, -13, -75, -139, -73, -134, -133, -66}), frozenset({-63, -122, -58, -117, -53, -49, -112, -73, -44, -107, -103, -36, -35, -98, -30, -93, -156, -157, -26, -88, -151, -68, -84, -146, -17, -78, -142, -12, -137, -8, -132}), frozenset({-63, -122, -58, -117, -53, -112, -47, -73, -44, -104, -103, -37, -35, -96, -94, -30, -156, -157, -26, -88, -151, -83, -146, -17, -78, -142, -12, -137, -8, -69, -132}), frozenset({-64, -123, -58, -54, -115, -113, -49, -45, -107, -103, -37, -35, -98, -93, -28, -157, -26, -153, -151, -85, -84, -147, -17, -142, -75, -74, -9, -8, -135, -133, -66}), frozenset({-63, -122, -58, -117, -53, -113, -47, -44, -105, -101, -37, -35, -98, -93, -28, -157, -153, -88, -24, -151, -83, -146, -78, -14, -141, -12, -137, -72, -5, -131, -66})]
290	itemsets left after W operation 	: [frozenset({-35, -4, -3, 158}), frozenset({-128, -123, -114, -113, -104, -103, -99, -90, -89, -84, -79, -74, -69, -60, -55, -50, -46, -45, -36, -31, -158, -156, -23, -22, -148, -147, -17, -139, -138, -9, -8, -133}), frozenset({-125, -122, -115, -112, -107, -103, -98, -93, -88, -82, -77, -73, -66, -63, -58, -53, -48, -44, -37, -158, -28, -153, -24, -151, -19, -144, -14, -142, -12, -135, -5, -132}), frozenset({-128, -123, -117, -112, -104, -100, -95, -93, -89, -84, -79, -73, -69, -60, -55, -50, -49, -44, -39, -158, -27, -155, -23, -148, -18, -144, -14, -12, -139, -137, -8, -133}), frozenset({-125, -123, -115, -113, -105, -103, -96, -92, -86, -84, -76, -74, -66, -64, -56, -53, -47, -45, -37, -158, -28, -153, -24, -151, -18, -17, -144, -142, -12, -8, -135, -133}), frozenset({-128, -123, -118, -112, -108, -101, -96, -94, -85, -84, -78, -74, -65, -64, -56, -54, -49, -45, -37, -158, -27, -26, -5, -152, -151, -21, -17, -143, -142, -9, -134, -133}), frozenset({-128, -123, -117, -111, -104, -103, -99, -94, -86, -84, -79, -74, -65, -64, -57, -54, -46, -45, -36, -158, -156, -27, -26, -151, -22, -147, -17, -142, -9, -8, -135, -133}), frozenset({-125, -123, -114, -112, -108, -100, -96, -93, -86, -82, -75, -71, -68, -62, -58, -52, -49, -42, -39, -31, -158, -156, -26, -151, -18, -143, -14, -13, -142, -138, -6, -133}), frozenset({-128, -123, -118, -113, -108, -103, -99, -94, -89, -84, -75, -74, -68, -62, -59, -54, -49, -43, -40, -158, -27, -26, -155, -151, -21, -147, -17, -13, -139, -138, -8, -133}), frozenset({-124, -123, -117, -109, -105, -100, -95, -91, -86, -81, -78, -72, -69, -60, -55, -50, -46, -42, -39, -31, -158, -155, -23, -22, -148, -143, -14, -11, -139, -135, -5, -129}), frozenset({-125, -122, -115, -112, -107, -103, -99, -92, -86, -83, -76, -73, -65, -63, -59, -53, -47, -45, -37, -158, -28, -26, -152, -149, -19, -17, -144, -142, -12, -8, -135, -132}), frozenset({-125, -123, -118, -113, -108, -103, -99, -94, -89, -84, -79, -74, -65, -64, -59, -54, -49, -45, -40, -158, -27, -26, -152, -151, -18, -17, -143, -142, -13, -137, -8, -131}), frozenset({-124, -119, -115, -113, -104, -100, -95, -93, -86, -83, -76, -74, -68, -62, -58, -52, -46, -41, -39, -158, -27, -155, -24, -151, -21, -143, -14, -142, -9, -134, -5, -129}), frozenset({-124, -122, -118, -110, -107, -102, -99, -94, -89, -84, -78, -72, -69, -64, -55, -53, -49, -43, -39, -158, -156, -27, -26, -5, -151, -22, -143, -14, -142, -9, -134, -133}), frozenset({-127, -123, -117, -112, -104, -103, -98, -94, -88, -83, -78, -73, -69, -64, -58, -54, -49, -44, -39, -31, -158, -156, -26, -151, -21, -147, -17, -142, -12, -137, -8, -132}), frozenset({-125, -120, -115, -110, -105, -102, -96, -92, -85, -83, -76, -72, -65, -61, -55, -53, -46, -44, -37, -158, -27, -154, -23, -149, -18, -17, -144, -12, -140, -8, -135, -131}), frozenset({-125, -122, -115, -113, -107, -103, -98, -93, -88, -83, -76, -73, -68, -63, -58, -53, -49, -44, -39, -30, -158, -155, -26, -151, -18, -17, -144, -142, -13, -137, -8, -132}), frozenset({-125, -122, -115, -112, -107, -101, -98, -92, -86, -83, -76, -73, -65, -61, -58, -52, -49, -44, -39, -158, -27, -153, -23, -149, -18, -144, -14, -12, -140, -8, -135, -132}), frozenset({-125, -122, -117, -111, -107, -102, -96, -92, -86, -83, -78, -73, -69, -62, -55, -50, -46, -44, -39, -31, -158, -155, -23, -151, -18, -146, -14, -141, -9, -136, -5, -131}), frozenset({-127, -123, -118, -113, -104, -103, -99, -94, -89, -84, -78, -72, -69, -64, -59, -54, -49, -45, -36, -31, -158, -156, -26, -151, -22, -147, -17, -140, -9, -8, -135, -133}), frozenset({-125, -122, -117, -112, -107, -101, -98, -90, -87, -83, -77, -73, -68, -60, -58, -50, -48, -44, -39, -158, -29, -153, -23, -148, -19, -144, -14, -12, -139, -8, -135, -132})]>/Users/arcchit/Docs/Mistle/Resources/spmf.jar
========== LCM - STATS ============
 Freq. closed itemsets count: 16
 Total time ~: 4 ms
 Max memory:7.862525939941406
=====================================
>/Users/arcchit/Docs/Mistle/Resources/spmf.jar
========== LCM - STATS ============
 Freq. closed itemsets count: 57285
 Total time ~: 1401 ms
 Max memory:153.73291015625
=====================================
>/Users/arcchit/Docs/Mistle/Resources/spmf.jar
========== LCM - STATS ============
 Freq. closed itemsets count: 0
 Total time ~: 2 ms
 Max memory:7.565757751464844
=====================================
