

Comparing on iris_19.dat with nb_rows = 150 and minsup = 0.006666666666666667
Running CNFAlgo
Return Code for CNFAlgo	: 0
CNFAlgo Accuracy = 14/15 = 0.9333333333333333
Running CNFAlgo
Return Code for CNFAlgo	: 0
CNFAlgo Accuracy = 14/15 = 0.9333333333333333
Running CNFAlgo
Return Code for CNFAlgo	: 0
CNFAlgo Accuracy = 15/15 = 1.0
Running CNFAlgo
Return Code for CNFAlgo	: 0
CNFAlgo Accuracy = 13/15 = 0.8666666666666667
Running CNFAlgo
Return Code for CNFAlgo	: 0
CNFAlgo Accuracy = 9/15 = 0.6
Running CNFAlgo
Return Code for CNFAlgo	: 0
CNFAlgo Accuracy = 13/15 = 0.8666666666666667
Running CNFAlgo
Return Code for CNFAlgo	: 0
CNFAlgo Accuracy = 13/15 = 0.8666666666666667
Running CNFAlgo
Return Code for CNFAlgo	: 0
CNFAlgo Accuracy = 13/15 = 0.8666666666666667
Running CNFAlgo
Return Code for CNFAlgo	: 0
CNFAlgo Accuracy = 13/15 = 0.8666666666666667
Running CNFAlgo
Return Code for CNFAlgo	: 0
CNFAlgo Accuracy = 13/15 = 0.8666666666666667
cnfalgo_fold_accuracy_list = [0.9333333333333333, 0.9333333333333333, 1.0, 0.8666666666666667, 0.6, 0.8666666666666667, 0.8666666666666667, 0.8666666666666667, 0.8666666666666667, 0.8666666666666667]
cnfalgo_time = 0.8455302715301514
cnfalgo_accuracy = 0.8666666666666668
