
##### Build transactions database #####.....[OK]
nbTransactions = 50
AVGTransactionsLenght = 12
##### Execute lcm #####.....[OK]
##### Parse lcm result & Build classes patterns #####.....[OK]

nbValidPatterns= 31
nbClasses= 1

##### Reduction of non binaries clauses #####.....[OK]
##### Writing of output #####.....[OK]


##### Build transactions database #####.....[OK]
no binary clause for the instance NonBinary_Compressed_mining4sat_dd0fa2d4-ff46-4675-98cc-9a6657e6c443_L1.cnf
mining4sat_dd0fa2d4-ff46-4675-98cc-9a6657e6c443_ & 1 & 50 & 50 & 0 & 0,8 Ko & 67 & 65 & 2 & 39,52 & 0,5 Ko & 0 & 0 & 0 & 39,52 & 0,5 Ko & 0,05 \\

TotalCPUTime = 0,05



##### Build transactions database #####.....[OK]
nbTransactions = 100
AVGTransactionsLenght = 16
##### Execute lcm #####.....[OK]
##### Parse lcm result & Build classes patterns #####.....[OK]

nbValidPatterns= 37
nbClasses= 1

##### Reduction of non binaries clauses #####.....[OK]
##### Writing of output #####.....[OK]


##### Build transactions database #####.....[OK]
nbTransactions = 1
AVGTransactionsLenght = 3
##### Execute lcm #####.....[OK]
##### Parse lcm result & Build classes patterns #####.....[OK]

nbValidPatterns = 0
nbClasses = 0
no binary reduction for the instance NonBinary_Compressed_mining4sat_ff6833c5-5deb-4809-a6fd-a1fb5992ca79_L1.cnf
mining4sat_ff6833c5-5deb-4809-a6fd-a1fb5992ca79_ & 1 & 100 & 100 & 0 & 1,6 Ko & 119 & 78 & 41 & 33,09 & 1,1 Ko & 0 & 0 & 0 & 33,09 & 1,1 Ko & 0,06 \\

TotalCPUTime = 0,06


Input Data	: /Users/arcchit/Docs/Mistle/mining4sat_dd0fa2d4-ff46-4675-98cc-9a6657e6c443_.cnf
Command 	: cd /Users/arcchit/Docs/Mistle/Resources/Mining4SAT && java -Xms8G -Xmx25G -cp bin/ execution.FrequentPatterns /Users/arcchit/Docs/Mistle/mining4sat_dd0fa2d4-ff46-4675-98cc-9a6657e6c443_.cnf 1
Return Code	: 0
Output Data	: /Users/arcchit/Docs/Mistle/Resources/Mining4SAT/NonBinary_Compressed_mining4sat_dd0fa2d4-ff46-4675-98cc-9a6657e6c443_L1.cnf
Input Data	: /Users/arcchit/Docs/Mistle/mining4sat_ff6833c5-5deb-4809-a6fd-a1fb5992ca79_.cnf
Command 	: cd /Users/arcchit/Docs/Mistle/Resources/Mining4SAT && java -Xms8G -Xmx25G -cp bin/ execution.FrequentPatterns /Users/arcchit/Docs/Mistle/mining4sat_ff6833c5-5deb-4809-a6fd-a1fb5992ca79_.cnf 1
Return Code	: 0
Output Data	: /Users/arcchit/Docs/Mistle/Resources/Mining4SAT/NonBinary_Compressed_mining4sat_ff6833c5-5deb-4809-a6fd-a1fb5992ca79_L1.cnf
# of frequent itemsets	: 40
Time of DCI Closed		: 0.2701692581176758
DL of initial theory	: 68
4	itemsets left after W operation 	: [frozenset({-14, 18, -17}), frozenset({-6, -11, -18}), frozenset({-8, -4, -18}), frozenset({-4, -11, -18}), frozenset({-6, -18, -9}), frozenset({-8, -3, -18}), frozenset({-8, -6, -18}), frozenset({-7, -6, -18}), frozenset({-3, -10, -18}), frozenset({-7, -3, -18}), frozenset({-6, -10, -18}), frozenset({-4, -18, -9}), frozenset({-7, -4, -18}), frozenset({-4, -10, -18})]
# of frequent itemsets	: 39
Time of DCI Closed		: 0.30721473693847656
17	itemsets left after W operation 	: [frozenset({-6, 19, -18}), frozenset({-11, -19}), frozenset({-19, -9}), frozenset({-8, -19}), frozenset({-7, -19}), frozenset({-19, -10})]
12	itemsets left after W operation 	: [frozenset({-4, 20, -18}), frozenset({-8, -20}), frozenset({-20, -11}), frozenset({-20, -9}), frozenset({-7, -20}), frozenset({-20, -10})]
Initial DL				: 200
Final DL				: 54
Compression (wrt ll)	: 0.73
Operator Counters		: {'D': 0, 'W': 3, 'V': 0, 'S': 0, 'R': 0, 'T': 0}
Misle Learning Runtime	: 0.58846116065979

# of frequent itemsets	: 66
Time of DCI Closed		: 0.29247593879699707
DL of initial theory	: 100
24	itemsets left after W operation 	: [frozenset({-16, 18, -13}), frozenset({-3, -18, -9}), frozenset({-4, -18, -9}), frozenset({-6, -11, -18}), frozenset({-5, -18, -9}), frozenset({-4, -11, -18}), frozenset({-3, -11, -18}), frozenset({-7, -4, -18}), frozenset({-7, -3, -18}), frozenset({-8, -3, -18}), frozenset({-5, -10, -18}), frozenset({-7, -2, -18}), frozenset({-10, -18, -2}), frozenset({-3, -10, -18}), frozenset({-8, -4, -18})]
20	itemsets left after W operation 	: [frozenset({-15, 19, -12, -2}), frozenset({-11, -19}), frozenset({-19, -9}), frozenset({-7, -19}), frozenset({-19, -10})]
12	itemsets left after W operation 	: [frozenset({-16, -14, 20}), frozenset({-7, -20, -3}), frozenset({-7, -4, -20}), frozenset({-8, -6, -20}), frozenset({-6, -20, -11})]
# of frequent itemsets	: 59
Time of DCI Closed		: 0.32140398025512695
28	itemsets left after W operation 	: [frozenset({21, -3, -18}), frozenset({-21, -9}), frozenset({-21, -11}), frozenset({-7, -21}), frozenset({-8, -21}), frozenset({-21, -10})]
23	itemsets left after W operation 	: [frozenset({-4, -18, 22}), frozenset({-7, -22}), frozenset({-8, -22}), frozenset({-22, -9}), frozenset({-22, -11})]
Initial DL				: 400
Final DL				: 81
Compression (wrt ll)	: 0.7975
Operator Counters		: {'D': 0, 'W': 5, 'V': 0, 'S': 0, 'R': 0, 'T': 0}
Misle Learning Runtime	: 0.6430559158325195

# of frequent itemsets	: 66
Time of DCI Closed		: 0.3027493953704834
2  violations of +ve partial assignments found for the learned theory.
Violating Clauses	:{frozenset({-6, -14, -10, -17}), frozenset({-16, -7, -14, -3})}
DL of initial theory	: 160
21	itemsets left after T operation 	: [frozenset({-16, -13})]
17	itemsets left after T operation 	: [frozenset({-15, -12, -2})]
7	itemsets left after T operation 	: [frozenset({-16, -14})]
3	itemsets left after T operation 	: [frozenset({-15, -12})]
2	itemsets left after T operation 	: [frozenset({-14, -17})]
0	itemsets left after T operation 	: [frozenset({-14})]
# of frequent itemsets	: 3
Time of DCI Closed		: 0.30501604080200195
Initial DL				: 600
Final DL				: 5
Compression (wrt ll)	: 0.9916666666666667
Operator Counters		: {'D': 0, 'W': 0, 'V': 0, 'S': 0, 'R': 0, 'T': 6}
Misle Learning Runtime	: 0.6145670413970947

# of frequent itemsets	: 40
Time of DCI Closed		: 0.2881507873535156
2  violations of +ve partial assignments found for the learned theory.
Violating Clauses	:{frozenset({-6, -14, -10, -17}), frozenset({-16, -7, -14, -3})}
DL of initial theory	: 160
4	itemsets left after T operation 	: [frozenset({-14, -17})]
2	itemsets left after T operation 	: [frozenset({-16, -14})]
0	itemsets left after T operation 	: [frozenset({-14})]
# of frequent itemsets	: 2
Time of DCI Closed		: 0.288330078125
Initial DL				: 600
Final DL				: 5
Compression (wrt ll)	: 0.9916666666666667
Operator Counters		: {'D': 0, 'W': 0, 'V': 0, 'S': 0, 'R': 0, 'T': 3}
Misle Learning Runtime	: 0.5821120738983154

Comp Theory is T-.

Minsup					: 1
Initial DL				: 601
Mining4SAT Time			: 0.6391699314117432
Mining4SAT DL			: 332
Mistle Lossless Time			: 1.2329838275909424
Mistle Lossless Pos DL	: 54
Mistle Lossless Neg DL	: 81
Mistle Lossless DL		: 136
Mistle Lossy Time			: 1.1967642307281494
Mistle Lossy Plus DL	: 4.999999999999982
Mistle Lossy Minus DL	: 4.999999999999982

Data							: iris_19.dat
Minsup List						: [1]
Compression: Mining4SAT			: [0.4475873544093178]
Compression: Mistle - Lossless	: [0.7737104825291181]
Compression: Mistle - Lossy		: [0.9916666666666667]
