
##### Build transactions database #####.....[OK]
nbTransactions = 50
AVGTransactionsLenght = 12
##### Execute lcm #####.....[OK]
##### Parse lcm result & Build classes patterns #####.....[OK]

nbValidPatterns= 28
nbClasses= 1

##### Reduction of non binaries clauses #####.....[OK]
##### Writing of output #####.....[OK]


##### Build transactions database #####.....[OK]
no binary clause for the instance NonBinary_Compressed_mining4sat_97ea6297-5678-45b2-af06-792cf4f87a8b_L1.cnf
mining4sat_97ea6297-5678-45b2-af06-792cf4f87a8b_ & 1 & 50 & 50 & 0 & 0,8 Ko & 63 & 49 & 14 & 34,7 & 0,5 Ko & 0 & 0 & 0 & 34,7 & 0,5 Ko & 0,06 \\

TotalCPUTime = 0,06



##### Build transactions database #####.....[OK]
nbTransactions = 100
AVGTransactionsLenght = 16
##### Execute lcm #####.....[OK]
##### Parse lcm result & Build classes patterns #####.....[OK]

nbValidPatterns= 37
nbClasses= 1

##### Reduction of non binaries clauses #####.....[OK]
##### Writing of output #####.....[OK]


##### Build transactions database #####.....[OK]
nbTransactions = 1
AVGTransactionsLenght = 3
##### Execute lcm #####.....[OK]
##### Parse lcm result & Build classes patterns #####.....[OK]

nbValidPatterns = 0
nbClasses = 0
no binary reduction for the instance NonBinary_Compressed_mining4sat_e66d2259-a59e-4dbf-bf4c-404173b2e5e4_L1.cnf
mining4sat_e66d2259-a59e-4dbf-bf4c-404173b2e5e4_ & 1 & 100 & 100 & 0 & 1,7 Ko & 121 & 80 & 41 & 34,5 & 1,1 Ko & 0 & 0 & 0 & 34,5 & 1,1 Ko & 0,06 \\

TotalCPUTime = 0,06


Input Data	: /Users/arcchit/Docs/Mistle/mining4sat_97ea6297-5678-45b2-af06-792cf4f87a8b_.cnf
Command 	: cd /Users/arcchit/Docs/Mistle/Resources/Mining4SAT && java -Xms8G -Xmx25G -cp bin/ execution.FrequentPatterns /Users/arcchit/Docs/Mistle/mining4sat_97ea6297-5678-45b2-af06-792cf4f87a8b_.cnf 1
Return Code	: 0
Output Data	: /Users/arcchit/Docs/Mistle/Resources/Mining4SAT/NonBinary_Compressed_mining4sat_97ea6297-5678-45b2-af06-792cf4f87a8b_L1.cnf
Input Data	: /Users/arcchit/Docs/Mistle/mining4sat_e66d2259-a59e-4dbf-bf4c-404173b2e5e4_.cnf
Command 	: cd /Users/arcchit/Docs/Mistle/Resources/Mining4SAT && java -Xms8G -Xmx25G -cp bin/ execution.FrequentPatterns /Users/arcchit/Docs/Mistle/mining4sat_e66d2259-a59e-4dbf-bf4c-404173b2e5e4_.cnf 1
Return Code	: 0
Output Data	: /Users/arcchit/Docs/Mistle/Resources/Mining4SAT/NonBinary_Compressed_mining4sat_e66d2259-a59e-4dbf-bf4c-404173b2e5e4_L1.cnf
# of frequent itemsets	: 53
Time of DCI Closed		: 0.2824249267578125
DL of initial theory	: 80
16	itemsets left after W operation 	: [frozenset({-16, 18, -13}), frozenset({-3, -18, -9}), frozenset({-4, -18, -9}), frozenset({-5, -18, -9}), frozenset({-6, -11, -18}), frozenset({-4, -11, -18}), frozenset({-3, -11, -18}), frozenset({-7, -4, -18}), frozenset({-7, -3, -18}), frozenset({-8, -3, -18}), frozenset({-5, -10, -18}), frozenset({-7, -2, -18}), frozenset({-10, -18, -2}), frozenset({-3, -10, -18}), frozenset({-8, -4, -18})]
8	itemsets left after W operation 	: [frozenset({-16, -14, 19}), frozenset({-7, -3, -19}), frozenset({-7, -4, -19}), frozenset({-8, -6, -19}), frozenset({-19, -6, -11})]
# of frequent itemsets	: 49
Time of DCI Closed		: 0.31061387062072754
23	itemsets left after W operation 	: [frozenset({20, -3, -18}), frozenset({-20, -9}), frozenset({-20, -11}), frozenset({-7, -20}), frozenset({-8, -20}), frozenset({-20, -10})]
18	itemsets left after W operation 	: [frozenset({-4, 21, -18}), frozenset({-21, -9}), frozenset({-8, -21}), frozenset({-21, -11}), frozenset({-7, -21})]
Initial DL				: 200
Final DL				: 65
Compression (wrt ll)	: 0.675
Operator Counters		: {'D': 0, 'W': 4, 'V': 0, 'S': 0, 'R': 0, 'T': 0}
Misle Learning Runtime	: 0.6116690635681152

# of frequent itemsets	: 54
Time of DCI Closed		: 0.3159291744232178
DL of initial theory	: 88
13	itemsets left after W operation 	: [frozenset({-14, 18, -17}), frozenset({-6, -11, -18}), frozenset({-7, -6, -18}), frozenset({-7, -3, -18}), frozenset({-7, -4, -18}), frozenset({-4, -10, -18}), frozenset({-8, -4, -18}), frozenset({-3, -10, -18}), frozenset({-6, -10, -18}), frozenset({-8, -6, -18}), frozenset({-6, -18, -9}), frozenset({-8, -3, -18}), frozenset({-4, -18, -9}), frozenset({-4, -11, -18})]
10	itemsets left after W operation 	: [frozenset({-15, 19, -12, -2}), frozenset({-19, -11}), frozenset({-7, -19}), frozenset({-19, -10}), frozenset({-19, -9})]
# of frequent itemsets	: 50
Time of DCI Closed		: 0.2846558094024658
22	itemsets left after W operation 	: [frozenset({-6, 20, -18}), frozenset({-20, -11}), frozenset({-7, -20}), frozenset({-20, -10}), frozenset({-8, -20}), frozenset({-20, -9})]
17	itemsets left after W operation 	: [frozenset({-4, 21, -18}), frozenset({-7, -21}), frozenset({-21, -10}), frozenset({-8, -21}), frozenset({-21, -9}), frozenset({-21, -11})]
Initial DL				: 400
Final DL				: 70
Compression (wrt ll)	: 0.825
Operator Counters		: {'D': 0, 'W': 4, 'V': 0, 'S': 0, 'R': 0, 'T': 0}
Misle Learning Runtime	: 0.6203126907348633

# of frequent itemsets	: 54
Time of DCI Closed		: 0.2905910015106201
2  violations of +ve partial assignments found for the learned theory.
Violating Clauses	:{frozenset({-6, -14, -10, -17}), frozenset({-16, -7, -14, -3})}
DL of initial theory	: 160
12	itemsets left after T operation 	: [frozenset({-14, -17})]
7	itemsets left after T operation 	: [frozenset({-15, -12, -2})]
4	itemsets left after T operation 	: [frozenset({-16, -14})]
2	itemsets left after T operation 	: [frozenset({-15, -12})]
0	itemsets left after T operation 	: [frozenset({-14})]
# of frequent itemsets	: 3
Time of DCI Closed		: 0.3032259941101074
Initial DL				: 600
Final DL				: 7
Compression (wrt ll)	: 0.9883333333333333
Operator Counters		: {'D': 0, 'W': 0, 'V': 0, 'S': 0, 'R': 0, 'T': 5}
Misle Learning Runtime	: 0.6010386943817139

# of frequent itemsets	: 53
Time of DCI Closed		: 0.3044869899749756
2  violations of +ve partial assignments found for the learned theory.
Violating Clauses	:{frozenset({-6, -14, -10, -17}), frozenset({-16, -7, -14, -3})}
DL of initial theory	: 160
14	itemsets left after T operation 	: [frozenset({-16, -13})]
3	itemsets left after T operation 	: [frozenset({-16, -14})]
2	itemsets left after T operation 	: [frozenset({-14, -17})]
0	itemsets left after T operation 	: [frozenset({-14})]
# of frequent itemsets	: 2
Time of DCI Closed		: 0.28348302841186523
Initial DL				: 600
Final DL				: 3
Compression (wrt ll)	: 0.995
Operator Counters		: {'D': 0, 'W': 0, 'V': 0, 'S': 0, 'R': 0, 'T': 4}
Misle Learning Runtime	: 0.5934319496154785

Comp Theory is T-.

Minsup					: 1
Initial DL				: 601
Mining4SAT Time			: 0.649176836013794
Mining4SAT DL			: 338
Mistle Lossless Time			: 1.2354052066802979
Mistle Lossless Pos DL	: 65
Mistle Lossless Neg DL	: 70
Mistle Lossless DL		: 136
Mistle Lossy Time			: 1.1945841312408447
Mistle Lossy Plus DL	: 7.000000000000028
Mistle Lossy Minus DL	: 3.0000000000000027

Data							: iris_18.dat
Minsup List						: [1]
Compression: Mining4SAT			: [0.43760399334442596]
Compression: Mistle - Lossless	: [0.7737104825291181]
Compression: Mistle - Lossy		: [0.995]
