
##### Build transactions database #####.....[OK]
nbTransactions = 143
AVGTransactionsLenght = 28
##### Execute lcm #####.....[OK]
##### Parse lcm result & Build classes patterns #####.....[OK]

nbValidPatterns= 28
nbClasses= 1

##### Reduction of non binaries clauses #####.....[OK]
##### Writing of output #####.....[OK]


##### Build transactions database #####.....[OK]
no binary clause for the instance NonBinary_Compressed_mining4sat_11a69334-4d0f-483f-b178-bf758a49021c_L1.cnf
mining4sat_11a69334-4d0f-483f-b178-bf758a49021c_ & 1 & 143 & 143 & 0 & 3,9 Ko & 154 & 40 & 114 & 64,04 & 1,4 Ko & 0 & 0 & 0 & 64,04 & 1,4 Ko & 0,07 \\

TotalCPUTime = 0,07



##### Build transactions database #####.....[OK]
nbTransactions = 193
AVGTransactionsLenght = 28
##### Execute lcm #####.....[OK]
##### Parse lcm result & Build classes patterns #####.....[OK]

nbValidPatterns= 430
nbClasses= 1

##### Reduction of non binaries clauses #####.....[OK]
##### Writing of output #####.....[OK]


##### Build transactions database #####.....[OK]
nbTransactions = 4
AVGTransactionsLenght = 3
##### Execute lcm #####.....[OK]
##### Parse lcm result & Build classes patterns #####.....[OK]

nbValidPatterns = 0
nbClasses = 0
no binary reduction for the instance NonBinary_Compressed_mining4sat_ad363b1f-85da-4f4f-a418-7c3724783ee1_L1.cnf
mining4sat_ad363b1f-85da-4f4f-a418-7c3724783ee1_ & 1 & 193 & 193 & 0 & 5,4 Ko & 261 & 235 & 26 & 53,25 & 2,5 Ko & 0 & 0 & 0 & 53,25 & 2,5 Ko & 0,14 \\

TotalCPUTime = 0,14


Input Data	: /Users/arcchit/Docs/Mistle/mining4sat_11a69334-4d0f-483f-b178-bf758a49021c_.cnf
Command 	: cd /Users/arcchit/Docs/Mistle/Resources/Mining4SAT && java -Xms8G -Xmx25G -cp bin/ execution.FrequentPatterns /Users/arcchit/Docs/Mistle/mining4sat_11a69334-4d0f-483f-b178-bf758a49021c_.cnf 1
Return Code	: 0
Output Data	: /Users/arcchit/Docs/Mistle/Resources/Mining4SAT/NonBinary_Compressed_mining4sat_11a69334-4d0f-483f-b178-bf758a49021c_L1.cnf
Input Data	: /Users/arcchit/Docs/Mistle/mining4sat_ad363b1f-85da-4f4f-a418-7c3724783ee1_.cnf
Command 	: cd /Users/arcchit/Docs/Mistle/Resources/Mining4SAT && java -Xms8G -Xmx25G -cp bin/ execution.FrequentPatterns /Users/arcchit/Docs/Mistle/mining4sat_ad363b1f-85da-4f4f-a418-7c3724783ee1_.cnf 1
Return Code	: 0
Output Data	: /Users/arcchit/Docs/Mistle/Resources/Mining4SAT/NonBinary_Compressed_mining4sat_ad363b1f-85da-4f4f-a418-7c3724783ee1_L1.cnf
# of frequent itemsets	: 33
Time of DCI Closed		: 0.28400301933288574
DL of initial theory	: 84
1	itemsets left after W operation 	: [frozenset({-14, -12, -26, 27, -20}), frozenset({-16, -8, -27, -2}), frozenset({-11, -27, -2, -17}), frozenset({-16, -7, -5, -27}), frozenset({-16, -11, -27, -2}), frozenset({-16, -7, -3, -27}), frozenset({-16, -11, -4, -27}), frozenset({-19, -27, -7, -2}), frozenset({-16, -7, -27, -2}), frozenset({-16, -5, -27, -10}), frozenset({-16, -27, -10, -2}), frozenset({-7, -27, -2, -17})]
# of frequent itemsets	: 34
Time of DCI Closed		: 0.2926027774810791
10	itemsets left after W operation 	: [frozenset({-16, 28, -27}), frozenset({-8, -28, -2}), frozenset({-7, -5, -28}), frozenset({-28, -11, -2}), frozenset({-7, -28, -3}), frozenset({-11, -28, -4}), frozenset({-7, -28, -2}), frozenset({-5, -28, -10}), frozenset({-28, -10, -2})]
5	itemsets left after W operation 	: [frozenset({-7, 29, -2}), frozenset({-16, -14, -29, -12, -24, -20}), frozenset({-29, -28}), frozenset({-19, -29, -27}), frozenset({-29, -27, -17})]
Initial DL				: 1001
Final DL				: 50
Compression (wrt ll)	: 0.9500499500499501
Operator Counters		: {'D': 0, 'W': 3, 'V': 0, 'S': 0, 'R': 0, 'T': 0}
Misle Learning Runtime	: 0.5847852230072021

# of frequent itemsets	: 496
Time of DCI Closed		: 0.334805965423584
DL of initial theory	: 567
326	itemsets left after W operation 	: [frozenset({-14, -12, -27, -23, 28}), frozenset({-6, -28, -10, -17}), frozenset({-5, -28, -19, -9}), frozenset({-16, -7, -6, -28}), frozenset({-16, -3, -28, -11}), frozenset({-7, -6, -28, -18}), frozenset({-8, -28, -3, -17}), frozenset({-7, -28, -2, -17}), frozenset({-7, -5, -28, -19}), frozenset({-3, -28, -11, -17}), frozenset({-6, -28, -19, -10}), frozenset({-16, -6, -28, -9}), frozenset({-16, -7, -28, -2}), frozenset({-8, -5, -28, -19}), frozenset({-8, -5, -28, -17}), frozenset({-16, -8, -6, -28}), frozenset({-16, -28, -10, -2}), frozenset({-16, -8, -28, -2}), frozenset({-16, -6, -28, -11}), frozenset({-7, -6, -28, -19}), frozenset({-16, -7, -4, -28}), frozenset({-7, -28, -18, -2}), frozenset({-16, -28, -11, -2}), frozenset({-16, -7, -28, -3}), frozenset({-16, -5, -28, -11}), frozenset({-7, -5, -28, -18}), frozenset({-8, -28, -19, -2}), frozenset({-28, -3, -18, -10}), frozenset({-16, -6, -28, -10}), frozenset({-16, -7, -5, -28}), frozenset({-16, -4, -28, -11}), frozenset({-7, -6, -28, -17})]
231	itemsets left after W operation 	: [frozenset({-16, -14, -12, -26, 29}), frozenset({-8, -29, -2, -21}), frozenset({-4, -29, -20, -11}), frozenset({-5, -29, -11, -21}), frozenset({-23, -3, -29, -7}), frozenset({-23, -29, -7, -2}), frozenset({-7, -29, -20, -2}), frozenset({-23, -3, -29, -11}), frozenset({-3, -29, -20, -11}), frozenset({-23, -29, -11, -2}), frozenset({-29, -20, -11, -5}), frozenset({-23, -6, -29, -11}), frozenset({-29, -20, -10, -2}), frozenset({-8, -29, -20, -2}), frozenset({-6, -29, -20, -11}), frozenset({-7, -6, -29, -20}), frozenset({-8, -22, -29, -2}), frozenset({-29, -20, -11, -2}), frozenset({-7, -22, -29, -2}), frozenset({-8, -22, -29, -3}), frozenset({-6, -29, -20, -9})]
162	itemsets left after W operation 	: [frozenset({-14, -12, -27, -21, 30}), frozenset({-16, -7, -30, -5}), frozenset({-7, -30, -19, -2}), frozenset({-16, -7, -30, -6}), frozenset({-11, -30, -19, -2}), frozenset({-16, -7, -30, -2}), frozenset({-16, -30, -6, -10}), frozenset({-11, -30, -6, -19}), frozenset({-7, -30, -4, -19}), frozenset({-16, -30, -5, -9})]
123	itemsets left after W operation 	: [frozenset({-14, -12, -26, -20, 31}), frozenset({-31, -3, -11, -18}), frozenset({-8, -31, -5, -19}), frozenset({-31, -11, -4, -19}), frozenset({-31, -3, -19, -7}), frozenset({-31, -11, -19, -2}), frozenset({-31, -11, -5, -19}), frozenset({-31, -11, -6, -19}), frozenset({-31, -5, -11, -17})]
65	itemsets left after W operation 	: [frozenset({32, -16, -14, -13}), frozenset({-32, -26, -5, -7, -21}), frozenset({-32, -26, -7, -5, -20}), frozenset({-32, -27, -11, -23, -2}), frozenset({-32, -11, -25, -6, -20}), frozenset({-32, -27, -23, -7, -2}), frozenset({-32, -27, -23, -5, -7})]
47	itemsets left after W operation 	: [frozenset({33, -14, -12, -27}), frozenset({-3, -11, -22, -19, -33}), frozenset({-16, -11, -22, -2, -33}), frozenset({-16, -6, -7, -22, -33}), frozenset({-23, 28, -33}), frozenset({-21, 30, -33})]
42	itemsets left after W operation 	: [frozenset({-16, -6, 34}), frozenset({-15, -13, -26, -10, -20, -34}), frozenset({-7, -28, -34}), frozenset({-28, -34, -9}), frozenset({-8, -28, -34}), frozenset({-7, -22, -34, -33}), frozenset({-28, -11, -34}), frozenset({-7, -30, -34}), frozenset({-30, -34, -10}), frozenset({-28, -34, -10})]
14	itemsets left after W operation 	: [frozenset({-14, 35, -26, -21, -19}), frozenset({-35, -5, -12, -11}), frozenset({-13, -35, -10, -5}), frozenset({-35, -13, -11, -2})]
13	itemsets left after W operation 	: [frozenset({-6, -20, 36}), frozenset({-29, -36, -11}), frozenset({-7, -29, -36}), frozenset({-32, -36, -11, -25}), frozenset({-29, -36, -9})]
# of frequent itemsets	: 268
Time of DCI Closed		: 0.320141077041626
161	itemsets left after W operation 	: [frozenset({-7, -28, 37}), frozenset({-6, -37, -18}), frozenset({-37, -2, -17}), frozenset({-5, -19, -37}), frozenset({-16, -37, -2}), frozenset({-37, -34}), frozenset({-6, -37, -19}), frozenset({-16, -37, -4}), frozenset({-37, -18, -2}), frozenset({-16, -37, -3}), frozenset({-5, -18, -37}), frozenset({-16, -5, -37}), frozenset({-6, -37, -17})]
145	itemsets left after W operation 	: [frozenset({-29, 38, -2}), frozenset({-8, -38, -21}), frozenset({-23, -38, -7}), frozenset({-7, -38, -20}), frozenset({-23, -38, -11}), frozenset({-38, -20, -10}), frozenset({-8, -38, -20}), frozenset({-8, -38, -22}), frozenset({-38, -20, -11}), frozenset({-7, -22, -38})]
139	itemsets left after W operation 	: [frozenset({-31, -11, -19, 39}), frozenset({-39, -4}), frozenset({-39, -2}), frozenset({-39, -5}), frozenset({-39, -6})]
135	itemsets left after W operation 	: [frozenset({-16, 40, -28, -11}), frozenset({-40, -5}), frozenset({-40, -3}), frozenset({-40, -2}), frozenset({-40, -4})]
125	itemsets left after W operation 	: [frozenset({41, -29, -11}), frozenset({-4, -20, -41}), frozenset({-21, -5, -41}), frozenset({-23, -3, -41}), frozenset({-20, -3, -41}), frozenset({-5, -20, -41}), frozenset({-23, -6, -41}), frozenset({-36, -41})]
110	itemsets left after W operation 	: [frozenset({-8, 42, -28}), frozenset({-3, -42, -17}), frozenset({-5, -19, -42}), frozenset({-5, -42, -17}), frozenset({-16, -42, -2}), frozenset({-19, -42, -2}), frozenset({-42, -34})]
104	itemsets left after W operation 	: [frozenset({-32, -23, 43, -27}), frozenset({-11, -43, -2}), frozenset({-7, -43, -2}), frozenset({-7, -5, -43})]
98	itemsets left after W operation 	: [frozenset({-16, 44, -2}), frozenset({-44, -28, -10}), frozenset({-44, -42}), frozenset({-7, -30, -44}), frozenset({-37, -44}), frozenset({-22, -44, -11, -33})]
92	itemsets left after W operation 	: [frozenset({-28, 45, -10}), frozenset({-6, -45, -17}), frozenset({-45, -34}), frozenset({-6, -45, -19}), frozenset({-45, -3, -18}), frozenset({-45, -44})]
82	itemsets left after W operation 	: [frozenset({-7, -30, 46}), frozenset({-16, -46, -5}), frozenset({-46, -19, -2}), frozenset({-46, -4, -19}), frozenset({-46, -44}), frozenset({-46, -34})]
75	itemsets left after W operation 	: [frozenset({-32, -26, -7, -5, 47}), frozenset({-47, -21}), frozenset({-47, -20})]
70	itemsets left after W operation 	: [frozenset({48, -19, -11}), frozenset({-48, -30, -6}), frozenset({-48, -30, -2}), frozenset({-48, -31, 39}), frozenset({-48, -22, -3, -33})]
66	itemsets left after W operation 	: [frozenset({49, -5, -19}), frozenset({-9, -28, -49}), frozenset({-8, -31, -49}), frozenset({-37, -49}), frozenset({-42, -49})]
Initial DL				: 1351
Final DL				: 317
Compression (wrt ll)	: 0.765358993338268
Operator Counters		: {'D': 0, 'W': 22, 'V': 0, 'S': 0, 'R': 0, 'T': 0}
Misle Learning Runtime	: 1.38224196434021

# of frequent itemsets	: 496
Time of DCI Closed		: 0.34293031692504883
5  violations of +ve partial assignments found for the learned theory.
Violating Clauses	:{frozenset({-26, -20, -16, -14, -12, -8, -2}), frozenset({-26, -20, -16, -14, -12, -7, -2}), frozenset({-26, -20, -16, -14, -12, -11, -2}), frozenset({-26, -20, -16, -14, -12, -11, -4}), frozenset({-26, -20, -16, -14, -12, -10, -2})}
DL of initial theory	: 616
326	itemsets left after T operation 	: [frozenset({-23, -14, -12, -27})]
231	itemsets left after T operation 	: [frozenset({-16, -14, -12, -26})]
159	itemsets left after T operation 	: [frozenset({-14, -21, -12, -27})]
120	itemsets left after T operation 	: [frozenset({-14, -20, -12, -26})]
61	itemsets left after T operation 	: [frozenset({-16, -14, -13})]
41	itemsets left after T operation 	: [frozenset({-14, -12, -27})]
12	itemsets left after T operation 	: [frozenset({-14, -21, -19, -26})]
7	itemsets left after T operation 	: [frozenset({-14, -12, -26})]
5	itemsets left after T operation 	: [frozenset({-14, -26})]
1	itemsets left after T operation 	: [frozenset({-16, -13})]
0	itemsets left after T operation 	: [frozenset({-14})]
# of frequent itemsets	: 2
Time of DCI Closed		: 0.28319692611694336
Initial DL				: 2352
Final DL				: 3
Compression (wrt ll)	: 0.9987244897959183
Operator Counters		: {'D': 0, 'W': 0, 'V': 0, 'S': 0, 'R': 0, 'T': 11}
Misle Learning Runtime	: 0.6551699638366699

# of frequent itemsets	: 33
Time of DCI Closed		: 0.29703307151794434
5  violations of +ve partial assignments found for the learned theory.
Violating Clauses	:{frozenset({-26, -20, -16, -14, -12, -8, -2}), frozenset({-26, -20, -16, -14, -12, -7, -2}), frozenset({-26, -20, -16, -14, -12, -11, -2}), frozenset({-26, -20, -16, -14, -12, -11, -4}), frozenset({-26, -20, -16, -14, -12, -10, -2})}
DL of initial theory	: 616
1	itemsets left after T operation 	: [frozenset({-14, -20, -12, -26})]
0	itemsets left after T operation 	: [frozenset({-14, -20, -12})]
# of frequent itemsets	: 1
Time of DCI Closed		: 0.2926909923553467
Initial DL				: 2352
Final DL				: 3
Compression (wrt ll)	: 0.9987244897959183
Operator Counters		: {'D': 0, 'W': 0, 'V': 0, 'S': 0, 'R': 0, 'T': 2}
Misle Learning Runtime	: 0.6021499633789062

Comp Theory is T-.

Minsup					: 1
Initial DL				: 2353
Mining4SAT Time			: 0.7899861335754395
Mining4SAT DL			: 827
Mistle Lossless Time			: 1.9714319705963135
Mistle Lossless Pos DL	: 50
Mistle Lossless Neg DL	: 317
Mistle Lossless DL		: 368
Mistle Lossy Time			: 1.2574350833892822
Mistle Lossy Plus DL	: 3.0000000000001013
Mistle Lossy Minus DL	: 3.0000000000001013

Data							: ecoli.dat
Minsup List						: [1]
Compression: Mining4SAT			: [0.6485337866553336]
Compression: Mistle - Lossless	: [0.8436039099022524]
Compression: Mistle - Lossy		: [0.9987244897959183]
