
##### Build transactions database #####.....[OK]
nbTransactions = 500
AVGTransactionsLenght = 32
##### Execute lcm #####.....[OK]
##### Parse lcm result & Build classes patterns #####.....[OK]

nbValidPatterns= 717
nbClasses= 1

##### Reduction of non binaries clauses #####.....[OK]
##### Writing of output #####.....[OK]


##### Build transactions database #####.....[OK]
nbTransactions = 3
AVGTransactionsLenght = 3
##### Execute lcm #####.....[OK]
##### Parse lcm result & Build classes patterns #####.....[OK]

nbValidPatterns = 0
nbClasses = 0
no binary reduction for the instance NonBinary_Compressed_mining4sat_844a62fb-1316-442e-a39f-c9547dfdce8b_L1.cnf
mining4sat_844a62fb-1316-442e-a39f-c9547dfdce8b_ & 1 & 500 & 500 & 0 & 15,6 Ko & 560 & 229 & 331 & 64,2 & 5,6 Ko & 0 & 0 & 0 & 64,2 & 5,6 Ko & 0,29 \\

TotalCPUTime = 0,29



##### Build transactions database #####.....[OK]
nbTransactions = 268
AVGTransactionsLenght = 32
##### Execute lcm #####.....[OK]
##### Parse lcm result & Build classes patterns #####.....[OK]

nbValidPatterns= 915
nbClasses= 1

##### Reduction of non binaries clauses #####.....[OK]
##### Writing of output #####.....[OK]


##### Build transactions database #####.....[OK]
nbTransactions = 3
AVGTransactionsLenght = 4
##### Execute lcm #####.....[OK]
##### Parse lcm result & Build classes patterns #####.....[OK]

nbValidPatterns = 0
nbClasses = 0
no binary reduction for the instance NonBinary_Compressed_mining4sat_b5ba50fe-aa2d-448a-accf-d99a2cd8eeb4_L1.cnf
mining4sat_b5ba50fe-aa2d-448a-accf-d99a2cd8eeb4_ & 1 & 268 & 268 & 0 & 8,4 Ko & 347 & 253 & 94 & 57,6 & 3,6 Ko & 0 & 0 & 0 & 57,6 & 3,6 Ko & 0,27 \\

TotalCPUTime = 0,27


Input Data	: /Users/arcchit/Docs/Mistle/mining4sat_844a62fb-1316-442e-a39f-c9547dfdce8b_.cnf
Command 	: cd /Users/arcchit/Docs/Mistle/Resources/Mining4SAT && java -Xms8G -Xmx25G -cp bin/ execution.FrequentPatterns /Users/arcchit/Docs/Mistle/mining4sat_844a62fb-1316-442e-a39f-c9547dfdce8b_.cnf 1
Return Code	: 0
Output Data	: /Users/arcchit/Docs/Mistle/Resources/Mining4SAT/NonBinary_Compressed_mining4sat_844a62fb-1316-442e-a39f-c9547dfdce8b_L1.cnf
Input Data	: /Users/arcchit/Docs/Mistle/mining4sat_b5ba50fe-aa2d-448a-accf-d99a2cd8eeb4_.cnf
Command 	: cd /Users/arcchit/Docs/Mistle/Resources/Mining4SAT && java -Xms8G -Xmx25G -cp bin/ execution.FrequentPatterns /Users/arcchit/Docs/Mistle/mining4sat_b5ba50fe-aa2d-448a-accf-d99a2cd8eeb4_.cnf 1
Return Code	: 0
Output Data	: /Users/arcchit/Docs/Mistle/Resources/Mining4SAT/NonBinary_Compressed_mining4sat_b5ba50fe-aa2d-448a-accf-d99a2cd8eeb4_L1.cnf
# of frequent itemsets	: 778
Time of DCI Closed		: 0.3420388698577881
DL of initial theory	: 600
541	itemsets left after W operation 	: [frozenset({-28, 38, -10, -24, -20}), frozenset({-15, -9, -38, -3, -33}), frozenset({-15, -6, -38, -4, -33}), frozenset({-6, -33, -38, -2, -17}), frozenset({-16, -6, -38, -2, -33}), frozenset({-15, -34, -9, -38, -2}), frozenset({-15, -6, -38, -5, -34}), frozenset({-15, -6, -38, -37, -2}), frozenset({-15, -6, -34, -38, -2}), frozenset({-15, -6, -37, -38, -5}), frozenset({-34, -2, -9, -38, -18}), frozenset({-15, -6, -38, -37, -4}), frozenset({-7, -38, -19, -2, -33}), frozenset({-15, -7, -38, -2, -33}), frozenset({-15, -9, -38, -37, -2}), frozenset({-15, -6, -38, -3, -34}), frozenset({-15, -6, -38, -37, -3}), frozenset({-15, -6, -38, -3, -33}), frozenset({-16, -7, -38, -2, -33}), frozenset({-15, -9, -38, -2, -33}), frozenset({-15, -6, -38, -5, -33}), frozenset({-6, -38, -19, -2, -33}), frozenset({-15, -7, -38, -37, -2}), frozenset({-15, -6, -38, -36, -2}), frozenset({-15, -37, -7, -38, -5}), frozenset({-16, -6, -38, -5, -34}), frozenset({-6, -38, -3, -18, -33}), frozenset({-15, -6, -38, -2, -33}), frozenset({-6, -38, -5, -19, -33}), frozenset({-15, -8, -38, -2, -33}), frozenset({-15, -9, -38, -4, -33}), frozenset({-6, -2, -38, -18, -33}), frozenset({-15, -6, -38, -35, -2}), frozenset({-15, -9, -38, -36, -4}), frozenset({-6, -38, -37, -4, -19})]
400	itemsets left after W operation 	: [frozenset({39, -6, -20, -2, -33}), frozenset({-31, -15, -10, -24, -39}), frozenset({-15, -28, -11, -24, -39}), frozenset({-15, -29, -10, -24, -39}), frozenset({-16, -28, -26, -10, -39}), frozenset({-28, -10, -25, -39, -17}), frozenset({-28, -11, -24, -39, -18}), frozenset({-31, -26, -10, -39, -17}), frozenset({-15, -28, -27, -11, -39}), frozenset({-31, -10, -24, -39, -19}), frozenset({-31, -15, -11, -24, -39}), frozenset({-32, -15, -10, -24, -39}), frozenset({-15, -28, -10, -25, -39}), frozenset({-15, -30, -10, -24, -39}), frozenset({-15, -14, -28, -24, -39}), frozenset({-30, -27, -10, -39, -19}), frozenset({-31, -10, -24, -39, -18})]
259	itemsets left after W operation 	: [frozenset({-10, -24, 40, -2, -33}), frozenset({-28, -40, -23, -6, -17}), frozenset({-15, -28, -9, -40, -21}), frozenset({-32, -15, -40, -7, -20}), frozenset({-15, -6, -28, -40, -22}), frozenset({-15, -28, -9, -40, -22}), frozenset({-32, -15, -9, -40, -23}), frozenset({-28, -40, -8, -21, -18}), frozenset({-28, -9, -40, -23, -18}), frozenset({-31, -15, -40, -7, -20})]
206	itemsets left after W operation 	: [frozenset({-15, -6, 41}), frozenset({-28, -10, -41, -24, -22, -3, -33}), frozenset({-32, -10, -41, -24, -37, -20, -4}), frozenset({-31, -11, -41, -24, -20, -4, -33}), frozenset({-28, -12, -41, -24, -5, -20, -34}), frozenset({-13, -28, -41, -24, -37, -20, -2}), frozenset({-28, -12, -41, -24, -20, -4, -34}), frozenset({-38, -33, -4, -41}), frozenset({-38, -5, -34, -41}), frozenset({-38, -37, -2, -41}), frozenset({-38, -34, -2, -41}), frozenset({-38, -5, -37, -41}), frozenset({-38, -37, -4, -41}), frozenset({-38, -3, -34, -41}), frozenset({-38, -37, -3, -41}), frozenset({-38, -33, -3, -41}), frozenset({-33, -38, -5, -41}), frozenset({-38, -36, -2, -41}), frozenset({-38, -33, -2, -41}), frozenset({-38, -35, -2, -41}), frozenset({-40, -22, -28, -41})]
115	itemsets left after W operation 	: [frozenset({42, -2, -33}), frozenset({-6, -20, -42, 39}), frozenset({-15, -13, -28, -42, -9, -24, -20}), frozenset({-32, -15, -11, -42, -9, -24, -20}), frozenset({-28, -26, -9, -10, -42, -20, -17}), frozenset({-28, -27, -10, -9, -42, -20, -18}), frozenset({-15, -28, -27, -10, -9, -42, -23}), frozenset({-38, -6, -42, -17}), frozenset({-16, -38, -6, -42}), frozenset({-38, -42, -41}), frozenset({-7, -38, -19, -42}), frozenset({-24, 40, -42, -10}), frozenset({-15, -38, -7, -42}), frozenset({-16, -7, -38, -42}), frozenset({-15, -38, -42, -9}), frozenset({-38, -6, -19, -42}), frozenset({-8, -15, -38, -42}), frozenset({-38, -6, -42, -18})]
77	itemsets left after W operation 	: [frozenset({-15, 43, -9}), frozenset({-31, -43, -26, -10, -37, -20, -2}), frozenset({-13, -28, -43, -42, -24, -20}), frozenset({-32, -11, -42, -43, -24, -20}), frozenset({-28, -11, -43, -24, -37, -20, -2}), frozenset({-31, -43, -10, -24, -5, -20, -33}), frozenset({-40, -21, -28, -43}), frozenset({-3, -38, -43, -33}), frozenset({-34, -38, -43, -2}), frozenset({-40, -22, -28, -43}), frozenset({-38, -37, -43, -2}), frozenset({-32, -23, -43, -40}), frozenset({-28, -27, -42, -10, -43, -23}), frozenset({-38, -43, -42}), frozenset({-38, -4, -43, -33}), frozenset({-38, -36, -4, -43})]
63	itemsets left after W operation 	: [frozenset({-24, -28, -20, 44}), frozenset({-44, 38, -10}), frozenset({-13, -44, -43, -42}), frozenset({-12, -44, -41, -5, -34}), frozenset({-13, -44, -41, -37, -2}), frozenset({-12, -44, -41, -4, -34}), frozenset({-44, -43, -11, -37, -2})]
46	itemsets left after W operation 	: [frozenset({-24, 45, -10}), frozenset({-32, -45, -41, -37, -20, -4}), frozenset({-31, -45, -43, -5, -20, -33}), frozenset({-31, -45, -39, -15}), frozenset({-15, -29, -39, -45}), frozenset({-31, -45, -39, -19}), frozenset({-32, -15, -45, -39}), frozenset({-15, -30, -45, -39}), frozenset({40, -45, -42}), frozenset({-31, -45, -39, -18}), frozenset({-45, -28, -41, -22, -3, -33})]
29	itemsets left after W operation 	: [frozenset({-28, 46, -10}), frozenset({-16, -46, -26, -6, -5, -20, -33}), frozenset({-15, -46, -2, -25, -7, -20, -34}), frozenset({-46, -9, -26, -42, -20, -17}), frozenset({-16, -39, -46, -26}), frozenset({-39, -46, -17, -25}), frozenset({-46, -27, -42, -9, -20, -18}), frozenset({-15, -46, -39, -25}), frozenset({-46, -27, -43, -42, -23})]
25	itemsets left after W operation 	: [frozenset({-24, -28, 47}), frozenset({-47, -39, -11, -18}), frozenset({-47, -20, 44}), frozenset({-15, -14, -47, -39}), frozenset({-15, -47, -39, -11})]
16	itemsets left after W operation 	: [frozenset({48, -31, -20}), frozenset({-48, -11, -41, -24, -4, -33}), frozenset({-48, -43, -26, -10, -37, -2}), frozenset({-48, -45, -43, -5, -33}), frozenset({-48, -15, -7, -40})]
# of frequent itemsets	: 268
Time of DCI Closed		: 0.31847715377807617
160	itemsets left after W operation 	: [frozenset({49, -38, -41}), frozenset({-42, -49}), frozenset({-49, -4, -33}), frozenset({-5, -34, -49}), frozenset({-37, -2, -49}), frozenset({-49, -34, -2}), frozenset({-5, -37, -49}), frozenset({-37, -4, -49}), frozenset({-3, -34, -49}), frozenset({-37, -3, -49}), frozenset({-49, -3, -33}), frozenset({-49, -5, -33}), frozenset({-36, -2, -49}), frozenset({-35, -2, -49})]
148	itemsets left after W operation 	: [frozenset({-38, 50, -42}), frozenset({-43, -50}), frozenset({-6, -50, -17}), frozenset({-16, -6, -50}), frozenset({-7, -19, -50}), frozenset({-15, -7, -50}), frozenset({-16, -7, -50}), frozenset({-6, -19, -50}), frozenset({-8, -15, -50}), frozenset({-6, -50, -18})]
135	itemsets left after W operation 	: [frozenset({-39, 51, -15}), frozenset({-31, -45, -51}), frozenset({-29, -51, -45}), frozenset({-51, -11, -28, -27}), frozenset({-24, -31, -11, -51}), frozenset({-32, -45, -51}), frozenset({-30, -45, -51}), frozenset({-46, -51, -25}), frozenset({-47, -14, -51}), frozenset({-47, -11, -51})]
127	itemsets left after W operation 	: [frozenset({-7, 52, -15}), frozenset({-38, -37, -52, -2}), frozenset({-38, -5, -52, -37}), frozenset({-46, -2, -25, -52, -20, -34}), frozenset({-32, -52, -20, -40}), frozenset({-52, -50}), frozenset({-48, -52, -40})]
117	itemsets left after W operation 	: [frozenset({-40, -28, 53}), frozenset({-23, -6, -53, -17}), frozenset({-8, -21, -53, -18}), frozenset({-23, -53, -18, -9}), frozenset({-22, -53, -41}), frozenset({-21, -43, -53}), frozenset({-22, -53, -43})]
110	itemsets left after W operation 	: [frozenset({-37, 54, -2}), frozenset({-48, -43, -26, -10, -54}), frozenset({-38, -54, -52}), frozenset({-38, -54, -43}), frozenset({-54, -49}), frozenset({-54, -13, -44, -41}), frozenset({-11, -54, -44, -43})]
101	itemsets left after W operation 	: [frozenset({-38, -43, 55}), frozenset({-55, -3, -33}), frozenset({-55, -34, -2}), frozenset({-55, -4, -33}), frozenset({-55, -36, -4}), frozenset({-55, -54})]
99	itemsets left after W operation 	: [frozenset({-44, -12, -41, 56, -34}), frozenset({-56, -4}), frozenset({-56, -5})]
95	itemsets left after W operation 	: [frozenset({-46, -42, -9, 57, -20}), frozenset({-27, -18, -57}), frozenset({-57, -26, -17})]
81	itemsets left after W operation 	: [frozenset({-38, -6, 58}), frozenset({-16, -5, -34, -58}), frozenset({-33, -3, -58, -18}), frozenset({-5, -19, -58, -33}), frozenset({-37, -4, -19, -58})]
78	itemsets left after W operation 	: [frozenset({59, -3, -33}), frozenset({-45, -28, -59, -41, -22}), frozenset({-55, -59}), frozenset({-59, -58, -18}), frozenset({-59, -49})]
77	itemsets left after W operation 	: [frozenset({60, -34, -2}), frozenset({-38, -60, -18, -9}), frozenset({-46, -60, -25, -52, -20}), frozenset({-55, -60}), frozenset({-60, -49})]
75	itemsets left after W operation 	: [frozenset({-5, 61, -33}), frozenset({-16, -46, -61, -26, -6, -20}), frozenset({-48, -61, -43, -45}), frozenset({-61, -49}), frozenset({-61, -19, -58})]
Initial DL				: 4000
Final DL				: 334
Compression (wrt ll)	: 0.9165
Operator Counters		: {'D': 0, 'W': 24, 'V': 0, 'S': 0, 'R': 0, 'T': 0}
Misle Learning Runtime	: 1.3271427154541016

# of frequent itemsets	: 994
Time of DCI Closed		: 0.353043794631958
DL of initial theory	: 760
705	itemsets left after W operation 	: [frozenset({-15, 38, -10, -24, -20}), frozenset({-31, -6, -38, -2, -33}), frozenset({-31, -9, -38, -3, -33}), frozenset({-28, -34, -9, -38, -2}), frozenset({-6, -28, -38, -5, -34}), frozenset({-6, -28, -38, -37, -2}), frozenset({-28, -9, -38, -37, -2}), frozenset({-31, -34, -9, -38, -2}), frozenset({-31, -6, -38, -3, -34}), frozenset({-30, -6, -38, -2, -33}), frozenset({-28, -8, -38, -36, -2}), frozenset({-30, -9, -38, -2, -33}), frozenset({-35, -28, -7, -38, -3}), frozenset({-6, -28, -34, -38, -2}), frozenset({-28, -7, -38, -2, -33}), frozenset({-31, -9, -38, -2, -33}), frozenset({-28, -9, -38, -2, -33}), frozenset({-6, -28, -38, -5, -33}), frozenset({-28, -7, -38, -37, -2}), frozenset({-35, -28, -9, -38, -3}), frozenset({-28, -8, -38, -2, -33}), frozenset({-28, -9, -38, -4, -33}), frozenset({-31, -9, -38, -5, -34}), frozenset({-6, -28, -38, -4, -33}), frozenset({-28, -9, -38, -3, -34}), frozenset({-6, -29, -38, -2, -33}), frozenset({-31, -9, -38, -35, -2}), frozenset({-28, -9, -38, -4, -34}), frozenset({-6, -28, -38, -3, -33}), frozenset({-32, -6, -38, -2, -33}), frozenset({-6, -28, -38, -36, -2}), frozenset({-31, -9, -38, -3, -34}), frozenset({-28, -9, -38, -3, -33}), frozenset({-31, -6, -38, -3, -33}), frozenset({-6, -28, -38, -37, -4}), frozenset({-6, -28, -38, -2, -33}), frozenset({-28, -9, -38, -5, -33}), frozenset({-28, -34, -7, -38, -2}), frozenset({-32, -9, -38, -2, -33})]
531	itemsets left after W operation 	: [frozenset({-28, -10, 39, -2, -33}), frozenset({-26, -7, -20, -39, -18}), frozenset({-9, -24, -23, -39, -18}), frozenset({-9, -24, -39, -20, -18}), frozenset({-15, -27, -9, -39, -20}), frozenset({-15, -26, -9, -39, -20}), frozenset({-16, -24, -39, -6, -20}), frozenset({-24, -39, -6, -20, -19}), frozenset({-15, -26, -39, -6, -21}), frozenset({-27, -9, -39, -20, -18}), frozenset({-26, -39, -6, -20, -18}), frozenset({-9, -24, -39, -20, -17}), frozenset({-15, -9, -24, -23, -39}), frozenset({-15, -24, -7, -21, -39}), frozenset({-27, -39, -6, -20, -19}), frozenset({-27, -39, -6, -20, -18}), frozenset({-15, -26, -39, -6, -20}), frozenset({-15, -24, -23, -39, -7}), frozenset({-9, -24, -23, -39, -19}), frozenset({-24, -39, -6, -20, -17}), frozenset({-24, -8, -20, -39, -18}), frozenset({-27, -9, -39, -20, -19}), frozenset({-15, -9, -24, -39, -22}), frozenset({-24, -39, -6, -20, -18})]
245	itemsets left after W operation 	: [frozenset({-24, 40, -20}), frozenset({-15, -13, -28, -9, -40, -5, -33}), frozenset({-28, -10, -9, -40, -37, -19, -2}), frozenset({-31, -10, -40, -7, -4, -19, -34}), frozenset({-15, -28, -11, -40, -6, -3, -33}), frozenset({-16, -30, -10, -40, -6, -2, -33}), frozenset({-31, -11, -40, -6, -17, -2, -33}), frozenset({-15, -28, -11, -40, -7, -5, -34}), frozenset({-15, -28, -11, -40, -6, -2, -33}), frozenset({-30, -10, -40, -6, -19, -2, -33}), frozenset({-15, -28, -12, -34, -9, -40, -2}), frozenset({-28, -10, -9, -40, -5, -34, -17}), frozenset({-28, -10, -5, -40, -6, -37, -18}), frozenset({-32, -10, -9, -40, -18, -2, -33}), frozenset({-15, -28, -12, -9, -40, -2, -33}), frozenset({-28, -10, -40, -7, -3, -18, -33}), frozenset({-31, -10, -9, -40, -18, -2, -33}), frozenset({-28, -12, -18, -9, -40, -2, -33}), frozenset({-15, -28, -11, -40, -6, -36, -2}), frozenset({-16, -28, -10, -40, -8, -5, -33}), frozenset({-32, -10, -18, -40, -6, -37, -2}), frozenset({-40, -15, 38, -10}), frozenset({-40, -39, -18, -9}), frozenset({-16, -39, -6, -40}), frozenset({-40, -39, -6, -19}), frozenset({-40, -39, -9, -17}), frozenset({-40, -39, -6, -17}), frozenset({-40, -8, -39, -18}), frozenset({-40, -39, -6, -18})]
156	itemsets left after W operation 	: [frozenset({41, -2, -33}), frozenset({-13, -28, -27, -41, -6, -20, -18}), frozenset({-15, -13, -28, -27, -41, -6, -20}), frozenset({-32, -41, -27, -10, -9, -20, -19}), frozenset({-15, -28, -27, -11, -41, -6, -20}), frozenset({-32, -41, -10, -9, -24, -23, -19}), frozenset({-28, -27, -11, -41, -7, -20, -17}), frozenset({-31, -15, -41, -10, -9, -24, -23}), frozenset({-31, -38, -6, -41}), frozenset({-38, -30, -6, -41}), frozenset({-38, -30, -41, -9}), frozenset({-7, -38, -28, -41}), frozenset({-31, -41, -38, -9}), frozenset({-38, -41, -28, -9}), frozenset({-8, -38, -28, -41}), frozenset({-38, -6, -29, -41}), frozenset({-32, -38, -6, -41}), frozenset({-38, -6, -28, -41}), frozenset({-32, -38, -41, -9}), frozenset({-41, -28, -10, 39}), frozenset({-16, -30, -10, -41, -40, -6}), frozenset({-31, -11, -41, -40, -6, -17}), frozenset({-15, -28, -11, -41, -40, -6}), frozenset({-30, -10, -41, -40, -6, -19}), frozenset({-32, -41, -10, -9, -40, -18}), frozenset({-15, -41, -28, -12, -9, -40}), frozenset({-31, -41, -10, -9, -40, -18}), frozenset({-41, -28, -12, -9, -40, -18})]
103	itemsets left after W operation 	: [frozenset({-6, -28, 42}), frozenset({-15, -34, -10, -42, -24, -23, -2}), frozenset({-16, -27, -10, -42, -5, -20, -33}), frozenset({-15, -27, -10, -42, -5, -20, -33}), frozenset({-38, -5, -34, -42}), frozenset({-38, -37, -42, -2}), frozenset({-38, -34, -42, -2}), frozenset({-38, -5, -42, -33}), frozenset({-38, -4, -42, -33}), frozenset({-38, -3, -42, -33}), frozenset({-38, -36, -42, -2}), frozenset({-38, -37, -4, -42}), frozenset({-15, -11, -42, -40, -3, -33}), frozenset({-10, -42, -40, -37, -5, -18}), frozenset({-15, -11, -42, -40, -36, -2}), frozenset({-13, -27, -42, -41, -20, -18}), frozenset({-15, -13, -27, -42, -41, -20}), frozenset({-15, -27, -11, -41, -42, -20}), frozenset({-38, -42, -41}), frozenset({-15, -11, -42, -41, -40})]
72	itemsets left after W operation 	: [frozenset({43, -28, -9}), frozenset({-15, -43, -10, -24, -23, -37, -2}), frozenset({-43, -10, -18, -24, -23, -35, -2}), frozenset({-15, -3, -13, -43, -25, -36, -20}), frozenset({-38, -43, -41}), frozenset({-34, -38, -43, -2}), frozenset({-38, -37, -43, -2}), frozenset({-15, -13, -43, -40, -5, -33}), frozenset({-43, -10, -40, -37, -19, -2}), frozenset({-43, -3, -38, -35}), frozenset({-15, -12, -43, -41, -40}), frozenset({-38, -4, -43, -33}), frozenset({-12, -43, -41, -40, -18}), frozenset({-43, -38, -3, -34}), frozenset({-15, -12, -43, -2, -40, -34}), frozenset({-38, -4, -43, -34}), frozenset({-3, -38, -43, -33}), frozenset({-43, -10, -40, -5, -34, -17}), frozenset({-38, -5, -43, -33})]
56	itemsets left after W operation 	: [frozenset({-15, -20, 44}), frozenset({-31, -44, -26, -10, -6, -4, -33}), frozenset({-44, -27, -42, -10, -5, -33}), frozenset({-13, -44, -27, -42, -41}), frozenset({-41, -44, -27, -11, -42}), frozenset({-39, -44, -27, -9}), frozenset({-39, -44, -26, -9}), frozenset({-13, -44, -43, -25, -36, -3}), frozenset({-39, -6, -44, -26})]
45	itemsets left after W operation 	: [frozenset({-10, -24, -23, 45, -2}), frozenset({-15, -45, -34, -42}), frozenset({-15, -45, -43, -37}), frozenset({-35, -45, -43, -18})]
38	itemsets left after W operation 	: [frozenset({-7, -28, 46}), frozenset({-38, -46, -3, -35}), frozenset({-38, -46, -37, -2}), frozenset({-46, -27, -11, -41, -20, -17}), frozenset({-38, -46, -34, -2}), frozenset({-38, -46, -41}), frozenset({-15, -46, -11, -40, -5, -34}), frozenset({-46, -10, -40, -3, -18, -33})]
33	itemsets left after W operation 	: [frozenset({-24, -9, 47}), frozenset({-32, -47, -10, -41, -23, -19}), frozenset({-31, -15, -47, -10, -41, -23}), frozenset({-23, -47, -39, -18}), frozenset({-15, -47, -39, -23}), frozenset({-23, -47, -39, -19}), frozenset({-15, -22, -47, -39})]
31	itemsets left after W operation 	: [frozenset({48, -18, -10}), frozenset({-48, -46, -40, -3, -33}), frozenset({-32, -48, -9, -41, -40}), frozenset({-48, -31, -9, -41, -40}), frozenset({-32, -48, -40, -6, -37, -2}), frozenset({-48, -42, -37, -40, -5})]
28	itemsets left after W operation 	: [frozenset({49, -20, -18}), frozenset({-7, -39, -26, -49}), frozenset({-39, -49, -27, -9}), frozenset({-39, -6, -26, -49}), frozenset({-39, -6, -27, -49}), frozenset({-13, -27, -42, -41, -49})]
25	itemsets left after W operation 	: [frozenset({50, -19, -10}), frozenset({-30, -41, -40, -6, -50}), frozenset({-31, -34, -40, -7, -4, -50}), frozenset({-32, -47, -41, -23, -50}), frozenset({-32, -41, -27, -9, -20, -50}), frozenset({-43, -2, -40, -37, -50})]
20	itemsets left after W operation 	: [frozenset({51, -10, -33}), frozenset({-31, -44, -26, -6, -4, -51}), frozenset({-44, -27, -42, -5, -51}), frozenset({-16, -27, -42, -5, -20, -51}), frozenset({-16, -28, -40, -8, -5, -51})]
# of frequent itemsets	: 372
Time of DCI Closed		: 0.3123507499694824
253	itemsets left after W operation 	: [frozenset({-31, -38, 52, -9}), frozenset({-52, -3, -33}), frozenset({-52, -34, -2}), frozenset({-5, -52, -34}), frozenset({-52, -35, -2}), frozenset({-52, -3, -34}), frozenset({-52, -41})]
243	itemsets left after W operation 	: [frozenset({-38, 53, -41}), frozenset({-53, -42}), frozenset({-46, -53}), frozenset({-53, -43}), frozenset({-31, -6, -53}), frozenset({-30, -6, -53}), frozenset({-30, -53, -9}), frozenset({-8, -53, -28}), frozenset({-6, -29, -53}), frozenset({-32, -6, -53}), frozenset({-32, -53, -9})]
227	itemsets left after W operation 	: [frozenset({-39, -6, 54}), frozenset({-15, -54, -21, -26}), frozenset({-19, -54, -20, -27}), frozenset({-16, -54, -40}), frozenset({-40, -54, -19}), frozenset({-40, -54, -17}), frozenset({-54, -26, -49}), frozenset({-40, -54, -18}), frozenset({-54, -27, -49}), frozenset({-54, -44, -26})]
210	itemsets left after W operation 	: [frozenset({-38, -43, 55}), frozenset({-55, -4, -33}), frozenset({-55, -3, -34}), frozenset({-55, -4, -34}), frozenset({-55, -3, -33}), frozenset({-55, -5, -33}), frozenset({-55, -34, -2}), frozenset({-55, -37, -2}), frozenset({-55, -3, -35})]
189	itemsets left after W operation 	: [frozenset({56, -38, -42}), frozenset({-56, -5, -34}), frozenset({-56, -37, -2}), frozenset({-56, -34, -2}), frozenset({-56, -5, -33}), frozenset({-56, -4, -33}), frozenset({-56, -3, -33}), frozenset({-56, -36, -2}), frozenset({-56, -37, -4})]
162	itemsets left after W operation 	: [frozenset({-40, -15, 57}), frozenset({-57, 38, -10}), frozenset({-46, -11, -57, -5, -34}), frozenset({-11, -42, -57, -3, -33}), frozenset({-11, -42, -57, -36, -2}), frozenset({-57, -11, -42, -41}), frozenset({-13, -43, -57, -5, -33}), frozenset({-57, -12, -43, -41}), frozenset({-12, -43, -34, -57, -2})]
145	itemsets left after W operation 	: [frozenset({-40, 58, -41}), frozenset({-32, -9, -58, -48}), frozenset({-48, -31, -58, -9}), frozenset({-16, -30, -58, -10, -6}), frozenset({-31, -11, -58, -6, -17}), frozenset({-12, -43, -58, -18}), frozenset({-30, -6, -50, -58})]
141	itemsets left after W operation 	: [frozenset({59, -3, -33}), frozenset({-56, -59}), frozenset({-31, -38, -6, -59}), frozenset({-48, -46, -59, -40}), frozenset({-11, -59, -42, -57}), frozenset({-55, -59}), frozenset({-52, -59})]
127	itemsets left after W operation 	: [frozenset({-39, 60, -9}), frozenset({-19, -20, -60, -27}), frozenset({-40, -60, -18}), frozenset({-40, -60, -17}), frozenset({-60, -27, -49}), frozenset({-44, -60, -27}), frozenset({-44, -60, -26})]
122	itemsets left after W operation 	: [frozenset({-23, 61, -47, -39}), frozenset({-61, -18}), frozenset({-15, -61}), frozenset({-61, -19})]
113	itemsets left after W operation 	: [frozenset({62, -44, -27, -42}), frozenset({-62, -5, -51}), frozenset({-62, -13, -41}), frozenset({-62, -11, -41})]
110	itemsets left after W operation 	: [frozenset({-20, -27, 63}), frozenset({-32, -63, -9, -41, -50}), frozenset({-16, -63, -42, -5, -51}), frozenset({-63, -60, -19}), frozenset({-63, -46, -11, -41, -17}), frozenset({-63, -54, -19})]
102	itemsets left after W operation 	: [frozenset({64, -37, -2}), frozenset({-64, -43, -50, -40}), frozenset({-64, -55}), frozenset({-56, -64}), frozenset({-64, -38, -46}), frozenset({-32, -64, -48, -40, -6})]
96	itemsets left after W operation 	: [frozenset({65, -6, -31}), frozenset({-38, -3, -34, -65}), frozenset({-44, -26, -4, -51, -65}), frozenset({-53, -65}), frozenset({-65, -11, -58, -17}), frozenset({-38, -59, -65})]
91	itemsets left after W operation 	: [frozenset({66, -34, -2}), frozenset({-52, -66}), frozenset({-56, -66}), frozenset({-12, -43, -66, -57}), frozenset({-46, -38, -66}), frozenset({-55, -66})]
87	itemsets left after W operation 	: [frozenset({-15, 67, -24, -7, -39}), frozenset({-21, -67}), frozenset({-23, -67})]
84	itemsets left after W operation 	: [frozenset({-5, 68, -34}), frozenset({-46, -68, -11, -57}), frozenset({-56, -68}), frozenset({-68, -52}), frozenset({-43, -10, -40, -68, -17})]
Initial DL				: 2144
Final DL				: 425
Compression (wrt ll)	: 0.8017723880597015
Operator Counters		: {'D': 0, 'W': 31, 'V': 0, 'S': 0, 'R': 0, 'T': 0}
Misle Learning Runtime	: 1.9683871269226074

# of frequent itemsets	: 994
Time of DCI Closed		: 0.3669469356536865
30  violations of +ve partial assignments found for the learned theory.
Violating Clauses	:{frozenset({-29, -24, -20, -15, -10, -6, -2, -33}), frozenset({-28, -24, -20, -15, -10, -6, -2, -33}), frozenset({-28, -24, -20, -15, -10, -9, -4, -33}), frozenset({-28, -24, -20, -15, -10, -6, -3, -33}), frozenset({-30, -24, -20, -15, -10, -6, -2, -33}), frozenset({-28, -24, -20, -15, -10, -6, -36, -2}), frozenset({-28, -24, -20, -15, -10, -7, -37, -2}), frozenset({-28, -24, -20, -15, -10, -6, -5, -34}), frozenset({-28, -24, -20, -15, -10, -9, -37, -2}), frozenset({-28, -24, -20, -15, -10, -8, -2, -33}), frozenset({-28, -24, -23, -18, -10, -9, -2, -33}), frozenset({-28, -24, -20, -15, -10, -6, -5, -33}), frozenset({-28, -24, -20, -18, -10, -6, -2, -33}), frozenset({-32, -24, -20, -15, -10, -6, -2, -33}), frozenset({-28, -24, -20, -19, -10, -6, -2, -33}), frozenset({-28, -24, -20, -15, -10, -6, -37, -2}), frozenset({-28, -24, -20, -15, -10, -9, -3, -33}), frozenset({-28, -24, -20, -15, -10, -7, -2, -33}), frozenset({-31, -24, -20, -15, -10, -6, -2, -33}), frozenset({-28, -24, -22, -15, -10, -9, -2, -33}), frozenset({-28, -24, -20, -17, -10, -6, -2, -33}), frozenset({-28, -24, -20, -15, -9, -10, -2, -34}), frozenset({-28, -24, -20, -15, -10, -6, -4, -33}), frozenset({-28, -24, -20, -15, -11, -6, -2, -33}), frozenset({-28, -24, -20, -15, -10, -9, -2, -33}), frozenset({-28, -24, -20, -15, -10, -6, -37, -4}), frozenset({-28, -27, -20, -15, -11, -6, -2, -33}), frozenset({-28, -24, -20, -16, -10, -6, -2, -33}), frozenset({-28, -24, -20, -15, -2, -10, -6, -34}), frozenset({-28, -27, -20, -18, -10, -9, -2, -33})}
DL of initial theory	: 1120
705	itemsets left after T operation 	: [frozenset({-24, -15, -20, -10})]
529	itemsets left after T operation 	: [frozenset({-28, -10, -2, -33})]
335	itemsets left after T operation 	: [frozenset({-20, -2, -33})]
176	itemsets left after T operation 	: [frozenset({-24, -28, -20})]
98	itemsets left after T operation 	: [frozenset({-24, -23, -10, -9, -2})]
60	itemsets left after T operation 	: [frozenset({-28, -27, -20, -10, -6, -5, -33})]
31	itemsets left after T operation 	: [frozenset({-6, -20, -10})]
15	itemsets left after T operation 	: [frozenset({-24, -23, -2, -10})]
12	itemsets left after T operation 	: [frozenset({-24, -20, -10})]
8	itemsets left after T operation 	: [frozenset({-24, -10})]
6	itemsets left after T operation 	: [frozenset({-28, -20})]
2	itemsets left after T operation 	: [frozenset({-2, -33})]
0	itemsets left after T operation 	: [frozenset({-20})]
# of frequent itemsets	: 3
Time of DCI Closed		: 0.2765660285949707
Initial DL				: 6144
Final DL				: 5
Compression (wrt ll)	: 0.9991861979166666
Operator Counters		: {'D': 0, 'W': 0, 'V': 0, 'S': 0, 'R': 0, 'T': 13}
Misle Learning Runtime	: 0.7479648590087891

# of frequent itemsets	: 778
Time of DCI Closed		: 0.3471839427947998
30  violations of +ve partial assignments found for the learned theory.
Violating Clauses	:{frozenset({-29, -24, -20, -15, -10, -6, -2, -33}), frozenset({-28, -24, -20, -15, -10, -6, -2, -33}), frozenset({-28, -24, -20, -15, -10, -9, -4, -33}), frozenset({-28, -24, -20, -15, -10, -6, -3, -33}), frozenset({-30, -24, -20, -15, -10, -6, -2, -33}), frozenset({-28, -24, -20, -15, -10, -6, -36, -2}), frozenset({-28, -24, -20, -15, -10, -7, -37, -2}), frozenset({-28, -24, -20, -15, -10, -6, -5, -34}), frozenset({-28, -24, -20, -15, -10, -9, -37, -2}), frozenset({-28, -24, -20, -15, -10, -8, -2, -33}), frozenset({-28, -24, -23, -18, -10, -9, -2, -33}), frozenset({-28, -24, -20, -15, -10, -6, -5, -33}), frozenset({-28, -24, -20, -18, -10, -6, -2, -33}), frozenset({-32, -24, -20, -15, -10, -6, -2, -33}), frozenset({-28, -24, -20, -19, -10, -6, -2, -33}), frozenset({-28, -24, -20, -15, -10, -6, -37, -2}), frozenset({-28, -24, -20, -15, -10, -9, -3, -33}), frozenset({-28, -24, -20, -15, -10, -7, -2, -33}), frozenset({-31, -24, -20, -15, -10, -6, -2, -33}), frozenset({-28, -24, -22, -15, -10, -9, -2, -33}), frozenset({-28, -24, -20, -17, -10, -6, -2, -33}), frozenset({-28, -24, -20, -15, -9, -10, -2, -34}), frozenset({-28, -24, -20, -15, -10, -6, -4, -33}), frozenset({-28, -24, -20, -15, -11, -6, -2, -33}), frozenset({-28, -24, -20, -15, -10, -9, -2, -33}), frozenset({-28, -24, -20, -15, -10, -6, -37, -4}), frozenset({-28, -27, -20, -15, -11, -6, -2, -33}), frozenset({-28, -24, -20, -16, -10, -6, -2, -33}), frozenset({-28, -24, -20, -15, -2, -10, -6, -34}), frozenset({-28, -27, -20, -18, -10, -9, -2, -33})}
DL of initial theory	: 1120
541	itemsets left after T operation 	: [frozenset({-24, -28, -20, -10})]
399	itemsets left after T operation 	: [frozenset({-6, -20, -2, -33})]
249	itemsets left after T operation 	: [frozenset({-24, -10, -2, -33})]
109	itemsets left after T operation 	: [frozenset({-24, -15, -20})]
53	itemsets left after T operation 	: [frozenset({-28, -10, -9, -2, -33})]
25	itemsets left after T operation 	: [frozenset({-28, -10, -33})]
16	itemsets left after T operation 	: [frozenset({-15, -20, -2, -10})]
10	itemsets left after T operation 	: [frozenset({-28, -10})]
3	itemsets left after T operation 	: [frozenset({-2, -10})]
1	itemsets left after T operation 	: [frozenset({-10})]
0	itemsets left after T operation 	: [frozenset({-20})]
# of frequent itemsets	: 2
Time of DCI Closed		: 0.2842121124267578
Initial DL				: 6144
Final DL				: 2
Compression (wrt ll)	: 0.9996744791666666
Operator Counters		: {'D': 0, 'W': 0, 'V': 0, 'S': 0, 'R': 0, 'T': 11}
Misle Learning Runtime	: 0.7190537452697754

Comp Theory is T-.

Minsup					: 1
Initial DL				: 6145
Mining4SAT Time			: 1.168853998184204
Mining4SAT DL			: 1904
Mistle Lossless Time			: 3.3003549575805664
Mistle Lossless Pos DL	: 334
Mistle Lossless Neg DL	: 425
Mistle Lossless DL		: 760
Mistle Lossy Time			: 1.4671499729156494
Mistle Lossy Plus DL	: 5.000000000000227
Mistle Lossy Minus DL	: 2.0000000000002274

Data							: pima.dat
Minsup List						: [1]
Compression: Mining4SAT			: [0.6901545972335232]
Compression: Mistle - Lossless	: [0.8763222131814483]
Compression: Mistle - Lossy		: [0.9996744791666666]
