The system is: Darwin - 18.7.0 - x86_64
Compiling the C compiler identification source file "CMakeCCompilerId.c" succeeded.
Compiler: /usr/local/Cellar/gcc/9.3.0/bin/gcc-9 
Build flags: 
Id flags:  

The output was:
0


Compilation of the C compiler identification source "CMakeCCompilerId.c" produced "a.out"

The C compiler identification is GNU, found in "/Users/arcchit/Docs/Mistle/Resources/Krimp/trunk/build/CMakeFiles/3.18.4/CompilerIdC/a.out"

Compiling the CXX compiler identification source file "CMakeCXXCompilerId.cpp" succeeded.
Compiler: /usr/local/Cellar/gcc/9.3.0/bin/g++-9 
Build flags: 
Id flags:  

The output was:
0


Compilation of the CXX compiler identification source "CMakeCXXCompilerId.cpp" produced "a.out"

The CXX compiler identification is GNU, found in "/Users/arcchit/Docs/Mistle/Resources/Krimp/trunk/build/CMakeFiles/3.18.4/CompilerIdCXX/a.out"

Detecting C compiler ABI info compiled with the following output:
Change Dir: /Users/arcchit/Docs/Mistle/Resources/Krimp/trunk/build/CMakeFiles/CMakeTmp

Run Build Command(s):/usr/local/bin/gmake cmTC_c7d55/fast && /usr/local/bin/gmake  -f CMakeFiles/cmTC_c7d55.dir/build.make CMakeFiles/cmTC_c7d55.dir/build
gmake[1]: Entering directory '/Users/arcchit/Docs/Mistle/Resources/Krimp/trunk/build/CMakeFiles/CMakeTmp'
Building C object CMakeFiles/cmTC_c7d55.dir/CMakeCCompilerABI.c.o
/usr/local/Cellar/gcc/9.3.0/bin/gcc-9   -v -Wl,-v -o CMakeFiles/cmTC_c7d55.dir/CMakeCCompilerABI.c.o -c /usr/local/Cellar/cmake/3.18.4/share/cmake/Modules/CMakeCCompilerABI.c
Using built-in specs.
COLLECT_GCC=/usr/local/Cellar/gcc/9.3.0/bin/gcc-9
Target: x86_64-apple-darwin18
Configured with: ../configure --build=x86_64-apple-darwin18 --prefix=/usr/local/Cellar/gcc/9.3.0 --libdir=/usr/local/Cellar/gcc/9.3.0/lib/gcc/9 --disable-nls --enable-checking=release --enable-languages=c,c++,objc,obj-c++,fortran --program-suffix=-9 --with-gmp=/usr/local/opt/gmp --with-mpfr=/usr/local/opt/mpfr --with-mpc=/usr/local/opt/libmpc --with-isl=/usr/local/opt/isl --with-system-zlib --with-pkgversion='Homebrew GCC 9.3.0' --with-bugurl=https://github.com/Homebrew/homebrew-core/issues --disable-multilib --with-native-system-header-dir=/usr/include --with-sysroot=/Library/Developer/CommandLineTools/SDKs/MacOSX10.14.sdk
Thread model: posix
gcc version 9.3.0 (Homebrew GCC 9.3.0) 
COLLECT_GCC_OPTIONS='-v' '-o' 'CMakeFiles/cmTC_c7d55.dir/CMakeCCompilerABI.c.o' '-c' '-mmacosx-version-min=10.14.0' '-asm_macosx_version_min=10.14' '-mtune=core2'
 /usr/local/Cellar/gcc/9.3.0/libexec/gcc/x86_64-apple-darwin18/9.3.0/cc1 -quiet -v -D__DYNAMIC__ /usr/local/Cellar/cmake/3.18.4/share/cmake/Modules/CMakeCCompilerABI.c -fPIC -quiet -dumpbase CMakeCCompilerABI.c -mmacosx-version-min=10.14.0 -mtune=core2 -auxbase-strip CMakeFiles/cmTC_c7d55.dir/CMakeCCompilerABI.c.o -version -o /var/folders/qh/8v1jjfg97jl6qrkmhf81x0cm0000gn/T//cc4ZMxoB.s
GNU C17 (Homebrew GCC 9.3.0) version 9.3.0 (x86_64-apple-darwin18)
	compiled by GNU C version 9.3.0, GMP version 6.2.0, MPFR version 4.0.2, MPC version 1.1.0, isl version isl-0.22.1-GMP

warning: MPFR header version 4.0.2 differs from library version 4.1.0.
warning: MPC header version 1.1.0 differs from library version 1.2.0.
GGC heuristics: --param ggc-min-expand=100 --param ggc-min-heapsize=131072
ignoring nonexistent directory "/Library/Developer/CommandLineTools/SDKs/MacOSX10.14.sdk/usr/local/include"
ignoring nonexistent directory "/usr/local/Cellar/gcc/9.3.0/lib/gcc/9/gcc/x86_64-apple-darwin18/9.3.0/../../../../../../x86_64-apple-darwin18/include"
ignoring nonexistent directory "/Library/Developer/CommandLineTools/SDKs/MacOSX10.14.sdk/Library/Frameworks"
#include "..." search starts here:
#include <...> search starts here:
 /usr/local/Cellar/gcc/9.3.0/lib/gcc/9/gcc/x86_64-apple-darwin18/9.3.0/include
 /usr/local/Cellar/gcc/9.3.0/lib/gcc/9/gcc/x86_64-apple-darwin18/9.3.0/include-fixed
 /Library/Developer/CommandLineTools/SDKs/MacOSX10.14.sdk/usr/include
 /Library/Developer/CommandLineTools/SDKs/MacOSX10.14.sdk/System/Library/Frameworks
End of search list.
GNU C17 (Homebrew GCC 9.3.0) version 9.3.0 (x86_64-apple-darwin18)
	compiled by GNU C version 9.3.0, GMP version 6.2.0, MPFR version 4.0.2, MPC version 1.1.0, isl version isl-0.22.1-GMP

warning: MPFR header version 4.0.2 differs from library version 4.1.0.
warning: MPC header version 1.1.0 differs from library version 1.2.0.
GGC heuristics: --param ggc-min-expand=100 --param ggc-min-heapsize=131072
Compiler executable checksum: 304e50e2e779d850f4a98c530ddbdf86
COLLECT_GCC_OPTIONS='-v' '-o' 'CMakeFiles/cmTC_c7d55.dir/CMakeCCompilerABI.c.o' '-c' '-mmacosx-version-min=10.14.0'  '-mtune=core2'
 as -arch x86_64 -v -force_cpusubtype_ALL -mmacosx-version-min=10.14 -o CMakeFiles/cmTC_c7d55.dir/CMakeCCompilerABI.c.o /var/folders/qh/8v1jjfg97jl6qrkmhf81x0cm0000gn/T//cc4ZMxoB.s
Apple LLVM version 10.0.1 (clang-1001.0.46.4)
Target: x86_64-apple-darwin18.7.0
Thread model: posix
InstalledDir: /Library/Developer/CommandLineTools/usr/bin
 "/Library/Developer/CommandLineTools/usr/bin/clang" -cc1as -triple x86_64-apple-macosx10.14.0 -filetype obj -main-file-name cc4ZMxoB.s -target-cpu penryn -fdebug-compilation-dir /Users/arcchit/Docs/Mistle/Resources/Krimp/trunk/build/CMakeFiles/CMakeTmp -dwarf-debug-producer Apple LLVM version 10.0.1 (clang-1001.0.46.4) -dwarf-version=4 -mrelocation-model pic -o CMakeFiles/cmTC_c7d55.dir/CMakeCCompilerABI.c.o /var/folders/qh/8v1jjfg97jl6qrkmhf81x0cm0000gn/T//cc4ZMxoB.s
COMPILER_PATH=/usr/local/Cellar/gcc/9.3.0/libexec/gcc/x86_64-apple-darwin18/9.3.0/:/usr/local/Cellar/gcc/9.3.0/libexec/gcc/x86_64-apple-darwin18/9.3.0/:/usr/local/Cellar/gcc/9.3.0/libexec/gcc/x86_64-apple-darwin18/:/usr/local/Cellar/gcc/9.3.0/lib/gcc/9/gcc/x86_64-apple-darwin18/9.3.0/:/usr/local/Cellar/gcc/9.3.0/lib/gcc/9/gcc/x86_64-apple-darwin18/
LIBRARY_PATH=/usr/local/Cellar/gcc/9.3.0/lib/gcc/9/gcc/x86_64-apple-darwin18/9.3.0/:/usr/local/Cellar/gcc/9.3.0/lib/gcc/9/gcc/x86_64-apple-darwin18/9.3.0/../../../
COLLECT_GCC_OPTIONS='-v' '-o' 'CMakeFiles/cmTC_c7d55.dir/CMakeCCompilerABI.c.o' '-c' '-mmacosx-version-min=10.14.0'  '-mtune=core2'
Linking C executable cmTC_c7d55
/usr/local/Cellar/cmake/3.18.4/bin/cmake -E cmake_link_script CMakeFiles/cmTC_c7d55.dir/link.txt --verbose=1
/usr/local/Cellar/gcc/9.3.0/bin/gcc-9 -Wl,-search_paths_first -Wl,-headerpad_max_install_names  -v -Wl,-v CMakeFiles/cmTC_c7d55.dir/CMakeCCompilerABI.c.o -o cmTC_c7d55 
Using built-in specs.
COLLECT_GCC=/usr/local/Cellar/gcc/9.3.0/bin/gcc-9
COLLECT_LTO_WRAPPER=/usr/local/Cellar/gcc/9.3.0/libexec/gcc/x86_64-apple-darwin18/9.3.0/lto-wrapper
Target: x86_64-apple-darwin18
Configured with: ../configure --build=x86_64-apple-darwin18 --prefix=/usr/local/Cellar/gcc/9.3.0 --libdir=/usr/local/Cellar/gcc/9.3.0/lib/gcc/9 --disable-nls --enable-checking=release --enable-languages=c,c++,objc,obj-c++,fortran --program-suffix=-9 --with-gmp=/usr/local/opt/gmp --with-mpfr=/usr/local/opt/mpfr --with-mpc=/usr/local/opt/libmpc --with-isl=/usr/local/opt/isl --with-system-zlib --with-pkgversion='Homebrew GCC 9.3.0' --with-bugurl=https://github.com/Homebrew/homebrew-core/issues --disable-multilib --with-native-system-header-dir=/usr/include --with-sysroot=/Library/Developer/CommandLineTools/SDKs/MacOSX10.14.sdk
Thread model: posix
gcc version 9.3.0 (Homebrew GCC 9.3.0) 
COMPILER_PATH=/usr/local/Cellar/gcc/9.3.0/libexec/gcc/x86_64-apple-darwin18/9.3.0/:/usr/local/Cellar/gcc/9.3.0/libexec/gcc/x86_64-apple-darwin18/9.3.0/:/usr/local/Cellar/gcc/9.3.0/libexec/gcc/x86_64-apple-darwin18/:/usr/local/Cellar/gcc/9.3.0/lib/gcc/9/gcc/x86_64-apple-darwin18/9.3.0/:/usr/local/Cellar/gcc/9.3.0/lib/gcc/9/gcc/x86_64-apple-darwin18/
LIBRARY_PATH=/usr/local/Cellar/gcc/9.3.0/lib/gcc/9/gcc/x86_64-apple-darwin18/9.3.0/:/usr/local/Cellar/gcc/9.3.0/lib/gcc/9/gcc/x86_64-apple-darwin18/9.3.0/../../../
COLLECT_GCC_OPTIONS='-v' '-o' 'cmTC_c7d55' '-mmacosx-version-min=10.14.0' '-asm_macosx_version_min=10.14' '-mtune=core2'
 /usr/local/Cellar/gcc/9.3.0/libexec/gcc/x86_64-apple-darwin18/9.3.0/collect2 -syslibroot /Library/Developer/CommandLineTools/SDKs/MacOSX10.14.sdk/ -dynamic -arch x86_64 -macosx_version_min 10.14.0 -weak_reference_mismatches non-weak -o cmTC_c7d55 -L/usr/local/Cellar/gcc/9.3.0/lib/gcc/9/gcc/x86_64-apple-darwin18/9.3.0 -L/usr/local/Cellar/gcc/9.3.0/lib/gcc/9/gcc/x86_64-apple-darwin18/9.3.0/../../.. -search_paths_first -headerpad_max_install_names -v CMakeFiles/cmTC_c7d55.dir/CMakeCCompilerABI.c.o -lSystem -lgcc_ext.10.5 -lgcc -lSystem -no_compact_unwind -v
collect2 version 9.3.0
/usr/bin/ld -syslibroot /Library/Developer/CommandLineTools/SDKs/MacOSX10.14.sdk/ -dynamic -arch x86_64 -macosx_version_min 10.14.0 -weak_reference_mismatches non-weak -o cmTC_c7d55 -L/usr/local/Cellar/gcc/9.3.0/lib/gcc/9/gcc/x86_64-apple-darwin18/9.3.0 -L/usr/local/Cellar/gcc/9.3.0/lib/gcc/9/gcc/x86_64-apple-darwin18/9.3.0/../../.. -search_paths_first -headerpad_max_install_names -v CMakeFiles/cmTC_c7d55.dir/CMakeCCompilerABI.c.o -lSystem -lgcc_ext.10.5 -lgcc -lSystem -no_compact_unwind -v
@(#)PROGRAM:ld  PROJECT:ld64-450.3
BUILD 18:16:53 Apr  5 2019
configured to support archs: armv6 armv7 armv7s arm64 arm64e arm64_32 i386 x86_64 x86_64h armv6m armv7k armv7m armv7em
@(#)PROGRAM:ld  PROJECT:ld64-450.3
BUILD 18:16:53 Apr  5 2019
configured to support archs: armv6 armv7 armv7s arm64 arm64e arm64_32 i386 x86_64 x86_64h armv6m armv7k armv7m armv7em
Library search paths:
	/usr/local/Cellar/gcc/9.3.0/lib/gcc/9/gcc/x86_64-apple-darwin18/9.3.0
	/usr/local/Cellar/gcc/9.3.0/lib/gcc/9
	/Library/Developer/CommandLineTools/SDKs/MacOSX10.14.sdk/usr/lib
Framework search paths:
	/Library/Developer/CommandLineTools/SDKs/MacOSX10.14.sdk/System/Library/Frameworks/
gmake[1]: Leaving directory '/Users/arcchit/Docs/Mistle/Resources/Krimp/trunk/build/CMakeFiles/CMakeTmp'



Parsed C implicit include dir info from above output: rv=done
  found start of include info
  found start of implicit include info
    add: [/usr/local/Cellar/gcc/9.3.0/lib/gcc/9/gcc/x86_64-apple-darwin18/9.3.0/include]
    add: [/usr/local/Cellar/gcc/9.3.0/lib/gcc/9/gcc/x86_64-apple-darwin18/9.3.0/include-fixed]
    add: [/Library/Developer/CommandLineTools/SDKs/MacOSX10.14.sdk/usr/include]
    add: [/Library/Developer/CommandLineTools/SDKs/MacOSX10.14.sdk/System/Library/Frameworks]
  end of search list found
  collapse include dir [/usr/local/Cellar/gcc/9.3.0/lib/gcc/9/gcc/x86_64-apple-darwin18/9.3.0/include] ==> [/usr/local/Cellar/gcc/9.3.0/lib/gcc/9/gcc/x86_64-apple-darwin18/9.3.0/include]
  collapse include dir [/usr/local/Cellar/gcc/9.3.0/lib/gcc/9/gcc/x86_64-apple-darwin18/9.3.0/include-fixed] ==> [/usr/local/Cellar/gcc/9.3.0/lib/gcc/9/gcc/x86_64-apple-darwin18/9.3.0/include-fixed]
  collapse include dir [/Library/Developer/CommandLineTools/SDKs/MacOSX10.14.sdk/usr/include] ==> [/Library/Developer/CommandLineTools/SDKs/MacOSX10.14.sdk/usr/include]
  collapse include dir [/Library/Developer/CommandLineTools/SDKs/MacOSX10.14.sdk/System/Library/Frameworks] ==> [/Library/Developer/CommandLineTools/SDKs/MacOSX10.14.sdk/System/Library/Frameworks]
  implicit include dirs: [/usr/local/Cellar/gcc/9.3.0/lib/gcc/9/gcc/x86_64-apple-darwin18/9.3.0/include;/usr/local/Cellar/gcc/9.3.0/lib/gcc/9/gcc/x86_64-apple-darwin18/9.3.0/include-fixed;/Library/Developer/CommandLineTools/SDKs/MacOSX10.14.sdk/usr/include;/Library/Developer/CommandLineTools/SDKs/MacOSX10.14.sdk/System/Library/Frameworks]


Parsed C implicit link information from above output:
  link line regex: [^( *|.*[/\])(ld|CMAKE_LINK_STARTFILE-NOTFOUND|([^/\]+-)?ld|collect2)[^/\]*( |$)]
  ignore line: [Change Dir: /Users/arcchit/Docs/Mistle/Resources/Krimp/trunk/build/CMakeFiles/CMakeTmp]
  ignore line: []
  ignore line: [Run Build Command(s):/usr/local/bin/gmake cmTC_c7d55/fast && /usr/local/bin/gmake  -f CMakeFiles/cmTC_c7d55.dir/build.make CMakeFiles/cmTC_c7d55.dir/build]
  ignore line: [gmake[1]: Entering directory '/Users/arcchit/Docs/Mistle/Resources/Krimp/trunk/build/CMakeFiles/CMakeTmp']
  ignore line: [Building C object CMakeFiles/cmTC_c7d55.dir/CMakeCCompilerABI.c.o]
  ignore line: [/usr/local/Cellar/gcc/9.3.0/bin/gcc-9   -v -Wl -v -o CMakeFiles/cmTC_c7d55.dir/CMakeCCompilerABI.c.o -c /usr/local/Cellar/cmake/3.18.4/share/cmake/Modules/CMakeCCompilerABI.c]
  ignore line: [Using built-in specs.]
  ignore line: [COLLECT_GCC=/usr/local/Cellar/gcc/9.3.0/bin/gcc-9]
  ignore line: [Target: x86_64-apple-darwin18]
  ignore line: [Configured with: ../configure --build=x86_64-apple-darwin18 --prefix=/usr/local/Cellar/gcc/9.3.0 --libdir=/usr/local/Cellar/gcc/9.3.0/lib/gcc/9 --disable-nls --enable-checking=release --enable-languages=c c++ objc obj-c++ fortran --program-suffix=-9 --with-gmp=/usr/local/opt/gmp --with-mpfr=/usr/local/opt/mpfr --with-mpc=/usr/local/opt/libmpc --with-isl=/usr/local/opt/isl --with-system-zlib --with-pkgversion='Homebrew GCC 9.3.0' --with-bugurl=https://github.com/Homebrew/homebrew-core/issues --disable-multilib --with-native-system-header-dir=/usr/include --with-sysroot=/Library/Developer/CommandLineTools/SDKs/MacOSX10.14.sdk]
  ignore line: [Thread model: posix]
  ignore line: [gcc version 9.3.0 (Homebrew GCC 9.3.0) ]
  ignore line: [COLLECT_GCC_OPTIONS='-v' '-o' 'CMakeFiles/cmTC_c7d55.dir/CMakeCCompilerABI.c.o' '-c' '-mmacosx-version-min=10.14.0' '-asm_macosx_version_min=10.14' '-mtune=core2']
  ignore line: [ /usr/local/Cellar/gcc/9.3.0/libexec/gcc/x86_64-apple-darwin18/9.3.0/cc1 -quiet -v -D__DYNAMIC__ /usr/local/Cellar/cmake/3.18.4/share/cmake/Modules/CMakeCCompilerABI.c -fPIC -quiet -dumpbase CMakeCCompilerABI.c -mmacosx-version-min=10.14.0 -mtune=core2 -auxbase-strip CMakeFiles/cmTC_c7d55.dir/CMakeCCompilerABI.c.o -version -o /var/folders/qh/8v1jjfg97jl6qrkmhf81x0cm0000gn/T//cc4ZMxoB.s]
  ignore line: [GNU C17 (Homebrew GCC 9.3.0) version 9.3.0 (x86_64-apple-darwin18)]
  ignore line: [	compiled by GNU C version 9.3.0  GMP version 6.2.0  MPFR version 4.0.2  MPC version 1.1.0  isl version isl-0.22.1-GMP]
  ignore line: []
  ignore line: [warning: MPFR header version 4.0.2 differs from library version 4.1.0.]
  ignore line: [warning: MPC header version 1.1.0 differs from library version 1.2.0.]
  ignore line: [GGC heuristics: --param ggc-min-expand=100 --param ggc-min-heapsize=131072]
  ignore line: [ignoring nonexistent directory "/Library/Developer/CommandLineTools/SDKs/MacOSX10.14.sdk/usr/local/include"]
  ignore line: [ignoring nonexistent directory "/usr/local/Cellar/gcc/9.3.0/lib/gcc/9/gcc/x86_64-apple-darwin18/9.3.0/../../../../../../x86_64-apple-darwin18/include"]
  ignore line: [ignoring nonexistent directory "/Library/Developer/CommandLineTools/SDKs/MacOSX10.14.sdk/Library/Frameworks"]
  ignore line: [#include "..." search starts here:]
  ignore line: [#include <...> search starts here:]
  ignore line: [ /usr/local/Cellar/gcc/9.3.0/lib/gcc/9/gcc/x86_64-apple-darwin18/9.3.0/include]
  ignore line: [ /usr/local/Cellar/gcc/9.3.0/lib/gcc/9/gcc/x86_64-apple-darwin18/9.3.0/include-fixed]
  ignore line: [ /Library/Developer/CommandLineTools/SDKs/MacOSX10.14.sdk/usr/include]
  ignore line: [ /Library/Developer/CommandLineTools/SDKs/MacOSX10.14.sdk/System/Library/Frameworks]
  ignore line: [End of search list.]
  ignore line: [GNU C17 (Homebrew GCC 9.3.0) version 9.3.0 (x86_64-apple-darwin18)]
  ignore line: [	compiled by GNU C version 9.3.0  GMP version 6.2.0  MPFR version 4.0.2  MPC version 1.1.0  isl version isl-0.22.1-GMP]
  ignore line: []
  ignore line: [warning: MPFR header version 4.0.2 differs from library version 4.1.0.]
  ignore line: [warning: MPC header version 1.1.0 differs from library version 1.2.0.]
  ignore line: [GGC heuristics: --param ggc-min-expand=100 --param ggc-min-heapsize=131072]
  ignore line: [Compiler executable checksum: 304e50e2e779d850f4a98c530ddbdf86]
  ignore line: [COLLECT_GCC_OPTIONS='-v' '-o' 'CMakeFiles/cmTC_c7d55.dir/CMakeCCompilerABI.c.o' '-c' '-mmacosx-version-min=10.14.0'  '-mtune=core2']
  ignore line: [ as -arch x86_64 -v -force_cpusubtype_ALL -mmacosx-version-min=10.14 -o CMakeFiles/cmTC_c7d55.dir/CMakeCCompilerABI.c.o /var/folders/qh/8v1jjfg97jl6qrkmhf81x0cm0000gn/T//cc4ZMxoB.s]
  ignore line: [Apple LLVM version 10.0.1 (clang-1001.0.46.4)]
  ignore line: [Target: x86_64-apple-darwin18.7.0]
  ignore line: [Thread model: posix]
  ignore line: [InstalledDir: /Library/Developer/CommandLineTools/usr/bin]
  ignore line: [ "/Library/Developer/CommandLineTools/usr/bin/clang" -cc1as -triple x86_64-apple-macosx10.14.0 -filetype obj -main-file-name cc4ZMxoB.s -target-cpu penryn -fdebug-compilation-dir /Users/arcchit/Docs/Mistle/Resources/Krimp/trunk/build/CMakeFiles/CMakeTmp -dwarf-debug-producer Apple LLVM version 10.0.1 (clang-1001.0.46.4) -dwarf-version=4 -mrelocation-model pic -o CMakeFiles/cmTC_c7d55.dir/CMakeCCompilerABI.c.o /var/folders/qh/8v1jjfg97jl6qrkmhf81x0cm0000gn/T//cc4ZMxoB.s]
  ignore line: [COMPILER_PATH=/usr/local/Cellar/gcc/9.3.0/libexec/gcc/x86_64-apple-darwin18/9.3.0/:/usr/local/Cellar/gcc/9.3.0/libexec/gcc/x86_64-apple-darwin18/9.3.0/:/usr/local/Cellar/gcc/9.3.0/libexec/gcc/x86_64-apple-darwin18/:/usr/local/Cellar/gcc/9.3.0/lib/gcc/9/gcc/x86_64-apple-darwin18/9.3.0/:/usr/local/Cellar/gcc/9.3.0/lib/gcc/9/gcc/x86_64-apple-darwin18/]
  ignore line: [LIBRARY_PATH=/usr/local/Cellar/gcc/9.3.0/lib/gcc/9/gcc/x86_64-apple-darwin18/9.3.0/:/usr/local/Cellar/gcc/9.3.0/lib/gcc/9/gcc/x86_64-apple-darwin18/9.3.0/../../../]
  ignore line: [COLLECT_GCC_OPTIONS='-v' '-o' 'CMakeFiles/cmTC_c7d55.dir/CMakeCCompilerABI.c.o' '-c' '-mmacosx-version-min=10.14.0'  '-mtune=core2']
  ignore line: [Linking C executable cmTC_c7d55]
  ignore line: [/usr/local/Cellar/cmake/3.18.4/bin/cmake -E cmake_link_script CMakeFiles/cmTC_c7d55.dir/link.txt --verbose=1]
  ignore line: [/usr/local/Cellar/gcc/9.3.0/bin/gcc-9 -Wl -search_paths_first -Wl -headerpad_max_install_names  -v -Wl -v CMakeFiles/cmTC_c7d55.dir/CMakeCCompilerABI.c.o -o cmTC_c7d55 ]
  ignore line: [Using built-in specs.]
  ignore line: [COLLECT_GCC=/usr/local/Cellar/gcc/9.3.0/bin/gcc-9]
  ignore line: [COLLECT_LTO_WRAPPER=/usr/local/Cellar/gcc/9.3.0/libexec/gcc/x86_64-apple-darwin18/9.3.0/lto-wrapper]
  ignore line: [Target: x86_64-apple-darwin18]
  ignore line: [Configured with: ../configure --build=x86_64-apple-darwin18 --prefix=/usr/local/Cellar/gcc/9.3.0 --libdir=/usr/local/Cellar/gcc/9.3.0/lib/gcc/9 --disable-nls --enable-checking=release --enable-languages=c c++ objc obj-c++ fortran --program-suffix=-9 --with-gmp=/usr/local/opt/gmp --with-mpfr=/usr/local/opt/mpfr --with-mpc=/usr/local/opt/libmpc --with-isl=/usr/local/opt/isl --with-system-zlib --with-pkgversion='Homebrew GCC 9.3.0' --with-bugurl=https://github.com/Homebrew/homebrew-core/issues --disable-multilib --with-native-system-header-dir=/usr/include --with-sysroot=/Library/Developer/CommandLineTools/SDKs/MacOSX10.14.sdk]
  ignore line: [Thread model: posix]
  ignore line: [gcc version 9.3.0 (Homebrew GCC 9.3.0) ]
  ignore line: [COMPILER_PATH=/usr/local/Cellar/gcc/9.3.0/libexec/gcc/x86_64-apple-darwin18/9.3.0/:/usr/local/Cellar/gcc/9.3.0/libexec/gcc/x86_64-apple-darwin18/9.3.0/:/usr/local/Cellar/gcc/9.3.0/libexec/gcc/x86_64-apple-darwin18/:/usr/local/Cellar/gcc/9.3.0/lib/gcc/9/gcc/x86_64-apple-darwin18/9.3.0/:/usr/local/Cellar/gcc/9.3.0/lib/gcc/9/gcc/x86_64-apple-darwin18/]
  ignore line: [LIBRARY_PATH=/usr/local/Cellar/gcc/9.3.0/lib/gcc/9/gcc/x86_64-apple-darwin18/9.3.0/:/usr/local/Cellar/gcc/9.3.0/lib/gcc/9/gcc/x86_64-apple-darwin18/9.3.0/../../../]
  ignore line: [COLLECT_GCC_OPTIONS='-v' '-o' 'cmTC_c7d55' '-mmacosx-version-min=10.14.0' '-asm_macosx_version_min=10.14' '-mtune=core2']
  link line: [ /usr/local/Cellar/gcc/9.3.0/libexec/gcc/x86_64-apple-darwin18/9.3.0/collect2 -syslibroot /Library/Developer/CommandLineTools/SDKs/MacOSX10.14.sdk/ -dynamic -arch x86_64 -macosx_version_min 10.14.0 -weak_reference_mismatches non-weak -o cmTC_c7d55 -L/usr/local/Cellar/gcc/9.3.0/lib/gcc/9/gcc/x86_64-apple-darwin18/9.3.0 -L/usr/local/Cellar/gcc/9.3.0/lib/gcc/9/gcc/x86_64-apple-darwin18/9.3.0/../../.. -search_paths_first -headerpad_max_install_names -v CMakeFiles/cmTC_c7d55.dir/CMakeCCompilerABI.c.o -lSystem -lgcc_ext.10.5 -lgcc -lSystem -no_compact_unwind -v]
    arg [/usr/local/Cellar/gcc/9.3.0/libexec/gcc/x86_64-apple-darwin18/9.3.0/collect2] ==> ignore
    arg [-syslibroot] ==> ignore
    arg [/Library/Developer/CommandLineTools/SDKs/MacOSX10.14.sdk/] ==> ignore
    arg [-dynamic] ==> ignore
    arg [-arch] ==> ignore
    arg [x86_64] ==> ignore
    arg [-macosx_version_min] ==> ignore
    arg [10.14.0] ==> ignore
    arg [-weak_reference_mismatches] ==> ignore
    arg [non-weak] ==> ignore
    arg [-o] ==> ignore
    arg [cmTC_c7d55] ==> ignore
    arg [-L/usr/local/Cellar/gcc/9.3.0/lib/gcc/9/gcc/x86_64-apple-darwin18/9.3.0] ==> dir [/usr/local/Cellar/gcc/9.3.0/lib/gcc/9/gcc/x86_64-apple-darwin18/9.3.0]
    arg [-L/usr/local/Cellar/gcc/9.3.0/lib/gcc/9/gcc/x86_64-apple-darwin18/9.3.0/../../..] ==> dir [/usr/local/Cellar/gcc/9.3.0/lib/gcc/9/gcc/x86_64-apple-darwin18/9.3.0/../../..]
    arg [-search_paths_first] ==> ignore
    arg [-headerpad_max_install_names] ==> ignore
    arg [-v] ==> ignore
    arg [CMakeFiles/cmTC_c7d55.dir/CMakeCCompilerABI.c.o] ==> ignore
    arg [-lSystem] ==> lib [System]
    arg [-lgcc_ext.10.5] ==> lib [gcc_ext.10.5]
    arg [-lgcc] ==> lib [gcc]
    arg [-lSystem] ==> lib [System]
    arg [-no_compact_unwind] ==> ignore
    arg [-v] ==> ignore
  Library search paths: [;/usr/local/Cellar/gcc/9.3.0/lib/gcc/9/gcc/x86_64-apple-darwin18/9.3.0;/usr/local/Cellar/gcc/9.3.0/lib/gcc/9;/Library/Developer/CommandLineTools/SDKs/MacOSX10.14.sdk/usr/lib]
  Framework search paths: [;/Library/Developer/CommandLineTools/SDKs/MacOSX10.14.sdk/System/Library/Frameworks/]
  remove lib [System]
  remove lib [System]
  collapse library dir [/usr/local/Cellar/gcc/9.3.0/lib/gcc/9/gcc/x86_64-apple-darwin18/9.3.0] ==> [/usr/local/Cellar/gcc/9.3.0/lib/gcc/9/gcc/x86_64-apple-darwin18/9.3.0]
  collapse library dir [/usr/local/Cellar/gcc/9.3.0/lib/gcc/9/gcc/x86_64-apple-darwin18/9.3.0/../../..] ==> [/usr/local/Cellar/gcc/9.3.0/lib/gcc/9]
  collapse library dir [/usr/local/Cellar/gcc/9.3.0/lib/gcc/9/gcc/x86_64-apple-darwin18/9.3.0] ==> [/usr/local/Cellar/gcc/9.3.0/lib/gcc/9/gcc/x86_64-apple-darwin18/9.3.0]
  collapse library dir [/usr/local/Cellar/gcc/9.3.0/lib/gcc/9] ==> [/usr/local/Cellar/gcc/9.3.0/lib/gcc/9]
  collapse library dir [/Library/Developer/CommandLineTools/SDKs/MacOSX10.14.sdk/usr/lib] ==> [/Library/Developer/CommandLineTools/SDKs/MacOSX10.14.sdk/usr/lib]
  collapse framework dir [/Library/Developer/CommandLineTools/SDKs/MacOSX10.14.sdk/System/Library/Frameworks/] ==> [/Library/Developer/CommandLineTools/SDKs/MacOSX10.14.sdk/System/Library/Frameworks]
  implicit libs: [gcc_ext.10.5;gcc]
  implicit dirs: [/usr/local/Cellar/gcc/9.3.0/lib/gcc/9/gcc/x86_64-apple-darwin18/9.3.0;/usr/local/Cellar/gcc/9.3.0/lib/gcc/9;/Library/Developer/CommandLineTools/SDKs/MacOSX10.14.sdk/usr/lib]
  implicit fwks: [/Library/Developer/CommandLineTools/SDKs/MacOSX10.14.sdk/System/Library/Frameworks]


Detecting CXX compiler ABI info compiled with the following output:
Change Dir: /Users/arcchit/Docs/Mistle/Resources/Krimp/trunk/build/CMakeFiles/CMakeTmp

Run Build Command(s):/usr/local/bin/gmake cmTC_28b97/fast && /usr/local/bin/gmake  -f CMakeFiles/cmTC_28b97.dir/build.make CMakeFiles/cmTC_28b97.dir/build
gmake[1]: Entering directory '/Users/arcchit/Docs/Mistle/Resources/Krimp/trunk/build/CMakeFiles/CMakeTmp'
Building CXX object CMakeFiles/cmTC_28b97.dir/CMakeCXXCompilerABI.cpp.o
/usr/local/Cellar/gcc/9.3.0/bin/g++-9   -v -Wl,-v -o CMakeFiles/cmTC_28b97.dir/CMakeCXXCompilerABI.cpp.o -c /usr/local/Cellar/cmake/3.18.4/share/cmake/Modules/CMakeCXXCompilerABI.cpp
Using built-in specs.
COLLECT_GCC=/usr/local/Cellar/gcc/9.3.0/bin/g++-9
Target: x86_64-apple-darwin18
Configured with: ../configure --build=x86_64-apple-darwin18 --prefix=/usr/local/Cellar/gcc/9.3.0 --libdir=/usr/local/Cellar/gcc/9.3.0/lib/gcc/9 --disable-nls --enable-checking=release --enable-languages=c,c++,objc,obj-c++,fortran --program-suffix=-9 --with-gmp=/usr/local/opt/gmp --with-mpfr=/usr/local/opt/mpfr --with-mpc=/usr/local/opt/libmpc --with-isl=/usr/local/opt/isl --with-system-zlib --with-pkgversion='Homebrew GCC 9.3.0' --with-bugurl=https://github.com/Homebrew/homebrew-core/issues --disable-multilib --with-native-system-header-dir=/usr/include --with-sysroot=/Library/Developer/CommandLineTools/SDKs/MacOSX10.14.sdk
Thread model: posix
gcc version 9.3.0 (Homebrew GCC 9.3.0) 
COLLECT_GCC_OPTIONS='-v' '-o' 'CMakeFiles/cmTC_28b97.dir/CMakeCXXCompilerABI.cpp.o' '-c' '-mmacosx-version-min=10.14.0' '-asm_macosx_version_min=10.14' '-shared-libgcc' '-mtune=core2'
 /usr/local/Cellar/gcc/9.3.0/libexec/gcc/x86_64-apple-darwin18/9.3.0/cc1plus -quiet -v -D__DYNAMIC__ /usr/local/Cellar/cmake/3.18.4/share/cmake/Modules/CMakeCXXCompilerABI.cpp -fPIC -quiet -dumpbase CMakeCXXCompilerABI.cpp -mmacosx-version-min=10.14.0 -mtune=core2 -auxbase-strip CMakeFiles/cmTC_28b97.dir/CMakeCXXCompilerABI.cpp.o -version -o /var/folders/qh/8v1jjfg97jl6qrkmhf81x0cm0000gn/T//ccN0QJ0K.s
GNU C++14 (Homebrew GCC 9.3.0) version 9.3.0 (x86_64-apple-darwin18)
	compiled by GNU C version 9.3.0, GMP version 6.2.0, MPFR version 4.0.2, MPC version 1.1.0, isl version isl-0.22.1-GMP

warning: MPFR header version 4.0.2 differs from library version 4.1.0.
warning: MPC header version 1.1.0 differs from library version 1.2.0.
GGC heuristics: --param ggc-min-expand=100 --param ggc-min-heapsize=131072
ignoring nonexistent directory "/Library/Developer/CommandLineTools/SDKs/MacOSX10.14.sdk/usr/local/include"
ignoring nonexistent directory "/usr/local/Cellar/gcc/9.3.0/lib/gcc/9/gcc/x86_64-apple-darwin18/9.3.0/../../../../../../x86_64-apple-darwin18/include"
ignoring nonexistent directory "/Library/Developer/CommandLineTools/SDKs/MacOSX10.14.sdk/Library/Frameworks"
#include "..." search starts here:
#include <...> search starts here:
 /usr/local/Cellar/gcc/9.3.0/lib/gcc/9/gcc/x86_64-apple-darwin18/9.3.0/../../../../../../include/c++/9.3.0
 /usr/local/Cellar/gcc/9.3.0/lib/gcc/9/gcc/x86_64-apple-darwin18/9.3.0/../../../../../../include/c++/9.3.0/x86_64-apple-darwin18
 /usr/local/Cellar/gcc/9.3.0/lib/gcc/9/gcc/x86_64-apple-darwin18/9.3.0/../../../../../../include/c++/9.3.0/backward
 /usr/local/Cellar/gcc/9.3.0/lib/gcc/9/gcc/x86_64-apple-darwin18/9.3.0/include
 /usr/local/Cellar/gcc/9.3.0/lib/gcc/9/gcc/x86_64-apple-darwin18/9.3.0/include-fixed
 /Library/Developer/CommandLineTools/SDKs/MacOSX10.14.sdk/usr/include
 /Library/Developer/CommandLineTools/SDKs/MacOSX10.14.sdk/System/Library/Frameworks
End of search list.
GNU C++14 (Homebrew GCC 9.3.0) version 9.3.0 (x86_64-apple-darwin18)
	compiled by GNU C version 9.3.0, GMP version 6.2.0, MPFR version 4.0.2, MPC version 1.1.0, isl version isl-0.22.1-GMP

warning: MPFR header version 4.0.2 differs from library version 4.1.0.
warning: MPC header version 1.1.0 differs from library version 1.2.0.
GGC heuristics: --param ggc-min-expand=100 --param ggc-min-heapsize=131072
Compiler executable checksum: 3b76ad7185f12a222e70aceba32be0f8
COLLECT_GCC_OPTIONS='-v' '-o' 'CMakeFiles/cmTC_28b97.dir/CMakeCXXCompilerABI.cpp.o' '-c' '-mmacosx-version-min=10.14.0'  '-shared-libgcc' '-mtune=core2'
 as -arch x86_64 -v -force_cpusubtype_ALL -mmacosx-version-min=10.14 -o CMakeFiles/cmTC_28b97.dir/CMakeCXXCompilerABI.cpp.o /var/folders/qh/8v1jjfg97jl6qrkmhf81x0cm0000gn/T//ccN0QJ0K.s
Apple LLVM version 10.0.1 (clang-1001.0.46.4)
Target: x86_64-apple-darwin18.7.0
Thread model: posix
InstalledDir: /Library/Developer/CommandLineTools/usr/bin
 "/Library/Developer/CommandLineTools/usr/bin/clang" -cc1as -triple x86_64-apple-macosx10.14.0 -filetype obj -main-file-name ccN0QJ0K.s -target-cpu penryn -fdebug-compilation-dir /Users/arcchit/Docs/Mistle/Resources/Krimp/trunk/build/CMakeFiles/CMakeTmp -dwarf-debug-producer Apple LLVM version 10.0.1 (clang-1001.0.46.4) -dwarf-version=4 -mrelocation-model pic -o CMakeFiles/cmTC_28b97.dir/CMakeCXXCompilerABI.cpp.o /var/folders/qh/8v1jjfg97jl6qrkmhf81x0cm0000gn/T//ccN0QJ0K.s
COMPILER_PATH=/usr/local/Cellar/gcc/9.3.0/libexec/gcc/x86_64-apple-darwin18/9.3.0/:/usr/local/Cellar/gcc/9.3.0/libexec/gcc/x86_64-apple-darwin18/9.3.0/:/usr/local/Cellar/gcc/9.3.0/libexec/gcc/x86_64-apple-darwin18/:/usr/local/Cellar/gcc/9.3.0/lib/gcc/9/gcc/x86_64-apple-darwin18/9.3.0/:/usr/local/Cellar/gcc/9.3.0/lib/gcc/9/gcc/x86_64-apple-darwin18/
LIBRARY_PATH=/usr/local/Cellar/gcc/9.3.0/lib/gcc/9/gcc/x86_64-apple-darwin18/9.3.0/:/usr/local/Cellar/gcc/9.3.0/lib/gcc/9/gcc/x86_64-apple-darwin18/9.3.0/../../../
COLLECT_GCC_OPTIONS='-v' '-o' 'CMakeFiles/cmTC_28b97.dir/CMakeCXXCompilerABI.cpp.o' '-c' '-mmacosx-version-min=10.14.0'  '-shared-libgcc' '-mtune=core2'
Linking CXX executable cmTC_28b97
/usr/local/Cellar/cmake/3.18.4/bin/cmake -E cmake_link_script CMakeFiles/cmTC_28b97.dir/link.txt --verbose=1
/usr/local/Cellar/gcc/9.3.0/bin/g++-9 -Wl,-search_paths_first -Wl,-headerpad_max_install_names  -v -Wl,-v CMakeFiles/cmTC_28b97.dir/CMakeCXXCompilerABI.cpp.o -o cmTC_28b97 
Using built-in specs.
COLLECT_GCC=/usr/local/Cellar/gcc/9.3.0/bin/g++-9
COLLECT_LTO_WRAPPER=/usr/local/Cellar/gcc/9.3.0/libexec/gcc/x86_64-apple-darwin18/9.3.0/lto-wrapper
Target: x86_64-apple-darwin18
Configured with: ../configure --build=x86_64-apple-darwin18 --prefix=/usr/local/Cellar/gcc/9.3.0 --libdir=/usr/local/Cellar/gcc/9.3.0/lib/gcc/9 --disable-nls --enable-checking=release --enable-languages=c,c++,objc,obj-c++,fortran --program-suffix=-9 --with-gmp=/usr/local/opt/gmp --with-mpfr=/usr/local/opt/mpfr --with-mpc=/usr/local/opt/libmpc --with-isl=/usr/local/opt/isl --with-system-zlib --with-pkgversion='Homebrew GCC 9.3.0' --with-bugurl=https://github.com/Homebrew/homebrew-core/issues --disable-multilib --with-native-system-header-dir=/usr/include --with-sysroot=/Library/Developer/CommandLineTools/SDKs/MacOSX10.14.sdk
Thread model: posix
gcc version 9.3.0 (Homebrew GCC 9.3.0) 
COMPILER_PATH=/usr/local/Cellar/gcc/9.3.0/libexec/gcc/x86_64-apple-darwin18/9.3.0/:/usr/local/Cellar/gcc/9.3.0/libexec/gcc/x86_64-apple-darwin18/9.3.0/:/usr/local/Cellar/gcc/9.3.0/libexec/gcc/x86_64-apple-darwin18/:/usr/local/Cellar/gcc/9.3.0/lib/gcc/9/gcc/x86_64-apple-darwin18/9.3.0/:/usr/local/Cellar/gcc/9.3.0/lib/gcc/9/gcc/x86_64-apple-darwin18/
LIBRARY_PATH=/usr/local/Cellar/gcc/9.3.0/lib/gcc/9/gcc/x86_64-apple-darwin18/9.3.0/:/usr/local/Cellar/gcc/9.3.0/lib/gcc/9/gcc/x86_64-apple-darwin18/9.3.0/../../../
COLLECT_GCC_OPTIONS='-v' '-o' 'cmTC_28b97' '-mmacosx-version-min=10.14.0' '-asm_macosx_version_min=10.14' '-shared-libgcc' '-mtune=core2'
 /usr/local/Cellar/gcc/9.3.0/libexec/gcc/x86_64-apple-darwin18/9.3.0/collect2 -syslibroot /Library/Developer/CommandLineTools/SDKs/MacOSX10.14.sdk/ -dynamic -arch x86_64 -macosx_version_min 10.14.0 -weak_reference_mismatches non-weak -o cmTC_28b97 -L/usr/local/Cellar/gcc/9.3.0/lib/gcc/9/gcc/x86_64-apple-darwin18/9.3.0 -L/usr/local/Cellar/gcc/9.3.0/lib/gcc/9/gcc/x86_64-apple-darwin18/9.3.0/../../.. -search_paths_first -headerpad_max_install_names -v CMakeFiles/cmTC_28b97.dir/CMakeCXXCompilerABI.cpp.o -lstdc++ -lSystem -lgcc_ext.10.5 -lgcc -lSystem -no_compact_unwind -v
collect2 version 9.3.0
/usr/bin/ld -syslibroot /Library/Developer/CommandLineTools/SDKs/MacOSX10.14.sdk/ -dynamic -arch x86_64 -macosx_version_min 10.14.0 -weak_reference_mismatches non-weak -o cmTC_28b97 -L/usr/local/Cellar/gcc/9.3.0/lib/gcc/9/gcc/x86_64-apple-darwin18/9.3.0 -L/usr/local/Cellar/gcc/9.3.0/lib/gcc/9/gcc/x86_64-apple-darwin18/9.3.0/../../.. -search_paths_first -headerpad_max_install_names -v CMakeFiles/cmTC_28b97.dir/CMakeCXXCompilerABI.cpp.o -lstdc++ -lSystem -lgcc_ext.10.5 -lgcc -lSystem -no_compact_unwind -v
@(#)PROGRAM:ld  PROJECT:ld64-450.3
BUILD 18:16:53 Apr  5 2019
configured to support archs: armv6 armv7 armv7s arm64 arm64e arm64_32 i386 x86_64 x86_64h armv6m armv7k armv7m armv7em
@(#)PROGRAM:ld  PROJECT:ld64-450.3
BUILD 18:16:53 Apr  5 2019
configured to support archs: armv6 armv7 armv7s arm64 arm64e arm64_32 i386 x86_64 x86_64h armv6m armv7k armv7m armv7em
Library search paths:
	/usr/local/Cellar/gcc/9.3.0/lib/gcc/9/gcc/x86_64-apple-darwin18/9.3.0
	/usr/local/Cellar/gcc/9.3.0/lib/gcc/9
	/Library/Developer/CommandLineTools/SDKs/MacOSX10.14.sdk/usr/lib
Framework search paths:
	/Library/Developer/CommandLineTools/SDKs/MacOSX10.14.sdk/System/Library/Frameworks/
gmake[1]: Leaving directory '/Users/arcchit/Docs/Mistle/Resources/Krimp/trunk/build/CMakeFiles/CMakeTmp'



Parsed CXX implicit include dir info from above output: rv=done
  found start of include info
  found start of implicit include info
    add: [/usr/local/Cellar/gcc/9.3.0/lib/gcc/9/gcc/x86_64-apple-darwin18/9.3.0/../../../../../../include/c++/9.3.0]
    add: [/usr/local/Cellar/gcc/9.3.0/lib/gcc/9/gcc/x86_64-apple-darwin18/9.3.0/../../../../../../include/c++/9.3.0/x86_64-apple-darwin18]
    add: [/usr/local/Cellar/gcc/9.3.0/lib/gcc/9/gcc/x86_64-apple-darwin18/9.3.0/../../../../../../include/c++/9.3.0/backward]
    add: [/usr/local/Cellar/gcc/9.3.0/lib/gcc/9/gcc/x86_64-apple-darwin18/9.3.0/include]
    add: [/usr/local/Cellar/gcc/9.3.0/lib/gcc/9/gcc/x86_64-apple-darwin18/9.3.0/include-fixed]
    add: [/Library/Developer/CommandLineTools/SDKs/MacOSX10.14.sdk/usr/include]
    add: [/Library/Developer/CommandLineTools/SDKs/MacOSX10.14.sdk/System/Library/Frameworks]
  end of search list found
  collapse include dir [/usr/local/Cellar/gcc/9.3.0/lib/gcc/9/gcc/x86_64-apple-darwin18/9.3.0/../../../../../../include/c++/9.3.0] ==> [/usr/local/Cellar/gcc/9.3.0/include/c++/9.3.0]
  collapse include dir [/usr/local/Cellar/gcc/9.3.0/lib/gcc/9/gcc/x86_64-apple-darwin18/9.3.0/../../../../../../include/c++/9.3.0/x86_64-apple-darwin18] ==> [/usr/local/Cellar/gcc/9.3.0/include/c++/9.3.0/x86_64-apple-darwin18]
  collapse include dir [/usr/local/Cellar/gcc/9.3.0/lib/gcc/9/gcc/x86_64-apple-darwin18/9.3.0/../../../../../../include/c++/9.3.0/backward] ==> [/usr/local/Cellar/gcc/9.3.0/include/c++/9.3.0/backward]
  collapse include dir [/usr/local/Cellar/gcc/9.3.0/lib/gcc/9/gcc/x86_64-apple-darwin18/9.3.0/include] ==> [/usr/local/Cellar/gcc/9.3.0/lib/gcc/9/gcc/x86_64-apple-darwin18/9.3.0/include]
  collapse include dir [/usr/local/Cellar/gcc/9.3.0/lib/gcc/9/gcc/x86_64-apple-darwin18/9.3.0/include-fixed] ==> [/usr/local/Cellar/gcc/9.3.0/lib/gcc/9/gcc/x86_64-apple-darwin18/9.3.0/include-fixed]
  collapse include dir [/Library/Developer/CommandLineTools/SDKs/MacOSX10.14.sdk/usr/include] ==> [/Library/Developer/CommandLineTools/SDKs/MacOSX10.14.sdk/usr/include]
  collapse include dir [/Library/Developer/CommandLineTools/SDKs/MacOSX10.14.sdk/System/Library/Frameworks] ==> [/Library/Developer/CommandLineTools/SDKs/MacOSX10.14.sdk/System/Library/Frameworks]
  implicit include dirs: [/usr/local/Cellar/gcc/9.3.0/include/c++/9.3.0;/usr/local/Cellar/gcc/9.3.0/include/c++/9.3.0/x86_64-apple-darwin18;/usr/local/Cellar/gcc/9.3.0/include/c++/9.3.0/backward;/usr/local/Cellar/gcc/9.3.0/lib/gcc/9/gcc/x86_64-apple-darwin18/9.3.0/include;/usr/local/Cellar/gcc/9.3.0/lib/gcc/9/gcc/x86_64-apple-darwin18/9.3.0/include-fixed;/Library/Developer/CommandLineTools/SDKs/MacOSX10.14.sdk/usr/include;/Library/Developer/CommandLineTools/SDKs/MacOSX10.14.sdk/System/Library/Frameworks]


Parsed CXX implicit link information from above output:
  link line regex: [^( *|.*[/\])(ld|CMAKE_LINK_STARTFILE-NOTFOUND|([^/\]+-)?ld|collect2)[^/\]*( |$)]
  ignore line: [Change Dir: /Users/arcchit/Docs/Mistle/Resources/Krimp/trunk/build/CMakeFiles/CMakeTmp]
  ignore line: []
  ignore line: [Run Build Command(s):/usr/local/bin/gmake cmTC_28b97/fast && /usr/local/bin/gmake  -f CMakeFiles/cmTC_28b97.dir/build.make CMakeFiles/cmTC_28b97.dir/build]
  ignore line: [gmake[1]: Entering directory '/Users/arcchit/Docs/Mistle/Resources/Krimp/trunk/build/CMakeFiles/CMakeTmp']
  ignore line: [Building CXX object CMakeFiles/cmTC_28b97.dir/CMakeCXXCompilerABI.cpp.o]
  ignore line: [/usr/local/Cellar/gcc/9.3.0/bin/g++-9   -v -Wl -v -o CMakeFiles/cmTC_28b97.dir/CMakeCXXCompilerABI.cpp.o -c /usr/local/Cellar/cmake/3.18.4/share/cmake/Modules/CMakeCXXCompilerABI.cpp]
  ignore line: [Using built-in specs.]
  ignore line: [COLLECT_GCC=/usr/local/Cellar/gcc/9.3.0/bin/g++-9]
  ignore line: [Target: x86_64-apple-darwin18]
  ignore line: [Configured with: ../configure --build=x86_64-apple-darwin18 --prefix=/usr/local/Cellar/gcc/9.3.0 --libdir=/usr/local/Cellar/gcc/9.3.0/lib/gcc/9 --disable-nls --enable-checking=release --enable-languages=c c++ objc obj-c++ fortran --program-suffix=-9 --with-gmp=/usr/local/opt/gmp --with-mpfr=/usr/local/opt/mpfr --with-mpc=/usr/local/opt/libmpc --with-isl=/usr/local/opt/isl --with-system-zlib --with-pkgversion='Homebrew GCC 9.3.0' --with-bugurl=https://github.com/Homebrew/homebrew-core/issues --disable-multilib --with-native-system-header-dir=/usr/include --with-sysroot=/Library/Developer/CommandLineTools/SDKs/MacOSX10.14.sdk]
  ignore line: [Thread model: posix]
  ignore line: [gcc version 9.3.0 (Homebrew GCC 9.3.0) ]
  ignore line: [COLLECT_GCC_OPTIONS='-v' '-o' 'CMakeFiles/cmTC_28b97.dir/CMakeCXXCompilerABI.cpp.o' '-c' '-mmacosx-version-min=10.14.0' '-asm_macosx_version_min=10.14' '-shared-libgcc' '-mtune=core2']
  ignore line: [ /usr/local/Cellar/gcc/9.3.0/libexec/gcc/x86_64-apple-darwin18/9.3.0/cc1plus -quiet -v -D__DYNAMIC__ /usr/local/Cellar/cmake/3.18.4/share/cmake/Modules/CMakeCXXCompilerABI.cpp -fPIC -quiet -dumpbase CMakeCXXCompilerABI.cpp -mmacosx-version-min=10.14.0 -mtune=core2 -auxbase-strip CMakeFiles/cmTC_28b97.dir/CMakeCXXCompilerABI.cpp.o -version -o /var/folders/qh/8v1jjfg97jl6qrkmhf81x0cm0000gn/T//ccN0QJ0K.s]
  ignore line: [GNU C++14 (Homebrew GCC 9.3.0) version 9.3.0 (x86_64-apple-darwin18)]
  ignore line: [	compiled by GNU C version 9.3.0  GMP version 6.2.0  MPFR version 4.0.2  MPC version 1.1.0  isl version isl-0.22.1-GMP]
  ignore line: []
  ignore line: [warning: MPFR header version 4.0.2 differs from library version 4.1.0.]
  ignore line: [warning: MPC header version 1.1.0 differs from library version 1.2.0.]
  ignore line: [GGC heuristics: --param ggc-min-expand=100 --param ggc-min-heapsize=131072]
  ignore line: [ignoring nonexistent directory "/Library/Developer/CommandLineTools/SDKs/MacOSX10.14.sdk/usr/local/include"]
  ignore line: [ignoring nonexistent directory "/usr/local/Cellar/gcc/9.3.0/lib/gcc/9/gcc/x86_64-apple-darwin18/9.3.0/../../../../../../x86_64-apple-darwin18/include"]
  ignore line: [ignoring nonexistent directory "/Library/Developer/CommandLineTools/SDKs/MacOSX10.14.sdk/Library/Frameworks"]
  ignore line: [#include "..." search starts here:]
  ignore line: [#include <...> search starts here:]
  ignore line: [ /usr/local/Cellar/gcc/9.3.0/lib/gcc/9/gcc/x86_64-apple-darwin18/9.3.0/../../../../../../include/c++/9.3.0]
  ignore line: [ /usr/local/Cellar/gcc/9.3.0/lib/gcc/9/gcc/x86_64-apple-darwin18/9.3.0/../../../../../../include/c++/9.3.0/x86_64-apple-darwin18]
  ignore line: [ /usr/local/Cellar/gcc/9.3.0/lib/gcc/9/gcc/x86_64-apple-darwin18/9.3.0/../../../../../../include/c++/9.3.0/backward]
  ignore line: [ /usr/local/Cellar/gcc/9.3.0/lib/gcc/9/gcc/x86_64-apple-darwin18/9.3.0/include]
  ignore line: [ /usr/local/Cellar/gcc/9.3.0/lib/gcc/9/gcc/x86_64-apple-darwin18/9.3.0/include-fixed]
  ignore line: [ /Library/Developer/CommandLineTools/SDKs/MacOSX10.14.sdk/usr/include]
  ignore line: [ /Library/Developer/CommandLineTools/SDKs/MacOSX10.14.sdk/System/Library/Frameworks]
  ignore line: [End of search list.]
  ignore line: [GNU C++14 (Homebrew GCC 9.3.0) version 9.3.0 (x86_64-apple-darwin18)]
  ignore line: [	compiled by GNU C version 9.3.0  GMP version 6.2.0  MPFR version 4.0.2  MPC version 1.1.0  isl version isl-0.22.1-GMP]
  ignore line: []
  ignore line: [warning: MPFR header version 4.0.2 differs from library version 4.1.0.]
  ignore line: [warning: MPC header version 1.1.0 differs from library version 1.2.0.]
  ignore line: [GGC heuristics: --param ggc-min-expand=100 --param ggc-min-heapsize=131072]
  ignore line: [Compiler executable checksum: 3b76ad7185f12a222e70aceba32be0f8]
  ignore line: [COLLECT_GCC_OPTIONS='-v' '-o' 'CMakeFiles/cmTC_28b97.dir/CMakeCXXCompilerABI.cpp.o' '-c' '-mmacosx-version-min=10.14.0'  '-shared-libgcc' '-mtune=core2']
  ignore line: [ as -arch x86_64 -v -force_cpusubtype_ALL -mmacosx-version-min=10.14 -o CMakeFiles/cmTC_28b97.dir/CMakeCXXCompilerABI.cpp.o /var/folders/qh/8v1jjfg97jl6qrkmhf81x0cm0000gn/T//ccN0QJ0K.s]
  ignore line: [Apple LLVM version 10.0.1 (clang-1001.0.46.4)]
  ignore line: [Target: x86_64-apple-darwin18.7.0]
  ignore line: [Thread model: posix]
  ignore line: [InstalledDir: /Library/Developer/CommandLineTools/usr/bin]
  ignore line: [ "/Library/Developer/CommandLineTools/usr/bin/clang" -cc1as -triple x86_64-apple-macosx10.14.0 -filetype obj -main-file-name ccN0QJ0K.s -target-cpu penryn -fdebug-compilation-dir /Users/arcchit/Docs/Mistle/Resources/Krimp/trunk/build/CMakeFiles/CMakeTmp -dwarf-debug-producer Apple LLVM version 10.0.1 (clang-1001.0.46.4) -dwarf-version=4 -mrelocation-model pic -o CMakeFiles/cmTC_28b97.dir/CMakeCXXCompilerABI.cpp.o /var/folders/qh/8v1jjfg97jl6qrkmhf81x0cm0000gn/T//ccN0QJ0K.s]
  ignore line: [COMPILER_PATH=/usr/local/Cellar/gcc/9.3.0/libexec/gcc/x86_64-apple-darwin18/9.3.0/:/usr/local/Cellar/gcc/9.3.0/libexec/gcc/x86_64-apple-darwin18/9.3.0/:/usr/local/Cellar/gcc/9.3.0/libexec/gcc/x86_64-apple-darwin18/:/usr/local/Cellar/gcc/9.3.0/lib/gcc/9/gcc/x86_64-apple-darwin18/9.3.0/:/usr/local/Cellar/gcc/9.3.0/lib/gcc/9/gcc/x86_64-apple-darwin18/]
  ignore line: [LIBRARY_PATH=/usr/local/Cellar/gcc/9.3.0/lib/gcc/9/gcc/x86_64-apple-darwin18/9.3.0/:/usr/local/Cellar/gcc/9.3.0/lib/gcc/9/gcc/x86_64-apple-darwin18/9.3.0/../../../]
  ignore line: [COLLECT_GCC_OPTIONS='-v' '-o' 'CMakeFiles/cmTC_28b97.dir/CMakeCXXCompilerABI.cpp.o' '-c' '-mmacosx-version-min=10.14.0'  '-shared-libgcc' '-mtune=core2']
  ignore line: [Linking CXX executable cmTC_28b97]
  ignore line: [/usr/local/Cellar/cmake/3.18.4/bin/cmake -E cmake_link_script CMakeFiles/cmTC_28b97.dir/link.txt --verbose=1]
  ignore line: [/usr/local/Cellar/gcc/9.3.0/bin/g++-9 -Wl -search_paths_first -Wl -headerpad_max_install_names  -v -Wl -v CMakeFiles/cmTC_28b97.dir/CMakeCXXCompilerABI.cpp.o -o cmTC_28b97 ]
  ignore line: [Using built-in specs.]
  ignore line: [COLLECT_GCC=/usr/local/Cellar/gcc/9.3.0/bin/g++-9]
  ignore line: [COLLECT_LTO_WRAPPER=/usr/local/Cellar/gcc/9.3.0/libexec/gcc/x86_64-apple-darwin18/9.3.0/lto-wrapper]
  ignore line: [Target: x86_64-apple-darwin18]
  ignore line: [Configured with: ../configure --build=x86_64-apple-darwin18 --prefix=/usr/local/Cellar/gcc/9.3.0 --libdir=/usr/local/Cellar/gcc/9.3.0/lib/gcc/9 --disable-nls --enable-checking=release --enable-languages=c c++ objc obj-c++ fortran --program-suffix=-9 --with-gmp=/usr/local/opt/gmp --with-mpfr=/usr/local/opt/mpfr --with-mpc=/usr/local/opt/libmpc --with-isl=/usr/local/opt/isl --with-system-zlib --with-pkgversion='Homebrew GCC 9.3.0' --with-bugurl=https://github.com/Homebrew/homebrew-core/issues --disable-multilib --with-native-system-header-dir=/usr/include --with-sysroot=/Library/Developer/CommandLineTools/SDKs/MacOSX10.14.sdk]
  ignore line: [Thread model: posix]
  ignore line: [gcc version 9.3.0 (Homebrew GCC 9.3.0) ]
  ignore line: [COMPILER_PATH=/usr/local/Cellar/gcc/9.3.0/libexec/gcc/x86_64-apple-darwin18/9.3.0/:/usr/local/Cellar/gcc/9.3.0/libexec/gcc/x86_64-apple-darwin18/9.3.0/:/usr/local/Cellar/gcc/9.3.0/libexec/gcc/x86_64-apple-darwin18/:/usr/local/Cellar/gcc/9.3.0/lib/gcc/9/gcc/x86_64-apple-darwin18/9.3.0/:/usr/local/Cellar/gcc/9.3.0/lib/gcc/9/gcc/x86_64-apple-darwin18/]
  ignore line: [LIBRARY_PATH=/usr/local/Cellar/gcc/9.3.0/lib/gcc/9/gcc/x86_64-apple-darwin18/9.3.0/:/usr/local/Cellar/gcc/9.3.0/lib/gcc/9/gcc/x86_64-apple-darwin18/9.3.0/../../../]
  ignore line: [COLLECT_GCC_OPTIONS='-v' '-o' 'cmTC_28b97' '-mmacosx-version-min=10.14.0' '-asm_macosx_version_min=10.14' '-shared-libgcc' '-mtune=core2']
  link line: [ /usr/local/Cellar/gcc/9.3.0/libexec/gcc/x86_64-apple-darwin18/9.3.0/collect2 -syslibroot /Library/Developer/CommandLineTools/SDKs/MacOSX10.14.sdk/ -dynamic -arch x86_64 -macosx_version_min 10.14.0 -weak_reference_mismatches non-weak -o cmTC_28b97 -L/usr/local/Cellar/gcc/9.3.0/lib/gcc/9/gcc/x86_64-apple-darwin18/9.3.0 -L/usr/local/Cellar/gcc/9.3.0/lib/gcc/9/gcc/x86_64-apple-darwin18/9.3.0/../../.. -search_paths_first -headerpad_max_install_names -v CMakeFiles/cmTC_28b97.dir/CMakeCXXCompilerABI.cpp.o -lstdc++ -lSystem -lgcc_ext.10.5 -lgcc -lSystem -no_compact_unwind -v]
    arg [/usr/local/Cellar/gcc/9.3.0/libexec/gcc/x86_64-apple-darwin18/9.3.0/collect2] ==> ignore
    arg [-syslibroot] ==> ignore
    arg [/Library/Developer/CommandLineTools/SDKs/MacOSX10.14.sdk/] ==> ignore
    arg [-dynamic] ==> ignore
    arg [-arch] ==> ignore
    arg [x86_64] ==> ignore
    arg [-macosx_version_min] ==> ignore
    arg [10.14.0] ==> ignore
    arg [-weak_reference_mismatches] ==> ignore
    arg [non-weak] ==> ignore
    arg [-o] ==> ignore
    arg [cmTC_28b97] ==> ignore
    arg [-L/usr/local/Cellar/gcc/9.3.0/lib/gcc/9/gcc/x86_64-apple-darwin18/9.3.0] ==> dir [/usr/local/Cellar/gcc/9.3.0/lib/gcc/9/gcc/x86_64-apple-darwin18/9.3.0]
    arg [-L/usr/local/Cellar/gcc/9.3.0/lib/gcc/9/gcc/x86_64-apple-darwin18/9.3.0/../../..] ==> dir [/usr/local/Cellar/gcc/9.3.0/lib/gcc/9/gcc/x86_64-apple-darwin18/9.3.0/../../..]
    arg [-search_paths_first] ==> ignore
    arg [-headerpad_max_install_names] ==> ignore
    arg [-v] ==> ignore
    arg [CMakeFiles/cmTC_28b97.dir/CMakeCXXCompilerABI.cpp.o] ==> ignore
    arg [-lstdc++] ==> lib [stdc++]
    arg [-lSystem] ==> lib [System]
    arg [-lgcc_ext.10.5] ==> lib [gcc_ext.10.5]
    arg [-lgcc] ==> lib [gcc]
    arg [-lSystem] ==> lib [System]
    arg [-no_compact_unwind] ==> ignore
    arg [-v] ==> ignore
  Library search paths: [;/usr/local/Cellar/gcc/9.3.0/lib/gcc/9/gcc/x86_64-apple-darwin18/9.3.0;/usr/local/Cellar/gcc/9.3.0/lib/gcc/9;/Library/Developer/CommandLineTools/SDKs/MacOSX10.14.sdk/usr/lib]
  Framework search paths: [;/Library/Developer/CommandLineTools/SDKs/MacOSX10.14.sdk/System/Library/Frameworks/]
  remove lib [System]
  remove lib [System]
  collapse library dir [/usr/local/Cellar/gcc/9.3.0/lib/gcc/9/gcc/x86_64-apple-darwin18/9.3.0] ==> [/usr/local/Cellar/gcc/9.3.0/lib/gcc/9/gcc/x86_64-apple-darwin18/9.3.0]
  collapse library dir [/usr/local/Cellar/gcc/9.3.0/lib/gcc/9/gcc/x86_64-apple-darwin18/9.3.0/../../..] ==> [/usr/local/Cellar/gcc/9.3.0/lib/gcc/9]
  collapse library dir [/usr/local/Cellar/gcc/9.3.0/lib/gcc/9/gcc/x86_64-apple-darwin18/9.3.0] ==> [/usr/local/Cellar/gcc/9.3.0/lib/gcc/9/gcc/x86_64-apple-darwin18/9.3.0]
  collapse library dir [/usr/local/Cellar/gcc/9.3.0/lib/gcc/9] ==> [/usr/local/Cellar/gcc/9.3.0/lib/gcc/9]
  collapse library dir [/Library/Developer/CommandLineTools/SDKs/MacOSX10.14.sdk/usr/lib] ==> [/Library/Developer/CommandLineTools/SDKs/MacOSX10.14.sdk/usr/lib]
  collapse framework dir [/Library/Developer/CommandLineTools/SDKs/MacOSX10.14.sdk/System/Library/Frameworks/] ==> [/Library/Developer/CommandLineTools/SDKs/MacOSX10.14.sdk/System/Library/Frameworks]
  implicit libs: [stdc++;gcc_ext.10.5;gcc]
  implicit dirs: [/usr/local/Cellar/gcc/9.3.0/lib/gcc/9/gcc/x86_64-apple-darwin18/9.3.0;/usr/local/Cellar/gcc/9.3.0/lib/gcc/9;/Library/Developer/CommandLineTools/SDKs/MacOSX10.14.sdk/usr/lib]
  implicit fwks: [/Library/Developer/CommandLineTools/SDKs/MacOSX10.14.sdk/System/Library/Frameworks]


