>/Users/arcchit/Docs/Mistle/Resources/spmf.jar
Running the DCI-Closed algorithm
========== DCI_CLOSED - STATS ============
 Number of transactions: 20
 Number of frequent closed itemsets: 1244
 Total time ~: 32 ms
>/Users/arcchit/Docs/Mistle/Resources/spmf.jar
Running the DCI-Closed algorithm
========== DCI_CLOSED - STATS ============
 Number of transactions: 19
 Number of frequent closed itemsets: 829
 Total time ~: 26 ms
Current Minsup[0.5] yields 209 itemsets.
Current Minsup[0.25] yields 873 itemsets.
Current Minsup[0.125] yields 1155 itemsets.
Current Minsup[0.0625] yields 1224 itemsets.
Top-k minsup for at least 10000 paterns = 0.05 or 1
1  violations of +ve partial assignments found for the learned theory.
Violating Clauses	:{frozenset({2, 3, 4, 5, 7, 8, 9, 11, 12, 13, -17, 16, 15, -14, -10, -6})}
DL of initial theory	: 2619.5914704473685
586	itemsets left after T operation 	: [frozenset({6, 12, 14, 15, -16, 17, -13})]
10	itemsets left after W operation 	: [frozenset({2, 5, 9, 12, 13, 15, 18, -14}), frozenset({4, 6, 8, 10, 11, -18, -16, 17, -7, -3}), frozenset({3, 4, 7, 8, 10, -18, -16, 17, -11, -6}), frozenset({3, 6, 8, 10, 11, -18, -16, 17, -7, -4}), frozenset({4, 6, 7, 8, 10, -18, -17, 16, -11, -3}), frozenset({3, 4, 7, 8, 11, -18, -17, 16, -10, -6}), frozenset({3, 4, 7, 10, 11, -18, -16, 17, -8, -6})]
1	itemsets left after T operation 	: [frozenset({12, 14, 15, -16, 17, -13})]
# of frequent itemsets	: 47
Time of DCI Closed		: 0.3139491081237793
10	itemsets left after T operation 	: [frozenset({-16, 17, 10, -18})]
Initial DL				: 7988.860786890473
Final DL				: 291.93507033538737
Compression (wrt me)	: 0.963457234000817
Operator Counters		: {'D': 0, 'W': 1, 'V': 0, 'S': 0, 'R': 0, 'T': 3}
Misle Learning Runtime	: 2.0349111557006836

Current Minsup[0.5] yields 139 itemsets.
Current Minsup[0.25] yields 552 itemsets.
Current Minsup[0.125] yields 751 itemsets.
Current Minsup[0.0625] yields 810 itemsets.
Top-k minsup for at least 10000 paterns = 0.05263157894736842 or 1
1  violations of +ve partial assignments found for the learned theory.
Violating Clauses	:{frozenset({2, 3, 4, 5, 7, 8, 9, 11, 12, 13, -17, 16, 15, -14, -10, -6})}
DL of initial theory	: 2619.5914704473685
521	itemsets left after T operation 	: [frozenset({2, 5, 9, 12, 13, 15, 16, -17, -14})]
175	itemsets left after T operation 	: [frozenset({4, 5, 6, 8, 13, 14, 16, -15, 17, -12})]
35	itemsets left after T operation 	: [frozenset({2, 3, 5, 7, 8, 11, 12, 13, 15, -14})]
6	itemsets left after T operation 	: [frozenset({4, 5, 6, 8, 14, 16})]
1	itemsets left after T operation 	: [frozenset({16, 5})]
# of frequent itemsets	: 3
Time of DCI Closed		: 0.2930140495300293
Initial DL				: 7988.860786890473
Final DL				: 213.23972837438612
Compression (wrt me)	: 0.9733078677845649
Operator Counters		: {'D': 0, 'W': 0, 'V': 0, 'S': 0, 'R': 0, 'T': 5}
Misle Learning Runtime	: 1.9742751121520996


[0, 1, 2, 3, 4, 5, 6, 7]
[0.6, 0.6, 0.6, 0.6, 0.6, 0.6, 0.6, 0.6]
Min Score = 0.6 tied among 8/8 candidates.
[0, 2, 4, 6]
[0.16666666666666666, 0.0, 0.16666666666666666, 0.0, 0.16666666666666666, 0.0, 0.16666666666666666, 0.0]
Max Score = 0.16666666666666666 tied among 4/8 candidates.
Still need to calculate most frequent values for dict_keys([7, 6])
Tie Breaking Levels	: [3, 3]; Predicted Values	: {13: True, 7: False, 6: False}

[0, 1, 2, 3, 4, 5, 6, 7]
[0.6, 0.6, 0.6, 0.6, 0.6, 0.6, 0.6, 0.6]
Min Score = 0.6 tied among 8/8 candidates.
[3, 7]
[0.0, 0.0, 0.0, 0.16666666666666666, 0.0, 0.0, 0.0, 0.16666666666666666]
Max Score = 0.16666666666666666 tied among 2/8 candidates.
Still need to calculate most frequent values for dict_keys([9])
Tie Breaking Levels	: [3]; Predicted Values	: {17: False, 12: False, 9: False}

[0, 1, 2, 3, 4, 5, 6, 7]
[0.6, 0.6, 0.6, 0.6, 0.6, 0.6, 0.6, 0.6]
Min Score = 0.6 tied among 8/8 candidates.
[1, 3]
[0.0, 0.16666666666666666, 0.0, 0.16666666666666666, 0.0, 0.0, 0.0, 0.0]
Max Score = 0.16666666666666666 tied among 2/8 candidates.
Still need to calculate most frequent values for dict_keys([10])
Tie Breaking Levels	: [3]; Predicted Values	: {13: True, 17: False, 10: False}

[0, 1, 2, 3, 4, 5, 6, 7]
[0.6, 0.6, 0.6, 0.6, 0.6, 0.6, 0.6, 0.6]
Min Score = 0.6 tied among 8/8 candidates.
[2, 6]
[0.0, 0.0, 0.16666666666666666, 0.0, 0.0, 0.0, 0.16666666666666666, 0.0]
Max Score = 0.16666666666666666 tied among 2/8 candidates.
Still need to calculate most frequent values for dict_keys([7])
Tie Breaking Levels	: [3]; Predicted Values	: {13: True, 14: False, 7: False}

[0, 1, 2, 3, 4, 5, 6, 7]
[0.6, 0.6, 0.6, 0.6, 0.6, 0.6, 0.6, 0.6]
Min Score = 0.6 tied among 8/8 candidates.
[4, 5, 6, 7]
[0.0, 0.0, 0.0, 0.0, 0.16666666666666666, 0.16666666666666666, 0.16666666666666666, 0.16666666666666666]
Max Score = 0.16666666666666666 tied among 4/8 candidates.
Still need to calculate most frequent values for dict_keys([11, 2])
Tie Breaking Levels	: [3, 3]; Predicted Values	: {14: False, 11: False, 2: False}
INCORRECT Prediction at tie levels: [3, 3]

[0, 1, 2, 3, 4, 5, 6, 7]
[0.6, 0.6, 0.6, 0.6, 0.6, 0.6, 0.6, 0.6]
Min Score = 0.6 tied among 8/8 candidates.
[3, 7]
[0.0, 0.0, 0.0, 0.16666666666666666, 0.0, 0.0, 0.0, 0.16666666666666666]
Max Score = 0.16666666666666666 tied among 2/8 candidates.
Still need to calculate most frequent values for dict_keys([7])
Tie Breaking Levels	: [3]; Predicted Values	: {14: False, 12: False, 7: False}

[0, 1, 2, 3, 4, 5, 6, 7]
[0.6, 0.6, 0.6, 0.6, 0.6, 0.6, 0.6, 0.6]
Min Score = 0.6 tied among 8/8 candidates.
[1, 3, 5, 7]
[0.0, 0.16666666666666666, 0.0, 0.16666666666666666, 0.0, 0.16666666666666666, 0.0, 0.16666666666666666]
Max Score = 0.16666666666666666 tied among 4/8 candidates.
Still need to calculate most frequent values for dict_keys([6, 5])
Tie Breaking Levels	: [3, 3]; Predicted Values	: {12: False, 6: False, 5: False}

[0, 1, 2, 3, 4, 5, 6, 7]
[0.6416666666666666, 0.6416666666666666, 0.6416666666666666, 0.6416666666666666, 0.6416666666666666, 0.6416666666666666, 0.6416666666666666, 0.6416666666666666]
Min Score = 0.6416666666666666 tied among 8/8 candidates.
[2, 3, 6, 7]
[0.0, 0.0, 0.5, 0.5, 0.0, 0.0, 0.5, 0.5]
Max Score = 0.5 tied among 4/8 candidates.
Still need to calculate most frequent values for dict_keys([7, 4])
Tie Breaking Levels	: [3, 3]; Predicted Values	: {5: False, 7: False, 4: False}

[0, 1, 2, 3, 4, 5, 6, 7]
[0.6416666666666666, 0.6416666666666666, 0.6416666666666666, 0.6416666666666666, 0.6416666666666666, 0.6416666666666666, 0.6416666666666666, 0.6416666666666666]
Min Score = 0.6416666666666666 tied among 8/8 candidates.
[0, 1, 2, 3, 4, 5, 6, 7]
[0.0, 0.0, 0.0, 0.0, 0.0, 0.0, 0.0, 0.0]
Max Score = 0.0 tied among 8/8 candidates.
Still need to calculate most frequent values for dict_keys([7, 13, 11])
Tie Breaking Levels	: [3, 3, 3]; Predicted Values	: {7: False, 13: False, 11: True}
INCORRECT Prediction at tie levels: [3, 3, 3]

[0, 1, 2, 3, 4, 5, 6, 7]
[0.6416666666666666, 0.6416666666666666, 0.6416666666666666, 0.6416666666666666, 0.6416666666666666, 0.6416666666666666, 0.6416666666666666, 0.6416666666666666]
Min Score = 0.6416666666666666 tied among 8/8 candidates.
[4, 5, 6, 7]
[0.0, 0.0, 0.0, 0.0, 0.5, 0.5, 0.5, 0.5]
Max Score = 0.5 tied among 4/8 candidates.
Still need to calculate most frequent values for dict_keys([12, 9])
Tie Breaking Levels	: [3, 3]; Predicted Values	: {5: False, 12: False, 9: False}
INCORRECT Prediction at tie levels: [3, 3]

[0, 1, 2, 3, 4, 5, 6, 7]
[0.6416666666666666, 0.6416666666666666, 0.6416666666666666, 0.6416666666666666, 0.6416666666666666, 0.6416666666666666, 0.6416666666666666, 0.6416666666666666]
Min Score = 0.6416666666666666 tied among 8/8 candidates.
[0, 1, 2, 3, 4, 5, 6, 7]
[0.5, 0.5, 0.5, 0.5, 0.5, 0.5, 0.5, 0.5]
Max Score = 0.5 tied among 8/8 candidates.
Still need to calculate most frequent values for dict_keys([2, 14, 17])
Tie Breaking Levels	: [3, 3, 3]; Predicted Values	: {2: False, 14: False, 17: False}
INCORRECT Prediction at tie levels: [3, 3, 3]

[0, 1, 2, 3, 4, 5, 6, 7]
[0.6416666666666666, 0.6416666666666666, 0.6416666666666666, 0.6416666666666666, 0.6416666666666666, 0.6416666666666666, 0.6416666666666666, 0.6416666666666666]
Min Score = 0.6416666666666666 tied among 8/8 candidates.
[5]
[0.5, 0.5, 0.5, 0.5, 0.5, 0.6, 0.5, 0.5]
Tie Breaking: Level 1

[0, 1, 2, 3, 4, 5, 6, 7]
[0.6416666666666666, 0.6416666666666666, 0.6416666666666666, 0.6416666666666666, 0.6416666666666666, 0.6416666666666666, 0.6416666666666666, 0.6416666666666666]
Min Score = 0.6416666666666666 tied among 8/8 candidates.
[0, 1, 2, 3, 4, 5, 6, 7]
[0.0, 0.0, 0.0, 0.0, 0.0, 0.0, 0.0, 0.0]
Max Score = 0.0 tied among 8/8 candidates.
Still need to calculate most frequent values for dict_keys([6, 4, 2])
Tie Breaking Levels	: [3, 3, 3]; Predicted Values	: {6: False, 4: False, 2: False}

[0, 1, 2, 3, 4, 5, 6, 7]
[0.6416666666666666, 0.6416666666666666, 0.6416666666666666, 0.6416666666666666, 0.6416666666666666, 0.6416666666666666, 0.6416666666666666, 0.6416666666666666]
Min Score = 0.6416666666666666 tied among 8/8 candidates.
[1, 3, 5, 7]
[0.0, 0.5, 0.0, 0.5, 0.0, 0.5, 0.0, 0.5]
Max Score = 0.5 tied among 4/8 candidates.
Still need to calculate most frequent values for dict_keys([12, 3])
Tie Breaking Levels	: [3, 3]; Predicted Values	: {16: False, 12: False, 3: False}
INCORRECT Prediction at tie levels: [3, 3]

[0, 1, 2, 3, 4, 5, 6, 7]
[0.6416666666666666, 0.6416666666666666, 0.6416666666666666, 0.6416666666666666, 0.6416666666666666, 0.6416666666666666, 0.6416666666666666, 0.6416666666666666]
Min Score = 0.6416666666666666 tied among 8/8 candidates.
[0, 1, 2, 3, 4, 5, 6, 7]
[0.0, 0.0, 0.0, 0.0, 0.0, 0.0, 0.0, 0.0]
Max Score = 0.0 tied among 8/8 candidates.
Still need to calculate most frequent values for dict_keys([10, 17, 3])
Tie Breaking Levels	: [3, 3, 3]; Predicted Values	: {10: False, 17: False, 3: False}
INCORRECT Prediction at tie levels: [3, 3, 3]

[0, 1, 2, 3, 4, 5, 6, 7]
[0.6416666666666666, 0.6416666666666666, 0.6416666666666666, 0.6416666666666666, 0.6416666666666666, 0.6416666666666666, 0.6416666666666666, 0.6416666666666666]
Min Score = 0.6416666666666666 tied among 8/8 candidates.
[1, 3, 5, 7]
[0.0, 0.5, 0.0, 0.5, 0.0, 0.5, 0.0, 0.5]
Max Score = 0.5 tied among 4/8 candidates.
Still need to calculate most frequent values for dict_keys([4, 12])
Tie Breaking Levels	: [3, 3]; Predicted Values	: {16: False, 4: False, 12: False}
INCORRECT Prediction at tie levels: [3, 3]

[0, 1, 2, 3, 4, 5, 6, 7]
[0.6416666666666666, 0.6416666666666666, 0.6416666666666666, 0.6416666666666666, 0.6416666666666666, 0.6416666666666666, 0.6416666666666666, 0.6416666666666666]
Min Score = 0.6416666666666666 tied among 8/8 candidates.
[1, 3, 5, 7]
[0.0, 0.5, 0.0, 0.5, 0.0, 0.5, 0.0, 0.5]
Max Score = 0.5 tied among 4/8 candidates.
Still need to calculate most frequent values for dict_keys([7, 12])
Tie Breaking Levels	: [3, 3]; Predicted Values	: {16: False, 7: False, 12: False}
INCORRECT Prediction at tie levels: [3, 3]

[0, 1, 2, 3, 4, 5, 6, 7]
[0.6416666666666666, 0.6416666666666666, 0.6416666666666666, 0.6416666666666666, 0.6416666666666666, 0.6416666666666666, 0.6416666666666666, 0.6416666666666666]
Min Score = 0.6416666666666666 tied among 8/8 candidates.
[0, 1, 2, 3, 4, 5, 6, 7]
[0.5, 0.5, 0.5, 0.5, 0.5, 0.5, 0.5, 0.5]
Max Score = 0.5 tied among 8/8 candidates.
Still need to calculate most frequent values for dict_keys([15, 8, 6])
Tie Breaking Levels	: [3, 3, 3]; Predicted Values	: {15: False, 8: False, 6: False}
INCORRECT Prediction at tie levels: [3, 3, 3]

[0, 1, 2, 3, 4, 5, 6, 7]
[0.6416666666666666, 0.6416666666666666, 0.6416666666666666, 0.6416666666666666, 0.6416666666666666, 0.6416666666666666, 0.6416666666666666, 0.6416666666666666]
Min Score = 0.6416666666666666 tied among 8/8 candidates.
[0, 1, 2, 3, 4, 5, 6, 7]
[0.5, 0.5, 0.5, 0.5, 0.5, 0.5, 0.5, 0.5]
Max Score = 0.5 tied among 8/8 candidates.
Still need to calculate most frequent values for dict_keys([2, 7, 9])
Tie Breaking Levels	: [3, 3, 3]; Predicted Values	: {2: False, 7: False, 9: False}
INCORRECT Prediction at tie levels: [3, 3, 3]

[0, 1, 2, 3, 4, 5, 6, 7]
[0.6416666666666666, 0.6416666666666666, 0.6416666666666666, 0.6416666666666666, 0.6416666666666666, 0.6416666666666666, 0.6416666666666666, 0.6416666666666666]
Min Score = 0.6416666666666666 tied among 8/8 candidates.
[0, 1, 2, 3, 4, 5, 6, 7]
[0.5, 0.5, 0.5, 0.5, 0.5, 0.5, 0.5, 0.5]
Max Score = 0.5 tied among 8/8 candidates.
Still need to calculate most frequent values for dict_keys([4, 15, 17])
Tie Breaking Levels	: [3, 3, 3]; Predicted Values	: {4: False, 15: False, 17: False}
INCORRECT Prediction at tie levels: [3, 3, 3]

[0, 1, 2, 3, 4, 5, 6, 7]
[0.6416666666666666, 0.6416666666666666, 0.6416666666666666, 0.6416666666666666, 0.6416666666666666, 0.6416666666666666, 0.6416666666666666, 0.6416666666666666]
Min Score = 0.6416666666666666 tied among 8/8 candidates.
[7]
[0.5, 0.5, 0.5, 0.5, 0.5, 0.5, 0.5, 0.6]
Tie Breaking: Level 1
INCORRECT Prediction at tie levels: 1

[0, 1, 2, 3, 4, 5, 6, 7]
[0.6416666666666666, 0.6416666666666666, 0.6416666666666666, 0.6416666666666666, 0.6416666666666666, 0.6416666666666666, 0.6416666666666666, 0.6416666666666666]
Min Score = 0.6416666666666666 tied among 8/8 candidates.
[2, 3, 6, 7]
[0.0, 0.0, 0.5, 0.5, 0.0, 0.0, 0.5, 0.5]
Max Score = 0.5 tied among 4/8 candidates.
Still need to calculate most frequent values for dict_keys([15, 8])
Tie Breaking Levels	: [3, 3]; Predicted Values	: {5: False, 15: False, 8: False}
INCORRECT Prediction at tie levels: [3, 3]

[0, 1, 2, 3, 4, 5, 6, 7]
[0.6416666666666666, 0.6416666666666666, 0.6416666666666666, 0.6416666666666666, 0.6416666666666666, 0.6416666666666666, 0.6416666666666666, 0.6416666666666666]
Min Score = 0.6416666666666666 tied among 8/8 candidates.
[2, 3, 6, 7]
[0.0, 0.0, 0.5, 0.5, 0.0, 0.0, 0.5, 0.5]
Max Score = 0.5 tied among 4/8 candidates.
Still need to calculate most frequent values for dict_keys([4, 6])
Tie Breaking Levels	: [3, 3]; Predicted Values	: {5: False, 4: False, 6: False}

[0, 1, 2, 3, 4, 5, 6, 7]
[0.6416666666666666, 0.6416666666666666, 0.6416666666666666, 0.6416666666666666, 0.6416666666666666, 0.6416666666666666, 0.6416666666666666, 0.6416666666666666]
Min Score = 0.6416666666666666 tied among 8/8 candidates.
[7]
[0.5, 0.5, 0.5, 0.5, 0.5, 0.5, 0.5, 0.6]
Tie Breaking: Level 1

[0, 1, 2, 3, 4, 5, 6, 7]
[0.6416666666666666, 0.6416666666666666, 0.6416666666666666, 0.6416666666666666, 0.6416666666666666, 0.6416666666666666, 0.6416666666666666, 0.6416666666666666]
Min Score = 0.6416666666666666 tied among 8/8 candidates.
[0, 1, 2, 3, 4, 5, 6, 7]
[0.5, 0.5, 0.5, 0.5, 0.5, 0.5, 0.5, 0.5]
Max Score = 0.5 tied among 8/8 candidates.
Still need to calculate most frequent values for dict_keys([10, 15, 13])
Tie Breaking Levels	: [3, 3, 3]; Predicted Values	: {10: False, 15: False, 13: False}

[0, 1, 2, 3, 4, 5, 6, 7]
[0.6416666666666666, 0.6416666666666666, 0.6416666666666666, 0.6416666666666666, 0.6416666666666666, 0.6416666666666666, 0.6416666666666666, 0.6416666666666666]
Min Score = 0.6416666666666666 tied among 8/8 candidates.
[4, 5, 6, 7]
[0.0, 0.0, 0.0, 0.0, 0.5, 0.5, 0.5, 0.5]
Max Score = 0.5 tied among 4/8 candidates.
Still need to calculate most frequent values for dict_keys([10, 17])
Tie Breaking Levels	: [3, 3]; Predicted Values	: {5: False, 10: False, 17: False}

Dataset				: iris_18.dat
Metric				: length
Minsups				: [3]
MF Accuracy			: [(0.4230769230769231, 0.2692307692307692, 26, 26)]
Mistle Accuracy		: [0.5]
CNFAlgo Accuracy	: []
Randomized Accuracy	: [0.125]

# Test Examples		: 26
Mistle # Ties		: [(0, 0)]
CNFAlgo # Ties		: []
