Testing both theories: 100%|██████████| 33/33 [00:00<00:00, 711.07it/s]
Reading input file for Breast:   0%|          | 0/699 [00:00<?, ?it/s]
Input Theory (with redundancies and inconsistencies):
	Literal Length = 1933
	Number of clauses = 215

Input Theory (without redundancies and inconsistencies):
	Literal Length = 0
	Number of clauses = 0
Cannot compress anymore: Max overlap size < 2.
Reading input file for Breast: 100%|██████████| 699/699 [00:00<00:00, 54302.99it/s]

Resultant Theory:
	Literal Length = 0
Compressing Clauses:   0%|          | 0/100 [00:00<?, ?it/s]
	Length of Theory = 0
	% Compression (For measure: ll) = 100.0%
	Operator Count = {'W': 0, 'V': 0, 'S': 0, 'R': 0}
	Time Taken = 0.0009899139404296875 seconds

Input Theory (with redundancies and inconsistencies):
	Literal Length = 3776
	Number of clauses = 421

Input Theory (without redundancies and inconsistencies):
	Literal Length = 246
	Number of clauses = 28
Compressing Clauses:   0%|          | 0/130 [00:00<?, ?it/s]Cannot compress anymore: Max overlap size < 2.

Resultant Theory:
	Literal Length = 148
	Length of Theory = 52
	% Compression (For measure: ll) = 96.08%
	Operator Count = {'W': 25, 'V': 0, 'S': 1, 'R': 0}
	Time Taken = 0.005568027496337891 seconds
Compressing Clauses:  20%|██        | 26/130 [00:00<00:00, 5471.20it/s]
Testing both theories:   0%|          | 0/63 [00:00<?, ?it/s]Classification Matrix 	: ff = 0; ft = 0; tf = 63; tt = 0
Accuracy of fold 0	: 0.5873015873015873
Coverage of fold 0	: 100.0

Input Theory (with redundancies and inconsistencies):
	Literal Length = 1942
	Number of clauses = 216

Input Theory (without redundancies and inconsistencies):
	Literal Length = 0
	Number of clauses = 0
Cannot compress anymore: Max overlap size < 2.

Resultant Theory:
	Literal Length = 0
	Length of Theory = 0
	% Compression (For measure: ll) = 100.0%
	Operator Count = {'W': 0, 'V': 0, 'S': 0, 'R': 0}
	Time Taken = 0.0009946823120117188 seconds

Input Theory (with redundancies and inconsistencies):
	Literal Length = 3668
	Number of clauses = 409

Input Theory (without redundancies and inconsistencies):
	Literal Length = 237
	Number of clauses = 27
Testing both theories: 100%|██████████| 63/63 [00:00<00:00, 9502.34it/s]
Compressing Clauses:   0%|          | 0/100 [00:00<?, ?it/s]
Compressing Clauses:   0%|          | 0/129 [00:00<?, ?it/s]Cannot compress anymore: Max overlap size < 2.

Resultant Theory:
	Literal Length = 147
	Length of Theory = 53
	% Compression (For measure: ll) = 95.99%
	Operator Count = {'W': 26, 'V': 0, 'S': 0, 'R': 0}
	Time Taken = 0.005926847457885742 seconds
Compressing Clauses:  20%|██        | 26/129 [00:00<00:00, 5105.90it/s]
Testing both theories:   0%|          | 0/74 [00:00<?, ?it/s]Classification Matrix 	: ff = 0; ft = 0; tf = 74; tt = 0
Accuracy of fold 1	: 0.6621621621621622
Coverage of fold 1	: 100.0

Input Theory (with redundancies and inconsistencies):
	Literal Length = 1969
	Number of clauses = 219

Input Theory (without redundancies and inconsistencies):
	Literal Length = 0
	Number of clauses = 0
Testing both theories: 100%|██████████| 74/74 [00:00<00:00, 11015.31it/s]
Cannot compress anymore: Max overlap size < 2.

Resultant Theory:
	Literal Length = 0
	Length of Theory = 0
	% Compression (For measure: ll) = 100.0%
	Operator Count = {'W': 0, 'V': 0, 'S': 0, 'R': 0}
	Time Taken = 0.0011889934539794922 seconds
Compressing Clauses:   0%|          | 0/100 [00:00<?, ?it/s]

Input Theory (with redundancies and inconsistencies):
	Literal Length = 3794
	Number of clauses = 423

Input Theory (without redundancies and inconsistencies):
	Literal Length = 246
	Number of clauses = 28
Compressing Clauses:  20%|██        | 26/130 [00:00<00:00, 5323.24it/s]
Cannot compress anymore: Max overlap size < 2.

Resultant Theory:
	Literal Length = 148
	Length of Theory = 52
	% Compression (For measure: ll) = 96.1%
	Operator Count = {'W': 25, 'V': 0, 'S': 1, 'R': 0}
	Time Taken = 0.005944728851318359 seconds
Testing both theories:   0%|          | 0/57 [00:00<?, ?it/s]Classification Matrix 	: ff = 0; ft = 0; tf = 57; tt = 0
Accuracy of fold 2	: 0.6140350877192983
Coverage of fold 2	: 100.0

Input Theory (with redundancies and inconsistencies):
	Literal Length = 1924
	Number of clauses = 214

Input Theory (without redundancies and inconsistencies):
	Literal Length = 0
	Number of clauses = 0
Testing both theories: 100%|██████████| 57/57 [00:00<00:00, 11831.31it/s]
Compressing Clauses:   0%|          | 0/100 [00:00<?, ?it/s]
Cannot compress anymore: Max overlap size < 2.

Resultant Theory:
	Literal Length = 0
	Length of Theory = 0
	% Compression (For measure: ll) = 100.0%
	Operator Count = {'W': 0, 'V': 0, 'S': 0, 'R': 0}
	Time Taken = 0.0011861324310302734 seconds

Input Theory (with redundancies and inconsistencies):
	Literal Length = 3634
	Number of clauses = 405

Input Theory (without redundancies and inconsistencies):
	Literal Length = 256
	Number of clauses = 29
Compressing Clauses:   0%|          | 0/131 [00:00<?, ?it/s]Cannot compress the theory any further.

Resultant Theory:
	Literal Length = 156
	Length of Theory = 55
	% Compression (For measure: ll) = 95.71%
	Operator Count = {'W': 27, 'V': 0, 'S': 1, 'R': 0}
	Time Taken = 0.006893634796142578 seconds
Compressing Clauses:  21%|██▏       | 28/131 [00:00<00:00, 4606.59it/s]
Testing both theories: 100%|██████████| 80/80 [00:00<00:00, 10642.74it/s]
Compressing Clauses:   0%|          | 0/101 [00:00<?, ?it/s]
Compressing Clauses:   0%|          | 0/128 [00:00<?, ?it/s]Classification Matrix 	: ff = 0; ft = 0; tf = 80; tt = 0
Accuracy of fold 3	: 0.6625
Coverage of fold 3	: 100.0

Input Theory (with redundancies and inconsistencies):
	Literal Length = 1951
	Number of clauses = 217

Input Theory (without redundancies and inconsistencies):
	Literal Length = 8
	Number of clauses = 1
Cannot compress anymore: Max overlap size < 2.

Resultant Theory:
	Literal Length = 8
	Length of Theory = 1
	% Compression (For measure: ll) = 99.59%
	Operator Count = {'W': 0, 'V': 0, 'S': 0, 'R': 0}
	Time Taken = 0.001132965087890625 seconds

Input Theory (with redundancies and inconsistencies):
	Literal Length = 3725
	Number of clauses = 415

Input Theory (without redundancies and inconsistencies):
	Literal Length = 230
	Number of clauses = 26
Compressing Clauses:  20%|█▉        | 25/128 [00:00<00:00, 4895.31it/s]
Testing both theories:   0%|          | 0/67 [00:00<?, ?it/s]Cannot compress anymore: Max overlap size < 2.

Resultant Theory:
	Literal Length = 138
	Length of Theory = 51
	% Compression (For measure: ll) = 96.3%
	Operator Count = {'W': 25, 'V': 0, 'S': 0, 'R': 0}
	Time Taken = 0.006043195724487305 seconds
Testing both theories: 100%|██████████| 67/67 [00:00<00:00, 11076.36it/s]
Compressing Clauses:   0%|          | 0/100 [00:00<?, ?it/s]
Classification Matrix 	: ff = 0; ft = 5; tf = 62; tt = 0
Accuracy of fold 4	: 0.6865671641791045
Coverage of fold 4	: 100.0

Input Theory (with redundancies and inconsistencies):
	Literal Length = 1934
	Number of clauses = 215

Input Theory (without redundancies and inconsistencies):
	Literal Length = 0
	Number of clauses = 0
Cannot compress anymore: Max overlap size < 2.

Resultant Theory:
	Literal Length = 0
	Length of Theory = 0
	% Compression (For measure: ll) = 100.0%
	Operator Count = {'W': 0, 'V': 0, 'S': 0, 'R': 0}
	Time Taken = 0.0012409687042236328 seconds

Input Theory (with redundancies and inconsistencies):
	Literal Length = 3632
	Number of clauses = 405

Input Theory (without redundancies and inconsistencies):
	Literal Length = 246
	Number of clauses = 28
Compressing Clauses:  21%|██        | 27/130 [00:00<00:00, 4991.68it/s]
Testing both theories:   0%|          | 0/79 [00:00<?, ?it/s]Cannot compress the theory any further.

Resultant Theory:
	Literal Length = 150
	Length of Theory = 53
	% Compression (For measure: ll) = 95.87%
	Operator Count = {'W': 26, 'V': 0, 'S': 1, 'R': 0}
	Time Taken = 0.0063021183013916016 seconds
Classification Matrix 	: ff = 0; ft = 0; tf = 79; tt = 0
Accuracy of fold 5	: 0.6708860759493671
Coverage of fold 5	: 100.0

Input Theory (with redundancies and inconsistencies):
	Literal Length = 1961
	Number of clauses = 218

Input Theory (without redundancies and inconsistencies):
	Literal Length = 0
	Number of clauses = 0
Testing both theories: 100%|██████████| 79/79 [00:00<00:00, 10205.75it/s]
Cannot compress anymore: Max overlap size < 2.

Resultant Theory:
Compressing Clauses:   0%|          | 0/100 [00:00<?, ?it/s]
	Literal Length = 0
	Length of Theory = 0
	% Compression (For measure: ll) = 100.0%
Compressing Clauses:   0%|          | 0/130 [00:00<?, ?it/s]	Operator Count = {'W': 0, 'V': 0, 'S': 0, 'R': 0}
	Time Taken = 0.0011072158813476562 seconds

Input Theory (with redundancies and inconsistencies):
	Literal Length = 3703
	Number of clauses = 413

Input Theory (without redundancies and inconsistencies):
	Literal Length = 246
	Number of clauses = 28
Cannot compress anymore: Max overlap size < 2.

Resultant Theory:
	Literal Length = 148
	Length of Theory = 52
	% Compression (For measure: ll) = 96.0%
Compressing Clauses:  20%|██        | 26/130 [00:00<00:00, 5116.92it/s]
	Operator Count = {'W': 25, 'V': 0, 'S': 1, 'R': 0}
Testing both theories:   0%|          | 0/68 [00:00<?, ?it/s]	Time Taken = 0.0058901309967041016 seconds
Testing both theories: 100%|██████████| 68/68 [00:00<00:00, 10359.69it/s]
Compressing Clauses:   0%|          | 0/100 [00:00<?, ?it/s]
Classification Matrix 	: ff = 0; ft = 0; tf = 68; tt = 0
Accuracy of fold 6	: 0.6617647058823529
Coverage of fold 6	: 100.0

Input Theory (with redundancies and inconsistencies):
	Literal Length = 1987
	Number of clauses = 221

Input Theory (without redundancies and inconsistencies):
	Literal Length = 0
	Number of clauses = 0
Cannot compress anymore: Max overlap size < 2.

Resultant Theory:
	Literal Length = 0
	Length of Theory = 0
	% Compression (For measure: ll) = 100.0%
	Operator Count = {'W': 0, 'V': 0, 'S': 0, 'R': 0}
	Time Taken = 0.0009369850158691406 seconds

Input Theory (with redundancies and inconsistencies):
	Literal Length = 3731
	Number of clauses = 416
Compressing Clauses:   0%|          | 0/131 [00:00<?, ?it/s]
Input Theory (without redundancies and inconsistencies):
	Literal Length = 255
	Number of clauses = 29
Cannot compress the theory any further.

Resultant Theory:
	Literal Length = 150
	Length of Theory = 52
	% Compression (For measure: ll) = 95.98%
	Operator Count = {'W': 25, 'V': 0, 'S': 2, 'R': 0}
	Time Taken = 0.006481170654296875 seconds
Compressing Clauses:  21%|██        | 27/131 [00:00<00:00, 4980.70it/s]
Testing both theories:   0%|          | 0/62 [00:00<?, ?it/s]Classification Matrix 	: ff = 0; ft = 0; tf = 62; tt = 0
Accuracy of fold 7	: 0.6774193548387096
Coverage of fold 7	: 100.0

Input Theory (with redundancies and inconsistencies):
	Literal Length = 1942
	Number of clauses = 216

Input Theory (without redundancies and inconsistencies):
	Literal Length = 0
	Number of clauses = 0
Testing both theories: 100%|██████████| 62/62 [00:00<00:00, 10585.21it/s]
Cannot compress anymore: Max overlap size < 2.
Compressing Clauses:   0%|          | 0/100 [00:00<?, ?it/s]

Resultant Theory:
	Literal Length = 0
	Length of Theory = 0
	% Compression (For measure: ll) = 100.0%
	Operator Count = {'W': 0, 'V': 0, 'S': 0, 'R': 0}
	Time Taken = 0.0009810924530029297 seconds

Input Theory (with redundancies and inconsistencies):
	Literal Length = 3713
	Number of clauses = 414

Input Theory (without redundancies and inconsistencies):
	Literal Length = 264
	Number of clauses = 30
Compressing Clauses:   0%|          | 0/133 [00:00<?, ?it/s]Cannot compress the theory any further.

Resultant Theory:
	Literal Length = 158
	Length of Theory = 57
	% Compression (For measure: ll) = 95.74%
	Operator Count = {'W': 28, 'V': 0, 'S': 1, 'R': 0}
	Time Taken = 0.007069826126098633 seconds
Compressing Clauses:  22%|██▏       | 29/133 [00:00<00:00, 4631.06it/s]
Testing both theories: 100%|██████████| 69/69 [00:00<00:00, 11532.46it/s]
Classification Matrix 	: ff = 0; ft = 0; tf = 69; tt = 0
Accuracy of fold 8	: 0.6376811594202898
Coverage of fold 8	: 100.0

Input Theory (with redundancies and inconsistencies):
	Literal Length = 1960
	Number of clauses = 218

Input Theory (without redundancies and inconsistencies):
	Literal Length = 0
	Number of clauses = 0
Cannot compress anymore: Max overlap size < 2.

Resultant Theory:
	Literal Length = 0
	Length of Theory = 0
	% Compression (For measure: ll) = 100.0%
	Operator Count = {'W': 0, 'V': 0, 'S': 0, 'R': 0}
	Time Taken = 0.0008788108825683594 seconds

Input Theory (with redundancies and inconsistencies):
	Literal Length = 3596
	Number of clauses = 401

Input Theory (without redundancies and inconsistencies):
	Literal Length = 228
	Number of clauses = 26
Compressing Clauses:   0%|          | 0/100 [00:00<?, ?it/s]
Compressing Clauses:   0%|          | 0/128 [00:00<?, ?it/s]Cannot compress anymore: Max overlap size < 2.

Resultant Theory:
	Literal Length = 138
	Length of Theory = 48
	% Compression (For measure: ll) = 96.16%
	Operator Count = {'W': 23, 'V': 0, 'S': 1, 'R': 0}
	Time Taken = 0.004601001739501953 seconds
Compressing Clauses:  19%|█▉        | 24/128 [00:00<00:00, 6139.50it/s]
Testing both theories:   0%|          | 0/80 [00:00<?, ?it/s]Classification Matrix 	: ff = 0; ft = 0; tf = 80; tt = 0
Accuracy of fold 9	: 0.7125
Coverage of fold 9	: 100.0
Average Coverage 					: 100.0%
Average Classification Accuracy 	: 65.73%
Average Compression 				: [99.959, 95.993]%
Total Time 							: 0.1649479866027832 seconds