Reading input file for Breast: 100%|██████████| 699/699 [00:00<00:00, 62482.81it/s]
Outputting data: 100%|██████████| 699/699 [00:00<00:00, 136160.99it/s]

Input Theory (with redundancies and inconsistencies):
	Literal Length = 1933
	Number of clauses = 215

Input Theory (without redundancies and inconsistencies):
	Literal Length = 0
	Number of clauses = 0
Cannot compress anymore: Max overlap size < 2.

Resultant Theory:
	Literal Length = 0
	Length of Theory = 0
	% Compression (For measure: ll) = 100.0%
	Operator Count = {'W': 0, 'V': 0, 'S': 0, 'R': 0}
	Time Taken = 0.0009531974792480469 seconds

Input Theory (with redundancies and inconsistencies):
	Literal Length = 3776
	Number of clauses = 421

Input Theory (without redundancies and inconsistencies):
	Literal Length = 246
	Number of clauses = 28
Compressing Clauses:   0%|          | 0/100 [00:00<?, ?it/s]
Compressing Clauses:   0%|          | 0/130 [00:00<?, ?it/s]Cannot compress the theory any further.

Resultant Theory:
	Literal Length = 80
	Length of Theory = 30
Compressing Clauses:  21%|██        | 27/130 [00:00<00:00, 1135.30it/s]
	% Compression (For measure: ll) = 97.88%
	Operator Count = {'W': 4, 'V': 21, 'S': 2, 'R': 0}
	Time Taken = 0.02449202537536621 seconds
Classification Matrix 	: ff = 0; ft = 0; tf = 63; tt = 0
Accuracy of fold 0	: 0.5873015873015873
Coverage of fold 0	: 100.0
Testing both theories: 100%|██████████| 63/63 [00:00<00:00, 18491.33it/s]
Outputting data: 100%|██████████| 699/699 [00:00<00:00, 136148.35it/s]
Compressing Clauses:   0%|          | 0/100 [00:00<?, ?it/s]

Input Theory (with redundancies and inconsistencies):
	Literal Length = 1942
	Number of clauses = 216

Input Theory (without redundancies and inconsistencies):
	Literal Length = 0
	Number of clauses = 0
Cannot compress anymore: Max overlap size < 2.

Resultant Theory:
	Literal Length = 0
	Length of Theory = 0
	% Compression (For measure: ll) = 100.0%
	Operator Count = {'W': 0, 'V': 0, 'S': 0, 'R': 0}
	Time Taken = 0.0009870529174804688 seconds
Compressing Clauses:   0%|          | 0/129 [00:00<?, ?it/s]
Input Theory (with redundancies and inconsistencies):
	Literal Length = 3668
	Number of clauses = 409

Input Theory (without redundancies and inconsistencies):
	Literal Length = 237
	Number of clauses = 27
Compressing Clauses:  29%|██▊       | 37/129 [00:00<00:00, 1682.20it/s]
Cannot compress the theory any further.

Testing both theories:   0%|          | 0/74 [00:00<?, ?it/s]Resultant Theory:
	Literal Length = 63
	Length of Theory = 20
	% Compression (For measure: ll) = 98.28%
	Operator Count = {'W': 5, 'V': 20, 'S': 12, 'R': 0}
	Time Taken = 0.022729873657226562 seconds
Classification Matrix 	: ff = 0; ft = 0; tf = 74; tt = 0
Accuracy of fold 1	: 0.6621621621621622
Coverage of fold 1	: 100.0
Testing both theories: 100%|██████████| 74/74 [00:00<00:00, 20318.05it/s]
Outputting data: 100%|██████████| 699/699 [00:00<00:00, 129348.74it/s]

Compressing Clauses:   0%|          | 0/100 [00:00<?, ?it/s]
Input Theory (with redundancies and inconsistencies):
	Literal Length = 1969
	Number of clauses = 219

Input Theory (without redundancies and inconsistencies):
	Literal Length = 0
	Number of clauses = 0
Cannot compress anymore: Max overlap size < 2.

Resultant Theory:
	Literal Length = 0
	Length of Theory = 0
	% Compression (For measure: ll) = 100.0%
	Operator Count = {'W': 0, 'V': 0, 'S': 0, 'R': 0}
	Time Taken = 0.0009341239929199219 seconds
Compressing Clauses:   0%|          | 0/130 [00:00<?, ?it/s]
Input Theory (with redundancies and inconsistencies):
	Literal Length = 3794
	Number of clauses = 423

Input Theory (without redundancies and inconsistencies):
	Literal Length = 246
	Number of clauses = 28
Cannot compress the theory any further.

Resultant Theory:
	Literal Length = 80
	Length of Theory = 30
	% Compression (For measure: ll) = 97.89%
	Operator Count = {'W': 4, 'V': 21, 'S': 2, 'R': 0}
	Time Taken = 0.02651190757751465 seconds
Compressing Clauses:  21%|██        | 27/130 [00:00<00:00, 1050.38it/s]
Testing both theories: 100%|██████████| 57/57 [00:00<00:00, 15980.97it/s]
Outputting data:   0%|          | 0/699 [00:00<?, ?it/s]Classification Matrix 	: ff = 0; ft = 0; tf = 57; tt = 0
Accuracy of fold 2	: 0.6140350877192983
Coverage of fold 2	: 100.0
Outputting data: 100%|██████████| 699/699 [00:00<00:00, 113254.47it/s]
Compressing Clauses:   0%|          | 0/100 [00:00<?, ?it/s]

Input Theory (with redundancies and inconsistencies):
	Literal Length = 1924
	Number of clauses = 214

Input Theory (without redundancies and inconsistencies):
	Literal Length = 0
	Number of clauses = 0
Cannot compress anymore: Max overlap size < 2.

Resultant Theory:
	Literal Length = 0
	Length of Theory = 0
	% Compression (For measure: ll) = 100.0%
	Operator Count = {'W': 0, 'V': 0, 'S': 0, 'R': 0}
	Time Taken = 0.0010099411010742188 seconds

Input Theory (with redundancies and inconsistencies):
	Literal Length = 3634
	Number of clauses = 405

Input Theory (without redundancies and inconsistencies):
	Literal Length = 256
	Number of clauses = 29
Compressing Clauses:   0%|          | 0/131 [00:00<?, ?it/s]Cannot compress anymore: Max overlap size < 2.

Resultant Theory:
	Literal Length = 95
	Length of Theory = 32
	% Compression (For measure: ll) = 97.39%
	Operator Count = {'W': 11, 'V': 19, 'S': 8, 'R': 0}
	Time Taken = 0.02938103675842285 seconds
Compressing Clauses:  29%|██▉       | 38/131 [00:00<00:00, 1342.43it/s]
Testing both theories: 100%|██████████| 80/80 [00:00<00:00, 17436.31it/s]
Outputting data:   0%|          | 0/699 [00:00<?, ?it/s]Classification Matrix 	: ff = 0; ft = 0; tf = 80; tt = 0
Accuracy of fold 3	: 0.6625
Coverage of fold 3	: 100.0
Outputting data: 100%|██████████| 699/699 [00:00<00:00, 116093.23it/s]
Compressing Clauses:   0%|          | 0/101 [00:00<?, ?it/s]

Input Theory (with redundancies and inconsistencies):
	Literal Length = 1951
	Number of clauses = 217

Input Theory (without redundancies and inconsistencies):
	Literal Length = 8
	Number of clauses = 1
Cannot compress anymore: Max overlap size < 2.

Resultant Theory:
	Literal Length = 8
	Length of Theory = 1
	% Compression (For measure: ll) = 99.59%
	Operator Count = {'W': 0, 'V': 0, 'S': 0, 'R': 0}
	Time Taken = 0.0011382102966308594 seconds

Input Theory (with redundancies and inconsistencies):
	Literal Length = 3725
	Number of clauses = 415

Input Theory (without redundancies and inconsistencies):
	Literal Length = 230
	Number of clauses = 26
Compressing Clauses:   0%|          | 0/128 [00:00<?, ?it/s]Cannot compress the theory any further.
Compressing Clauses:  20%|█▉        | 25/128 [00:00<00:00, 1348.20it/s]

Resultant Theory:
	Literal Length = 99
	Length of Theory = 35
	% Compression (For measure: ll) = 97.34%
	Operator Count = {'W': 10, 'V': 14, 'S': 1, 'R': 0}
	Time Taken = 0.01944899559020996 seconds
Testing both theories:   0%|          | 0/67 [00:00<?, ?it/s]Classification Matrix 	: ff = 0; ft = 1; tf = 66; tt = 0
Accuracy of fold 4	: 0.6268656716417911
Coverage of fold 4	: 100.0
Testing both theories: 100%|██████████| 67/67 [00:00<00:00, 14568.09it/s]
Outputting data: 100%|██████████| 699/699 [00:00<00:00, 126447.79it/s]

Input Theory (with redundancies and inconsistencies):
Compressing Clauses:   0%|          | 0/100 [00:00<?, ?it/s]
	Literal Length = 1934
	Number of clauses = 215

Input Theory (without redundancies and inconsistencies):
	Literal Length = 0
	Number of clauses = 0
Cannot compress anymore: Max overlap size < 2.

Resultant Theory:
	Literal Length = 0
	Length of Theory = 0
	% Compression (For measure: ll) = 100.0%
	Operator Count = {'W': 0, 'V': 0, 'S': 0, 'R': 0}
	Time Taken = 0.0013952255249023438 seconds

Input Theory (with redundancies and inconsistencies):
	Literal Length = 3632
	Number of clauses = 405

Input Theory (without redundancies and inconsistencies):
	Literal Length = 246
	Number of clauses = 28
Compressing Clauses:   0%|          | 0/130 [00:00<?, ?it/s]Cannot compress the theory any further.

Resultant Theory:
	Literal Length = 91
	Length of Theory = 34
	% Compression (For measure: ll) = 97.49%
	Operator Count = {'W': 7, 'V': 19, 'S': 1, 'R': 0}
	Time Taken = 0.023529052734375 seconds
Compressing Clauses:  21%|██        | 27/130 [00:00<00:00, 1187.86it/s]
Testing both theories:   0%|          | 0/79 [00:00<?, ?it/s]Classification Matrix 	: ff = 0; ft = 0; tf = 79; tt = 0
Accuracy of fold 5	: 0.6708860759493671
Coverage of fold 5	: 100.0
Testing both theories: 100%|██████████| 79/79 [00:00<00:00, 16218.80it/s]
Outputting data: 100%|██████████| 699/699 [00:00<00:00, 128346.47it/s]
Compressing Clauses:   0%|          | 0/100 [00:00<?, ?it/s]

Input Theory (with redundancies and inconsistencies):
	Literal Length = 1961
	Number of clauses = 218

Input Theory (without redundancies and inconsistencies):
	Literal Length = 0
	Number of clauses = 0
Cannot compress anymore: Max overlap size < 2.

Resultant Theory:
	Literal Length = 0
	Length of Theory = 0
	% Compression (For measure: ll) = 100.0%
	Operator Count = {'W': 0, 'V': 0, 'S': 0, 'R': 0}
	Time Taken = 0.0009970664978027344 seconds

Input Theory (with redundancies and inconsistencies):
	Literal Length = 3703
	Number of clauses = 413

Input Theory (without redundancies and inconsistencies):
	Literal Length = 246
	Number of clauses = 28
Compressing Clauses:  21%|██        | 27/130 [00:00<00:00, 1114.56it/s]
Testing both theories:   0%|          | 0/68 [00:00<?, ?it/s]Cannot compress the theory any further.

Resultant Theory:
	Literal Length = 80
	Length of Theory = 30
	% Compression (For measure: ll) = 97.84%
	Operator Count = {'W': 4, 'V': 21, 'S': 2, 'R': 0}
	Time Taken = 0.025047779083251953 seconds
Testing both theories: 100%|██████████| 68/68 [00:00<00:00, 17763.62it/s]
Outputting data:   0%|          | 0/699 [00:00<?, ?it/s]Classification Matrix 	: ff = 0; ft = 0; tf = 68; tt = 0
Accuracy of fold 6	: 0.6617647058823529
Coverage of fold 6	: 100.0
Outputting data: 100%|██████████| 699/699 [00:00<00:00, 136975.26it/s]
Compressing Clauses:   0%|          | 0/100 [00:00<?, ?it/s]
Compressing Clauses:   0%|          | 0/131 [00:00<?, ?it/s]
Input Theory (with redundancies and inconsistencies):
	Literal Length = 1987
	Number of clauses = 221

Input Theory (without redundancies and inconsistencies):
	Literal Length = 0
	Number of clauses = 0
Cannot compress anymore: Max overlap size < 2.

Resultant Theory:
	Literal Length = 0
	Length of Theory = 0
	% Compression (For measure: ll) = 100.0%
	Operator Count = {'W': 0, 'V': 0, 'S': 0, 'R': 0}
	Time Taken = 0.0011560916900634766 seconds

Input Theory (with redundancies and inconsistencies):
	Literal Length = 3731
	Number of clauses = 416

Input Theory (without redundancies and inconsistencies):
	Literal Length = 255
	Number of clauses = 29
Compressing Clauses:  21%|██▏       | 28/131 [00:00<00:00, 1148.71it/s]
Testing both theories:   0%|          | 0/62 [00:00<?, ?it/s]Cannot compress the theory any further.

Resultant Theory:
	Literal Length = 96
	Length of Theory = 35
	% Compression (For measure: ll) = 97.43%
	Operator Count = {'W': 8, 'V': 18, 'S': 2, 'R': 0}
	Time Taken = 0.025124073028564453 seconds
Testing both theories: 100%|██████████| 62/62 [00:00<00:00, 16888.35it/s]
Outputting data:   0%|          | 0/699 [00:00<?, ?it/s]Classification Matrix 	: ff = 0; ft = 0; tf = 62; tt = 0
Accuracy of fold 7	: 0.6774193548387096
Coverage of fold 7	: 100.0
Outputting data: 100%|██████████| 699/699 [00:00<00:00, 104827.61it/s]
Compressing Clauses:   0%|          | 0/100 [00:00<?, ?it/s]

Input Theory (with redundancies and inconsistencies):
	Literal Length = 1942
	Number of clauses = 216

Input Theory (without redundancies and inconsistencies):
	Literal Length = 0
	Number of clauses = 0
Cannot compress anymore: Max overlap size < 2.

Resultant Theory:
	Literal Length = 0
	Length of Theory = 0
	% Compression (For measure: ll) = 100.0%
	Operator Count = {'W': 0, 'V': 0, 'S': 0, 'R': 0}
	Time Taken = 0.001341104507446289 seconds

Input Theory (with redundancies and inconsistencies):
	Literal Length = 3713
	Number of clauses = 414

Input Theory (without redundancies and inconsistencies):
	Literal Length = 264
	Number of clauses = 30
Compressing Clauses:   0%|          | 0/133 [00:00<?, ?it/s]Cannot compress the theory any further.

Resultant Theory:
	Literal Length = 49
	Length of Theory = 17
	% Compression (For measure: ll) = 98.68%
	Operator Count = {'W': 3, 'V': 28, 'S': 16, 'R': 0}
	Time Taken = 0.05442476272583008 seconds
Compressing Clauses:  35%|███▌      | 47/133 [00:00<00:00, 898.18it/s]
Testing both theories:   0%|          | 0/69 [00:00<?, ?it/s]Classification Matrix 	: ff = 0; ft = 0; tf = 69; tt = 0
Accuracy of fold 8	: 0.6376811594202898
Coverage of fold 8	: 100.0
Testing both theories: 100%|██████████| 69/69 [00:00<00:00, 18919.20it/s]
Outputting data:   0%|          | 0/699 [00:00<?, ?it/s]
Input Theory (with redundancies and inconsistencies):
	Literal Length = 1960
	Number of clauses = 218

Input Theory (without redundancies and inconsistencies):
	Literal Length = 0
	Number of clauses = 0
Outputting data: 100%|██████████| 699/699 [00:00<00:00, 91277.04it/s]
Cannot compress anymore: Max overlap size < 2.
Compressing Clauses:   0%|          | 0/100 [00:00<?, ?it/s]

Resultant Theory:
	Literal Length = 0
	Length of Theory = 0
	% Compression (For measure: ll) = 100.0%
	Operator Count = {'W': 0, 'V': 0, 'S': 0, 'R': 0}
	Time Taken = 0.0011720657348632812 seconds

Input Theory (with redundancies and inconsistencies):
	Literal Length = 3596
	Number of clauses = 401

Input Theory (without redundancies and inconsistencies):
	Literal Length = 228
	Number of clauses = 26
Compressing Clauses:   0%|          | 0/128 [00:00<?, ?it/s]Cannot compress anymore: Max overlap size < 2.

Resultant Theory:
	Literal Length = 55
	Length of Theory = 19
	% Compression (For measure: ll) = 98.47%
	Operator Count = {'W': 5, 'V': 20, 'S': 12, 'R': 0}
	Time Taken = 0.028776884078979492 seconds
Compressing Clauses:  29%|██▉       | 37/128 [00:00<00:00, 1389.05it/s]
Testing both theories: 100%|██████████| 80/80 [00:00<00:00, 20867.18it/s]
Reading input file for Pima:   0%|          | 0/768 [00:00<?, ?it/s]Classification Matrix 	: ff = 0; ft = 0; tf = 80; tt = 0
Accuracy of fold 9	: 0.7125
Coverage of fold 9	: 100.0
Average Coverage 					: 100.0%
Average Classification Accuracy 	: 65.13%
Average Compression 				: [99.959, 97.869]%
Total Time 							: 0.42090916633605957 seconds