>/Users/arcchit/Docs/Mistle/Resources/spmf.jar
========== LCM - STATS ============
 Freq. closed itemsets count: 976
 Total time ~: 23 ms
 Max memory:9.562026977539062
=====================================
>/Users/arcchit/Docs/Mistle/Resources/spmf.jar
========== LCM - STATS ============
 Freq. closed itemsets count: 5
 Total time ~: 1 ms
 Max memory:7.562202453613281
=====================================
>/Users/arcchit/Docs/Mistle/Resources/spmf.jar
========== LCM - STATS ============
 Freq. closed itemsets count: 949
 Total time ~: 20 ms
 Max memory:9.56207275390625
=====================================
>/Users/arcchit/Docs/Mistle/Resources/spmf.jar
========== LCM - STATS ============
 Freq. closed itemsets count: 0
 Total time ~: 1 ms
 Max memory:7.5620574951171875
=====================================
>/Users/arcchit/Docs/Mistle/Resources/spmf.jar
========== LCM - STATS ============
 Freq. closed itemsets count: 2937
 Total time ~: 29 ms
 Max memory:11.281974792480469
=====================================
>/Users/arcchit/Docs/Mistle/Resources/spmf.jar
========== LCM - STATS ============
 Freq. closed itemsets count: 0
 Total time ~: 0 ms
 Max memory:7.857940673828125
=====================================
>/Users/arcchit/Docs/Mistle/Resources/spmf.jar
========== LCM - STATS ============
 Freq. closed itemsets count: 1713
 Total time ~: 26 ms
 Max memory:9.842048645019531
=====================================
0
1
2
3
4
5
6
7
8
9
Length of freq items 1	: 976
Time of freq items 1	: 0.3664069175720215
11714 Frequent Itemsets are mined in 0.12331199645996094 seconds.
Length of freq items 2	: 11714
Time of freq items 2	: 0.12338018417358398
DL of initial theory	: 13583.537244505815
524	itemsets left after T operation 	: [frozenset({-6, -9})]
305	itemsets left after T operation 	: [frozenset({-7, 6})]
102	itemsets left after T operation 	: [frozenset({-7, -9})]
24	itemsets left after T operation 	: [frozenset({14, -13, -12, -8, -4, -3})]
5	itemsets left after T operation 	: [frozenset({-4, -12, 14})]
2	itemsets left after V operation 	: [frozenset({2, -13, -8, 9, 11, 12, -7}), frozenset({-4, -12, 14})]
1	itemsets left after V operation 	: [frozenset({-7, 6}), frozenset({-6, -9}), frozenset({2, -13, -8, 9, -6, 11, 12})]
0	itemsets left after V operation 	: [frozenset({-6, -9}), frozenset({-6, -9})]
Length of freq items 1	: 5
Time of freq items 1	: 0.314985990524292
71 Frequent Itemsets are mined in 0.0006051063537597656 seconds.
Length of freq items 2	: 71
Time of freq items 2	: 0.0006248950958251953
1	itemsets left after S operation 	: [frozenset({-6, -9})]
0	itemsets left after V operation 	: [frozenset({2, -13, -8, 9, 11, 12}), frozenset({-6, -9})]
0 clauses are pruned.
Initial DL				: 13583.53724450582
Final DL				: 88.10278206102913
Compression (wrt me)	: 0.9935140029820536
Operator Counters		: {'D': 0, 'W': 0, 'V': 4, 'S': 1, 'R': 0, 'T': 5}
Length of freq items 1	: 949
Time of freq items 1	: 0.3549361228942871
1326 Frequent Itemsets are mined in 0.010334253311157227 seconds.
Length of freq items 2	: 1326
Time of freq items 2	: 0.010365009307861328
67  violations of +ve partial assignments found for the learned theory.
Violating Clauses	:{frozenset({3, -1, -2}), frozenset({3, 11, -12, -10, -7}), frozenset({11, 13, 6}), frozenset({-7, -13}), frozenset({8, 1, 2, 13}), frozenset({1, 10, -4}), frozenset({1, -12, 5, 6}), frozenset({1, 7, -14, -13, -9}), frozenset({8, -11, -9}), frozenset({-2, 7}), frozenset({8, 5, -4, -3}), frozenset({2, 7, 11, -6, -4}), frozenset({12, 7}), frozenset({8, -7, 3, -10}), frozenset({8, 9, -5, -10}), frozenset({-8, -7, 10, 14}), frozenset({2, 11, -6, -5, -1}), frozenset({2, -13, -4}), frozenset({12, 13}), frozenset({8, 4, 5, -9}), frozenset({10, -13, -12, -9, -2}), frozenset({8, -13, 6})}
DL of initial theory	: 13583.537244505815
931	itemsets left after T operation 	: [frozenset({9, 7})]
910	itemsets left after T operation 	: [frozenset({2, 5})]
894	itemsets left after T operation 	: [frozenset({10, 4, 12})]
859	itemsets left after T operation 	: [frozenset({-14, -1})]
826	itemsets left after T operation 	: [frozenset({-4, -3})]
789	itemsets left after T operation 	: [frozenset({1, 13})]
760	itemsets left after T operation 	: [frozenset({11, -12})]
710	itemsets left after T operation 	: [frozenset({3, 14})]
628	itemsets left after T operation 	: [frozenset({-8, -5})]
587	itemsets left after T operation 	: [frozenset({-13, -10})]
545	itemsets left after T operation 	: [frozenset({1, -13})]
502	itemsets left after S operation 	: [frozenset({12, 7})]
440	itemsets left after T operation 	: [frozenset({-11, -3})]
371	itemsets left after T operation 	: [frozenset({10, -2})]
339	itemsets left after T operation 	: [frozenset({8, 9, -10})]
312	itemsets left after T operation 	: [frozenset({10, -13, 14})]
286	itemsets left after T operation 	: [frozenset({-12, 7})]
253	itemsets left after T operation 	: [frozenset({4, 6})]
237	itemsets left after T operation 	: [frozenset({-5, -12, 4})]
195	itemsets left after T operation 	: [frozenset({-7, -14, -6})]
152	itemsets left after T operation 	: [frozenset({1, -4})]
125	itemsets left after T operation 	: [frozenset({11, -5})]
112	itemsets left after T operation 	: [frozenset({3, -2})]
99	itemsets left after T operation 	: [frozenset({-11, 14})]
92	itemsets left after T operation 	: [frozenset({9, 11})]
83	itemsets left after T operation 	: [frozenset({11, 6})]
60	itemsets left after T operation 	: [frozenset({8, 13})]
54	itemsets left after T operation 	: [frozenset({8, 9})]
47	itemsets left after T operation 	: [frozenset({-12, 14})]
45	itemsets left after T operation 	: [frozenset({10, 14})]
42	itemsets left after T operation 	: [frozenset({11, 3})]
37	itemsets left after T operation 	: [frozenset({-4, 7})]
34	itemsets left after T operation 	: [frozenset({-7, -6})]
31	itemsets left after T operation 	: [frozenset({8, -9})]
29	itemsets left after T operation 	: [frozenset({-8, -10})]
27	itemsets left after T operation 	: [frozenset({-13, -11})]
26	itemsets left after R operation 	: [frozenset({7})]
24	itemsets left after T operation 	: [frozenset({-13})]
17	itemsets left after T operation 	: [frozenset({3})]
15	itemsets left after T operation 	: [frozenset({-12})]
12	itemsets left after T operation 	: [frozenset({13})]
9	itemsets left after T operation 	: [frozenset({10})]
5	itemsets left after T operation 	: [frozenset({11})]
4	itemsets left after R operation 	: [frozenset({8})]
1	itemsets left after T operation 	: [frozenset({-3})]
0	itemsets left after T operation 	: [frozenset({-8})]
Length of freq items 1	: 0
Time of freq items 1	: 0.3116331100463867
0 Frequent Itemsets are mined in 0.00010919570922851562 seconds.
Length of freq items 2	: 0
Time of freq items 2	: 0.0001342296600341797
14 clauses are pruned.
Initial DL				: 13583.537244505813
Final DL				: 2589.1978823049576
Compression (wrt me)	: 0.8093870664393974
Operator Counters		: {'D': 0, 'W': 0, 'V': 0, 'S': 1, 'R': 2, 'T': 43}
Length of freq items 1	: 2937
Time of freq items 1	: 0.3730340003967285
3234 Frequent Itemsets are mined in 0.0631868839263916 seconds.
Length of freq items 2	: 3234
Time of freq items 2	: 0.06322693824768066
DL of initial theory	: 14096.942839536101
2604	itemsets left after T operation 	: [frozenset({-6, -2})]
2053	itemsets left after T operation 	: [frozenset({3, -4})]
1582	itemsets left after T operation 	: [frozenset({-2, 6})]
1142	itemsets left after T operation 	: [frozenset({8, -4})]
890	itemsets left after T operation 	: [frozenset({-8, 10, -2})]
677	itemsets left after T operation 	: [frozenset({-8, -4, -3})]
526	itemsets left after T operation 	: [frozenset({8, -2, 7})]
339	itemsets left after T operation 	: [frozenset({-4, -11})]
251	itemsets left after T operation 	: [frozenset({-5, -12, -11, -2})]
170	itemsets left after T operation 	: [frozenset({12, -4, 13})]
116	itemsets left after T operation 	: [frozenset({2, -4})]
73	itemsets left after T operation 	: [frozenset({9, -12, -2})]
55	itemsets left after T operation 	: [frozenset({-8, -4})]
34	itemsets left after T operation 	: [frozenset({-2, -9})]
22	itemsets left after T operation 	: [frozenset({-5, -12, -2})]
19	itemsets left after T operation 	: [frozenset({-8, -2})]
17	itemsets left after T operation 	: [frozenset({-12, -2})]
9	itemsets left after T operation 	: [frozenset({1, -4})]
6	itemsets left after T operation 	: [frozenset({-4, 12})]
1	itemsets left after R operation 	: [frozenset({-4})]
0	itemsets left after R operation 	: [frozenset({-2})]
Length of freq items 1	: 0
Time of freq items 1	: 0.30802106857299805
0 Frequent Itemsets are mined in 5.793571472167969e-05 seconds.
Length of freq items 2	: 0
Time of freq items 2	: 8.416175842285156e-05
0 clauses are pruned.
Initial DL				: 14096.942839536105
Final DL				: 27.950393783825064
Compression (wrt me)	: 0.9980172726738001
Operator Counters		: {'D': 0, 'W': 0, 'V': 0, 'S': 0, 'R': 2, 'T': 19}
Length of freq items 1	: 1713
Time of freq items 1	: 0.3353767395019531
1726 Frequent Itemsets are mined in 0.010610103607177734 seconds.
Length of freq items 2	: 1726
Time of freq items 2	: 0.010634183883666992
68  violations of +ve partial assignments found for the learned theory.
Violating Clauses	:{frozenset({5, 9, -14, -12, -10, -8}), frozenset({-7, -13}), frozenset({1, 10, -14, -12, -7, -6, -3}), frozenset({3, 13, 6}), frozenset({6, 8, 9, 14, -7, -3}), frozenset({8, 5, 14}), frozenset({-5, -12, 7}), frozenset({2, 5, 9, -12, -8, -3}), frozenset({3, -13, -10, -5}), frozenset({-7, -5, 12}), frozenset({8, 12, -11, -1}), frozenset({5, 9, -10, -7, -1}), frozenset({-13, 4, -12}), frozenset({10, -5, 14, 7}), frozenset({4, 10, -12, -6, -1}), frozenset({1, 5, 9, 12, -10}), frozenset({12, 14, -11, -3, -1}), frozenset({3, -12, 13, -10}), frozenset({8, -13, -9}), frozenset({-8, -7, 5, -10}), frozenset({13, -11, -10, -5, -1}), frozenset({-8, 1, 5, -9})}>/Users/arcchit/Docs/Mistle/Resources/spmf.jar
========== LCM - STATS ============
 Freq. closed itemsets count: 16
 Total time ~: 2 ms
 Max memory:7.562080383300781
=====================================
>/Users/arcchit/Docs/Mistle/Resources/spmf.jar
========== LCM - STATS ============
 Freq. closed itemsets count: 1919
 Total time ~: 29 ms
 Max memory:10.0
=====================================
>/Users/arcchit/Docs/Mistle/Resources/spmf.jar
========== LCM - STATS ============
 Freq. closed itemsets count: 0
 Total time ~: 1 ms
 Max memory:7.562202453613281
=====================================
>/Users/arcchit/Docs/Mistle/Resources/spmf.jar
========== LCM - STATS ============
 Freq. closed itemsets count: 1988
 Total time ~: 24 ms
 Max memory:10.562034606933594
=====================================

DL of initial theory	: 14096.942839536101
1659	itemsets left after T operation 	: [frozenset({2, 14})]
1575	itemsets left after T operation 	: [frozenset({3, 4})]
1445	itemsets left after T operation 	: [frozenset({-8, 5})]
1312	itemsets left after T operation 	: [frozenset({-5, -11, -1})]
1263	itemsets left after T operation 	: [frozenset({-6, -12, -3, -10})]
1165	itemsets left after T operation 	: [frozenset({11, 13, 6})]
1024	itemsets left after T operation 	: [frozenset({-7, 4})]
884	itemsets left after T operation 	: [frozenset({12, -10})]
755	itemsets left after T operation 	: [frozenset({2, -5})]
633	itemsets left after T operation 	: [frozenset({-11, -1})]
542	itemsets left after T operation 	: [frozenset({-7, 9})]
494	itemsets left after T operation 	: [frozenset({8, 11})]
462	itemsets left after T operation 	: [frozenset({-6, 4, 13})]
412	itemsets left after T operation 	: [frozenset({3, 13, 14})]
340	itemsets left after V operation 	: [frozenset({1, 6, 7, 9, 14, -12, -11, -10}), frozenset({1, 3, -11, 6, 7, -10, 9}), frozenset({1, 3, -11, 9, 14}), frozenset({9, -14, -11, -10}), frozenset({8, -13, -9})]
309	itemsets left after T operation 	: [frozenset({1, 14, 9})]
268	itemsets left after T operation 	: [frozenset({10, 4, 5})]
227	itemsets left after T operation 	: [frozenset({-14, -12, -1, 7})]
198	itemsets left after T operation 	: [frozenset({4, -3, 14, 6})]
176	itemsets left after V operation 	: [frozenset({3, -12, 13, -10}), frozenset({-8, -7, -14, -3})]
169	itemsets left after V operation 	: [frozenset({13, 2, -12, 5}), frozenset({11, 4, 14, -2})]
159	itemsets left after T operation 	: [frozenset({-8, -11, 7})]
151	itemsets left after T operation 	: [frozenset({-5, 12, -9})]
130	itemsets left after T operation 	: [frozenset({8, -6, -5})]
118	itemsets left after V operation 	: [frozenset({10, -5, 14, 7}), frozenset({1, -14, 6, -8, 12, -3})]
103	itemsets left after T operation 	: [frozenset({1, 12, 14})]
93	itemsets left after T operation 	: [frozenset({-6, 3, -1})]
79	itemsets left after T operation 	: [frozenset({-6, 4})]
61	itemsets left after T operation 	: [frozenset({2, 10})]
48	itemsets left after T operation 	: [frozenset({9, -10})]
43	itemsets left after T operation 	: [frozenset({3, -10})]
40	itemsets left after V operation 	: [frozenset({-8, 1, -14, -9}), frozenset({-6, 3, -1})]
36	itemsets left after V operation 	: [frozenset({-8, -14, -3, 6}), frozenset({1, 12, 14})]
32	itemsets left after T operation 	: [frozenset({11, 4})]
30	itemsets left after V operation 	: [frozenset({-14, 5, -1}), frozenset({-5, -12, 7})]
26	itemsets left after S operation 	: [frozenset({-7, -13})]
25	itemsets left after T operation 	: [frozenset({4})]
17	itemsets left after V operation 	: [frozenset({8, 2, 11, -10}), frozenset({8, -14, -1}), frozenset({8, 14}), frozenset({-8, 5}), frozenset({8, 2, -12, 13})]
15	itemsets left after T operation 	: [frozenset({2})]
Length of freq items 1	: 16
Time of freq items 1	: 0.31819796562194824
16 Frequent Itemsets are mined in 0.00020313262939453125 seconds.
Length of freq items 2	: 16
Time of freq items 2	: 0.0002269744873046875
8 clauses are pruned.
Initial DL				: 14096.942839536103
Final DL				: 5672.566157046308
Compression (wrt me)	: 0.597603095818967
Operator Counters		: {'D': 0, 'W': 0, 'V': 8, 'S': 1, 'R': 0, 'T': 30}
Length of freq items 1	: 1919
Time of freq items 1	: 0.36288928985595703
2060 Frequent Itemsets are mined in 0.016005992889404297 seconds.
Length of freq items 2	: 2060
Time of freq items 2	: 0.01604914665222168
DL of initial theory	: 13736.786874772784
1638	itemsets left after T operation 	: [frozenset({-8, -5})]
1455	itemsets left after T operation 	: [frozenset({8, 9, -2})]
1137	itemsets left after T operation 	: [frozenset({9, 2})]
880	itemsets left after T operation 	: [frozenset({-8, -2})]
708	itemsets left after T operation 	: [frozenset({9, 6})]
481	itemsets left after T operation 	: [frozenset({9, -6})]
328	itemsets left after T operation 	: [frozenset({-8, 5})]
204	itemsets left after T operation 	: [frozenset({9, 5})]
155	itemsets left after T operation 	: [frozenset({-8, 3, -12})]
124	itemsets left after T operation 	: [frozenset({3, 9, 11, 14, -13})]
99	itemsets left after T operation 	: [frozenset({9, -3, -7})]
75	itemsets left after T operation 	: [frozenset({-8, -6, -3})]
65	itemsets left after T operation 	: [frozenset({-8, -12})]
47	itemsets left after T operation 	: [frozenset({9, -7, -1})]
38	itemsets left after T operation 	: [frozenset({11, 9, 3})]
27	itemsets left after T operation 	: [frozenset({9, -4, 14})]
13	itemsets left after T operation 	: [frozenset({-8, 10, 6})]
10	itemsets left after T operation 	: [frozenset({9, -7})]
7	itemsets left after S operation 	: [frozenset({-8, -13})]
1	itemsets left after R operation 	: [frozenset({-8})]
0	itemsets left after R operation 	: [frozenset({9})]
Length of freq items 1	: 0
Time of freq items 1	: 0.3143439292907715
0 Frequent Itemsets are mined in 5.888938903808594e-05 seconds.
Length of freq items 2	: 0
Time of freq items 2	: 8.797645568847656e-05
0 clauses are pruned.
Initial DL				: 13759.151158376615
Final DL				: 27.950393783825064
Compression (wrt me)	: 0.997968596066567
Operator Counters		: {'D': 0, 'W': 0, 'V': 0, 'S': 1, 'R': 2, 'T': 18}
Length of freq items 1	: 1988
Time of freq items 1	: 0.34368085861206055
2004 Frequent Itemsets are mined in 0.014217376708984375 seconds.
Length of freq items 2	: 2004
Time of freq items 2	: 0.014250040054321289
94  violations of +ve partial assignments found for the learned theory.
Violating Clauses	:{frozenset({-6, 2, -5, -12}), frozenset({-14, 3, 4, 7}), frozenset({8, 11, 12, 14, -6}), frozenset({2, -5, -12, -1}), frozenset({-3, -10}), frozenset({7, 8, 10, 13, -3, -2}), frozenset({-3}), frozenset({10, -13, 12, 7}), frozenset({3, 2, -5, 7}), frozenset({1, 4, -7, -9}), frozenset({13, -10}), frozenset({-14, -5, -3, 6}), frozenset({-7, 5, 4, 13}), frozenset({-14, 12, -3, -10}), frozenset({-13, -11}), frozenset({3, 7, 11, 14, -2, -9, -1}), frozenset({5, 11, -3}), frozenset({-7, -13, -3}), frozenset({1, 2, 8, 11, -4})}
DL of initial theory	: 13736.786874772784
1870	itemsets left after T operation 	: [frozenset({8, 4})]
1752	itemsets left after T operation 	: [frozenset({12, -10})]
1575	itemsets left after T operation 	: [frozenset({10, -9})]
1336	itemsets left after T operation 	: [frozenset({8, -4})]
1133	itemsets left after T operation 	: [frozenset({-12, -3})]
1004	itemsets left after T operation 	: [frozenset({5, -1})]
860	itemsets left after T operation 	: [frozenset({-7, 13})]
801	itemsets left after T operation 	: [frozenset({10, -5, 6})]
735	itemsets left after T operation 	: [frozenset({1, -14, 7})]
597	itemsets left after T operation 	: [frozenset({-6, 14})]
498	itemsets left after T operation 	: [frozenset({11, -6, -13})]
433	itemsets left after T operation 	: [frozenset({2, -11})]
369	itemsets left after T operation 	: [frozenset({2, -5})]
337	itemsets left after T operation 	: [frozenset({11, 5, -2, -9})]
284	itemsets left after T operation 	: [frozenset({-13, 12})]
206	itemsets left after T operation 	: [frozenset({-14, -12})]
167	itemsets left after T operation 	: [frozenset({-7, 10, 11})]
141	itemsets left after T operation 	: [frozenset({-3, 4, -11})]
128	itemsets left after T operation 	: [frozenset({1, 10, 5})]
90	itemsets left after T operation 	: [frozenset({10, -2})]
63	itemsets left after T operation 	: [frozenset({-7, -9})]
53	itemsets left after T operation 	: [frozenset({11, -2, -9})]
49	itemsets left after T operation 	: [frozenset({-14, -5, 6})]
40	itemsets left after T operation 	: [frozenset({4, 13})]
33	itemsets left after T operation 	: [frozenset({4, 7})]
27	itemsets left after T operation 	: [frozenset({-14, 7})]
26	itemsets left after V operation 	: [frozenset({10, -5, 6}), frozenset({-14, -10})]
24	itemsets left after S operation 	: [frozenset({-3, -10})]
23	itemsets left after S operation 	: [frozenset({-3})]
18	itemsets left after T operation 	: [frozenset({10})]
17	itemsets left after V operation 	: [frozenset({2, 3, -12, 11, -4}), frozenset({-6, 11}), frozenset({-13, -11}), frozenset({11, 12})]
13	itemsets left after T operation 	: [frozenset({-14})]>/Users/arcchit/Docs/Mistle/Resources/spmf.jar
========== LCM - STATS ============
 Freq. closed itemsets count: 0
 Total time ~: 0 ms
 Max memory:7.565773010253906
=====================================
>/Users/arcchit/Docs/Mistle/Resources/spmf.jar
========== LCM - STATS ============
 Freq. closed itemsets count: 1643
 Total time ~: 24 ms
 Max memory:9.842018127441406
=====================================
>/Users/arcchit/Docs/Mistle/Resources/spmf.jar
========== LCM - STATS ============
 Freq. closed itemsets count: 0
 Total time ~: 1 ms
 Max memory:7.562202453613281
=====================================
>/Users/arcchit/Docs/Mistle/Resources/spmf.jar
========== LCM - STATS ============
 Freq. closed itemsets count: 1649
 Total time ~: 27 ms
 Max memory:10.282051086425781
=====================================
>/Users/arcchit/Docs/Mistle/Resources/spmf.jar
========== LCM - STATS ============
 Freq. closed itemsets count: 0
 Total time ~: 1 ms
 Max memory:7.8422698974609375
=====================================
>/Users/arcchit/Docs/Mistle/Resources/spmf.jar
========== LCM - STATS ============
 Freq. closed itemsets count: 1678
 Total time ~: 27 ms
 Max memory:9.842079162597656
=====================================
>/Users/arcchit/Docs/Mistle/Resources/spmf.jar
========== LCM - STATS ============
 Freq. closed itemsets count: 0
 Total time ~: 1 ms
 Max memory:7.562202453613281
=====================================
>/Users/arcchit/Docs/Mistle/Resources/spmf.jar
========== LCM - STATS ============
 Freq. closed itemsets count: 1380
 Total time ~: 29 ms
 Max memory:9.561996459960938
=====================================

11	itemsets left after T operation 	: [frozenset({-9})]
9	itemsets left after T operation 	: [frozenset({13})]
7	itemsets left after T operation 	: [frozenset({2})]
3	itemsets left after T operation 	: [frozenset({7})]
2	itemsets left after T operation 	: [frozenset({-6})]
1	itemsets left after T operation 	: [frozenset({12})]
0	itemsets left after R operation 	: [frozenset({8})]
Length of freq items 1	: 0
Time of freq items 1	: 0.3173708915710449
0 Frequent Itemsets are mined in 0.00011205673217773438 seconds.
Length of freq items 2	: 0
Time of freq items 2	: 0.00013780593872070312
1 clauses are pruned.
Initial DL				: 13759.151158376611
Final DL				: 5540.192886109597
Compression (wrt me)	: 0.5973448636228761
Operator Counters		: {'D': 0, 'W': 0, 'V': 2, 'S': 2, 'R': 1, 'T': 34}
Length of freq items 1	: 1643
Time of freq items 1	: 0.33032917976379395
2697 Frequent Itemsets are mined in 0.023117780685424805 seconds.
Length of freq items 2	: 2697
Time of freq items 2	: 0.02315974235534668
DL of initial theory	: 13722.23579827265
1251	itemsets left after T operation 	: [frozenset({8, -13})]
779	itemsets left after T operation 	: [frozenset({14, -9})]
460	itemsets left after S operation 	: [frozenset({8, 2})]
252	itemsets left after T operation 	: [frozenset({8, -1})]
164	itemsets left after T operation 	: [frozenset({8, 6})]
113	itemsets left after T operation 	: [frozenset({8, -7, 12, -4})]
76	itemsets left after T operation 	: [frozenset({8, 13, -5, -3})]
45	itemsets left after T operation 	: [frozenset({8, 11, -9})]
26	itemsets left after T operation 	: [frozenset({8, 9, -10, 7})]
9	itemsets left after T operation 	: [frozenset({8, -11})]
2	itemsets left after T operation 	: [frozenset({8, -10})]
0	itemsets left after T operation 	: [frozenset({8})]
Length of freq items 1	: 0
Time of freq items 1	: 0.295943021774292
0 Frequent Itemsets are mined in 3.600120544433594e-05 seconds.
Length of freq items 2	: 0
Time of freq items 2	: 6.318092346191406e-05
0 clauses are pruned.
Initial DL				: 13722.235798272652
Final DL				: 32.650833501966154
Compression (wrt me)	: 0.99762058938631
Operator Counters		: {'D': 0, 'W': 0, 'V': 0, 'S': 1, 'R': 0, 'T': 11}
Length of freq items 1	: 1649
Time of freq items 1	: 0.35146307945251465
1654 Frequent Itemsets are mined in 0.012631654739379883 seconds.
Length of freq items 2	: 1654
Time of freq items 2	: 0.012660980224609375
83  violations of +ve partial assignments found for the learned theory.
Violating Clauses	:{frozenset({-7, 12, -2, -9}), frozenset({3, -11, -10}), frozenset({10, 13, -12, 5}), frozenset({10, 4, -3}), frozenset({-7, 3, 13}), frozenset({1, -6, -12}), frozenset({1, 3, 5, 7}), frozenset({-12, -3, 6}), frozenset({-8, 13}), frozenset({-5}), frozenset({-7, 2, 13, -10}), frozenset({2, 4}), frozenset({-11, 13, -7}), frozenset({-8, -5, -13, 7}), frozenset({7, 12, -13, -5, -3, -2}), frozenset({11, 7}), frozenset({3, 4, 9, 10, 14}), frozenset({9, -6, -10, 1})}
DL of initial theory	: 13722.23579827265
1558	itemsets left after T operation 	: [frozenset({-8, -10})]
1424	itemsets left after T operation 	: [frozenset({-8, -4})]
1327	itemsets left after T operation 	: [frozenset({9, 3})]
1216	itemsets left after T operation 	: [frozenset({-8, 7})]
1163	itemsets left after T operation 	: [frozenset({2, -13, -1})]
1040	itemsets left after T operation 	: [frozenset({1, 6})]
878	itemsets left after T operation 	: [frozenset({9, -3})]
764	itemsets left after T operation 	: [frozenset({10, -5})]
662	itemsets left after T operation 	: [frozenset({-6, -12})]
617	itemsets left after T operation 	: [frozenset({-6, -14, 3, -1})]
552	itemsets left after T operation 	: [frozenset({12, -3})]
501	itemsets left after T operation 	: [frozenset({-7, 3})]
434	itemsets left after T operation 	: [frozenset({-2, -1})]
402	itemsets left after T operation 	: [frozenset({11, 4, -9})]
360	itemsets left after T operation 	: [frozenset({1, -6, 9})]
306	itemsets left after T operation 	: [frozenset({11, -12})]
244	itemsets left after T operation 	: [frozenset({-4, -10})]
223	itemsets left after T operation 	: [frozenset({12, -11, -1})]
203	itemsets left after T operation 	: [frozenset({10, 5, 13})]
178	itemsets left after T operation 	: [frozenset({4, 5})]
151	itemsets left after T operation 	: [frozenset({-13, -1})]
124	itemsets left after T operation 	: [frozenset({10, 7})]
95	itemsets left after T operation 	: [frozenset({-7, -9})]
63	itemsets left after T operation 	: [frozenset({2, -5, -11})]
55	itemsets left after T operation 	: [frozenset({13, 7})]
49	itemsets left after T operation 	: [frozenset({1, 5})]
39	itemsets left after T operation 	: [frozenset({-8, -6})]
36	itemsets left after S operation 	: [frozenset({-8, 13})]
33	itemsets left after T operation 	: [frozenset({2, 13})]
27	itemsets left after T operation 	: [frozenset({-5, 6})]
26	itemsets left after T operation 	: [frozenset({10, -13})]
25	itemsets left after T operation 	: [frozenset({-14, -1})]
24	itemsets left after T operation 	: [frozenset({13})]
20	itemsets left after T operation 	: [frozenset({4})]
18	itemsets left after T operation 	: [frozenset({-8})]
14	itemsets left after T operation 	: [frozenset({-1})]
12	itemsets left after R operation 	: [frozenset({9})]
10	itemsets left after S operation 	: [frozenset({-5})]
6	itemsets left after T operation 	: [frozenset({-12})]
4	itemsets left after T operation 	: [frozenset({10})]
3	itemsets left after T operation 	: [frozenset({1})]
0	itemsets left after T operation 	: [frozenset({3})]
Length of freq items 1	: 0
Time of freq items 1	: 0.34662604331970215
0 Frequent Itemsets are mined in 0.00010609626770019531 seconds.
Length of freq items 2	: 0
Time of freq items 2	: 0.00013113021850585938
10 clauses are pruned.
Initial DL				: 13722.235798272644
Final DL				: 4318.629767682232
Compression (wrt me)	: 0.6852823525867511
Operator Counters		: {'D': 0, 'W': 0, 'V': 0, 'S': 2, 'R': 1, 'T': 39}
Length of freq items 1	: 1678
Time of freq items 1	: 0.37630581855773926
3349 Frequent Itemsets are mined in 0.047297000885009766 seconds.
Length of freq items 2	: 3349
Time of freq items 2	: 0.047338008880615234
DL of initial theory	: 13680.330357616245
1139	itemsets left after T operation 	: [frozenset({3, -4})]
740	itemsets left after T operation 	: [frozenset({-4, -1})]
374	itemsets left after T operation 	: [frozenset({1, -4})]
239	itemsets left after T operation 	: [frozenset({2, -4})]
106	itemsets left after T operation 	: [frozenset({-4, -2})]
67	itemsets left after T operation 	: [frozenset({7, 12, -14, -8, -4})]
27	itemsets left after T operation 	: [frozenset({10, -11, -2})]
13	itemsets left after T operation 	: [frozenset({-12, -4, 13})]
4	itemsets left after T operation 	: [frozenset({9, -4, 5})]
2	itemsets left after T operation 	: [frozenset({-8, -4})]
0	itemsets left after R operation 	: [frozenset({-4})]
Length of freq items 1	: 0
Time of freq items 1	: 0.29514098167419434
0 Frequent Itemsets are mined in 4.38690185546875e-05 seconds.
Length of freq items 2	: 0
Time of freq items 2	: 9.512901306152344e-05
0 clauses are pruned.
Initial DL				: 13680.33035761625
Final DL				: 37.23579600268731
Compression (wrt me)	: 0.9972781508173187
Operator Counters		: {'D': 0, 'W': 0, 'V': 0, 'S': 0, 'R': 1, 'T': 10}
Length of freq items 1	: 1380
Time of freq items 1	: 0.37373900413513184
1381 Frequent Itemsets are mined in 0.008985042572021484 seconds.
Length of freq items 2	: 1381
Time of freq items 2	: 0.009011030197143555
82  violations of +ve partial assignments found for the learned theory.
Violating Clauses	:{frozenset({1, 5, 9, -3, -2}), frozenset({8, -2, -10}), frozenset({10, 5, 7}), frozenset({1, 2, 5, 6, 8, 9, 11, -12}), frozenset({-14, -6, -13}), frozenset({9, 6, -10}), frozenset({9, 6}), frozenset({1, -14, -5, 6}), frozenset({9, 3, -10, 7}), frozenset({-7, -6, 4, -12}), frozenset({-7, 5, -14, -11}), frozenset({6, 13, -12, -8, -5}), frozenset({1, 2, 6, -7, -3}), frozenset({1, -14, -3, -10}), frozenset({10, -12, -3}), frozenset({8, 9, -6, 1}), frozenset({3, 9, 12, 14, -5, -2}), frozenset({2, 11, 13, -10, -9, -5, -1}), frozenset({8, 11, 5, 6}), frozenset({9, 10, 12, 14, -7, -5, -2}), frozenset({6}), frozenset({2, 11, 7}), frozenset({3, 6, 9, -7, -2}), frozenset({10, 12, -6, -5, -2})}>/Users/arcchit/Docs/Mistle/Resources/spmf.jar
========== LCM - STATS ============
 Freq. closed itemsets count: 0
 Total time ~: 1 ms
 Max memory:7.8422698974609375
=====================================
>/Users/arcchit/Docs/Mistle/Resources/spmf.jar
========== LCM - STATS ============
 Freq. closed itemsets count: 307
 Total time ~: 17 ms
 Max memory:8.281982421875
=====================================
>/Users/arcchit/Docs/Mistle/Resources/spmf.jar
========== LCM - STATS ============
 Freq. closed itemsets count: 4
 Total time ~: 1 ms
 Max memory:7.565757751464844
=====================================
>/Users/arcchit/Docs/Mistle/Resources/spmf.jar
========== LCM - STATS ============
 Freq. closed itemsets count: 1354
 Total time ~: 32 ms
 Max memory:10.0
=====================================
>/Users/arcchit/Docs/Mistle/Resources/spmf.jar
========== LCM - STATS ============
 Freq. closed itemsets count: 0
 Total time ~: 1 ms
 Max memory:7.565773010253906
=====================================

DL of initial theory	: 13680.330357616245
1324	itemsets left after T operation 	: [frozenset({-13, 4})]
1289	itemsets left after T operation 	: [frozenset({4, 12})]
1211	itemsets left after T operation 	: [frozenset({14, -1})]
1134	itemsets left after T operation 	: [frozenset({1, 2})]
1049	itemsets left after T operation 	: [frozenset({3, 7})]
989	itemsets left after T operation 	: [frozenset({-8, 5})]
891	itemsets left after T operation 	: [frozenset({-7, -5})]
793	itemsets left after T operation 	: [frozenset({1, -2})]
694	itemsets left after T operation 	: [frozenset({-14, 5, -1})]
639	itemsets left after T operation 	: [frozenset({9, 2, -12, -1})]
585	itemsets left after T operation 	: [frozenset({8, 11})]
549	itemsets left after T operation 	: [frozenset({-14, -11, 6})]
513	itemsets left after T operation 	: [frozenset({-13, -11, -10})]
456	itemsets left after T operation 	: [frozenset({10, -6})]
401	itemsets left after T operation 	: [frozenset({4, -3})]
353	itemsets left after T operation 	: [frozenset({11, 13, -9})]
328	itemsets left after T operation 	: [frozenset({-8, -14, 13})]
263	itemsets left after T operation 	: [frozenset({13, 6})]
214	itemsets left after T operation 	: [frozenset({9, 3})]
189	itemsets left after T operation 	: [frozenset({8, -13, -3})]
161	itemsets left after T operation 	: [frozenset({-6, 11, -2})]
128	itemsets left after T operation 	: [frozenset({-5, 14, 7})]
105	itemsets left after T operation 	: [frozenset({11, 4})]
91	itemsets left after T operation 	: [frozenset({1, 14})]
84	itemsets left after T operation 	: [frozenset({2, -12, -1})]
81	itemsets left after S operation 	: [frozenset({-6, -14, -13})]
71	itemsets left after T operation 	: [frozenset({-2, 7})]
52	itemsets left after T operation 	: [frozenset({-14, -12})]
43	itemsets left after T operation 	: [frozenset({-5, 6})]
32	itemsets left after T operation 	: [frozenset({-7, 5})]
31	itemsets left after V operation 	: [frozenset({-8, -6, 13}), frozenset({-13, -11, -10})]
30	itemsets left after T operation 	: [frozenset({-11, 6})]
29	itemsets left after T operation 	: [frozenset({4, -1})]
28	itemsets left after S operation 	: [frozenset({9, 6})]
26	itemsets left after T operation 	: [frozenset({13, -9})]
25	itemsets left after S operation 	: [frozenset({6})]
23	itemsets left after T operation 	: [frozenset({4})]
22	itemsets left after T operation 	: [frozenset({-14})]
19	itemsets left after T operation 	: [frozenset({7})]
15	itemsets left after T operation 	: [frozenset({-2})]
10	itemsets left after T operation 	: [frozenset({-6})]
7	itemsets left after T operation 	: [frozenset({1})]
4	itemsets left after T operation 	: [frozenset({8})]
2	itemsets left after T operation 	: [frozenset({5})]
0	itemsets left after T operation 	: [frozenset({-1})]
Length of freq items 1	: 0
Time of freq items 1	: 0.2855849266052246
0 Frequent Itemsets are mined in 0.00011181831359863281 seconds.
Length of freq items 2	: 0
Time of freq items 2	: 0.00013709068298339844
11 clauses are pruned.
Initial DL				: 13680.330357616238
Final DL				: 4311.327769834393
Compression (wrt me)	: 0.6848520717605221
Operator Counters		: {'D': 0, 'W': 0, 'V': 1, 'S': 3, 'R': 0, 'T': 41}
Length of freq items 1	: 307
Time of freq items 1	: 0.3438560962677002
6416 Frequent Itemsets are mined in 0.1346888542175293 seconds.
Length of freq items 2	: 6416
Time of freq items 2	: 0.13474011421203613
DL of initial theory	: 13652.160524642792
71	itemsets left after T operation 	: [frozenset({-8, 9})]
19	itemsets left after T operation 	: [frozenset({3, -6, 2, 4})]
1	itemsets left after T operation 	: [frozenset({12, 13, -6, -5, -3})]
Length of freq items 1	: 4
Time of freq items 1	: 0.2965199947357178
25 Frequent Itemsets are mined in 0.00041985511779785156 seconds.
Length of freq items 2	: 25
Time of freq items 2	: 0.00044918060302734375
0 clauses are pruned.
Initial DL				: 13652.160524642784
Final DL				: 74.32655032414287
Compression (wrt me)	: 0.9945556932040185
Operator Counters		: {'D': 0, 'W': 0, 'V': 0, 'S': 0, 'R': 0, 'T': 3}
Length of freq items 1	: 1354
Time of freq items 1	: 0.37408900260925293
1354 Frequent Itemsets are mined in 0.010808229446411133 seconds.
Length of freq items 2	: 1354
Time of freq items 2	: 0.010836124420166016
27  violations of +ve partial assignments found for the learned theory.
Violating Clauses	:{frozenset({3, 4}), frozenset({3, 4, 7, 11, 12}), frozenset({-8, -2}), frozenset({2, 7, 13, -8, -5}), frozenset({13, 11, -3, -2}), frozenset({-8, 1, -14, -7}), frozenset({-5, 12}), frozenset({-7, 2, 4}), frozenset({9, 11, 14}), frozenset({-5, -2}), frozenset({1}), frozenset({-8, -14, 5, 7}), frozenset({-5, 13, 14}), frozenset({-8, -7, 13, -10}), frozenset({9, 2, -7, -1})}
DL of initial theory	: 13652.160524642792
1325	itemsets left after T operation 	: [frozenset({8, -7})]
1296	itemsets left after T operation 	: [frozenset({-4, -1})]
1276	itemsets left after T operation 	: [frozenset({-6, 7})]
1202	itemsets left after T operation 	: [frozenset({4, -12})]
1153	itemsets left after T operation 	: [frozenset({-8, 5})]
1103	itemsets left after T operation 	: [frozenset({1, -14})]
1042	itemsets left after T operation 	: [frozenset({2, -5})]
978	itemsets left after T operation 	: [frozenset({1, -10})]
907	itemsets left after T operation 	: [frozenset({13, 6})]
797	itemsets left after T operation 	: [frozenset({7, -9})]
707	itemsets left after T operation 	: [frozenset({-11, 4, 5})]
658	itemsets left after T operation 	: [frozenset({11, -5})]
589	itemsets left after T operation 	: [frozenset({3, 14})]
561	itemsets left after T operation 	: [frozenset({9, 2, 4})]
497	itemsets left after T operation 	: [frozenset({-6, 12})]
430	itemsets left after T operation 	: [frozenset({-10, -1})]
400	itemsets left after T operation 	: [frozenset({2, -12, 14})]
351	itemsets left after T operation 	: [frozenset({-12, -2})]
304	itemsets left after T operation 	: [frozenset({10, 6})]
288	itemsets left after T operation 	: [frozenset({-7, 2, -1})]
254	itemsets left after T operation 	: [frozenset({-13, -4})]
221	itemsets left after T operation 	: [frozenset({13, -3})]
170	itemsets left after T operation 	: [frozenset({13, -11})]
147	itemsets left after T operation 	: [frozenset({-2, -10})]
128	itemsets left after S operation 	: [frozenset({3, 4})]
118	itemsets left after T operation 	: [frozenset({-7, 5, 6})]
114	itemsets left after T operation 	: [frozenset({-6, 11, -9})]
103	itemsets left after T operation 	: [frozenset({-14, 12, -9})]
89	itemsets left after T operation 	: [frozenset({-1, -2, 14})]
78	itemsets left after T operation 	: [frozenset({1, -3, -7})]
73	itemsets left after T operation 	: [frozenset({4, -11})]
61	itemsets left after T operation 	: [frozenset({9, 4})]
54	itemsets left after T operation 	: [frozenset({1, 11})]
51	itemsets left after S operation 	: [frozenset({-5, -2})]
46	itemsets left after T operation 	: [frozenset({8, -14})]
42	itemsets left after S operation 	: [frozenset({-5, 12})]
41	itemsets left after T operation 	: [frozenset({-6, -9})]
38	itemsets left after T operation 	: [frozenset({-7, 6})]
34	itemsets left after T operation 	: [frozenset({13, -10})]
31	itemsets left after T operation 	: [frozenset({2, -12})]
30	itemsets left after T operation 	: [frozenset({3, 5})]
29	itemsets left after T operation 	: [frozenset({-7, 2})]
28	itemsets left after T operation 	: [frozenset({11, 14})]
27	itemsets left after R operation 	: [frozenset({-5})]
24	itemsets left after S operation 	: [frozenset({1})]
22	itemsets left after T operation 	: [frozenset({13})]
19	itemsets left after T operation 	: [frozenset({-2})]
16	itemsets left after T operation 	: [frozenset({4})]
12	itemsets left after T operation 	: [frozenset({-9})]
9	itemsets left after T operation 	: [frozenset({-7})]
6	itemsets left after T operation 	: [frozenset({8})]
4	itemsets left after T operation 	: [frozenset({5})]
3	itemsets left after T operation 	: [frozenset({-6})]
2	itemsets left after T operation 	: [frozenset({14})]
0	itemsets left after T operation 	: [frozenset({-1})]
Length of freq items 1	: 0
Time of freq items 1	: 0.3063180446624756
0 Frequent Itemsets are mined in 0.00012302398681640625 seconds.>/Users/arcchit/Docs/Mistle/Resources/spmf.jar
========== LCM - STATS ============
 Freq. closed itemsets count: 2595
 Total time ~: 31 ms
 Max memory:10.842071533203125
=====================================
>/Users/arcchit/Docs/Mistle/Resources/spmf.jar
========== LCM - STATS ============
 Freq. closed itemsets count: 0
 Total time ~: 1 ms
 Max memory:7.562202453613281
=====================================
>/Users/arcchit/Docs/Mistle/Resources/spmf.jar
========== LCM - STATS ============
 Freq. closed itemsets count: 1592
 Total time ~: 39 ms
 Max memory:9.842048645019531
=====================================
>/Users/arcchit/Docs/Mistle/Resources/spmf.jar
========== LCM - STATS ============
 Freq. closed itemsets count: 3
 Total time ~: 1 ms
 Max memory:7.565757751464844
=====================================
>/Users/arcchit/Docs/Mistle/Resources/spmf.jar
========== LCM - STATS ============
 Freq. closed itemsets count: 1757
 Total time ~: 64 ms
 Max memory:9.842140197753906
=====================================

Length of freq items 2	: 0
Time of freq items 2	: 0.00024771690368652344
13 clauses are pruned.
Initial DL				: 13652.160524642786
Final DL				: 1187.1928038141289
Compression (wrt me)	: 0.913039932275101
Operator Counters		: {'D': 0, 'W': 0, 'V': 0, 'S': 4, 'R': 1, 'T': 50}
Length of freq items 1	: 2595
Time of freq items 1	: 0.4558899402618408
2858 Frequent Itemsets are mined in 0.01947784423828125 seconds.
Length of freq items 2	: 2858
Time of freq items 2	: 0.019510984420776367
DL of initial theory	: 13730.722437270455
2309	itemsets left after T operation 	: [frozenset({9, 12})]
1818	itemsets left after T operation 	: [frozenset({-8, 2})]
1471	itemsets left after T operation 	: [frozenset({2, -13})]
1146	itemsets left after T operation 	: [frozenset({9, 6})]
776	itemsets left after T operation 	: [frozenset({2, 12})]
608	itemsets left after T operation 	: [frozenset({8, 9, -14, 13})]
438	itemsets left after T operation 	: [frozenset({9, -12})]
345	itemsets left after T operation 	: [frozenset({2, -5, -1})]
255	itemsets left after T operation 	: [frozenset({9, -3, 14})]
208	itemsets left after T operation 	: [frozenset({2, -5, -12, -9})]
174	itemsets left after T operation 	: [frozenset({8, 2, -1})]
133	itemsets left after T operation 	: [frozenset({9, 3, -10})]
75	itemsets left after T operation 	: [frozenset({2, 3, 5})]
51	itemsets left after T operation 	: [frozenset({-8, 9, -7, -1})]
30	itemsets left after T operation 	: [frozenset({9, -14})]
22	itemsets left after T operation 	: [frozenset({9, 3})]
14	itemsets left after T operation 	: [frozenset({8, 2})]
9	itemsets left after T operation 	: [frozenset({2, 13})]
5	itemsets left after T operation 	: [frozenset({2, -5})]
1	itemsets left after R operation 	: [frozenset({2})]
0	itemsets left after R operation 	: [frozenset({9})]
Length of freq items 1	: 0
Time of freq items 1	: 0.3432610034942627
0 Frequent Itemsets are mined in 3.4809112548828125e-05 seconds.
Length of freq items 2	: 0
Time of freq items 2	: 6.127357482910156e-05
0 clauses are pruned.
Initial DL				: 13730.722437270451
Final DL				: 27.950393783825064
Compression (wrt me)	: 0.9979643901541584
Operator Counters		: {'D': 0, 'W': 0, 'V': 0, 'S': 0, 'R': 2, 'T': 19}
Length of freq items 1	: 1592
Time of freq items 1	: 0.34769201278686523
1620 Frequent Itemsets are mined in 0.016048192977905273 seconds.
Length of freq items 2	: 1620
Time of freq items 2	: 0.016153812408447266
114  violations of +ve partial assignments found for the learned theory.
Violating Clauses	:{frozenset({1, 12, 6}), frozenset({14, -12, -11, -6, -4}), frozenset({-7, 3, -2, 14}), frozenset({10, -5, 6, 7}), frozenset({1, 10, -13, -9}), frozenset({6, 10, 12, 14, -3}), frozenset({-14, -12, -11, -1}), frozenset({10, -5, 12, 7}), frozenset({10, 13, -7, -6, -5, -1}), frozenset({-6, -4, 14}), frozenset({-8, 10, 13, 14}), frozenset({-4}), frozenset({10, 13, 14, -8, -7, -3}), frozenset({11, -1}), frozenset({-7, 12, -9}), frozenset({1, 5, -9}), frozenset({-4, -11, -9}), frozenset({-7, -3}), frozenset({10, 12, 6, 14}), frozenset({-13, -11, 6}), frozenset({8, -14, 13, 7}), frozenset({-14, 10, -13, -5}), frozenset({8, -14, 4, 12})}
DL of initial theory	: 13730.722437270455
1496	itemsets left after T operation 	: [frozenset({-2, -9})]
1406	itemsets left after T operation 	: [frozenset({-13, 5})]
1320	itemsets left after T operation 	: [frozenset({10, 13})]
1233	itemsets left after T operation 	: [frozenset({3, -10, -1})]
1039	itemsets left after T operation 	: [frozenset({-14, 4})]
950	itemsets left after T operation 	: [frozenset({-5, -4, -9})]
780	itemsets left after T operation 	: [frozenset({1, -6})]
724	itemsets left after T operation 	: [frozenset({-8, 3, -12})]
664	itemsets left after S operation 	: [frozenset({-6, -4, 14})]
572	itemsets left after T operation 	: [frozenset({1, -11, 6})]
500	itemsets left after T operation 	: [frozenset({11, -4})]
457	itemsets left after T operation 	: [frozenset({10, 12})]
429	itemsets left after T operation 	: [frozenset({-8, 4, -3, -2})]
382	itemsets left after T operation 	: [frozenset({8, 4, 12})]
350	itemsets left after V operation 	: [frozenset({3, -10, -1}), frozenset({1, -6, -4}), frozenset({1, -13, 4, 7, -6}), frozenset({-8, 1, 4, -2}), frozenset({1, -4, 7}), frozenset({1, 4, -2, -6, -5, 12, 14})]
323	itemsets left after T operation 	: [frozenset({11, -5, 4})]
297	itemsets left after V operation 	: [frozenset({4, 5, 8, 13, -1}), frozenset({-5, 3, 6, 7}), frozenset({8, 13, -4, 5})]
271	itemsets left after T operation 	: [frozenset({7, -10, -9})]
257	itemsets left after T operation 	: [frozenset({-14, -12, -3})]
221	itemsets left after T operation 	: [frozenset({-4, -9})]
189	itemsets left after T operation 	: [frozenset({-4, 5})]
163	itemsets left after V operation 	: [frozenset({4, -8, -7, 11, 12, -3}), frozenset({-6, -4, 14}), frozenset({-13, 4, -5, -9, 11}), frozenset({-8, 4, 13, -2}), frozenset({1, 4, -5, 12, -2})]
160	itemsets left after T operation 	: [frozenset({-8, 4, -2})]
149	itemsets left after V operation 	: [frozenset({3, 5, -1, 7}), frozenset({11, 4, -5}), frozenset({5, -8, -7, 12, 13}), frozenset({5, -8, -7, 12, -3})]
133	itemsets left after T operation 	: [frozenset({1, -4})]
102	itemsets left after T operation 	: [frozenset({-12, -1})]
94	itemsets left after V operation 	: [frozenset({3, -5, 6, 7}), frozenset({10, -3})]
89	itemsets left after T operation 	: [frozenset({-5, -12, 14})]
81	itemsets left after T operation 	: [frozenset({-7, -2, 14})]
73	itemsets left after T operation 	: [frozenset({8, -14, 13})]
61	itemsets left after T operation 	: [frozenset({-7, 12})]
58	itemsets left after T operation 	: [frozenset({3, -1})]
54	itemsets left after T operation 	: [frozenset({5, -1})]
50	itemsets left after T operation 	: [frozenset({4, -2})]
46	itemsets left after T operation 	: [frozenset({-7, 14})]
44	itemsets left after V operation 	: [frozenset({-5, -12, 14}), frozenset({-13, 5, 6, 7})]
41	itemsets left after T operation 	: [frozenset({-13, 6})]
35	itemsets left after T operation 	: [frozenset({1, -13})]
32	itemsets left after T operation 	: [frozenset({11, -5})]
29	itemsets left after T operation 	: [frozenset({-12, -3})]
28	itemsets left after T operation 	: [frozenset({7, -9})]
27	itemsets left after T operation 	: [frozenset({3, -5})]
26	itemsets left after V operation 	: [frozenset({1, 12, 6}), frozenset({-12, -11})]
24	itemsets left after T operation 	: [frozenset({-4, 14})]
23	itemsets left after S operation 	: [frozenset({-4})]
20	itemsets left after V operation 	: [frozenset({-14, 10, -11, -13}), frozenset({8, -11, 13, 6}), frozenset({-12, -11, 14}), frozenset({11, -5}), frozenset({3, -11})]
19	itemsets left after T operation 	: [frozenset({-7})]
17	itemsets left after T operation 	: [frozenset({10})]
10	itemsets left after T operation 	: [frozenset({-9})]
6	itemsets left after V operation 	: [frozenset({8, 13, -11}), frozenset({-13, 6}), frozenset({1, 12, 13})]
2	itemsets left after T operation 	: [frozenset({-14})]
Length of freq items 1	: 3
Time of freq items 1	: 0.3643331527709961
3 Frequent Itemsets are mined in 0.0001590251922607422 seconds.
Length of freq items 2	: 3
Time of freq items 2	: 0.0001850128173828125
1	itemsets left after V operation 	: [frozenset({8, 12, 13}), frozenset({-12, -11}), frozenset({3, 12})]
5 clauses are pruned.
Initial DL				: 13730.722437270451
Final DL				: 6089.368793113629
Compression (wrt me)	: 0.556515047119098
Operator Counters		: {'D': 0, 'W': 0, 'V': 10, 'S': 2, 'R': 0, 'T': 40}
7 Sampled Negatives are empty
8 Sampled Negatives are empty
Length of freq items 1	: 1757
Time of freq items 1	: 0.4915499687194824
2909 Frequent Itemsets are mined in 0.026247739791870117 seconds.
Length of freq items 2	: 2909
Time of freq items 2	: 0.02631402015686035
DL of initial theory	: 13546.716726179602
1115	itemsets left after T operation 	: [frozenset({13, -9})]
713	itemsets left after T operation 	: [frozenset({3, -1})]
373	itemsets left after T operation 	: [frozenset({10, 3})]
223	itemsets left after T operation 	: [frozenset({-14, -10, -1})]
59	itemsets left after T operation 	: [frozenset({11, 13, -2})]
3	itemsets left after T operation 	: [frozenset({-10, -1})]>/Users/arcchit/Docs/Mistle/Resources/spmf.jar
========== LCM - STATS ============
 Freq. closed itemsets count: 3
 Total time ~: 3 ms
 Max memory:7.565757751464844
=====================================
>/Users/arcchit/Docs/Mistle/Resources/spmf.jar
========== LCM - STATS ============
 Freq. closed itemsets count: 1403
 Total time ~: 38 ms
 Max memory:9.842056274414062
=====================================
>/Users/arcchit/Docs/Mistle/Resources/spmf.jar
========== LCM - STATS ============
 Freq. closed itemsets count: 0
 Total time ~: 1 ms
 Max memory:7.565757751464844
=====================================

Length of freq items 1	: 3
Time of freq items 1	: 0.3634040355682373
3 Frequent Itemsets are mined in 0.00012612342834472656 seconds.
Length of freq items 2	: 3
Time of freq items 2	: 0.00015211105346679688
1 clauses are pruned.
Initial DL				: 13546.716726179611
Final DL				: 106.23652315910972
Compression (wrt me)	: 0.9921577659512284
Operator Counters		: {'D': 0, 'W': 0, 'V': 0, 'S': 0, 'R': 0, 'T': 6}
Length of freq items 1	: 1403
Time of freq items 1	: 0.3617980480194092
1407 Frequent Itemsets are mined in 0.011919975280761719 seconds.
Length of freq items 2	: 1407
Time of freq items 2	: 0.011990785598754883
91  violations of +ve partial assignments found for the learned theory.
Violating Clauses	:{frozenset({3, 5, 13, -7, -2}), frozenset({8, 9, 10, 12}), frozenset({-8, -6}), frozenset({10, -6, 11, -5}), frozenset({-5, 4, -1, -2}), frozenset({-14, -13, -12, -10, -3}), frozenset({9, -13, -1, -2}), frozenset({11, 13, -1, 7}), frozenset({1, -5, -2}), frozenset({12, 14, 7}), frozenset({-8, -3, -10, 6}), frozenset({2, 3, 12}), frozenset({-6, -13, -12, 14}), frozenset({1, 5, 10, -11, -8}), frozenset({1, -12, -3}), frozenset({8, -11, -9}), frozenset({5, 8, 12, -14, -2}), frozenset({-5, 4, 13, -1}), frozenset({8, 13, -10}), frozenset({-7, -13, -12}), frozenset({1, 9}), frozenset({1, 2, 12, 14, -7}), frozenset({8, 3, 12, -9}), frozenset({-14, -4, -2, 7}), frozenset({2, 4, 11, 13, 14}), frozenset({8, 1, 11})}
DL of initial theory	: 13546.716726179602
1375	itemsets left after T operation 	: [frozenset({9, -2})]
1339	itemsets left after T operation 	: [frozenset({2, -13})]
1271	itemsets left after T operation 	: [frozenset({12, -3})]
1203	itemsets left after T operation 	: [frozenset({11, 6})]
1165	itemsets left after T operation 	: [frozenset({-14, -6, 3})]
1063	itemsets left after T operation 	: [frozenset({-8, -5})]
984	itemsets left after T operation 	: [frozenset({13, -11})]
904	itemsets left after T operation 	: [frozenset({-12, 5})]
787	itemsets left after T operation 	: [frozenset({-14, -4})]
696	itemsets left after T operation 	: [frozenset({12, 5})]
585	itemsets left after T operation 	: [frozenset({-7, -10})]
506	itemsets left after T operation 	: [frozenset({8, 10})]
453	itemsets left after T operation 	: [frozenset({-14, -3})]
389	itemsets left after T operation 	: [frozenset({10, -6})]
363	itemsets left after T operation 	: [frozenset({8, 9, 14})]
329	itemsets left after S operation 	: [frozenset({9, 1})]
236	itemsets left after T operation 	: [frozenset({-13, 6})]
206	itemsets left after T operation 	: [frozenset({2, 14})]
184	itemsets left after T operation 	: [frozenset({-13, -10, -9})]
166	itemsets left after T operation 	: [frozenset({-8, 1, 5})]
151	itemsets left after T operation 	: [frozenset({-3, 14, -9})]
117	itemsets left after T operation 	: [frozenset({-5, 13})]
108	itemsets left after S operation 	: [frozenset({-7, -13, -12})]
103	itemsets left after T operation 	: [frozenset({2, -1, 6})]
93	itemsets left after T operation 	: [frozenset({5, 3, 13})]
82	itemsets left after T operation 	: [frozenset({1, -4, -11})]
70	itemsets left after T operation 	: [frozenset({-8, -13, -2})]
60	itemsets left after T operation 	: [frozenset({4, -9})]
54	itemsets left after T operation 	: [frozenset({8, 11})]
49	itemsets left after T operation 	: [frozenset({3, 12})]
42	itemsets left after T operation 	: [frozenset({12, 7})]
38	itemsets left after T operation 	: [frozenset({-8, 7})]
34	itemsets left after T operation 	: [frozenset({2, 6})]
32	itemsets left after T operation 	: [frozenset({-13, -12})]
30	itemsets left after T operation 	: [frozenset({-5, -2})]
29	itemsets left after T operation 	: [frozenset({14, -9})]
27	itemsets left after T operation 	: [frozenset({-7, 14})]
26	itemsets left after T operation 	: [frozenset({-8})]
23	itemsets left after T operation 	: [frozenset({8})]
21	itemsets left after T operation 	: [frozenset({-13})]
16	itemsets left after T operation 	: [frozenset({13})]
14	itemsets left after T operation 	: [frozenset({-3})]
11	itemsets left after T operation 	: [frozenset({12})]
7	itemsets left after T operation 	: [frozenset({14})]
4	itemsets left after T operation 	: [frozenset({9})]
2	itemsets left after T operation 	: [frozenset({-6})]
1	itemsets left after T operation 	: [frozenset({-4})]
0	itemsets left after T operation 	: [frozenset({6})]
Length of freq items 1	: 0
Time of freq items 1	: 0.46811914443969727
0 Frequent Itemsets are mined in 0.0001690387725830078 seconds.
Length of freq items 2	: 0
Time of freq items 2	: 0.00019478797912597656
13 clauses are pruned.
Initial DL				: 13546.716726179606
Final DL				: 3778.6474562130834
Compression (wrt me)	: 0.7210654409779835
Operator Counters		: {'D': 0, 'W': 0, 'V': 0, 'S': 2, 'R': 0, 'T': 46}
similarity_plus_list
[0.964599609375, 1.0, 1.0, 0.9979248046875, 0.99609375, 0.8858642578125, 0.9921875, 0.0, 0.0, 0.98828125]
similarity_minus_list
[0.597900390625, 0.746337890625, 0.749267578125, 0.6270751953125, 0.56640625, 0.399658203125, 0.75750732421875, 0.0, 0.0, 0.669921875]
similarity_mf_list
[0.597900390625, 0.746337890625, 0.749267578125, 0.6270751953125, 0.56640625, 0.399658203125, 0.75750732421875, 0.0, 0.0, 0.669921875]
similarity_comp_list
[0.964599609375, 1.0, 1.0, 0.9979248046875, 0.99609375, 0.8858642578125, 0.9921875, 0.0, 0.0, 0.98828125]
similarity_common_list
[0.9897959183673469, 1.0, 1.0, 1.0, 1.0, 0.9456935975609756, 1.0, 0.0, 0.0, 1.0]
used_theory_list
[[[7, -1, -5, 9, -8, -14, -12, -4, 3, -10, -2, -6, 13], [6, -7], [9, -8, -13, 14], [-14, 7, -12, 11, -1, 8, -6, -2, -9, 3, 10, 4], [-9, -6], [-10, 9, -14, 5, 8, -2, 7, 3, 11, 13, -12, -1, -4], [-9, 5, -14, -4, 11, -7, 13, 10, -12, 3, -1, 2], [14, -12, -4]], [[-2], [14, -10, -2, 7, -12, 6, -13, -1, -5, -11], [-4, 2]], [[9], [-2, 12, -7, -4, 5, 6, -8, 13, -10, -14], [-8], [14, 9, -5, -11, 6, -7, 12, -2, -8, -1]], [[-5, 7, -12, -13, 2, 1, -4, 6, -3, 10, 14, 9], [-8, -9, 14], [8], [1, -13, 7, 4, -9, 2, -3, -14]], [[-2, 10, -11, 4], [11, -2, -1, 5, -8, 13, 14], [-4]], [[-10, 1, -12, 14, -8, 11], [-5, -6, 13], [1, 14, 5, 3, 11, -12, 6, 4, 9, 2], [9, -8], [-6, -2, 8, -13, 12, 7, 1, 3, -9, 11, -5, -14, -4], [-7, 2, -6, 4], [-2, 14, 12, 1, -9, -8]], [[3, 2, -4, -8, 7, -6, 14, 1, 5, -12], [9, -10, -4, -1], [9], [10, -13, 3, -7, -14], [2]], [[-1, -13, 8, 6, 3], [9, -1, 10, -2, -14, -11, -7, 8, -12]], [[-1, 12, 3, 5, -9, 11, -6, 14, -4, 13, 10], [12, 2, -11, 3, -6, 7, 1, -5, -4, 10]], [[-1, -10], [-11, 2, 14, -10, -5, -3], [-9, 13], [-8, 6, 4, 14, -13, -2, -1], [-2, 13, 11, 9], [10, 7, -2, -12, 13, 11, 9], [12, 5, 2, 6, -14, -10], [10, 3], [12, 2, -14, 1, 5, 6, 11, -10, 13, -9, -7]]]
t_plus_list
[[frozenset({-4, -12, 14}), frozenset({-7, 6}), frozenset({2, -13, -8, 9, 11, 12}), frozenset({-6, -9})], [frozenset({-4}), frozenset({-2})], [frozenset({-8}), frozenset({9})], [frozenset({14, -9}), frozenset({8})], [frozenset({10, -11, -2}), frozenset({-4})], [frozenset({-8, 9}), frozenset({3, -6, 2, 4}), frozenset({12, 13, -6, -5, -3})], [frozenset({2}), frozenset({9})], None, None, [frozenset({2, 3, 5, 6, 9, 12, -14}), frozenset({13, -9}), frozenset({10, 3}), frozenset({11, 13, -2}), frozenset({-10, -1})]]
mf_list
['T-', 'T-', 'T-', 'T-', 'T-', 'T-', 'T-', 'T-', 'T-', 'T-']
comp_list
['T+', 'T+', 'T+', 'T+', 'T+', 'T+', 'T+', 'T-', 'T-', 'T+']
t_plus_comp_list
[0.9935140029820536, 0.9980172726738001, 0.997968596066567, 0.99762058938631, 0.9972781508173187, 0.9945556932040185, 0.9979643901541584, 0, 0, 0.9921577659512284]
t_minus_comp_list
[0.8093870664393974, 0.597603095818967, 0.5973448636228761, 0.6852823525867511, 0.6848520717605221, 0.913039932275101, 0.556515047119098, 0, 0, 0.7210654409779835]
samp_positives_list
[331, 218, 238, 280, 286, 370, 224, 400, 400, 298]
samp_negatives_list
[69, 182, 162, 120, 114, 30, 176, 0, 0, 102]
samp_unique_positives_list
[331, 218, 237, 280, 286, 370, 224, 400, 400, 298]
samp_unique_negatives_list
[69, 182, 162, 120, 114, 30, 176, 0, 0, 102]
