>/home/arcchitjain/Documents/Mistle/Resources/spmf.jar
========== LCM - STATS ============
 Freq. closed itemsets count: 0
 Total time ~: 3 ms
 Max memory:11.342918395996094
=====================================
>/home/arcchitjain/Documents/Mistle/Resources/spmf.jar
========== LCM - STATS ============
 Freq. closed itemsets count: 17702
 Total time ~: 864 ms
 Max memory:64.90853881835938
=====================================
>/home/arcchitjain/Documents/Mistle/Resources/spmf.jar
========== LCM - STATS ============
 Freq. closed itemsets count: 0
 Total time ~: 3 ms
 Max memory:11.342948913574219
=====================================
>/home/arcchitjain/Documents/Mistle/Resources/spmf.jar
========== LCM - STATS ============
 Freq. closed itemsets count: 14588
 Total time ~: 790 ms
 Max memory:64.83042907714844
=====================================
>/home/arcchitjain/Documents/Mistle/Resources/spmf.jar
========== LCM - STATS ============
 Freq. closed itemsets count: 1
 Total time ~: 3 ms
 Max memory:11.343170166015625
=====================================
>/home/arcchitjain/Documents/Mistle/Resources/spmf.jar
========== LCM - STATS ============
 Freq. closed itemsets count: 57094
 Total time ~: 2461 ms
 Max memory:64.83045959472656
=====================================
>/home/arcchitjain/Documents/Mistle/Resources/spmf.jar
========== LCM - STATS ============
 Freq. closed itemsets count: 0
 Total time ~: 3 ms
 Max memory:11.342880249023438
=====================================
>/home/arcchitjain/Documents/Mistle/Resources/spmf.jar
========== LCM - STATS ============
 Freq. closed itemsets count: 29921
 Total time ~: 1403 ms
 Max memory:64.9085693359375
=====================================
>/home/arcchitjain/Documents/Mistle/Resources/spmf.jar
========== LCM - STATS ============
 Freq. closed itemsets count: 0
 Total time ~: 4 ms
 Max memory:11.343170166015625
=====================================
>/home/arcchitjain/Documents/Mistle/Resources/spmf.jar
========== LCM - STATS ============
 Freq. closed itemsets count: 22934
 Total time ~: 1048 ms
 Max memory:64.91409301757812
=====================================
>/home/arcchitjain/Documents/Mistle/Resources/spmf.jar
========== LCM - STATS ============
 Freq. closed itemsets count: 1
 Total time ~: 3 ms
 Max memory:11.343170166015625
=====================================
>/home/arcchitjain/Documents/Mistle/Resources/spmf.jar
========== LCM - STATS ============
 Freq. closed itemsets count: 31514
 Total time ~: 1512 ms
 Max memory:64.8773193359375
=====================================
>/home/arcchitjain/Documents/Mistle/Resources/spmf.jar
========== LCM - STATS ============
 Freq. closed itemsets count: 2
 Total time ~: 3 ms
 Max memory:11.343238830566406
=====================================
>/home/arcchitjain/Documents/Mistle/Resources/spmf.jar
========== LCM - STATS ============
 Freq. closed itemsets count: 59775
 Total time ~: 2808 ms
 Max memory:64.9710693359375
=====================================
>/home/arcchitjain/Documents/Mistle/Resources/spmf.jar
========== LCM - STATS ============
 Freq. closed itemsets count: 1
 Total time ~: 3 ms
 Max memory:11.343170166015625
=====================================
>/home/arcchitjain/Documents/Mistle/Resources/spmf.jar
========== LCM - STATS ============
 Freq. closed itemsets count: 51228
 Total time ~: 2332 ms
 Max memory:64.9085693359375
=====================================
>/home/arcchitjain/Documents/Mistle/Resources/spmf.jar
========== LCM - STATS ============
 Freq. closed itemsets count: 2
 Total time ~: 3 ms
 Max memory:11.343086242675781
=====================================
>/home/arcchitjain/Documents/Mistle/Resources/spmf.jar
========== LCM - STATS ============
 Freq. closed itemsets count: 35619
 Total time ~: 1649 ms
 Max memory:64.92417907714844
=====================================
>/home/arcchitjain/Documents/Mistle/Resources/spmf.jar
========== LCM - STATS ============
 Freq. closed itemsets count: 1
 Total time ~: 3 ms
 Max memory:11.342849731445312
=====================================
>/home/arcchitjain/Documents/Mistle/Resources/spmf.jar
========== LCM - STATS ============
 Freq. closed itemsets count: 31704
 Total time ~: 1548 ms
 Max memory:64.91409301757812
=====================================
Length of freq items 1	: 0
Time of freq items 1	: 0.2011582851409912
0 Frequent Itemsets are mined in 0.0018682479858398438 seconds.
Length of freq items 2	: 0
Time of freq items 2	: 0.0019974708557128906
DL of initial theory	: 83472.00131869008
Initial DL				: 83472.00131869008
Final DL				: 41660.97031964187
Compression (wrt ce)	: 0.5008988683452875
Operator Counters		: {'W': 0, 'V': 0, 'S': 0, 'R': 0, 'T': 0}
Length of freq items 1	: 17702
Time of freq items 1	: 1.143782377243042
17702 Frequent Itemsets are mined in 0.3337898254394531 seconds.
Length of freq items 2	: 17702
Time of freq items 2	: 0.33382415771484375
DL of initial theory	: 83472.00131869008
17701	frequent itemsets left after applying T operator with output 	: [frozenset({66, -25, -19, -13, -9})]
17296	frequent itemsets left after applying T operator with output 	: [frozenset({66, 7, 11, 75, 43})]
7	frequent itemsets left after applying T operator with output 	: [frozenset({26, 67, 28, -29})]
0	frequent itemsets left after applying T operator with output 	: [frozenset({26, 67, -29})]
Initial DL				: 83472.00131869008
Final DL				: 4408.950774621295
Compression (wrt ce)	: 0.9471804832163034
Operator Counters		: {'W': 0, 'V': 0, 'S': 0, 'R': 0, 'T': 4}
Confusions 	: TP_s = 0; TN_s = 10; FP_s = 0; FN_s = 0; TP_f = 0; TN_f = 4; FP_f = 0; FN_f = 14
Accuracy of fold 0	: 0.5
Coverage of fold 0	: 100.0

Length of freq items 1	: 0
Time of freq items 1	: 0.20909905433654785
0 Frequent Itemsets are mined in 0.001837015151977539 seconds.
Length of freq items 2	: 0
Time of freq items 2	: 0.0019681453704833984
DL of initial theory	: 82498.79582168517
Initial DL				: 82498.79582168517
Final DL				: 41175.350794822996
Compression (wrt ce)	: 0.5008975539010246
Operator Counters		: {'W': 0, 'V': 0, 'S': 0, 'R': 0, 'T': 0}
Length of freq items 1	: 14588
Time of freq items 1	: 1.0561726093292236
14588 Frequent Itemsets are mined in 0.26526761054992676 seconds.
Length of freq items 2	: 14588
Time of freq items 2	: 0.2653055191040039
DL of initial theory	: 82498.79582168517
14587	frequent itemsets left after applying T operator with output 	: [frozenset({81, 44, -74, 49})]
12071	frequent itemsets left after applying T operator with output 	: [frozenset({24, 75, 66, 11})]
0	frequent itemsets left after applying T operator with output 	: [frozenset({8, -55, 75, 35})]
Initial DL				: 82498.79582168517
Final DL				: 5356.373381088877
Compression (wrt ce)	: 0.9350733143709604
Operator Counters		: {'W': 0, 'V': 0, 'S': 0, 'R': 0, 'T': 3}
Confusions 	: TP_s = 0; TN_s = 11; FP_s = 0; FN_s = 2; TP_f = 0; TN_f = 4; FP_f = 0; FN_f = 13
Accuracy of fold 1	: 0.5
Coverage of fold 1	: 100.0

Length of freq items 1	: 1
Time of freq items 1	: 0.21836066246032715
1 Frequent Itemsets are mined in 0.0024404525756835938 seconds.
Length of freq items 2	: 1
Time of freq items 2	: 0.002631664276123047
DL of initial theory	: 90285.34803775501
0	frequent itemsets left after applying T operator with output 	: [frozenset({-67})]
Initial DL				: 90285.34803775501
Final DL				: 20320.859317534956
Compression (wrt ce)	: 0.774926278081829
Operator Counters		: {'W': 0, 'V': 0, 'S': 0, 'R': 0, 'T': 1}
Length of freq items 1	: 57094
Time of freq items 1	: 2.8779685497283936
57094 Frequent Itemsets are mined in 1.0652236938476562 seconds.
Length of freq items 2	: 57094
Time of freq items 2	: 1.065263032913208
DL of initial theory	: 90285.34803775501
57093	frequent itemsets left after applying T operator with output 	: [frozenset({66, 75, 11, -39, -1})]
56887	frequent itemsets left after applying T operator with output 	: [frozenset({66, -29, 49, 18, -40})]
43842	frequent itemsets left after applying T operator with output 	: [frozenset({75, -82, 24, -71, 59})]
33576	frequent itemsets left after applying W operator with output 	: [frozenset({81, 101, -74, -85, 44}), frozenset({5, 6, 7, 8, 10, 11, 15, 17, 18, 21, 24, 26, 27, 28, 30, 31, 33, 35, 36, 43, 47, 49, 52, 58, 59, 62, 65, 66, 67, 68, 69, 73, 75, 76, 77, 78, 84, 86, 88, 91, 93, 96, 98, 99, -101, -100, -97, -95, -94, -90, -89, -87, -83, -79, -72, -70, -63, -60, -57, -56, -55, -53, -50, -48, -46, -42, -39, -38, -29, -25, -20, -19, -13, -12, -9, -4, -3}), frozenset({2, 5, 6, 7, 8, 10, 15, 16, 17, 18, 21, 23, 24, 26, 27, 28, 30, 31, 35, 36, 37, 41, 45, 52, 58, 62, 64, 65, 67, 68, 69, 73, 75, 76, 77, 78, 80, 87, 89, 90, 91, 94, 95, 96, 98, -101, -99, -88, -86, -84, -83, -82, -79, -72, -71, -70, -63, -57, -56, -55, -54, -53, -50, -48, -46, -40, -39, -34, -32, -29, -25, -22, -19, -13, -9, -4, -3}), frozenset({2, 6, 7, 8, 10, 11, 14, 15, 16, 17, 18, 21, 23, 27, 28, 30, 33, 35, 36, 37, 43, 45, 47, 49, 52, 58, 59, 61, 62, 64, 65, 66, 67, 68, 69, 76, 78, 86, 88, 90, 91, 92, 93, 94, 95, 96, 99, -101, -100, -97, -87, -82, -79, -72, -71, -70, -63, -60, -57, -56, -55, -54, -48, -46, -42, -39, -38, -34, -32, -29, -22, -20, -19, -13, -12, -9, -1}), frozenset({2, 5, 7, 8, 10, 11, 15, 18, 21, 26, 27, 28, 30, 31, 33, 35, 36, 41, 43, 45, 47, 49, 51, 52, 58, 61, 62, 64, 67, 68, 69, 73, 76, 77, 78, 84, 86, 87, 88, 89, 90, 93, 95, 96, 98, 99, -101, -97, -92, -91, -83, -82, -71, -63, -60, -57, -56, -55, -54, -53, -50, -46, -42, -40, -39, -38, -34, -32, -29, -25, -22, -20, -19, -12, -9, -4, -3}), frozenset({2, 6, 7, 8, 10, 15, 17, 18, 21, 23, 24, 26, 27, 28, 30, 31, 37, 43, 45, 47, 51, 52, 58, 61, 62, 64, 66, 67, 68, 69, 73, 77, 78, 80, 84, 88, 91, 93, 94, 95, 96, 98, 99, -101, -100, -97, -89, -83, -82, -79, -72, -71, -70, -63, -60, -57, -56, -55, -54, -53, -50, -48, -46, -42, -40, -34, -29, -25, -22, -20, -19, -13, -12, -9, -4, -3, -1})]
0	frequent itemsets left after applying T operator with output 	: [frozenset({67, 10, 27, -29})]
Initial DL				: 90285.34803775501
Final DL				: 3832.8110361312883
Compression (wrt ce)	: 0.9575478068210082
Operator Counters		: {'W': 1, 'V': 0, 'S': 0, 'R': 0, 'T': 4}
Confusions 	: TP_s = 4; TN_s = 4; FP_s = 0; FN_s = 0; TP_f = 0; TN_f = 3; FP_f = 0; FN_f = 3
Accuracy of fold 2	: 0.7857142857142857
Coverage of fold 2	: 100.0

Length of freq items 1	: 0
Time of freq items 1	: 0.21530723571777344
1 Frequent Itemsets are mined in 0.002145051956176758 seconds.
Length of freq items 2	: 1
Time of freq items 2	: 0.0022802352905273438
DL of initial theory	: 88338.51894500232
Initial DL				: 88338.51894500232
Final DL				: 44089.3100699964
Compression (wrt ce)	: 0.5009050344454443
Operator Counters		: {'W': 0, 'V': 0, 'S': 0, 'R': 0, 'T': 0}
Length of freq items 1	: 29921
Time of freq items 1	: 1.718806505203247
41272 Frequent Itemsets are mined in 0.7201278209686279 seconds.
Length of freq items 2	: 41272
Time of freq items 2	: 0.7201671600341797
DL of initial theory	: 88338.51894500232
29920	frequent itemsets left after applying T operator with output 	: [frozenset({66, 11, -19, 81, -9})]
29278	frequent itemsets left after applying T operator with output 	: [frozenset({24, 75, -85, 31})]
7852	frequent itemsets left after applying T operator with output 	: [frozenset({8, -55, 11, 47, 28})]
0	frequent itemsets left after applying T operator with output 	: [frozenset({66, -25, -19, 77, -9})]
Initial DL				: 88338.51894500232
Final DL				: 2005.0903410979656
Compression (wrt ce)	: 0.9773021965384512
Operator Counters		: {'W': 0, 'V': 0, 'S': 0, 'R': 0, 'T': 4}
Confusions 	: TP_s = 0; TN_s = 8; FP_s = 0; FN_s = 1; TP_f = 0; TN_f = 1; FP_f = 0; FN_f = 8
Accuracy of fold 3	: 0.5
Coverage of fold 3	: 100.0

Length of freq items 1	: 0
Time of freq items 1	: 0.20476508140563965
0 Frequent Itemsets are mined in 0.0014634132385253906 seconds.
Length of freq items 2	: 0
Time of freq items 2	: 0.0015556812286376953
DL of initial theory	: 85418.51144628091
Initial DL				: 85418.51144628091
Final DL				: 42632.25833334031
Compression (wrt ce)	: 0.5009014133879934
Operator Counters		: {'W': 0, 'V': 0, 'S': 0, 'R': 0, 'T': 0}
Length of freq items 1	: 22934
Time of freq items 1	: 1.335860252380371
31954 Frequent Itemsets are mined in 0.48842597007751465 seconds.
Length of freq items 2	: 31954
Time of freq items 2	: 0.4884631633758545
DL of initial theory	: 85418.51144628091
22933	frequent itemsets left after applying T operator with output 	: [frozenset({66, -25, -19, 77, -9})]
22244	frequent itemsets left after applying T operator with output 	: [frozenset({66, 67, 69, 75, 11})]
3	frequent itemsets left after applying T operator with output 	: [frozenset({8, -55, 28, 47})]
Ignoring itemset	: Initial DL = 2951.7745520688104	; Possible DLs	: [('T', 8755.085820586366), ('W', 2955.1479550687527)]
Ignoring itemset	: Initial DL = 2951.7745520688104	; Possible DLs	: [('T', 19402.938444690262), ('W', 2959.67151702481)]
Ignoring itemset	: Initial DL = 2951.7745520688104	; Possible DLs	: [('T', 16011.881617900997), ('W', 2967.020245179041)]
Initial DL				: 85418.51144628091
Final DL				: 2951.7745520688104
Compression (wrt ce)	: 0.9654433857241219
Operator Counters		: {'W': 0, 'V': 0, 'S': 0, 'R': 0, 'T': 3}
Confusions 	: TP_s = 0; TN_s = 8; FP_s = 0; FN_s = 1; TP_f = 0; TN_f = 4; FP_f = 0; FN_f = 11
Accuracy of fold 4	: 0.5
Coverage of fold 4	: 100.0

Length of freq items 1	: 1
Time of freq items 1	: 0.21197152137756348
2 Frequent Itemsets are mined in 0.0022792816162109375 seconds.
Length of freq items 2	: 2
Time of freq items 2	: 0.0024309158325195312
DL of initial theory	: 88338.51894500232
0	frequent itemsets left after applying T operator with output 	: [frozenset({-67})]
Initial DL				: 88338.51894500232
Final DL				: 18867.019013813555
Compression (wrt ce)	: 0.7864236435120703
Operator Counters		: {'W': 0, 'V': 0, 'S': 0, 'R': 0, 'T': 1}
Length of freq items 1	: 31514
Time of freq items 1	: 1.834235429763794
43518 Frequent Itemsets are mined in 0.7751631736755371 seconds.
Length of freq items 2	: 43518
Time of freq items 2	: 0.7752029895782471
DL of initial theory	: 88338.51894500232
31513	frequent itemsets left after applying T operator with output 	: [frozenset({-55, 75, 11, 26, 28})]
31057	frequent itemsets left after applying T operator with output 	: [frozenset({49, -20, -82, -9})]
0	frequent itemsets left after applying T operator with output 	: [frozenset({73, -63, -46, 28})]
Initial DL				: 88338.51894500232
Final DL				: 2948.6150013043107
Compression (wrt ce)	: 0.9666214123066739
Operator Counters		: {'W': 0, 'V': 0, 'S': 0, 'R': 0, 'T': 3}
Confusions 	: TP_s = 3; TN_s = 8; FP_s = 0; FN_s = 0; TP_f = 0; TN_f = 1; FP_f = 0; FN_f = 6
Accuracy of fold 5	: 0.6666666666666666
Coverage of fold 5	: 100.0

Length of freq items 1	: 2
Time of freq items 1	: 0.2016310691833496
2 Frequent Itemsets are mined in 0.0026988983154296875 seconds.
Length of freq items 2	: 2
Time of freq items 2	: 0.002867460250854492
DL of initial theory	: 90285.34803775501
1	frequent itemsets left after applying W operator with output 	: [frozenset({-3, 101}), frozenset({2, 4, 6, 7, 8, 16, 20, 23, 24, 31, 33, 34, 35, 37, 38, 43, 45, 46, 50, 52, 54, 58, 61, 62, 63, 65, 70, 72, 79, 80, 85, 86, 88, 89, 94, 96, 97, 100, -101, -99, -98, -91, -87, -82, -78, -77, -76, -74, -73, -71, -69, -67, -66, -60, -59, -57, -56, -55, -51, -49, -48, -47, -44, -41, -40, -39, -36, -32, -30, -29, -27, -26, -21, -18, -15, -14, -13, -11, -10, -9}), frozenset({1, 7, 9, 11, 12, 15, 17, 19, 22, 25, 26, 29, 31, 38, 39, 40, 41, 44, 45, 48, 49, 51, 54, 56, 57, 61, 68, 72, 77, 80, 82, 83, 87, 88, 93, 94, 100, -101, -99, -97, -96, -91, -90, -89, -86, -85, -81, -79, -78, -76, -75, -71, -67, -66, -64, -63, -62, -60, -59, -55, -52, -47, -43, -37, -35, -34, -30, -27, -24, -23, -21, -20, -18, -16, -14, -10, -8, -5, -4, -2}), frozenset({1, 2, 4, 6, 8, 9, 10, 16, 17, 19, 24, 25, 26, 28, 30, 31, 32, 33, 34, 36, 43, 48, 51, 58, 59, 64, 69, 72, 73, 74, 77, 79, 82, 84, 86, 88, 89, 90, 91, 96, 98, -101, -100, -97, -95, -94, -92, -87, -85, -80, -78, -70, -66, -65, -62, -61, -60, -57, -56, -54, -52, -50, -49, -47, -45, -42, -41, -40, -38, -37, -29, -27, -21, -20, -15, -14, -13, -12, -11, -7}), frozenset({1, 6, 8, 10, 18, 19, 20, 24, 26, 30, 33, 40, 41, 43, 44, 45, 48, 49, 50, 51, 52, 53, 55, 57, 64, 65, 68, 69, 74, 76, 82, 86, 98, 100, -101, -99, -96, -94, -93, -92, -91, -89, -88, -85, -83, -79, -77, -72, -71, -70, -66, -62, -61, -60, -59, -56, -54, -47, -39, -38, -37, -36, -35, -29, -28, -27, -25, -23, -22, -21, -16, -15, -14, -13, -12, -11, -9, -7, -5, -4}), frozenset({6, 8, 11, 12, 18, 19, 20, 27, 30, 33, 35, 36, 41, 43, 44, 46, 49, 51, 53, 59, 66, 73, 74, 75, 79, 81, 82, 84, 86, 91, 94, 98, 99, -101, -97, -96, -92, -90, -89, -88, -85, -80, -78, -77, -76, -72, -71, -70, -68, -67, -62, -60, -57, -56, -55, -52, -48, -42, -40, -39, -38, -37, -34, -32, -31, -29, -26, -25, -23, -22, -21, -17, -16, -15, -14, -10, -9, -7, -4, -1}), frozenset({5, 8, 10, 11, 13, 15, 18, 27, 28, 29, 32, 34, 37, 38, 39, 40, 43, 44, 49, 51, 52, 58, 60, 63, 65, 68, 72, 73, 74, 76, 81, 82, 87, 88, 89, 91, 92, 93, 97, 98, -101, -100, -96, -95, -94, -90, -86, -84, -79, -78, -77, -75, -71, -69, -67, -64, -61, -59, -57, -56, -55, -54, -47, -45, -41, -36, -35, -33, -31, -26, -24, -23, -17, -16, -12, -2, -9, -7, -4, -1}), frozenset({1, 4, 7, 9, 10, 11, 12, 15, 16, 17, 18, 22, 30, 31, 33, 38, 40, 41, 43, 44, 45, 49, 50, 54, 58, 60, 63, 65, 66, 68, 69, 71, 74, 77, 81, 83, 85, 86, 88, 90, 93, 94, 98, 99, -101, -100, -97, -96, -92, -91, -89, -84, -82, -78, -76, -75, -72, -70, -67, -64, -62, -61, -59, -51, -47, -46, -42, -39, -35, -34, -32, -27, -26, -23, -20, -19, -14, -13, -5, -2}), frozenset({1, 6, 7, 8, 10, 11, 18, 21, 22, 24, 26, 28, 30, 32, 34, 37, 41, 42, 45, 47, 49, 50, 52, 53, 55, 56, 58, 59, 60, 61, 65, 66, 67, 70, 72, 73, 76, 77, 80, 83, 87, 90, 93, 95, 97, 99, -101, -100, -96, -92, -91, -89, -88, -84, -82, -79, -75, -74, -71, -63, -57, -48, -46, -43, -40, -39, -38, -36, -35, -31, -27, -23, -20, -17, -16, -14, -12, -9, -5, -2}), frozenset({2, 9, 11, 17, 19, 20, 23, 26, 28, 30, 31, 43, 44, 45, 46, 47, 49, 50, 51, 55, 59, 60, 61, 62, 66, 67, 69, 70, 73, 78, 79, 82, 86, 93, 94, 95, -101, -100, -98, -97, -92, -89, -88, -87, -84, -80, -77, -76, -75, -72, -71, -65, -63, -58, -57, -56, -54, -53, -48, -42, -39, -38, -35, -34, -33, -32, -29, -27, -25, -24, -22, -21, -18, -16, -15, -13, -12, -5, -4, -1}), frozenset({5, 6, 7, 8, 9, 11, 13, 19, 22, 23, 28, 29, 30, 31, 35, 39, 40, 41, 42, 43, 44, 45, 52, 57, 60, 64, 65, 71, 73, 74, 81, 82, 85, 86, 92, 93, 94, 98, 99, -101, -100, -97, -96, -91, -90, -89, -87, -84, -78, -77, -75, -72, -70, -69, -66, -63, -62, -61, -59, -56, -54, -53, -51, -47, -46, -38, -37, -36, -34, -33, -32, -24, -21, -16, -15, -14, -12, -2, -4, -1}), frozenset({2, 6, 10, 11, 13, 14, 16, 17, 21, 23, 31, 33, 34, 36, 39, 40, 43, 45, 47, 48, 52, 54, 56, 61, 64, 72, 73, 74, 75, 84, 86, 93, 96, 98, -101, -100, -99, -97, -95, -94, -92, -91, -90, -89, -88, -87, -82, -81, -79, -76, -69, -67, -65, -63, -60, -59, -58, -57, -55, -53, -50, -46, -42, -41, -38, -37, -35, -32, -30, -29, -28, -27, -26, -25, -22, -20, -15, -12, -9, -5}), frozenset({1, 4, 5, 7, 8, 9, 12, 20, 21, 27, 35, 37, 39, 40, 43, 44, 45, 49, 50, 52, 57, 59, 61, 63, 66, 69, 71, 73, 74, 80, 83, 86, 87, 90, 92, 94, -101, -99, -98, -97, -96, -95, -93, -88, -85, -84, -82, -79, -78, -77, -76, -75, -72, -67, -65, -64, -62, -58, -51, -48, -46, -42, -41, -38, -33, -32, -31, -30, -29, -26, -24, -19, -18, -17, -16, -15, -14, -13, -10, -2}), frozenset({5, 8, 10, 14, 17, 19, 21, 24, 25, 29, 35, 37, 39, 40, 41, 43, 54, 55, 56, 57, 59, 60, 61, 66, 74, 76, 79, 82, 88, 93, 96, 97, -101, -99, -98, -95, -91, -89, -87, -86, -85, -84, -83, -80, -78, -75, -73, -71, -70, -69, -67, -65, -64, -63, -62, -53, -51, -50, -49, -48, -44, -38, -36, -33, -32, -31, -30, -28, -26, -23, -22, -16, -15, -13, -12, -2, -9, -6, -4, -1}), frozenset({9, 10, 18, 21, 25, 26, 31, 33, 35, 37, 43, 44, 46, 49, 50, 55, 62, 63, 66, 68, 69, 70, 71, 72, 73, 76, 77, 78, 80, 82, 84, 86, 88, 90, 94, 95, 96, 97, 99, -101, -100, -93, -89, -87, -85, -83, -81, -79, -74, -65, -64, -60, -59, -58, -56, -54, -52, -51, -48, -47, -42, -41, -40, -39, -38, -36, -32, -30, -29, -27, -22, -20, -19, -16, -15, -14, -12, -7, -5, -1}), frozenset({4, 8, 10, 11, 18, 19, 20, 29, 32, 36, 44, 45, 46, 54, 55, 56, 60, 63, 67, 68, 69, 70, 71, 74, 75, 76, 81, 83, 85, 87, 89, 92, 93, 96, 97, 98, 100, -101, -99, -95, -90, -88, -86, -84, -82, -79, -78, -77, -73, -72, -64, -62, -61, -57, -52, -51, -50, -47, -43, -42, -40, -39, -38, -37, -31, -27, -26, -24, -23, -22, -21, -16, -15, -14, -13, -12, -7, -6, -5, -1}), frozenset({2, 6, 12, 14, 15, 16, 20, 21, 23, 24, 25, 26, 27, 31, 35, 37, 38, 39, 44, 47, 48, 49, 55, 56, 57, 59, 60, 63, 67, 68, 70, 73, 77, 78, 81, 83, 88, 89, 90, 92, 95, 96, 97, 98, 99, 100, -101, -94, -86, -85, -82, -80, -79, -75, -74, -69, -66, -62, -61, -58, -53, -52, -51, -43, -42, -41, -36, -34, -32, -30, -28, -19, -18, -13, -11, -10, -9, -7, -5, -1}), frozenset({4, 12, 14, 15, 17, 19, 20, 21, 23, 26, 29, 30, 33, 36, 37, 40, 42, 47, 48, 51, 52, 55, 62, 63, 65, 67, 69, 70, 71, 74, 76, 81, 92, 93, 98, 99, 100, -101, -97, -96, -95, -94, -91, -89, -88, -85, -84, -82, -80, -79, -78, -77, -75, -72, -68, -61, -60, -59, -58, -56, -50, -49, -46, -45, -44, -43, -41, -38, -35, -34, -31, -28, -27, -22, -18, -16, -13, -10, -8, -5}), frozenset({2, 5, 6, 7, 8, 9, 14, 21, 22, 23, 24, 25, 27, 28, 30, 33, 35, 36, 40, 44, 47, 51, 53, 55, 64, 65, 69, 70, 73, 74, 75, 77, 80, 81, 89, 90, 96, 97, 100, -101, -98, -95, -94, -92, -91, -88, -86, -84, -83, -82, -72, -71, -68, -66, -60, -58, -57, -56, -54, -52, -50, -49, -48, -46, -43, -41, -39, -38, -34, -31, -29, -26, -20, -18, -16, -13, -12, -11, -4, -1}), frozenset({1, 4, 5, 6, 7, 9, 10, 11, 12, 13, 19, 21, 23, 25, 26, 27, 28, 30, 32, 35, 36, 37, 38, 50, 52, 57, 58, 59, 61, 62, 71, 72, 73, 78, 79, 80, 81, 83, 89, 90, 93, 98, 100, -101, -99, -97, -96, -95, -94, -91, -88, -87, -86, -84, -77, -76, -74, -69, -68, -67, -60, -53, -51, -49, -48, -47, -46, -42, -40, -39, -33, -31, -24, -20, -18, -17, -16, -15, -14, -8}), frozenset({4, 5, 6, 7, 8, 12, 14, 16, 19, 24, 27, 33, 34, 35, 39, 43, 44, 45, 52, 53, 57, 59, 62, 63, 66, 67, 76, 81, 82, 85, 86, 89, 92, 93, 94, 100, -101, -99, -96, -95, -91, -87, -84, -83, -80, -79, -78, -74, -72, -71, -70, -69, -65, -64, -61, -60, -58, -56, -54, -50, -47, -46, -42, -41, -40, -37, -32, -31, -23, -22, -21, -18, -17, -15, -13, -11, -10, -9, -2, -1}), frozenset({7, 10, 11, 13, 14, 20, 21, 24, 25, 27, 28, 30, 32, 34, 35, 36, 37, 38, 40, 43, 46, 49, 50, 55, 57, 58, 60, 64, 66, 67, 68, 69, 70, 71, 72, 75, 77, 79, 81, 82, 83, 85, 87, 88, 90, 93, 96, 100, -101, -95, -94, -91, -89, -86, -78, -76, -74, -73, -62, -61, -54, -53, -52, -51, -48, -47, -42, -41, -39, -26, -18, -16, -15, -12, -2, -8, -6, -5, -4, -1}), frozenset({1, 4, 5, 9, 12, 17, 18, 24, 25, 28, 29, 30, 31, 47, 48, 49, 54, 55, 58, 61, 62, 70, 76, 77, 79, 83, 84, 90, 95, 97, 98, 99, 100, -101, -93, -92, -91, -89, -86, -85, -82, -81, -80, -78, -75, -74, -73, -69, -68, -67, -65, -64, -60, -59, -57, -56, -52, -51, -50, -46, -44, -42, -41, -39, -36, -34, -33, -27, -26, -23, -22, -20, -19, -15, -13, -11, -10, -7, -6, -2}), frozenset({6, 9, 10, 11, 12, 13, 16, 19, 21, 22, 23, 24, 29, 30, 31, 32, 33, 37, 38, 39, 40, 41, 42, 43, 47, 50, 51, 53, 55, 60, 62, 63, 66, 68, 71, 74, 75, 79, 81, 84, 85, 89, 90, 93, 96, 98, -101, -95, -94, -92, -91, -88, -82, -78, -77, -76, -72, -70, -67, -65, -59, -58, -54, -52, -49, -48, -46, -44, -36, -34, -28, -27, -26, -25, -18, -17, -15, -8, -7, -4}), frozenset({4, 6, 8, 9, 10, 11, 13, 15, 19, 24, 28, 29, 30, 32, 33, 34, 35, 38, 39, 42, 47, 51, 54, 56, 58, 59, 60, 62, 64, 65, 66, 67, 75, 76, 77, 79, 82, 84, 87, 90, 93, 94, 99, 100, -101, -98, -97, -96, -92, -91, -89, -88, -86, -81, -78, -71, -68, -63, -61, -57, -55, -53, -52, -48, -43, -41, -40, -36, -27, -26, -25, -23, -22, -21, -20, -17, -16, -2, -7, -1}), frozenset({1, 4, 6, 10, 12, 16, 20, 23, 25, 26, 30, 31, 33, 40, 43, 50, 51, 54, 60, 63, 65, 68, 69, 71, 72, 73, 74, 81, 83, 84, 85, 91, 92, 95, 96, 98, 99, -101, -100, -97, -93, -89, -87, -82, -80, -79, -78, -77, -75, -70, -66, -61, -59, -58, -57, -55, -52, -48, -47, -46, -45, -42, -41, -37, -35, -34, -32, -29, -28, -27, -24, -18, -15, -14, -13, -11, -9, -8, -7, -2}), frozenset({2, 6, 11, 12, 15, 17, 22, 23, 24, 29, 32, 33, 36, 37, 38, 39, 41, 43, 45, 46, 47, 49, 50, 57, 60, 66, 70, 71, 72, 76, 77, 81, 85, 89, 91, 93, 94, 97, 98, -101, -99, -96, -92, -90, -88, -87, -86, -84, -80, -79, -75, -74, -68, -65, -64, -62, -59, -56, -52, -51, -48, -44, -40, -35, -31, -30, -28, -26, -21, -20, -19, -18, -16, -14, -13, -10, -7, -5, -4, -1}), frozenset({1, 9, 11, 18, 20, 21, 27, 28, 31, 33, 41, 43, 44, 45, 46, 47, 50, 55, 56, 61, 62, 63, 64, 68, 73, 77, 78, 81, 89, 90, 91, 94, 95, 96, 98, 99, -101, -97, -93, -92, -88, -87, -85, -84, -83, -80, -79, -76, -75, -72, -71, -66, -65, -60, -59, -58, -54, -53, -52, -42, -40, -39, -38, -37, -35, -32, -30, -29, -26, -25, -24, -23, -19, -17, -15, -14, -13, -8, -5, -4}), frozenset({5, 7, 14, 15, 18, 19, 21, 26, 27, 28, 29, 30, 31, 32, 33, 40, 45, 46, 48, 51, 55, 56, 57, 60, 61, 62, 64, 67, 78, 79, 81, 84, 86, 87, 88, 93, 98, 100, -101, -96, -95, -94, -92, -91, -90, -89, -85, -80, -77, -75, -74, -71, -69, -66, -65, -59, -58, -54, -52, -50, -49, -47, -44, -43, -42, -41, -38, -36, -35, -34, -24, -22, -20, -17, -16, -13, -9, -8, -4, -2}), frozenset({1, 4, 6, 8, 9, 10, 12, 15, 22, 25, 26, 27, 28, 29, 32, 34, 38, 45, 49, 50, 55, 60, 62, 66, 71, 75, 77, 80, 81, 82, 86, 87, 91, 92, 94, 97, 99, 100, -101, -98, -93, -90, -89, -88, -85, -84, -79, -78, -76, -73, -72, -70, -69, -67, -61, -59, -56, -53, -46, -43, -42, -41, -40, -39, -36, -35, -33, -31, -30, -24, -21, -20, -19, -18, -17, -14, -11, -7, -5, -2}), frozenset({6, 7, 11, 12, 14, 16, 17, 18, 19, 21, 29, 35, 37, 38, 43, 46, 47, 49, 51, 52, 53, 54, 55, 56, 59, 61, 65, 68, 71, 72, 73, 77, 81, 88, 91, 92, 96, 98, 99, -101, -97, -95, -94, -93, -90, -89, -85, -83, -82, -80, -78, -76, -75, -74, -69, -67, -64, -63, -58, -50, -48, -45, -44, -42, -41, -36, -34, -33, -32, -31, -30, -27, -25, -23, -20, -15, -13, -9, -8, -2}), frozenset({1, 2, 5, 10, 12, 13, 14, 17, 18, 19, 24, 26, 27, 29, 31, 32, 36, 40, 41, 43, 46, 47, 50, 52, 55, 56, 58, 59, 64, 66, 67, 70, 71, 72, 73, 74, 76, 83, 84, 85, 86, 87, 89, 91, 94, 98, 99, 100, -101, -97, -96, -95, -93, -92, -88, -79, -78, -75, -68, -65, -62, -60, -53, -51, -49, -48, -42, -39, -38, -37, -35, -33, -30, -25, -22, -20, -16, -9, -8, -7}), frozenset({1, 6, 7, 8, 10, 11, 12, 16, 19, 22, 23, 26, 28, 30, 32, 33, 38, 43, 47, 49, 50, 51, 52, 54, 58, 60, 62, 65, 69, 71, 73, 76, 79, 80, 83, 86, 95, 96, 100, -101, -99, -98, -97, -94, -92, -90, -89, -88, -82, -81, -78, -75, -74, -72, -70, -64, -63, -61, -59, -56, -53, -46, -45, -44, -41, -40, -39, -36, -34, -31, -27, -25, -24, -20, -17, -15, -14, -13, -9, -2}), frozenset({2, 7, 8, 10, 12, 14, 16, 18, 19, 20, 23, 31, 35, 36, 39, 41, 44, 45, 48, 49, 51, 52, 57, 58, 59, 60, 63, 64, 66, 70, 71, 72, 73, 76, 78, 81, 83, 88, 91, 92, 95, 96, 99, -101, -100, -98, -94, -93, -89, -87, -84, -82, -80, -79, -77, -75, -74, -67, -61, -56, -55, -50, -47, -46, -43, -37, -34, -32, -29, -27, -26, -22, -21, -17, -15, -13, -6, -5, -4, -1}), frozenset({2, 5, 7, 12, 13, 15, 17, 18, 19, 21, 28, 29, 32, 33, 34, 37, 39, 40, 42, 44, 45, 48, 51, 56, 58, 59, 62, 65, 66, 71, 72, 75, 77, 78, 83, 84, 86, 87, 88, 90, 92, 93, 95, 98, 100, -101, -99, -96, -94, -89, -85, -82, -79, -74, -70, -69, -67, -60, -55, -54, -52, -50, -49, -47, -46, -41, -35, -31, -30, -27, -26, -25, -24, -22, -20, -14, -11, -10, -9, -8}), frozenset({1, 2, 6, 7, 9, 10, 11, 13, 14, 18, 20, 24, 26, 29, 32, 35, 36, 38, 42, 45, 47, 53, 54, 55, 57, 63, 64, 65, 72, 73, 77, 78, 80, 82, 87, 88, 90, 92, 95, 98, 100, -101, -99, -96, -93, -89, -86, -85, -84, -83, -79, -75, -69, -68, -67, -62, -60, -59, -56, -52, -50, -48, -46, -44, -43, -41, -40, -39, -37, -34, -28, -27, -23, -22, -21, -16, -15, -12, -8, -4}), frozenset({1, 2, 12, 18, 19, 23, 24, 25, 30, 32, 36, 37, 40, 41, 43, 47, 57, 58, 60, 62, 67, 69, 75, 79, 80, 81, 82, 83, 86, 88, 90, 91, 93, 96, 97, 98, -101, -100, -99, -95, -94, -92, -87, -84, -78, -77, -76, -74, -73, -72, -71, -68, -56, -55, -54, -53, -52, -50, -48, -46, -45, -44, -39, -38, -35, -34, -33, -27, -26, -22, -20, -17, -15, -14, -13, -11, -10, -8, -7, -5}), frozenset({4, 7, 9, 10, 11, 14, 19, 23, 26, 28, 30, 34, 38, 41, 44, 46, 50, 51, 52, 54, 61, 62, 63, 64, 67, 68, 69, 73, 74, 77, 78, 80, 81, 83, 84, 86, 87, 88, 89, 90, 92, 93, 98, 99, 100, -101, -96, -95, -94, -91, -85, -82, -79, -76, -75, -72, -66, -65, -59, -58, -57, -56, -53, -49, -48, -45, -40, -37, -36, -33, -32, -31, -29, -27, -25, -22, -18, -17, -5, -1}), frozenset({1, 2, 4, 5, 10, 14, 15, 18, 19, 20, 22, 24, 25, 29, 33, 35, 36, 44, 47, 49, 52, 54, 58, 59, 63, 64, 66, 70, 71, 74, 75, 80, 92, 94, 96, 97, -101, -100, -99, -95, -93, -90, -89, -87, -86, -85, -84, -82, -81, -78, -77, -72, -69, -68, -67, -65, -62, -60, -56, -55, -53, -50, -48, -43, -42, -41, -40, -34, -31, -30, -27, -26, -23, -16, -13, -12, -9, -8, -7, -6}), frozenset({2, 7, 8, 9, 13, 15, 21, 22, 23, 29, 30, 37, 41, 49, 53, 54, 55, 57, 59, 62, 65, 66, 68, 70, 71, 74, 75, 77, 89, 90, 92, 96, 98, -101, -100, -99, -97, -95, -93, -88, -87, -84, -83, -82, -81, -79, -78, -76, -73, -69, -67, -64, -61, -60, -58, -56, -51, -50, -47, -43, -40, -39, -38, -36, -35, -34, -33, -32, -31, -28, -26, -25, -24, -19, -18, -17, -14, -12, -11, -1}), frozenset({1, 5, 7, 8, 9, 16, 17, 18, 19, 20, 23, 25, 29, 31, 32, 33, 36, 37, 38, 40, 42, 44, 47, 50, 52, 53, 54, 58, 61, 65, 66, 68, 69, 70, 72, 75, 76, 77, 78, 85, 87, 88, 90, 92, 93, -101, -99, -98, -96, -94, -91, -89, -84, -83, -82, -80, -79, -73, -71, -67, -64, -62, -60, -59, -57, -56, -51, -49, -48, -46, -41, -35, -34, -30, -28, -27, -24, -15, -13, -4}), frozenset({7, 8, 9, 10, 11, 12, 18, 25, 27, 33, 38, 39, 40, 45, 47, 48, 50, 51, 53, 54, 57, 59, 60, 61, 64, 65, 69, 70, 72, 74, 78, 79, 83, 85, 89, 90, 96, 97, 100, -101, -99, -95, -94, -92, -88, -87, -86, -82, -81, -77, -76, -75, -73, -68, -67, -66, -63, -58, -52, -44, -43, -42, -41, -37, -36, -35, -34, -32, -30, -29, -24, -22, -20, -17, -16, -2, -6, -5, -4, -1}), frozenset({2, 8, 9, 11, 12, 14, 18, 24, 25, 28, 29, 31, 33, 35, 37, 38, 39, 49, 50, 51, 55, 56, 59, 60, 61, 63, 64, 67, 68, 71, 72, 73, 74, 80, 82, 85, 89, 92, 94, 95, 100, -101, -99, -98, -96, -93, -90, -87, -84, -83, -81, -79, -78, -77, -76, -75, -69, -66, -65, -58, -54, -53, -52, -47, -45, -44, -42, -41, -40, -36, -34, -32, -26, -22, -21, -20, -19, -7, -5, -4}), frozenset({4, 7, 8, 11, 21, 22, 25, 26, 29, 31, 34, 35, 36, 39, 41, 42, 47, 48, 50, 58, 59, 61, 63, 64, 69, 71, 73, 77, 79, 85, 86, 87, 89, 92, 94, 100, -101, -98, -97, -95, -93, -91, -90, -88, -81, -80, -78, -76, -68, -67, -65, -62, -60, -57, -56, -55, -54, -52, -51, -46, -45, -44, -43, -40, -38, -33, -32, -28, -27, -23, -18, -17, -15, -14, -13, -12, -10, -2, -5, -1}), frozenset({6, 8, 11, 12, 18, 19, 22, 26, 27, 29, 30, 32, 37, 38, 59, 62, 64, 65, 66, 72, 73, 76, 81, 82, 84, 85, 86, 88, 97, 98, 99, -101, -100, -95, -94, -92, -91, -89, -87, -80, -79, -78, -75, -74, -71, -70, -68, -67, -61, -58, -57, -56, -55, -54, -53, -52, -50, -48, -47, -46, -45, -44, -43, -42, -41, -39, -36, -34, -33, -28, -24, -20, -17, -16, -14, -13, -7, -5, -4, -2}), frozenset({4, 7, 9, 10, 11, 12, 17, 18, 20, 23, 24, 27, 29, 36, 38, 42, 45, 46, 47, 48, 51, 58, 61, 65, 68, 70, 76, 79, 80, 83, 84, 88, 90, 91, 93, 97, -101, -98, -92, -89, -86, -85, -82, -81, -75, -74, -73, -69, -67, -64, -63, -62, -59, -57, -54, -53, -52, -50, -49, -44, -40, -37, -35, -34, -33, -31, -30, -28, -26, -22, -21, -19, -16, -15, -14, -2, -8, -6, -5, -1}), frozenset({2, 6, 7, 9, 11, 18, 20, 21, 22, 27, 29, 33, 34, 35, 36, 37, 42, 43, 44, 47, 49, 50, 51, 53, 55, 58, 66, 69, 70, 71, 82, 84, 85, 87, 89, 94, 96, 98, -101, -100, -99, -97, -95, -92, -90, -88, -86, -83, -81, -80, -79, -78, -76, -74, -73, -67, -65, -64, -62, -61, -59, -57, -56, -54, -52, -45, -40, -38, -32, -28, -25, -24, -23, -17, -14, -12, -10, -8, -5, -1}), frozenset({2, 4, 5, 13, 15, 16, 17, 20, 21, 22, 25, 27, 31, 33, 34, 35, 36, 38, 39, 40, 43, 45, 50, 58, 60, 61, 65, 66, 69, 71, 72, 82, 83, 88, 89, 90, 93, 94, 95, 99, 100, -101, -98, -97, -96, -87, -84, -81, -80, -77, -75, -74, -73, -68, -64, -63, -62, -59, -57, -56, -55, -51, -49, -48, -47, -44, -42, -32, -30, -26, -24, -23, -14, -12, -11, -10, -9, -8, -7, -1}), frozenset({2, 4, 9, 12, 20, 21, 22, 33, 34, 35, 40, 41, 44, 47, 49, 53, 54, 56, 57, 58, 63, 64, 66, 68, 71, 72, 81, 82, 87, 88, 92, 94, 100, -101, -99, -98, -95, -93, -91, -90, -86, -85, -84, -83, -80, -78, -76, -75, -67, -65, -61, -55, -52, -51, -50, -48, -46, -45, -43, -39, -38, -37, -36, -32, -30, -29, -28, -26, -24, -23, -19, -17, -15, -14, -13, -11, -8, -7, -6, -1}), frozenset({1, 4, 5, 6, 9, 10, 11, 12, 13, 14, 16, 18, 19, 20, 23, 27, 33, 39, 42, 45, 49, 51, 55, 56, 60, 63, 64, 67, 68, 69, 70, 73, 75, 78, 83, 85, 92, 93, 94, 95, 98, 100, -101, -99, -97, -91, -90, -88, -87, -81, -80, -79, -76, -72, -66, -62, -59, -53, -48, -47, -44, -43, -40, -38, -37, -35, -34, -32, -31, -29, -28, -26, -25, -24, -21, -17, -15, -8, -7, -2}), frozenset({1, 2, 4, 5, 9, 10, 13, 16, 20, 24, 34, 35, 38, 39, 42, 44, 45, 47, 48, 52, 54, 56, 64, 66, 67, 68, 69, 71, 72, 75, 76, 78, 80, 82, 84, 86, 96, 100, -101, -99, -98, -95, -94, -93, -91, -90, -89, -87, -85, -83, -81, -79, -70, -65, -63, -61, -59, -58, -57, -49, -43, -41, -40, -37, -36, -31, -30, -29, -28, -27, -25, -23, -22, -19, -18, -17, -12, -11, -7, -6}), frozenset({1, 5, 13, 17, 18, 19, 26, 30, 31, 33, 35, 40, 44, 46, 47, 48, 49, 52, 55, 56, 57, 58, 59, 63, 65, 66, 68, 69, 70, 73, 75, 76, 77, 79, 82, 83, 86, 90, 97, 99, -101, -100, -98, -96, -94, -93, -92, -91, -89, -87, -85, -81, -80, -78, -74, -72, -71, -67, -64, -62, -61, -60, -51, -45, -43, -42, -41, -39, -34, -32, -27, -25, -24, -22, -21, -20, -16, -14, -12, -11})]
0	frequent itemsets left after applying T operator with output 	: [frozenset({-15})]
Initial DL				: 90285.34803775501
Final DL				: 21774.99992448566
Compression (wrt ce)	: 0.758820225011705
Operator Counters		: {'W': 1, 'V': 0, 'S': 0, 'R': 0, 'T': 1}
Length of freq items 1	: 59775
Time of freq items 1	: 3.261944055557251
59775 Frequent Itemsets are mined in 1.0909183025360107 seconds.
Length of freq items 2	: 59775
Time of freq items 2	: 1.0909581184387207
DL of initial theory	: 90285.34803775501
59774	frequent itemsets left after applying T operator with output 	: [frozenset({66, -25, -19, 77, -9})]
59158	frequent itemsets left after applying T operator with output 	: [frozenset({76, 44, 49, -39, 27})]
7	frequent itemsets left after applying T operator with output 	: [frozenset({24, 75, 58, 26})]
0	frequent itemsets left after applying W operator with output 	: [frozenset({24, 58, 75, 101}), frozenset({5, 7, 8, 10, 11, 14, 15, 16, 17, 18, 21, 23, 27, 28, 30, 31, 33, 35, 37, 41, 43, 44, 45, 47, 51, 52, 59, 62, 64, 66, 68, 73, 76, 77, 80, 86, 87, 88, 90, 91, 93, 95, 98, -101, -100, -99, -97, -96, -94, -89, -85, -83, -82, -79, -74, -72, -71, -63, -60, -57, -55, -54, -53, -50, -48, -46, -42, -39, -38, -34, -32, -25, -22, -20, -19, -13, -4, -1}), frozenset({5, 7, 8, 10, 11, 14, 15, 16, 17, 18, 21, 23, 26, 27, 28, 31, 33, 35, 36, 37, 45, 47, 51, 52, 61, 64, 65, 66, 67, 68, 69, 73, 80, 81, 90, 91, 93, 95, 98, -101, -100, -99, -97, -96, -92, -89, -88, -87, -86, -85, -84, -82, -72, -70, -63, -60, -57, -56, -55, -53, -50, -48, -46, -40, -39, -38, -34, -32, -29, -22, -20, -19, -13, -12, -9, -4, -3, -1})]
Initial DL				: 90285.34803775501
Final DL				: 1973.0524187545989
Compression (wrt ce)	: 0.9781464826615109
Operator Counters		: {'W': 1, 'V': 0, 'S': 0, 'R': 0, 'T': 3}
Confusions 	: TP_s = 3; TN_s = 4; FP_s = 0; FN_s = 1; TP_f = 0; TN_f = 3; FP_f = 0; FN_f = 3
Accuracy of fold 6	: 0.7142857142857143
Coverage of fold 6	: 100.0

Length of freq items 1	: 1
Time of freq items 1	: 0.20381522178649902
1 Frequent Itemsets are mined in 0.0021741390228271484 seconds.
Length of freq items 2	: 1
Time of freq items 2	: 0.0023157596588134766
DL of initial theory	: 89311.91797595918
0	frequent itemsets left after applying T operator with output 	: [frozenset({-67})]
Initial DL				: 89311.91797595918
Final DL				: 19836.213009354633
Compression (wrt ce)	: 0.7778995966171715
Operator Counters		: {'W': 0, 'V': 0, 'S': 0, 'R': 0, 'T': 1}
Length of freq items 1	: 51228
Time of freq items 1	: 2.731431007385254
51228 Frequent Itemsets are mined in 0.9193840026855469 seconds.
Length of freq items 2	: 51228
Time of freq items 2	: 0.9194233417510986
DL of initial theory	: 89311.91797595918
51227	frequent itemsets left after applying T operator with output 	: [frozenset({66, -29, -20, -19, -9})]
50103	frequent itemsets left after applying T operator with output 	: [frozenset({8, -55, 11, 47, 28})]
0	frequent itemsets left after applying T operator with output 	: [frozenset({8, -71, -85, -74})]
Initial DL				: 89311.91797595918
Final DL				: 2469.915548761388
Compression (wrt ce)	: 0.9723450620618601
Operator Counters		: {'W': 0, 'V': 0, 'S': 0, 'R': 0, 'T': 3}
Confusions 	: TP_s = 4; TN_s = 7; FP_s = 0; FN_s = 0; TP_f = 0; TN_f = 1; FP_f = 0; FN_f = 4
Accuracy of fold 7	: 0.75
Coverage of fold 7	: 100.0

Length of freq items 1	: 2
Time of freq items 1	: 0.19504737854003906
2 Frequent Itemsets are mined in 0.002306699752807617 seconds.
Length of freq items 2	: 2
Time of freq items 2	: 0.002451181411743164
DL of initial theory	: 87365.15128206872
1	frequent itemsets left after applying T operator with output 	: [frozenset({-78})]
0	frequent itemsets left after applying T operator with output 	: [frozenset({-67})]
Initial DL				: 87365.15128206872
Final DL				: 11610.33620003322
Compression (wrt ce)	: 0.8671056361758261
Operator Counters		: {'W': 0, 'V': 0, 'S': 0, 'R': 0, 'T': 2}
Length of freq items 1	: 35619
Time of freq items 1	: 2.0449581146240234
35619 Frequent Itemsets are mined in 0.6261763572692871 seconds.
Length of freq items 2	: 35619
Time of freq items 2	: 0.6262290477752686
DL of initial theory	: 87365.15128206872
35618	frequent itemsets left after applying T operator with output 	: [frozenset({8, -55, 11, 47, 28})]
32861	frequent itemsets left after applying T operator with output 	: [frozenset({66, -29, -20, -9})]
0	frequent itemsets left after applying T operator with output 	: [frozenset({8, -71, -63, -82})]
Initial DL				: 87365.15128206872
Final DL				: 3430.474004611734
Compression (wrt ce)	: 0.9607340689706352
Operator Counters		: {'W': 0, 'V': 0, 'S': 0, 'R': 0, 'T': 3}
Confusions 	: TP_s = 5; TN_s = 10; FP_s = 0; FN_s = 1; TP_f = 0; TN_f = 0; FP_f = 0; FN_f = 4
Accuracy of fold 8	: 0.75
Coverage of fold 8	: 100.0

Length of freq items 1	: 1
Time of freq items 1	: 0.2136683464050293
1 Frequent Itemsets are mined in 0.0027451515197753906 seconds.
Length of freq items 2	: 1
Time of freq items 2	: 0.002927541732788086
DL of initial theory	: 88338.51894500232
0	frequent itemsets left after applying T operator with output 	: [frozenset({-67})]
Initial DL				: 88338.51894500232
Final DL				: 19351.599325127183
Compression (wrt ce)	: 0.7809381506930733
Operator Counters		: {'W': 0, 'V': 0, 'S': 0, 'R': 0, 'T': 1}
Length of freq items 1	: 31704
Time of freq items 1	: 1.8747665882110596
43552 Frequent Itemsets are mined in 0.8371145725250244 seconds.
Length of freq items 2	: 43552
Time of freq items 2	: 0.8371531963348389
DL of initial theory	: 88338.51894500232
31703	frequent itemsets left after applying T operator with output 	: [frozenset({66, 11, -19, 81, -9})]
31586	frequent itemsets left after applying T operator with output 	: [frozenset({-63, 8, -55, 47, 28})]
3	frequent itemsets left after applying T operator with output 	: [frozenset({49, -38, -13, 44})]
0	frequent itemsets left after applying W operator with output 	: [frozenset({-13, 44, 101}), frozenset({2, 5, 6, 7, 8, 10, 15, 16, 17, 18, 21, 23, 24, 26, 27, 28, 30, 31, 35, 36, 37, 41, 45, 52, 58, 62, 64, 65, 67, 68, 69, 73, 75, 76, 77, 78, 80, 81, 87, 89, 90, 91, 94, 95, 96, 98, -101, -99, -88, -86, -85, -84, -83, -82, -79, -74, -72, -71, -70, -63, -57, -56, -55, -54, -53, -50, -48, -46, -40, -39, -34, -32, -29, -25, -22, -19, -9, -4, -3}), frozenset({2, 5, 6, 7, 8, 11, 14, 15, 21, 23, 24, 26, 27, 28, 30, 31, 33, 36, 37, 41, 43, 45, 47, 49, 51, 52, 59, 61, 64, 65, 66, 67, 69, 73, 75, 76, 77, 78, 84, 87, 90, 91, 93, 94, 95, 96, -101, -100, -92, -89, -86, -85, -83, -82, -79, -72, -71, -70, -57, -56, -55, -54, -53, -50, -48, -46, -42, -39, -38, -34, -29, -25, -22, -20, -19, -12, -9, -3, -1})]
Initial DL				: 88338.51894500232
Final DL				: 2947.8429406300975
Compression (wrt ce)	: 0.9666301521031232
Operator Counters		: {'W': 1, 'V': 0, 'S': 0, 'R': 0, 'T': 3}
Confusions 	: TP_s = 3; TN_s = 4; FP_s = 0; FN_s = 0; TP_f = 0; TN_f = 5; FP_f = 0; FN_f = 6
Accuracy of fold 9	: 0.6666666666666666
Coverage of fold 9	: 100.0


Total Confusions					: defaultdict(<class 'int'>, {'TP_s': 22, 'TN_s': 74, 'FP_s': 0, 'FN_s': 6, 'TP_f': 0, 'TN_f': 26, 'FP_f': 0, 'FN_f': 72})
Precision							: 100.0%
Recall								: 22.0%
Accuracy							: 61.0%
Average Coverage 					: 100.0%
Average Classification Accuracy 	: 63.33%
Average Compression 				: [0.6749716400171425, 0.962702436477465]%
Total Time 							: 39.28712010383606 seconds
