>/home/arcchitjain/Documents/Mistle/Resources/spmf.jar
========== LCM - STATS ============
 Freq. closed itemsets count: 5
 Total time ~: 3 ms
 Max memory:11.342918395996094
=====================================
>/home/arcchitjain/Documents/Mistle/Resources/spmf.jar
========== LCM - STATS ============
 Freq. closed itemsets count: 97823
 Total time ~: 3813 ms
 Max memory:64.9082260131836
=====================================
>/home/arcchitjain/Documents/Mistle/Resources/spmf.jar
========== LCM - STATS ============
 Freq. closed itemsets count: 2
 Total time ~: 4 ms
 Max memory:11.342880249023438
=====================================
>/home/arcchitjain/Documents/Mistle/Resources/spmf.jar
========== LCM - STATS ============
 Freq. closed itemsets count: 84233
 Total time ~: 3358 ms
 Max memory:64.8515625
=====================================
>/home/arcchitjain/Documents/Mistle/Resources/spmf.jar
========== LCM - STATS ============
 Freq. closed itemsets count: 15
 Total time ~: 5 ms
 Max memory:11.343238830566406
=====================================
>/home/arcchitjain/Documents/Mistle/Resources/spmf.jar
========== LCM - STATS ============
 Freq. closed itemsets count: 297332
 Total time ~: 10237 ms
 Max memory:64.8773193359375
=====================================
>/home/arcchitjain/Documents/Mistle/Resources/spmf.jar
========== LCM - STATS ============
 Freq. closed itemsets count: 10
 Total time ~: 4 ms
 Max memory:11.343238830566406
=====================================
>/home/arcchitjain/Documents/Mistle/Resources/spmf.jar
========== LCM - STATS ============
 Freq. closed itemsets count: 218948
 Total time ~: 8109 ms
 Max memory:64.83595275878906
=====================================
>/home/arcchitjain/Documents/Mistle/Resources/spmf.jar
========== LCM - STATS ============
 Freq. closed itemsets count: 7
 Total time ~: 4 ms
 Max memory:11.343246459960938
=====================================
>/home/arcchitjain/Documents/Mistle/Resources/spmf.jar
========== LCM - STATS ============
 Freq. closed itemsets count: 174311
 Total time ~: 6209 ms
 Max memory:64.9710693359375
=====================================
>/home/arcchitjain/Documents/Mistle/Resources/spmf.jar
========== LCM - STATS ============
 Freq. closed itemsets count: 11
 Total time ~: 6 ms
 Max memory:11.343238830566406
=====================================
>/home/arcchitjain/Documents/Mistle/Resources/spmf.jar
========== LCM - STATS ============
 Freq. closed itemsets count: 230595
 Total time ~: 8437 ms
 Max memory:64.89295959472656
=====================================
>/home/arcchitjain/Documents/Mistle/Resources/spmf.jar
========== LCM - STATS ============
 Freq. closed itemsets count: 18
 Total time ~: 7 ms
 Max memory:11.343238830566406
=====================================
>/home/arcchitjain/Documents/Mistle/Resources/spmf.jar
========== LCM - STATS ============
 Freq. closed itemsets count: 313302
 Total time ~: 11019 ms
 Max memory:64.86167907714844
=====================================
