>/Users/arcchit/Docs/Mistle/Resources/spmf.jar
Running the DCI-Closed algorithm
========== DCI_CLOSED - STATS ============
 Number of transactions: 498
 Number of frequent closed itemsets: 9353
 Total time ~: 374 ms
>/Users/arcchit/Docs/Mistle/Resources/spmf.jar
Running the DCI-Closed algorithm
========== DCI_CLOSED - STATS ============
 Number of transactions: 263
 Number of frequent closed itemsets: 6393
 Total time ~: 222 ms
Current Minsup[0.5] yields 130 itemsets.
Current Minsup[0.25] yields 4865 itemsets.
Current Minsup[0.125] yields 62789 itemsets.
Current Minsup[0.21478698324775664] yields 9353 itemsets.
Top-k minsup for at least 10000 paterns = 0.21478698324775664 or 107
DL of initial theory	: 98767.76191647914
9338	itemsets left after T operation 	: [frozenset({7, 15, 16, -14, 25})]
9329	itemsets left after T operation 	: [frozenset({3, 4, 17, 22, -2})]
9327	itemsets left after T operation 	: [frozenset({10, -17, 18, 19, 28})]
9308	itemsets left after T operation 	: [frozenset({5, 13, 15, 16, -14, 23})]
9104	itemsets left after T operation 	: [frozenset({-20, 17, 21, 22, 25, 28})]
7248	itemsets left after T operation 	: [frozenset({9, 10, 11, 21, -8})]
2281	itemsets left after T operation 	: [frozenset({3, 4, 21, 23, -2})]
1021	itemsets left after V operation 	: [frozenset({2, 4, 5, 6, 8, 9, 12, 13, 15, 16, 20, 22, 24, 25, 26, -27, -23, -21, -14, -11, -10, -7, -3}), frozenset({2, 4, 6, 7, 8, 9, 12, 13, 15, 16, 20, 22, 23, 24, 26, -27, -25, -21, -14, -11, -10, -5, -3}), frozenset({2, 4, 5, 7, 8, 9, 11, 13, 14, 15, 21, 22, 24, 25, 27, -26, -23, -20, -16, -12, -10, -6, -3}), frozenset({18, 19, 10, 28, -17})]
377	itemsets left after V operation 	: [frozenset({2, 4, 6, 8, 10, 12, 18, 19, 20, 22, 24, 25, 26, 27, -28, -23, -21, -17, -11, -9, -7, -3}), frozenset({16, -14, 5, 23, 13, 15}), frozenset({2, 4, 6, 8, 9, 12, 20, 22, 24, 25, 26, -27, -23, -21, -11, -10, -7, -3})]
245	itemsets left after V operation 	: [frozenset({16, -14, 5, 23, 13, 15}), frozenset({2, 4, 6, 7, 8, 9, 12, 20, 22, 24, 26, -27, -25, -21, -11, -10, -5, -3})]
173	itemsets left after V operation 	: [frozenset({18, 19, 10, 28, -17}), frozenset({2, 4, 6, 8, 12, 20, 22, 24, 25, 26, 27, -28, -23, -21, -11, -9, -7, -3})]
# of frequent itemsets	: 0
Time of DCI Closed		: 0.3154470920562744
Initial DL				: 95069.34626799737
Final DL				: 23796.777539276336
Compression (wrt me)	: 0.7496903210821078
Operator Counters		: {'D': 0, 'W': 0, 'V': 4, 'S': 0, 'R': 0, 'T': 7}
Misle Learning Runtime	: 11.637590646743774

Current Minsup[0.5] yields 159 itemsets.
Current Minsup[0.25] yields 6393 itemsets.
Top-k minsup for at least 10000 paterns = 0.25 or 66
DL of initial theory	: 98767.76191647914
6380	itemsets left after T operation 	: [frozenset({10, 14, 16, -15, 22})]
6366	itemsets left after T operation 	: [frozenset({-27, 6, 12, 19, 26, 28})]
6288	itemsets left after T operation 	: [frozenset({9, 14, 16, -15, 21, 25})]
3064	itemsets left after T operation 	: [frozenset({8, 14, -17, 18, 19})]
1903	itemsets left after V operation 	: [frozenset({3, 4, 5, 7, 8, 10, 13, 15, 16, 17, 20, 21, 24, 25, -23, -22, -18, -14, -11, -9, -6, -2}), frozenset({3, 4, 5, 7, 9, 10, 13, 15, 16, 17, 20, 22, 24, 25, -23, -21, -18, -14, -11, -8, -6, -2}), frozenset({2, 4, 5, 7, 8, 10, 11, 15, 16, 18, 21, 22, 24, 25, -23, -20, -17, -14, -13, -9, -6, -3}), frozenset({2, 3, 5, 7, 8, 10, 13, 15, 16, 17, 21, 22, 24, 25, -23, -20, -18, -14, -11, -9, -6, -4}), frozenset({3, 4, 5, 7, 9, 10, 11, 15, 16, 18, 20, 22, 23, 25, -24, -21, -17, -14, -13, -8, -6, -2}), frozenset({3, 4, 5, 7, 8, 10, 11, 15, 16, 17, 21, 22, 24, 25, -23, -20, -18, -14, -13, -9, -6, -2}), frozenset({3, 4, 5, 7, 9, 10, 13, 14, 15, 18, 20, 22, 23, 25, -24, -21, -17, -16, -11, -8, -6, -2}), frozenset({19, -27, 6, 26, 12, 28})]
1460	itemsets left after T operation 	: [frozenset({6, 13, 14, 16, -15, 24})]
1297	itemsets left after V operation 	: [frozenset({3, 4, 7, 8, 9, 11, 15, 16, 17, 18, 20, 22, 23, 25, -24, -21, -19, -14, -13, -10, -5, -2}), frozenset({2, 3, 5, 9, 10, 13, 15, 16, 17, 18, 20, 22, 23, 25, -24, -21, -19, -14, -11, -8, -7, -4}), frozenset({2, 3, 7, 8, 9, 13, 15, 16, 17, 18, 20, 22, 23, 25, -24, -21, -19, -14, -11, -10, -5, -4}), frozenset({3, 4, 5, 8, 9, 13, 15, 16, 17, 18, 20, 22, 23, 25, -24, -21, -19, -14, -11, -10, -7, -2}), frozenset({3, 4, 5, 9, 10, 13, 14, 15, 17, 18, 20, 22, 23, 25, -24, -21, -19, -16, -11, -8, -7, -2}), frozenset({2, 4, 7, 9, 10, 13, 15, 16, 17, 18, 20, 22, 23, 25, -24, -21, -19, -14, -11, -8, -5, -3}), frozenset({19, -27, 6, 26, 12, 28})]
1141	itemsets left after V operation 	: [frozenset({2, 4, 7, 9, 10, 11, 13, 15, 16, 18, 20, 22, 23, 24, -25, -21, -17, -14, -12, -8, -5, -3}), frozenset({2, 4, 5, 9, 10, 11, 13, 15, 16, 18, 20, 22, 24, 25, -23, -21, -17, -14, -12, -8, -7, -3}), frozenset({19, -27, 6, 26, 28, 12}), frozenset({3, 4, 5, 9, 10, 11, 13, 15, 16, 18, 20, 22, 23, 25, -24, -21, -17, -14, -12, -8, -7, -2}), frozenset({2, 3, 7, 9, 10, 11, 13, 15, 16, 18, 20, 22, 23, 25, -24, -21, -17, -14, -12, -8, -5, -4}), frozenset({3, 4, 7, 8, 10, 11, 13, 15, 16, 17, 21, 22, 23, 24, -25, -20, -18, -14, -12, -9, -5, -2})]
131	itemsets left after T operation 	: [frozenset({2, 26, 14})]
# of frequent itemsets	: 0
Time of DCI Closed		: 0.3126227855682373
Initial DL				: 95069.34626799737
Final DL				: 25761.729755185657
Compression (wrt me)	: 0.7290217008270553
Operator Counters		: {'D': 0, 'W': 0, 'V': 3, 'S': 0, 'R': 0, 'T': 6}
Misle Learning Runtime	: 310.7166347503662


Max Score = 0.04 tied among 8/8 candidates.
Min Score = 0.7824915824915825 tied among 8/8 candidates.
Still need to calculate most frequent values for dict_keys([2, 21, 14])
Tie Breaking: Level 3
Tie Breaking: Level 3
Tie Breaking: Level 3
Incorrect Prediction at tie level: [3, 3, 3]

Max Score = 0.08333333333333333 tied among 4/8 candidates.
Min Score = 0.7824915824915825 tied among 4/8 candidates.
Still need to calculate most frequent values for dict_keys([19, 18])
Tie Breaking: Level 3
Tie Breaking: Level 3

Max Score = 0.08333333333333333 tied among 2/8 candidates.
Min Score = 0.7824915824915825 tied among 2/8 candidates.
Still need to calculate most frequent values for dict_keys([19])
Tie Breaking: Level 3

Max Score = 0.08333333333333333 tied among 4/8 candidates.
Min Score = 0.726936026936027 tied among 4/8 candidates.
Still need to calculate most frequent values for dict_keys([2, 18])
Tie Breaking: Level 3
Tie Breaking: Level 3

Max Score = 0.04 tied among 4/8 candidates.
Min Score = 0.7824915824915825 tied among 4/8 candidates.
Still need to calculate most frequent values for dict_keys([3, 20])
Tie Breaking: Level 3
Tie Breaking: Level 3

Max Score = 0.04 tied among 8/8 candidates.
Min Score = 0.7824915824915825 tied among 8/8 candidates.
Still need to calculate most frequent values for dict_keys([6, 25, 12])
Tie Breaking: Level 3
Tie Breaking: Level 3
Tie Breaking: Level 3

Max Score = 0.16333333333333333 tied among 8/8 candidates.
Min Score = 0.726936026936027 tied among 4/8 candidates.
Still need to calculate most frequent values for dict_keys([8, 11])
Tie Breaking: Level 3
Tie Breaking: Level 3
Incorrect Prediction at tie level: [3, 3]

Max Score = 0.04 tied among 2/8 candidates.
Min Score = 0.7824915824915825 tied among 2/8 candidates.
Still need to calculate most frequent values for dict_keys([23])
Tie Breaking: Level 3
Incorrect Prediction at tie level: 0

Max Score = 0.08 tied among 4/8 candidates.
Min Score = 0.7824915824915825 tied among 4/8 candidates.
Still need to calculate most frequent values for dict_keys([19, 11])
Tie Breaking: Level 3
Tie Breaking: Level 3
Incorrect Prediction at tie level: [3, 3]

Max Score = 0.08333333333333333 tied among 2/8 candidates.
Min Score = 0.7824915824915825 tied among 2/8 candidates.
Still need to calculate most frequent values for dict_keys([3])
Tie Breaking: Level 3

Max Score = 0.16333333333333333 tied among 2/8 candidates.
Min Score = 0.7824915824915825 tied among 2/8 candidates.
Still need to calculate most frequent values for dict_keys([27])
Tie Breaking: Level 3
Incorrect Prediction at tie level: [3]

Max Score = 0.08 tied among 4/8 candidates.
Min Score = 0.7824915824915825 tied among 4/8 candidates.
Still need to calculate most frequent values for dict_keys([26, 8])
Tie Breaking: Level 3
Tie Breaking: Level 3
Incorrect Prediction at tie level: [3, 3]

Max Score = 0.04 tied among 8/8 candidates.
Min Score = 0.7824915824915825 tied among 8/8 candidates.
Still need to calculate most frequent values for dict_keys([17, 23, 24])
Tie Breaking: Level 3
Tie Breaking: Level 3
Tie Breaking: Level 3

Max Score = 0.04 tied among 4/8 candidates.
Min Score = 0.7824915824915825 tied among 4/8 candidates.
Still need to calculate most frequent values for dict_keys([13, 21])
Tie Breaking: Level 3
Tie Breaking: Level 3
Incorrect Prediction at tie level: [3, 3]

Max Score = 0.08 tied among 8/8 candidates.
Min Score = 0.7824915824915825 tied among 8/8 candidates.
Still need to calculate most frequent values for dict_keys([18, 20, 10])
Tie Breaking: Level 3
Tie Breaking: Level 3
Tie Breaking: Level 3

Max Score = 0.12333333333333332 tied among 4/8 candidates.
Min Score = 0.7824915824915825 tied among 4/8 candidates.
Still need to calculate most frequent values for dict_keys([20, 27])
Tie Breaking: Level 3
Tie Breaking: Level 3

Max Score = 0.12333333333333332 tied among 2/8 candidates.
Min Score = 0.7824915824915825 tied among 2/8 candidates.
Still need to calculate most frequent values for dict_keys([4])
Tie Breaking: Level 3
Incorrect Prediction at tie level: [3]

Max Score = 0.08333333333333333 tied among 2/8 candidates.
Min Score = 0.7824915824915825 tied among 2/8 candidates.
Still need to calculate most frequent values for dict_keys([10])
Tie Breaking: Level 3
Incorrect Prediction at tie level: [3]

Max Score = 0.08333333333333333 tied among 8/8 candidates.
Min Score = 0.7824915824915825 tied among 8/8 candidates.
Still need to calculate most frequent values for dict_keys([18, 27, 13])
Tie Breaking: Level 3
Tie Breaking: Level 3
Tie Breaking: Level 3
Incorrect Prediction at tie level: [3, 3, 3]

Max Score = 0.04 tied among 2/8 candidates.
Min Score = 0.7824915824915825 tied among 2/8 candidates.
Still need to calculate most frequent values for dict_keys([23])
Tie Breaking: Level 3
Incorrect Prediction at tie level: [3]

Max Score = 0.2033333333333333 tied among 2/8 candidates.
Tie Breaking: Level 1

Max Score = 0.2033333333333333 tied among 2/8 candidates.
Min Score = 0.726936026936027 tied among 2/8 candidates.
Still need to calculate most frequent values for dict_keys([18])
Tie Breaking: Level 3
Incorrect Prediction at tie level: [3]

Max Score = 0.12333333333333332 tied among 8/8 candidates.
Min Score = 0.6269360269360269 tied among 8/8 candidates.
Still need to calculate most frequent values for dict_keys([12, 13, 27])
Tie Breaking: Level 3
Tie Breaking: Level 3
Tie Breaking: Level 3
Incorrect Prediction at tie level: [3, 3, 3]

Max Score = 0.04 tied among 4/8 candidates.
Min Score = 0.7824915824915825 tied among 4/8 candidates.
Still need to calculate most frequent values for dict_keys([4, 6])
Tie Breaking: Level 3
Tie Breaking: Level 3
Incorrect Prediction at tie level: [3, 3]

Max Score = 0.12333333333333332 tied among 4/8 candidates.
Min Score = 0.44915824915824915 tied among 2/8 candidates.
Still need to calculate most frequent values for dict_keys([27])
Tie Breaking: Level 3
Incorrect Prediction at tie level: [3]

Max Score = 0.08 tied among 8/8 candidates.
Min Score = 0.7824915824915825 tied among 8/8 candidates.
Still need to calculate most frequent values for dict_keys([14, 27, 28])
Tie Breaking: Level 3
Tie Breaking: Level 3
Tie Breaking: Level 3
Incorrect Prediction at tie level: [3, 3, 3]

Max Score = 0.08 tied among 2/8 candidates.
Min Score = 0.726936026936027 tied among 2/8 candidates.
Still need to calculate most frequent values for dict_keys([14])
Tie Breaking: Level 3
Incorrect Prediction at tie level: [3]

Max Score = 0.04 tied among 4/8 candidates.
Min Score = 0.6713804713804714 tied among 2/8 candidates.
Still need to calculate most frequent values for dict_keys([10])
Tie Breaking: Level 3
Incorrect Prediction at tie level: [3]

Max Score = 0.04 tied among 8/8 candidates.
Min Score = 0.7824915824915825 tied among 8/8 candidates.
Still need to calculate most frequent values for dict_keys([2, 27, 13])
Tie Breaking: Level 3
Tie Breaking: Level 3
Tie Breaking: Level 3

Max Score = 0.16333333333333333 tied among 4/8 candidates.
Min Score = 0.7824915824915825 tied among 4/8 candidates.
Still need to calculate most frequent values for dict_keys([8, 27])
Tie Breaking: Level 3
Tie Breaking: Level 3

Max Score = 0.08333333333333333 tied among 8/8 candidates.
Min Score = 0.6269360269360269 tied among 4/8 candidates.
Still need to calculate most frequent values for dict_keys([2, 23])
Tie Breaking: Level 3
Tie Breaking: Level 3
Incorrect Prediction at tie level: [3, 3]

Max Score = 0.08 tied among 4/8 candidates.
Tie Breaking: Level 1
Incorrect Prediction at tie level: 1

Max Score = 0.04 tied among 8/8 candidates.
Min Score = 0.6824915824915825 tied among 4/8 candidates.
Still need to calculate most frequent values for dict_keys([12, 20])
Tie Breaking: Level 3
Tie Breaking: Level 3

Max Score = 0.0 tied among 8/8 candidates.
Min Score = 0.7824915824915825 tied among 8/8 candidates.
Still need to calculate most frequent values for dict_keys([27, 26, 17])
Tie Breaking: Level 3
Tie Breaking: Level 3
Tie Breaking: Level 3
Incorrect Prediction at tie level: [3, 3, 3]

Max Score = 0.08 tied among 4/8 candidates.
Min Score = 0.7824915824915825 tied among 4/8 candidates.
Still need to calculate most frequent values for dict_keys([27, 15])
Tie Breaking: Level 3
Tie Breaking: Level 3
Incorrect Prediction at tie level: [3, 3]

Max Score = 0.04 tied among 8/8 candidates.
Min Score = 0.7824915824915825 tied among 8/8 candidates.
Still need to calculate most frequent values for dict_keys([26, 24, 19])
Tie Breaking: Level 3
Tie Breaking: Level 3
Tie Breaking: Level 3
Incorrect Prediction at tie level: [3, 3, 3]

Max Score = 0.04 tied among 8/8 candidates.
Min Score = 0.7824915824915825 tied among 8/8 candidates.
Still need to calculate most frequent values for dict_keys([18, 28, 2])
Tie Breaking: Level 3
Tie Breaking: Level 3
Tie Breaking: Level 3
Incorrect Prediction at tie level: [3, 3, 3]

Max Score = 0.12333333333333332 tied among 4/8 candidates.
Min Score = 0.7824915824915825 tied among 4/8 candidates.
Still need to calculate most frequent values for dict_keys([6, 18])
Tie Breaking: Level 3
Tie Breaking: Level 3
Incorrect Prediction at tie level: [3, 3]

Max Score = 0.2866666666666666 tied among 2/8 candidates.
Min Score = 0.7824915824915825 tied among 2/8 candidates.
Still need to calculate most frequent values for dict_keys([24])
Tie Breaking: Level 3
Incorrect Prediction at tie level: [3]

Max Score = 0.04 tied among 8/8 candidates.
Min Score = 0.7824915824915825 tied among 8/8 candidates.
Still need to calculate most frequent values for dict_keys([25, 15, 11])
Tie Breaking: Level 3
Tie Breaking: Level 3
Tie Breaking: Level 3

Max Score = 0.04 tied among 4/8 candidates.
Min Score = 0.726936026936027 tied among 2/8 candidates.
Still need to calculate most frequent values for dict_keys([20])
Tie Breaking: Level 3
Incorrect Prediction at tie level: [3]

Max Score = 0.08333333333333333 tied among 8/8 candidates.
Min Score = 0.7824915824915825 tied among 8/8 candidates.
Still need to calculate most frequent values for dict_keys([15, 24, 3])
Tie Breaking: Level 3
Tie Breaking: Level 3
Tie Breaking: Level 3
Incorrect Prediction at tie level: [3, 3, 3]

Max Score = 0.12333333333333332 tied among 4/8 candidates.
Min Score = 0.7824915824915825 tied among 4/8 candidates.
Still need to calculate most frequent values for dict_keys([8, 10])
Tie Breaking: Level 3
Tie Breaking: Level 3
Incorrect Prediction at tie level: [3, 3]

Max Score = 0.12 tied among 2/8 candidates.
Min Score = 0.726936026936027 tied among 2/8 candidates.
Still need to calculate most frequent values for dict_keys([2])
Tie Breaking: Level 3
Incorrect Prediction at tie level: [3]

Max Score = 0.2033333333333333 tied among 2/8 candidates.
Min Score = 0.7824915824915825 tied among 2/8 candidates.
Still need to calculate most frequent values for dict_keys([2])
Tie Breaking: Level 3
Incorrect Prediction at tie level: [3]

Max Score = 0.04 tied among 4/8 candidates.
Min Score = 0.6824915824915825 tied among 4/8 candidates.
Still need to calculate most frequent values for dict_keys([9, 23])
Tie Breaking: Level 3
Tie Breaking: Level 3

Max Score = 0.12333333333333332 tied among 8/8 candidates.
Min Score = 0.7824915824915825 tied among 8/8 candidates.
Still need to calculate most frequent values for dict_keys([24, 6, 3])
Tie Breaking: Level 3
Tie Breaking: Level 3
Tie Breaking: Level 3

Max Score = 0.08 tied among 2/8 candidates.
Tie Breaking: Level 1
Incorrect Prediction at tie level: 1

Max Score = 0.12333333333333332 tied among 4/8 candidates.
Min Score = 0.7824915824915825 tied among 4/8 candidates.
Still need to calculate most frequent values for dict_keys([3, 27])
Tie Breaking: Level 3
Tie Breaking: Level 3

Max Score = 0.08 tied among 4/8 candidates.
Min Score = 0.7824915824915825 tied among 4/8 candidates.
Still need to calculate most frequent values for dict_keys([17, 20])
Tie Breaking: Level 3
Tie Breaking: Level 3

Max Score = 0.12333333333333332 tied among 4/8 candidates.
Min Score = 0.7824915824915825 tied among 4/8 candidates.
Still need to calculate most frequent values for dict_keys([10, 9])
Tie Breaking: Level 3
Tie Breaking: Level 3
Incorrect Prediction at tie level: [3, 3]

Max Score = 0.12333333333333332 tied among 4/8 candidates.
Min Score = 0.7824915824915825 tied among 4/8 candidates.
Still need to calculate most frequent values for dict_keys([3, 27])
Tie Breaking: Level 3
Tie Breaking: Level 3

Max Score = 0.12333333333333332 tied among 4/8 candidates.
Min Score = 0.7824915824915825 tied among 4/8 candidates.
Still need to calculate most frequent values for dict_keys([4, 3])
Tie Breaking: Level 3
Tie Breaking: Level 3
Incorrect Prediction at tie level: [3, 3]

Max Score = 0.04 tied among 8/8 candidates.
Min Score = 0.6713804713804714 tied among 4/8 candidates.
Still need to calculate most frequent values for dict_keys([18, 24])
Tie Breaking: Level 3
Tie Breaking: Level 3
Incorrect Prediction at tie level: [3, 3]

Max Score = 0.16666666666666666 tied among 2/8 candidates.
Min Score = 0.726936026936027 tied among 2/8 candidates.
Still need to calculate most frequent values for dict_keys([18])
Tie Breaking: Level 3
Incorrect Prediction at tie level: [3]

Max Score = 0.08 tied among 4/8 candidates.
Tie Breaking: Level 1
Incorrect Prediction at tie level: 1

Max Score = 0.08333333333333333 tied among 8/8 candidates.
Min Score = 0.726936026936027 tied among 4/8 candidates.
Still need to calculate most frequent values for dict_keys([3, 19])
Tie Breaking: Level 3
Tie Breaking: Level 3

Max Score = 0.04 tied among 8/8 candidates.
Min Score = 0.7824915824915825 tied among 8/8 candidates.
Still need to calculate most frequent values for dict_keys([16, 26, 13])
Tie Breaking: Level 3
Tie Breaking: Level 3
Tie Breaking: Level 3
Incorrect Prediction at tie level: [3, 3, 3]

Max Score = 0.16333333333333333 tied among 4/8 candidates.
Min Score = 0.7824915824915825 tied among 4/8 candidates.
Still need to calculate most frequent values for dict_keys([26, 5])
Tie Breaking: Level 3
Tie Breaking: Level 3
Incorrect Prediction at tie level: [3, 3]

Max Score = 0.04 tied among 8/8 candidates.
Min Score = 0.7824915824915825 tied among 8/8 candidates.
Still need to calculate most frequent values for dict_keys([7, 19, 27])
Tie Breaking: Level 3
Tie Breaking: Level 3
Tie Breaking: Level 3
Incorrect Prediction at tie level: [3, 3, 3]

Max Score = 0.04 tied among 4/8 candidates.
Min Score = 0.726936026936027 tied among 2/8 candidates.
Still need to calculate most frequent values for dict_keys([9])
Tie Breaking: Level 3
Incorrect Prediction at tie level: [3]

Max Score = 0.04 tied among 8/8 candidates.
Min Score = 0.7824915824915825 tied among 8/8 candidates.
Still need to calculate most frequent values for dict_keys([24, 20, 4])
Tie Breaking: Level 3
Tie Breaking: Level 3
Tie Breaking: Level 3
Incorrect Prediction at tie level: [3, 3, 3]

Max Score = 0.08 tied among 4/8 candidates.
Min Score = 0.6269360269360269 tied among 2/8 candidates.
Still need to calculate most frequent values for dict_keys([5])
Tie Breaking: Level 3
Incorrect Prediction at tie level: [3]

Max Score = 0.12333333333333332 tied among 4/8 candidates.
Min Score = 0.7824915824915825 tied among 4/8 candidates.
Still need to calculate most frequent values for dict_keys([2, 9])
Tie Breaking: Level 3
Tie Breaking: Level 3
Incorrect Prediction at tie level: [3, 3]

Max Score = 0.12 tied among 2/8 candidates.
Tie Breaking: Level 1

Max Score = 0.12333333333333332 tied among 2/8 candidates.
Tie Breaking: Level 1
Incorrect Prediction at tie level: 1
Incorrect Prediction at tie level: 0

Max Score = 0.04 tied among 4/8 candidates.
Min Score = 0.726936026936027 tied among 4/8 candidates.
Still need to calculate most frequent values for dict_keys([22, 17])
Tie Breaking: Level 3
Tie Breaking: Level 3
Incorrect Prediction at tie level: [3, 3]

Max Score = 0.12333333333333332 tied among 4/8 candidates.
Min Score = 0.7824915824915825 tied among 4/8 candidates.
Still need to calculate most frequent values for dict_keys([21, 27])
Tie Breaking: Level 3
Tie Breaking: Level 3
Incorrect Prediction at tie level: [3, 3]

Max Score = 0.04 tied among 8/8 candidates.
Min Score = 0.7824915824915825 tied among 8/8 candidates.
Still need to calculate most frequent values for dict_keys([6, 10, 12])
Tie Breaking: Level 3
Tie Breaking: Level 3
Tie Breaking: Level 3

Max Score = 0.04 tied among 2/8 candidates.
Tie Breaking: Level 1

Max Score = 0.04 tied among 8/8 candidates.
Min Score = 0.726936026936027 tied among 8/8 candidates.
Still need to calculate most frequent values for dict_keys([11, 23, 2])
Tie Breaking: Level 3
Tie Breaking: Level 3
Tie Breaking: Level 3
Incorrect Prediction at tie level: [3, 3, 3]

Max Score = 0.04 tied among 2/8 candidates.
Min Score = 0.7824915824915825 tied among 2/8 candidates.
Still need to calculate most frequent values for dict_keys([3])
Tie Breaking: Level 3
Incorrect Prediction at tie level: [3]

Max Score = 0.04 tied among 4/8 candidates.
Min Score = 0.6269360269360269 tied among 2/8 candidates.
Still need to calculate most frequent values for dict_keys([20])
Tie Breaking: Level 3
Incorrect Prediction at tie level: [3]

Max Score = 0.08 tied among 2/8 candidates.
Min Score = 0.726936026936027 tied among 2/8 candidates.
Still need to calculate most frequent values for dict_keys([6])
Tie Breaking: Level 3

Max Score = 0.0 tied among 8/8 candidates.
Min Score = 0.6269360269360269 tied among 4/8 candidates.
Still need to calculate most frequent values for dict_keys([27, 22])
Tie Breaking: Level 3
Tie Breaking: Level 3

Max Score = 0.12333333333333332 tied among 2/8 candidates.
Tie Breaking: Level 1

Max Score = 0.08333333333333333 tied among 8/8 candidates.
Min Score = 0.6824915824915825 tied among 4/8 candidates.
Still need to calculate most frequent values for dict_keys([23, 6])
Tie Breaking: Level 3
Tie Breaking: Level 3
Incorrect Prediction at tie level: [3, 3]

Max Score = 0.04 tied among 8/8 candidates.
Min Score = 0.5824915824915824 tied among 4/8 candidates.
Still need to calculate most frequent values for dict_keys([6, 5])
Tie Breaking: Level 3
Tie Breaking: Level 3

Max Score = 0.04 tied among 2/8 candidates.
Min Score = 0.7824915824915825 tied among 2/8 candidates.
Still need to calculate most frequent values for dict_keys([14])
Tie Breaking: Level 3
Incorrect Prediction at tie level: [3]

Max Score = 0.20666666666666667 tied among 4/8 candidates.
Min Score = 0.7824915824915825 tied among 4/8 candidates.
Still need to calculate most frequent values for dict_keys([19, 4])
Tie Breaking: Level 3
Tie Breaking: Level 3
Incorrect Prediction at tie level: [3, 3]

Max Score = 0.16333333333333333 tied among 2/8 candidates.
Min Score = 0.7824915824915825 tied among 2/8 candidates.
Still need to calculate most frequent values for dict_keys([3])
Tie Breaking: Level 3
Incorrect Prediction at tie level: [3]

Max Score = 0.2033333333333333 tied among 2/8 candidates.
Min Score = 0.7824915824915825 tied among 2/8 candidates.
Still need to calculate most frequent values for dict_keys([11])
Tie Breaking: Level 3
Incorrect Prediction at tie level: [3]

Max Score = 0.08 tied among 2/8 candidates.
Min Score = 0.7824915824915825 tied among 2/8 candidates.
Still need to calculate most frequent values for dict_keys([5])
Tie Breaking: Level 3
Incorrect Prediction at tie level: [3]

Max Score = 0.08 tied among 4/8 candidates.
Min Score = 0.6269360269360269 tied among 2/8 candidates.
Still need to calculate most frequent values for dict_keys([24])
Tie Breaking: Level 3
Incorrect Prediction at tie level: [3]

Max Score = 0.12333333333333332 tied among 4/8 candidates.
Min Score = 0.7824915824915825 tied among 4/8 candidates.
Still need to calculate most frequent values for dict_keys([24, 6])
Tie Breaking: Level 3
Tie Breaking: Level 3
Incorrect Prediction at tie level: [3, 3]

Max Score = 0.08 tied among 4/8 candidates.
Min Score = 0.7824915824915825 tied among 4/8 candidates.
Still need to calculate most frequent values for dict_keys([12, 19])
Tie Breaking: Level 3
Tie Breaking: Level 3
Incorrect Prediction at tie level: [3, 3]

Max Score = 0.08 tied among 2/8 candidates.
Min Score = 0.726936026936027 tied among 2/8 candidates.
Still need to calculate most frequent values for dict_keys([12])
Tie Breaking: Level 3

Max Score = 0.0 tied among 8/8 candidates.
Min Score = 0.6269360269360269 tied among 4/8 candidates.
Still need to calculate most frequent values for dict_keys([3, 7])
Tie Breaking: Level 3
Tie Breaking: Level 3

Max Score = 0.04 tied among 8/8 candidates.
Min Score = 0.7824915824915825 tied among 8/8 candidates.
Still need to calculate most frequent values for dict_keys([4, 19, 6])
Tie Breaking: Level 3
Tie Breaking: Level 3
Tie Breaking: Level 3
Incorrect Prediction at tie level: [3, 3, 3]

Max Score = 0.12333333333333332 tied among 4/8 candidates.
Min Score = 0.7824915824915825 tied among 4/8 candidates.
Still need to calculate most frequent values for dict_keys([24, 4])
Tie Breaking: Level 3
Tie Breaking: Level 3
Incorrect Prediction at tie level: [3, 3]

Max Score = 0.04 tied among 4/8 candidates.
Min Score = 0.6824915824915825 tied among 2/8 candidates.
Still need to calculate most frequent values for dict_keys([23])
Tie Breaking: Level 3
Incorrect Prediction at tie level: [3]

Max Score = 0.12 tied among 8/8 candidates.
Min Score = 0.6269360269360269 tied among 4/8 candidates.
Still need to calculate most frequent values for dict_keys([5, 27])
Tie Breaking: Level 3
Tie Breaking: Level 3
Incorrect Prediction at tie level: [3, 3]

Max Score = 0.04 tied among 8/8 candidates.
Min Score = 0.7824915824915825 tied among 8/8 candidates.
Still need to calculate most frequent values for dict_keys([4, 9, 17])
Tie Breaking: Level 3
Tie Breaking: Level 3
Tie Breaking: Level 3
Incorrect Prediction at tie level: [3, 3, 3]

Max Score = 0.08 tied among 4/8 candidates.
Min Score = 0.7824915824915825 tied among 4/8 candidates.
Still need to calculate most frequent values for dict_keys([25, 7])
Tie Breaking: Level 3
Tie Breaking: Level 3
Incorrect Prediction at tie level: [3, 3]

Max Score = 0.16333333333333333 tied among 4/8 candidates.
Min Score = 0.7824915824915825 tied among 4/8 candidates.
Still need to calculate most frequent values for dict_keys([26, 6])
Tie Breaking: Level 3
Tie Breaking: Level 3
Incorrect Prediction at tie level: [3, 3]

Max Score = 0.04 tied among 8/8 candidates.
Min Score = 0.7824915824915825 tied among 8/8 candidates.
Still need to calculate most frequent values for dict_keys([18, 5, 3])
Tie Breaking: Level 3
Tie Breaking: Level 3
Tie Breaking: Level 3
Incorrect Prediction at tie level: [3, 3, 3]

Max Score = 0.12333333333333332 tied among 4/8 candidates.
Min Score = 0.6269360269360269 tied among 4/8 candidates.
Still need to calculate most frequent values for dict_keys([3, 19])
Tie Breaking: Level 3
Tie Breaking: Level 3
Incorrect Prediction at tie level: [3, 3]

Max Score = 0.08333333333333333 tied among 4/8 candidates.
Min Score = 0.7824915824915825 tied among 4/8 candidates.
Still need to calculate most frequent values for dict_keys([8, 27])
Tie Breaking: Level 3
Tie Breaking: Level 3

Max Score = 0.08 tied among 4/8 candidates.
Min Score = 0.7824915824915825 tied among 4/8 candidates.
Still need to calculate most frequent values for dict_keys([12, 24])
Tie Breaking: Level 3
Tie Breaking: Level 3
Incorrect Prediction at tie level: [3, 3]

Max Score = 0.08 tied among 4/8 candidates.
Min Score = 0.6269360269360269 tied among 2/8 candidates.
Still need to calculate most frequent values for dict_keys([7])
Tie Breaking: Level 3
Incorrect Prediction at tie level: [3]
Incorrect Prediction at tie level: 0

Max Score = 0.08333333333333333 tied among 4/8 candidates.
Min Score = 0.7824915824915825 tied among 4/8 candidates.
Still need to calculate most frequent values for dict_keys([19, 26])
Tie Breaking: Level 3
Tie Breaking: Level 3
Incorrect Prediction at tie level: [3, 3]

Max Score = 0.08 tied among 4/8 candidates.
Min Score = 0.726936026936027 tied among 4/8 candidates.
Still need to calculate most frequent values for dict_keys([11, 22])
Tie Breaking: Level 3
Tie Breaking: Level 3

Max Score = 0.12333333333333332 tied among 2/8 candidates.
Tie Breaking: Level 1

Max Score = 0.0 tied among 8/8 candidates.
Min Score = 0.34915824915824917 tied among 4/8 candidates.
Still need to calculate most frequent values for dict_keys([27, 3])
Tie Breaking: Level 3
Tie Breaking: Level 3
Incorrect Prediction at tie level: [3, 3]

Max Score = 0.0 tied among 8/8 candidates.
Min Score = 0.7824915824915825 tied among 8/8 candidates.
Still need to calculate most frequent values for dict_keys([11, 13, 26])
Tie Breaking: Level 3
Tie Breaking: Level 3
Tie Breaking: Level 3

Max Score = 0.2033333333333333 tied among 2/8 candidates.
Min Score = 0.7824915824915825 tied among 2/8 candidates.
Still need to calculate most frequent values for dict_keys([19])
Tie Breaking: Level 3
Incorrect Prediction at tie level: [3]

Max Score = 0.12333333333333332 tied among 2/8 candidates.
Min Score = 0.7824915824915825 tied among 2/8 candidates.
Still need to calculate most frequent values for dict_keys([28])
Tie Breaking: Level 3
Incorrect Prediction at tie level: [3]

Max Score = 0.12333333333333332 tied among 4/8 candidates.
Min Score = 0.7824915824915825 tied among 4/8 candidates.
Still need to calculate most frequent values for dict_keys([12, 6])
Tie Breaking: Level 3
Tie Breaking: Level 3

Max Score = 0.0 tied among 8/8 candidates.
Min Score = 0.2936026936026936 tied among 2/8 candidates.
Still need to calculate most frequent values for dict_keys([19])
Tie Breaking: Level 3
Incorrect Prediction at tie level: [3]

Max Score = 0.04 tied among 8/8 candidates.
Min Score = 0.7824915824915825 tied among 8/8 candidates.
Still need to calculate most frequent values for dict_keys([28, 27, 13])
Tie Breaking: Level 3
Tie Breaking: Level 3
Tie Breaking: Level 3

Max Score = 0.04 tied among 4/8 candidates.
Min Score = 0.47138047138047134 tied among 4/8 candidates.
Still need to calculate most frequent values for dict_keys([2, 12])
Tie Breaking: Level 3
Tie Breaking: Level 3
Incorrect Prediction at tie level: [3, 3]

Max Score = 0.04 tied among 4/8 candidates.
Min Score = 0.726936026936027 tied among 2/8 candidates.
Still need to calculate most frequent values for dict_keys([7])
Tie Breaking: Level 3

Max Score = 0.12 tied among 4/8 candidates.
Min Score = 0.726936026936027 tied among 2/8 candidates.
Still need to calculate most frequent values for dict_keys([26])
Tie Breaking: Level 3

Max Score = 0.08333333333333333 tied among 8/8 candidates.
Min Score = 0.726936026936027 tied among 8/8 candidates.
Still need to calculate most frequent values for dict_keys([8, 12, 5])
Tie Breaking: Level 3
Tie Breaking: Level 3
Tie Breaking: Level 3
Incorrect Prediction at tie level: [3, 3, 3]

Max Score = 0.08 tied among 2/8 candidates.
Min Score = 0.7824915824915825 tied among 2/8 candidates.
Still need to calculate most frequent values for dict_keys([4])
Tie Breaking: Level 3

Max Score = 0.12333333333333332 tied among 4/8 candidates.
Min Score = 0.7824915824915825 tied among 4/8 candidates.
Still need to calculate most frequent values for dict_keys([19, 17])
Tie Breaking: Level 3
Tie Breaking: Level 3
Incorrect Prediction at tie level: [3, 3]

Max Score = 0.08333333333333333 tied among 8/8 candidates.
Min Score = 0.7824915824915825 tied among 8/8 candidates.
Still need to calculate most frequent values for dict_keys([15, 24, 13])
Tie Breaking: Level 3
Tie Breaking: Level 3
Tie Breaking: Level 3
Incorrect Prediction at tie level: [3, 3, 3]

Max Score = 0.08 tied among 4/8 candidates.
Min Score = 0.7824915824915825 tied among 4/8 candidates.
Still need to calculate most frequent values for dict_keys([17, 26])
Tie Breaking: Level 3
Tie Breaking: Level 3

Max Score = 0.2033333333333333 tied among 2/8 candidates.
Min Score = 0.7824915824915825 tied among 2/8 candidates.
Still need to calculate most frequent values for dict_keys([12])
Tie Breaking: Level 3
Incorrect Prediction at tie level: [3]

Max Score = 0.6 tied among 2/8 candidates.
Tie Breaking: Level 1
Incorrect Prediction at tie level: 1

Max Score = 0.0 tied among 8/8 candidates.
Min Score = 0.3857004830917874 tied among 4/8 candidates.
Still need to calculate most frequent values for dict_keys([8, 27])
Tie Breaking: Level 3
Tie Breaking: Level 3

Max Score = 0.3333333333333333 tied among 4/8 candidates.
Min Score = 0.46570048309178746 tied among 4/8 candidates.
Still need to calculate most frequent values for dict_keys([8, 11])
Tie Breaking: Level 3
Tie Breaking: Level 3
Incorrect Prediction at tie level: [3, 3]

Max Score = 0.2 tied among 8/8 candidates.
Min Score = 0.42570048309178743 tied among 8/8 candidates.
Still need to calculate most frequent values for dict_keys([7, 12, 27])
Tie Breaking: Level 3
Tie Breaking: Level 3
Tie Breaking: Level 3

Max Score = 0.0 tied among 8/8 candidates.
Min Score = 0.34236714975845417 tied among 4/8 candidates.
Still need to calculate most frequent values for dict_keys([13, 19])
Tie Breaking: Level 3
Tie Breaking: Level 3

Max Score = 0.15555555555555556 tied among 8/8 candidates.
Min Score = 0.3857004830917874 tied among 2/8 candidates.
Still need to calculate most frequent values for dict_keys([5])
Tie Breaking: Level 3
Incorrect Prediction at tie level: [3]

Max Score = 0.0 tied among 8/8 candidates.
Min Score = 0.34236714975845417 tied among 4/8 candidates.
Still need to calculate most frequent values for dict_keys([13, 9])
Tie Breaking: Level 3
Tie Breaking: Level 3
Incorrect Prediction at tie level: [3, 3]

Max Score = 0.15555555555555556 tied among 4/8 candidates.
Min Score = 0.42570048309178743 tied among 2/8 candidates.
Still need to calculate most frequent values for dict_keys([5])
Tie Breaking: Level 3

Max Score = 0.0 tied among 8/8 candidates.
Tie Breaking: Level 1
Incorrect Prediction at tie level: 1

Max Score = 0.0 tied among 8/8 candidates.
Min Score = 0.34236714975845417 tied among 2/8 candidates.
Still need to calculate most frequent values for dict_keys([12])
Tie Breaking: Level 3
Incorrect Prediction at tie level: [3]

Max Score = 0.5444444444444444 tied among 4/8 candidates.
Min Score = 0.42570048309178743 tied among 4/8 candidates.
Still need to calculate most frequent values for dict_keys([20, 4])
Tie Breaking: Level 3
Tie Breaking: Level 3

Max Score = 0.0 tied among 8/8 candidates.
Min Score = 0.3023671497584541 tied among 4/8 candidates.
Still need to calculate most frequent values for dict_keys([9, 19])
Tie Breaking: Level 3
Tie Breaking: Level 3
Incorrect Prediction at tie level: [3, 3]

Max Score = 0.4444444444444444 tied among 2/8 candidates.
Min Score = 0.46570048309178746 tied among 2/8 candidates.
Still need to calculate most frequent values for dict_keys([5])
Tie Breaking: Level 3
Incorrect Prediction at tie level: [3]

Max Score = 0.4888888888888889 tied among 2/8 candidates.
Min Score = 0.46570048309178746 tied among 2/8 candidates.
Still need to calculate most frequent values for dict_keys([5])
Tie Breaking: Level 3

Max Score = 0.15555555555555556 tied among 4/8 candidates.
Tie Breaking: Level 1

Max Score = 0.6444444444444444 tied among 2/8 candidates.
Min Score = 0.42570048309178743 tied among 2/8 candidates.
Still need to calculate most frequent values for dict_keys([5])
Tie Breaking: Level 3
Incorrect Prediction at tie level: [3]

Max Score = 0.2 tied among 4/8 candidates.
Min Score = 0.42570048309178743 tied among 4/8 candidates.
Still need to calculate most frequent values for dict_keys([12, 27])
Tie Breaking: Level 3
Tie Breaking: Level 3

Max Score = 0.3333333333333333 tied among 4/8 candidates.
Min Score = 0.42570048309178743 tied among 4/8 candidates.
Still need to calculate most frequent values for dict_keys([15, 7])
Tie Breaking: Level 3
Tie Breaking: Level 3
Incorrect Prediction at tie level: [3, 3]

Max Score = 0.4888888888888889 tied among 8/8 candidates.
Tie Breaking: Level 1
Incorrect Prediction at tie level: 0

Max Score = 0.3333333333333333 tied among 4/8 candidates.
Min Score = 0.46570048309178746 tied among 4/8 candidates.
Still need to calculate most frequent values for dict_keys([28, 6])
Tie Breaking: Level 3
Tie Breaking: Level 3
Incorrect Prediction at tie level: [3, 3]

Max Score = 0.5333333333333333 tied among 2/8 candidates.
Min Score = 0.46570048309178746 tied among 2/8 candidates.
Still need to calculate most frequent values for dict_keys([3])
Tie Breaking: Level 3
Incorrect Prediction at tie level: [3]

Max Score = 0.05555555555555555 tied among 2/8 candidates.
Min Score = 0.42570048309178743 tied among 2/8 candidates.
Still need to calculate most frequent values for dict_keys([28])
Tie Breaking: Level 3

Max Score = 0.1 tied among 8/8 candidates.
Min Score = 0.46570048309178746 tied among 8/8 candidates.
Still need to calculate most frequent values for dict_keys([9, 24, 13])
Tie Breaking: Level 3
Tie Breaking: Level 3
Tie Breaking: Level 3

Max Score = 0.0 tied among 8/8 candidates.
Min Score = 0.3823671497584541 tied among 8/8 candidates.
Still need to calculate most frequent values for dict_keys([2, 21, 12])
Tie Breaking: Level 3
Tie Breaking: Level 3
Tie Breaking: Level 3

Max Score = 0.0 tied among 8/8 candidates.
Min Score = 0.42570048309178743 tied among 8/8 candidates.
Still need to calculate most frequent values for dict_keys([5, 13, 3])
Tie Breaking: Level 3
Tie Breaking: Level 3
Tie Breaking: Level 3
Incorrect Prediction at tie level: [3, 3, 3]

Max Score = 0.0 tied among 8/8 candidates.
Min Score = 0.42570048309178743 tied among 8/8 candidates.
Still need to calculate most frequent values for dict_keys([9, 20, 24])
Tie Breaking: Level 3
Tie Breaking: Level 3
Tie Breaking: Level 3
Incorrect Prediction at tie level: [3, 3, 3]

Max Score = 0.05555555555555555 tied among 8/8 candidates.
Min Score = 0.46570048309178746 tied among 8/8 candidates.
Still need to calculate most frequent values for dict_keys([20, 24, 9])
Tie Breaking: Level 3
Tie Breaking: Level 3
Tie Breaking: Level 3
Incorrect Prediction at tie level: [3, 3, 3]

Max Score = 0.0 tied among 8/8 candidates.
Min Score = 0.34236714975845417 tied among 4/8 candidates.
Still need to calculate most frequent values for dict_keys([26, 11])
Tie Breaking: Level 3
Tie Breaking: Level 3

Max Score = 0.38888888888888884 tied among 2/8 candidates.
Min Score = 0.42570048309178743 tied among 2/8 candidates.
Still need to calculate most frequent values for dict_keys([24])
Tie Breaking: Level 3

Max Score = 0.38888888888888884 tied among 4/8 candidates.
Min Score = 0.46570048309178746 tied among 4/8 candidates.
Still need to calculate most frequent values for dict_keys([4, 11])
Tie Breaking: Level 3
Tie Breaking: Level 3
Incorrect Prediction at tie level: [3, 3]

Max Score = 0.0 tied among 8/8 candidates.
Min Score = 0.42570048309178743 tied among 2/8 candidates.
Still need to calculate most frequent values for dict_keys([20])
Tie Breaking: Level 3

Max Score = 0.1 tied among 4/8 candidates.
Min Score = 0.42570048309178743 tied among 4/8 candidates.
Still need to calculate most frequent values for dict_keys([16, 7])
Tie Breaking: Level 3
Tie Breaking: Level 3
Incorrect Prediction at tie level: [3, 3]
Incorrect Prediction at tie level: 0

Max Score = 0.0 tied among 8/8 candidates.
Min Score = 0.34236714975845417 tied among 2/8 candidates.
Still need to calculate most frequent values for dict_keys([17])
Tie Breaking: Level 3
Incorrect Prediction at tie level: [3]

Max Score = 0.15555555555555556 tied among 4/8 candidates.
Min Score = 0.42570048309178743 tied among 4/8 candidates.
Still need to calculate most frequent values for dict_keys([9, 19])
Tie Breaking: Level 3
Tie Breaking: Level 3
Incorrect Prediction at tie level: [3, 3]

Max Score = 0.3333333333333333 tied among 8/8 candidates.
Min Score = 0.46570048309178746 tied among 8/8 candidates.
Still need to calculate most frequent values for dict_keys([5, 18, 4])
Tie Breaking: Level 3
Tie Breaking: Level 3
Tie Breaking: Level 3

Max Score = 0.0 tied among 8/8 candidates.
Min Score = 0.42570048309178743 tied among 4/8 candidates.
Still need to calculate most frequent values for dict_keys([25, 10])
Tie Breaking: Level 3
Tie Breaking: Level 3

Max Score = 0.0 tied among 8/8 candidates.
Min Score = 0.34570048309178747 tied among 2/8 candidates.
Still need to calculate most frequent values for dict_keys([22])
Tie Breaking: Level 3
Incorrect Prediction at tie level: [3]

Max Score = 0.15555555555555556 tied among 4/8 candidates.
Min Score = 0.34236714975845417 tied among 2/8 candidates.
Still need to calculate most frequent values for dict_keys([27])
Tie Breaking: Level 3

Max Score = 0.6 tied among 2/8 candidates.
Min Score = 0.3823671497584541 tied among 2/8 candidates.
Still need to calculate most frequent values for dict_keys([18])
Tie Breaking: Level 3
Incorrect Prediction at tie level: [3]

Max Score = 0.05555555555555555 tied among 8/8 candidates.
Min Score = 0.3023671497584541 tied among 2/8 candidates.
Still need to calculate most frequent values for dict_keys([8])
Tie Breaking: Level 3
Incorrect Prediction at tie level: [3]

Max Score = 0.0 tied among 8/8 candidates.
Min Score = 0.3823671497584541 tied among 8/8 candidates.
Still need to calculate most frequent values for dict_keys([11, 22, 19])
Tie Breaking: Level 3
Tie Breaking: Level 3
Tie Breaking: Level 3
Incorrect Prediction at tie level: [3, 3, 3]

Max Score = 0.0 tied among 8/8 candidates.
Min Score = 0.42570048309178743 tied among 8/8 candidates.
Still need to calculate most frequent values for dict_keys([8, 19, 12])
Tie Breaking: Level 3
Tie Breaking: Level 3
Tie Breaking: Level 3

Max Score = 0.1111111111111111 tied among 2/8 candidates.
Min Score = 0.46570048309178746 tied among 2/8 candidates.
Still need to calculate most frequent values for dict_keys([17])
Tie Breaking: Level 3

Max Score = 0.1111111111111111 tied among 4/8 candidates.
Min Score = 0.46570048309178746 tied among 4/8 candidates.
Still need to calculate most frequent values for dict_keys([19, 8])
Tie Breaking: Level 3
Tie Breaking: Level 3

Max Score = 0.05555555555555555 tied among 4/8 candidates.
Min Score = 0.3857004830917874 tied among 2/8 candidates.
Still need to calculate most frequent values for dict_keys([28])
Tie Breaking: Level 3

Max Score = 0.38888888888888884 tied among 2/8 candidates.
Min Score = 0.46570048309178746 tied among 2/8 candidates.
Still need to calculate most frequent values for dict_keys([27])
Tie Breaking: Level 3
Incorrect Prediction at tie level: [3]

Max Score = 0.15555555555555556 tied among 4/8 candidates.
Min Score = 0.42570048309178743 tied among 4/8 candidates.
Still need to calculate most frequent values for dict_keys([25, 8])
Tie Breaking: Level 3
Tie Breaking: Level 3

Max Score = 0.4888888888888889 tied among 2/8 candidates.
Min Score = 0.46570048309178746 tied among 2/8 candidates.
Still need to calculate most frequent values for dict_keys([4])
Tie Breaking: Level 3
Incorrect Prediction at tie level: [3]

Max Score = 0.0 tied among 8/8 candidates.
Min Score = 0.42570048309178743 tied among 8/8 candidates.
Still need to calculate most frequent values for dict_keys([13, 24, 28])
Tie Breaking: Level 3
Tie Breaking: Level 3
Tie Breaking: Level 3
Incorrect Prediction at tie level: [3, 3, 3]

Max Score = 0.38888888888888884 tied among 2/8 candidates.
Min Score = 0.46570048309178746 tied among 2/8 candidates.
Still need to calculate most frequent values for dict_keys([16])
Tie Breaking: Level 3
Incorrect Prediction at tie level: [3]

Max Score = 0.0 tied among 8/8 candidates.
Min Score = 0.46570048309178746 tied among 8/8 candidates.
Still need to calculate most frequent values for dict_keys([11, 14, 13])
Tie Breaking: Level 3
Tie Breaking: Level 3
Tie Breaking: Level 3

Max Score = 0.05555555555555555 tied among 8/8 candidates.
Min Score = 0.42570048309178743 tied among 8/8 candidates.
Still need to calculate most frequent values for dict_keys([5, 20, 7])
Tie Breaking: Level 3
Tie Breaking: Level 3
Tie Breaking: Level 3
Incorrect Prediction at tie level: [3, 3, 3]

Max Score = 0.4888888888888889 tied among 4/8 candidates.
Min Score = 0.46570048309178746 tied among 4/8 candidates.
Still need to calculate most frequent values for dict_keys([24, 22])
Tie Breaking: Level 3
Tie Breaking: Level 3

Max Score = 0.15555555555555556 tied among 4/8 candidates.
Min Score = 0.46570048309178746 tied among 4/8 candidates.
Still need to calculate most frequent values for dict_keys([12, 6])
Tie Breaking: Level 3
Tie Breaking: Level 3
Incorrect Prediction at tie level: [3, 3]

Max Score = 0.15555555555555556 tied among 4/8 candidates.
Min Score = 0.46570048309178746 tied among 4/8 candidates.
Still need to calculate most frequent values for dict_keys([9, 3])
Tie Breaking: Level 3
Tie Breaking: Level 3

Max Score = 0.0 tied among 8/8 candidates.
Min Score = 0.42570048309178743 tied among 8/8 candidates.
Still need to calculate most frequent values for dict_keys([4, 17, 3])
Tie Breaking: Level 3
Tie Breaking: Level 3
Tie Breaking: Level 3
Incorrect Prediction at tie level: [3, 3, 3]

Max Score = 0.43333333333333335 tied among 8/8 candidates.
Min Score = 0.46570048309178746 tied among 8/8 candidates.
Still need to calculate most frequent values for dict_keys([20, 13, 6])
Tie Breaking: Level 3
Tie Breaking: Level 3
Tie Breaking: Level 3
Incorrect Prediction at tie level: [3, 3, 3]

Max Score = 0.2 tied among 2/8 candidates.
Tie Breaking: Level 1
Incorrect Prediction at tie level: 1

Max Score = 0.0 tied among 8/8 candidates.
Min Score = 0.46570048309178746 tied among 8/8 candidates.
Still need to calculate most frequent values for dict_keys([2, 10, 24])
Tie Breaking: Level 3
Tie Breaking: Level 3
Tie Breaking: Level 3

Max Score = 0.0 tied among 8/8 candidates.
Min Score = 0.42570048309178743 tied among 8/8 candidates.
Still need to calculate most frequent values for dict_keys([4, 9, 11])
Tie Breaking: Level 3
Tie Breaking: Level 3
Tie Breaking: Level 3

Max Score = 0.4888888888888889 tied among 2/8 candidates.
Min Score = 0.46570048309178746 tied among 2/8 candidates.
Still need to calculate most frequent values for dict_keys([15])
Tie Breaking: Level 3
Incorrect Prediction at tie level: [3]

Max Score = 0.38888888888888884 tied among 8/8 candidates.
Min Score = 0.46570048309178746 tied among 8/8 candidates.
Still need to calculate most frequent values for dict_keys([23, 27, 21])
Tie Breaking: Level 3
Tie Breaking: Level 3
Tie Breaking: Level 3
Incorrect Prediction at tie level: [3, 3, 3]

Max Score = 0.0 tied among 8/8 candidates.
Min Score = 0.3857004830917874 tied among 4/8 candidates.
Still need to calculate most frequent values for dict_keys([20, 12])
Tie Breaking: Level 3
Tie Breaking: Level 3

Max Score = 0.0 tied among 8/8 candidates.
Min Score = 0.42570048309178743 tied among 8/8 candidates.
Still need to calculate most frequent values for dict_keys([12, 13, 6])
Tie Breaking: Level 3
Tie Breaking: Level 3
Tie Breaking: Level 3
Incorrect Prediction at tie level: [3, 3, 3]
Return Code	: 0
CNF-cc Accuracy		: 0.7411167512690355

Dataset				: ticTacToe.dat
Metric				: length
Minsups				: [3]
Mistle Accuracy		: [0.39593908629441626]
CNFAlgo Accuracy	: [0.7411167512690355]
Randomized Accuracy	: [0.125]

# Test Examples		: 197
Mistle # Ties		: [(0, 0)]
CNFAlgo # Ties		: [(0, 0)]
