>/Users/arcchit/Docs/Mistle/Resources/spmf.jar
Running the DCI-Closed algorithm
========== DCI_CLOSED - STATS ============
 Number of transactions: 47
 Number of frequent closed itemsets: 11469
 Total time ~: 218 ms
Current Minsup[0.5] yields 11469 itemsets.
Top-k minsup for at least 10000 paterns = 0.5 or 24
6  violations of +ve partial assignments found for the learned theory.
Violating Clauses	:{frozenset({2, 3, 5, 6, 7, 9, 10, 11, 12, 14, 15, 16, 18, 19, 20, 22, 23, 24, 25, 26, 27, 28, 30, 32, 33, 34, 36, 37, 38, 39, 40, 41, -42, -35, -31, -29, -21, -17, -13, -8, -4}), frozenset({2, 3, 5, 6, 7, 9, 10, 11, 12, 14, 15, 16, 18, 19, 20, 22, 23, 24, 25, 26, 27, 28, 30, 31, 33, 34, 36, 37, 38, 39, 40, 41, -42, -35, -32, -29, -21, -17, -13, -8, -4}), frozenset({2, 3, 5, 6, 7, 9, 10, 11, 12, 14, 15, 16, 18, 19, 20, 22, 23, 24, 25, 26, 27, 28, 30, 32, 33, 34, 36, 37, 38, 40, 41, 42, -39, -35, -31, -29, -21, -17, -13, -8, -4}), frozenset({2, 4, 5, 6, 7, 9, 10, 11, 12, 14, 15, 16, 18, 19, 20, 22, 23, 24, 25, 26, 27, 29, 30, 32, 33, 34, 36, 37, 38, 40, 41, 42, -39, -35, -31, -28, -21, -17, -13, -8, -3}), frozenset({2, 3, 5, 6, 7, 9, 10, 11, 12, 14, 15, 16, 17, 19, 20, 22, 23, 24, 25, 26, 27, 29, 30, 32, 33, 34, 36, 37, 38, 40, 41, 42, -39, -35, -31, -28, -21, -18, -13, -8, -4}), frozenset({2, 4, 5, 6, 7, 9, 10, 11, 12, 14, 15, 16, 17, 19, 20, 21, 23, 24, 25, 26, 28, 29, 31, 32, 33, 34, 36, 37, 38, 40, 41, 42, -39, -35, -30, -27, -22, -18, -13, -8, -3})}
DL of initial theory	: 27278.293192357414
9682	itemsets left after W operation 	: [frozenset({2, 5, 6, 10, 11, 15, 16, 20, 24, 25, 26, -35, 33, 34, 36, 37, 38, 40, 41, 43}), frozenset({4, 7, 9, 12, 14, 17, 19, -43, 22, 23, -42, 27, 28, 31, 32, -30, -29, 39, -21, -18, -13, -8, -3}), frozenset({4, 7, 9, 12, 14, 17, 19, 21, -43, 23, -39, 27, 29, 30, 32, -31, -28, 42, -22, -18, -13, -8, -3}), frozenset({3, 7, 9, 12, 14, 17, 19, -43, 22, 23, -39, 27, 29, 30, 32, -31, -28, 42, -21, -18, -13, -8, -4}), frozenset({3, 7, 9, 12, 14, 18, 19, -43, 22, 23, -42, 27, 28, 30, 32, -31, -29, 39, -21, -17, -13, -8, -4}), frozenset({3, 7, 9, 12, 14, 17, 19, 21, -43, 23, -39, 27, 28, 31, 32, -30, -29, 42, -22, -18, -13, -8, -4}), frozenset({4, 7, 9, 12, 14, 17, 19, 21, -42, 23, -43, 27, 28, 31, 32, -30, -29, 39, -22, -18, -13, -8, -3}), frozenset({4, 7, 8, 12, 14, 18, 19, 21, -42, 23, -43, 28, 29, 31, 32, -30, -27, 39, -22, -17, -13, -9, -3}), frozenset({3, 7, 9, 12, 14, 18, 19, -43, 22, 23, -39, 27, 29, 30, 32, -31, -28, 42, -21, -17, -13, -8, -4}), frozenset({4, 8, 9, 12, 14, 17, 19, 21, 22, -43, -39, 27, 28, 31, 32, -30, -29, -23, 42, -18, -13, -7, -3}), frozenset({4, 7, 9, 12, 14, 18, 19, -43, 22, 23, -39, 27, 28, 31, 32, -30, -29, 42, -21, -17, -13, -8, -3}), frozenset({3, 7, 9, 12, 14, 17, 18, -43, 22, 23, -39, 27, 28, 31, 32, -30, -29, 42, -21, -19, -13, -8, -4}), frozenset({3, 7, 9, 12, 13, 18, 19, -43, 22, 23, -39, 27, 29, 30, 32, -31, -28, 42, -21, -17, -14, -8, -4}), frozenset({4, 7, 8, 13, 14, 17, 18, -43, 22, 23, -39, 27, 28, 31, 32, -30, -29, 42, -21, -19, -12, -9, -3}), frozenset({3, 7, 9, 12, 14, 17, 19, -43, 22, 23, -42, 27, 28, 30, 32, -31, -29, 39, -21, -18, -13, -8, -4}), frozenset({4, 8, 9, 13, 14, 17, 19, 21, 22, -43, -39, 27, 28, 30, 32, -31, -29, -23, 42, -18, -12, -7, -3}), frozenset({3, 7, 9, 12, 14, 17, 19, -43, 22, 23, -39, 27, 28, 31, 32, -30, -29, 42, -21, -18, -13, -8, -4}), frozenset({4, 7, 9, 13, 14, 18, 19, 21, -42, 23, -43, 27, 28, 30, 32, -31, -29, 39, -22, -17, -12, -8, -3}), frozenset({4, 7, 9, 12, 14, 17, 19, -43, 22, 23, -39, 27, 29, 31, 32, -30, -28, 42, -21, -18, -13, -8, -3}), frozenset({3, 7, 9, 12, 14, 18, 19, -43, 22, 23, -42, 27, 28, 30, 31, -32, -29, 39, -21, -17, -13, -8, -4}), frozenset({4, 7, 9, 12, 14, 17, 19, 21, -43, 23, -39, 27, 28, 31, 32, -30, -29, 42, -22, -18, -13, -8, -3}), frozenset({4, 7, 9, 12, 14, 18, 19, -43, 22, 23, -39, 27, 29, 30, 32, -31, -28, 42, -21, -17, -13, -8, -3}), frozenset({4, 8, 9, 12, 14, 17, 18, 21, 22, -42, -43, 27, 28, 31, 32, -30, -29, 39, -23, -19, -13, -7, -3}), frozenset({4, 7, 9, 12, 14, 17, 19, 21, -43, 23, -39, 28, 29, 31, 32, -30, -27, 42, -22, -18, -13, -8, -3}), frozenset({3, 7, 9, 12, 14, 18, 19, -43, 22, 23, -39, 27, 28, 30, 32, -31, -29, 42, -21, -17, -13, -8, -4}), frozenset({4, 7, 9, 12, 14, 17, 19, 21, 22, -43, -39, 28, 29, 31, 32, -30, -27, -23, 42, -18, -13, -8, -3}), frozenset({3, 7, 9, 12, 13, 18, 19, -43, 22, 23, -42, 27, 28, 31, 32, -30, -29, 39, -21, -17, -14, -8, -4}), frozenset({3, 7, 9, 12, 13, 18, 19, -43, 22, 23, -39, 27, 28, 31, 32, -30, -29, 42, -21, -17, -14, -8, -4}), frozenset({3, 7, 9, 12, 14, 18, 19, 21, -42, 23, -43, 27, 29, 30, 32, -31, -28, 39, -22, -17, -13, -8, -4}), frozenset({4, 7, 9, 12, 14, 17, 19, -43, 22, 23, -39, 27, 28, 31, 32, -30, -29, 42, -21, -18, -13, -8, -3}), frozenset({3, 7, 9, 12, 13, 18, 19, -43, 22, 23, -42, 27, 29, 30, 32, -31, -28, 39, -21, -17, -14, -8, -4}), frozenset({3, 8, 9, 13, 14, 17, 19, 21, -43, 23, -39, 27, 28, 30, 31, -32, -29, 42, -22, -18, -12, -7, -4})]
1566	itemsets left after W operation 	: [frozenset({32, 33, 2, 36, 37, 38, 40, 41, 11, 44, 14, 15, 16, 28, -35}), frozenset({3, 4, 6, 7, 8, 10, 13, 18, 19, -44, 21, 22, 23, 24, 25, -39, 27, 29, 30, 31, -34, -26, 42, -20, -17, -12, -9, -5}), frozenset({3, 4, 7, 8, 9, 12, 13, 17, 18, 20, -44, 22, 23, 24, 25, 26, 27, -42, 30, 31, -34, -29, 39, -21, -19, -10, -6, -5}), frozenset({4, 5, 6, 7, 8, 10, 12, 17, 18, -44, 21, 22, 23, 24, 25, -42, 27, 29, 31, 34, -30, -26, 39, -20, -19, -13, -9, -3}), frozenset({3, 5, 6, 7, 8, 12, 13, 17, 19, -44, 21, 22, 23, 24, 25, 26, -42, 29, 30, 31, -34, -27, 39, -20, -18, -10, -9, -4}), frozenset({3, 5, 6, 7, 8, 12, 13, 18, 19, 20, -44, 22, 23, 24, 25, -42, 27, 29, 30, 31, -34, -26, 39, -21, -17, -10, -9, -4}), frozenset({3, 4, 6, 7, 9, 12, 13, 18, 19, -44, 21, 22, 23, 24, 25, 26, -42, 29, 30, 31, -34, -27, 39, -20, -17, -10, -8, -5}), frozenset({3, 4, 7, 8, 9, 12, 13, 18, 19, 20, 21, 22, -44, 24, -39, 26, 27, 29, 30, 31, -34, -25, -23, 42, -17, -10, -6, -5}), frozenset({3, 4, 6, 7, 9, 10, 13, 18, 19, -44, 21, 22, 23, 24, 25, -39, 27, 29, 30, 31, -34, -26, 42, -20, -17, -12, -8, -5}), frozenset({3, 5, 6, 7, 9, 12, 13, 18, 19, 20, 21, 22, 23, -44, -39, 26, 27, 29, 30, 31, -34, -25, -24, 42, -17, -10, -8, -4}), frozenset({3, 4, 7, 8, 9, 12, 13, 18, 19, 20, 21, -44, 23, 24, -39, 26, 27, 29, 30, 31, -34, -25, 42, -22, -17, -10, -6, -5}), frozenset({3, 5, 6, 7, 9, 12, 13, 18, 19, 20, -44, 22, 23, 24, 25, 26, -39, 29, 30, 31, -34, -27, 42, -21, -17, -10, -8, -4}), frozenset({3, 4, 6, 8, 9, 12, 13, 18, 19, 20, -44, 22, 23, 24, 25, -39, 27, 29, 30, 31, -34, -26, 42, -21, -17, -10, -7, -5}), frozenset({3, 5, 7, 8, 9, 10, 12, 18, 19, 20, 21, 22, -42, 24, 25, 26, 27, -44, 30, -31, 34, -29, 39, -23, -17, -13, -6, -4})]
21	itemsets left after W operation 	: [frozenset({2, 5, 6, 10, 11, 15, 16, 20, 24, 25, 26, 34, 38, 40, 41, 45}), frozenset({4, 8, 9, 13, 14, 17, 19, -45, 21, 22, -42, 27, 28, -36, 30, 32, 33, -31, 35, -29, 37, 39, -23, -18, -12, -7, -3}), frozenset({3, 7, 9, 13, 14, 17, 19, -45, 22, 23, -42, 27, -37, 29, 30, 31, 32, -33, 35, 36, -28, 39, -21, -18, -12, -8, -4}), frozenset({33, -45, 36, 37, 43, -35})]
# of frequent itemsets	: 262
Time of DCI Closed		: 0.3304159641265869
261	itemsets left after W operation 	: [frozenset({19, 7, 23, -8, 9, 12, 46}), frozenset({4, 14, 17, -46, -43, 22, -42, 27, 28, 31, 32, -30, -29, 39, -21, -18, -13, -3}), frozenset({4, 14, 17, -46, -43, 21, -39, 27, 29, 30, 32, -31, -28, 42, -22, -18, -13, -3}), frozenset({3, 14, 17, -46, -43, 22, -39, 27, 29, 30, 32, -31, -28, 42, -21, -18, -13, -4}), frozenset({3, 14, 18, -46, -43, 22, -42, 27, 28, 30, 32, -31, -29, 39, -21, -17, -13, -4}), frozenset({3, 14, 17, -46, -43, 21, -39, 27, 28, 31, 32, -30, -29, 42, -22, -18, -13, -4}), frozenset({4, 14, 17, -46, 21, -42, -43, 27, 28, 31, 32, -30, -29, 39, -22, -18, -13, -3}), frozenset({3, 14, 18, -46, -43, 22, -39, 27, 29, 30, 32, -31, -28, 42, -21, -17, -13, -4}), frozenset({4, 14, 18, -46, -43, 22, -39, 27, 28, 31, 32, -30, -29, 42, -21, -17, -13, -3}), frozenset({3, 13, 18, -46, -43, 22, -39, 27, 29, 30, 32, -31, -28, 42, -21, -17, -14, -4}), frozenset({3, 14, 17, -46, -43, 22, -42, 27, 28, 30, 32, -31, -29, 39, -21, -18, -13, -4}), frozenset({3, 14, 17, -46, -43, 22, -39, 27, 28, 31, 32, -30, -29, 42, -21, -18, -13, -4}), frozenset({4, 14, 17, -46, -43, 22, -39, 27, 29, 31, 32, -30, -28, 42, -21, -18, -13, -3}), frozenset({3, 14, 18, -46, -43, 22, -42, 27, 28, 30, 31, -32, -29, 39, -21, -17, -13, -4}), frozenset({4, 14, 17, -46, -43, 21, -39, 27, 28, 31, 32, -30, -29, 42, -22, -18, -13, -3}), frozenset({4, 14, 18, -46, -43, 22, -39, 27, 29, 30, 32, -31, -28, 42, -21, -17, -13, -3}), frozenset({4, 14, 17, -46, -43, 21, -39, 28, 29, 31, 32, -30, -27, 42, -22, -18, -13, -3}), frozenset({3, 14, 18, -46, -43, 22, -39, 27, 28, 30, 32, -31, -29, 42, -21, -17, -13, -4}), frozenset({3, 13, 18, -46, -43, 22, -42, 27, 28, 31, 32, -30, -29, 39, -21, -17, -14, -4}), frozenset({3, 13, 18, -46, -43, 22, -39, 27, 28, 31, 32, -30, -29, 42, -21, -17, -14, -4}), frozenset({3, 14, 18, -46, 21, -42, -43, 27, 29, 30, 32, -31, -28, 39, -22, -17, -13, -4}), frozenset({4, 14, 17, -46, -43, 22, -39, 27, 28, 31, 32, -30, -29, 42, -21, -18, -13, -3}), frozenset({3, 13, 18, -46, -43, 22, -42, 27, 29, 30, 32, -31, -28, 39, -21, -17, -14, -4}), frozenset({3, 4, 6, 13, 18, -46, -44, 21, 22, -42, 24, 25, 26, 29, 30, 31, -34, -27, 39, -20, -17, -10, -5}), frozenset({3, 5, 6, 13, 18, -46, 20, 21, 22, -44, -39, 26, 27, 29, 30, 31, -34, -25, -24, 42, -17, -10, -4}), frozenset({3, 5, 6, 13, 18, -46, 20, -44, 22, 24, 25, 26, -39, 29, 30, 31, -34, -27, 42, -21, -17, -10, -4})]
235	itemsets left after W operation 	: [frozenset({32, 27, -43, 47}), frozenset({4, 8, 9, 12, 14, 17, -47, 19, 21, 22, -39, 28, 31, -30, -29, -23, 42, -18, -13, -7, -3}), frozenset({3, 7, 9, 12, 14, 17, 18, -47, 22, 23, -39, 28, 31, -30, -29, 42, -21, -19, -13, -8, -4}), frozenset({4, 7, 8, 13, 14, 17, 18, -47, 22, 23, -39, 28, 31, -30, -29, 42, -21, -19, -12, -9, -3}), frozenset({4, 8, 9, 13, 14, 17, -47, 19, 21, 22, -39, 28, 30, -31, -29, -23, 42, -18, -12, -7, -3}), frozenset({4, 7, 9, 13, 14, -47, 18, 19, 21, -42, 23, 28, 30, -31, -29, 39, -22, -17, -12, -8, -3}), frozenset({4, 8, 9, 12, 14, 17, 18, -47, 21, 22, -42, 28, 31, -30, -29, 39, -23, -19, -13, -7, -3}), frozenset({4, 14, 17, -46, -47, 22, -42, 28, 31, -30, -29, 39, -21, -18, -13, -3}), frozenset({4, 14, 17, -46, -47, 21, -39, 29, 30, -31, -28, 42, -22, -18, -13, -3}), frozenset({3, 14, 17, -46, -47, 22, -39, 29, 30, -31, -28, 42, -21, -18, -13, -4}), frozenset({3, 14, -47, 18, -46, 22, -42, 28, 30, -31, -29, 39, -21, -17, -13, -4}), frozenset({3, 14, 17, -46, -47, 21, -39, 28, 31, -30, -29, 42, -22, -18, -13, -4}), frozenset({4, 14, 17, -46, -47, 21, -42, 28, 31, -30, -29, 39, -22, -18, -13, -3}), frozenset({3, 14, -47, 18, -46, 22, -39, 29, 30, -31, -28, 42, -21, -17, -13, -4}), frozenset({4, 14, -47, 18, -46, 22, -39, 28, 31, -30, -29, 42, -21, -17, -13, -3}), frozenset({3, 13, -47, 18, -46, 22, -39, 29, 30, -31, -28, 42, -21, -17, -14, -4}), frozenset({3, 14, 17, -46, -47, 22, -42, 28, 30, -31, -29, 39, -21, -18, -13, -4}), frozenset({3, 14, 17, -46, -47, 22, -39, 28, 31, -30, -29, 42, -21, -18, -13, -4}), frozenset({4, 14, 17, -46, -47, 22, -39, 29, 31, -30, -28, 42, -21, -18, -13, -3}), frozenset({4, 14, 17, -46, -47, 21, -39, 28, 31, -30, -29, 42, -22, -18, -13, -3}), frozenset({4, 14, -47, 18, -46, 22, -39, 29, 30, -31, -28, 42, -21, -17, -13, -3}), frozenset({3, 14, -47, 18, -46, 22, -39, 28, 30, -31, -29, 42, -21, -17, -13, -4}), frozenset({3, 13, -47, 18, -46, 22, -42, 28, 31, -30, -29, 39, -21, -17, -14, -4}), frozenset({3, 13, -47, 18, -46, 22, -39, 28, 31, -30, -29, 42, -21, -17, -14, -4}), frozenset({3, 14, -47, 18, -46, 21, -42, 29, 30, -31, -28, 39, -22, -17, -13, -4}), frozenset({4, 14, 17, -46, -47, 22, -39, 28, 31, -30, -29, 42, -21, -18, -13, -3}), frozenset({3, 13, -47, 18, -46, 22, -42, 29, 30, -31, -28, 39, -21, -17, -14, -4})]
230	itemsets left after W operation 	: [frozenset({48, -39, 42}), frozenset({4, 7, 9, 12, 14, -48, 17, 19, 21, 22, -43, 28, 29, 31, 32, -30, -27, -23, -18, -13, -8, -3}), frozenset({3, 8, 9, 13, 14, -48, 17, 19, 21, -43, 23, 27, 28, 30, 31, -32, -29, -22, -18, -12, -7, -4}), frozenset({3, 4, 6, 7, 8, 10, 13, -48, 18, 19, -44, 21, 22, 23, 24, 25, 27, 29, 30, 31, -34, -26, -20, -17, -12, -9, -5}), frozenset({3, 4, 7, 8, 9, 12, 13, -48, 18, 19, 20, 21, 22, -44, 24, 26, 27, 29, 30, 31, -34, -25, -23, -17, -10, -6, -5}), frozenset({3, 4, 6, 7, 9, 10, 13, -48, 18, 19, -44, 21, 22, 23, 24, 25, 27, 29, 30, 31, -34, -26, -20, -17, -12, -8, -5}), frozenset({3, 4, 7, 8, 9, 12, 13, -48, 18, 19, 20, 21, -44, 23, 24, 26, 27, 29, 30, 31, -34, -25, -22, -17, -10, -6, -5}), frozenset({3, 4, 6, 8, 9, 12, 13, -48, 18, 19, 20, -44, 22, 23, 24, 25, 27, 29, 30, 31, -34, -26, -21, -17, -10, -7, -5}), frozenset({4, 14, -48, 17, -46, -43, 21, 28, 29, 31, 32, -30, -27, -22, -18, -13, -3}), frozenset({3, 5, 6, 13, -48, 18, -46, 20, 21, 22, -44, 26, 27, 29, 30, 31, -34, -25, -24, -17, -10, -4}), frozenset({3, 5, 6, 13, -48, 18, -46, 20, -44, 22, 24, 25, 26, 29, 30, 31, -34, -27, -21, -17, -10, -4}), frozenset({4, 8, 9, 12, 14, -48, 17, -47, 19, 21, 22, 28, 31, -30, -29, -23, -18, -13, -7, -3}), frozenset({3, 7, 9, 12, 14, -48, 17, 18, -47, 22, 23, 28, 31, -30, -29, -21, -19, -13, -8, -4}), frozenset({4, 7, 8, 13, 14, -48, 17, 18, -47, 22, 23, 28, 31, -30, -29, -21, -19, -12, -9, -3}), frozenset({4, 8, 9, 13, 14, -48, 17, -47, 19, 21, 22, 28, 30, -31, -29, -23, -18, -12, -7, -3}), frozenset({-31, 4, -28, -22, 14, -18, -48, 17, -46, -47, -13, 21, 29, -3, 30}), frozenset({-31, 3, -28, -21, 14, -18, -48, 17, -46, -47, -13, 22, -4, 29, 30}), frozenset({-30, 3, -29, -22, -4, 14, -18, -48, 17, -46, -47, -13, 21, 28, 31}), frozenset({-31, 3, -28, -21, 14, -17, -48, -47, 18, -46, -13, 22, -4, 29, 30}), frozenset({-30, -29, 4, -21, 14, -17, -48, -47, 18, -46, -13, 22, 28, -3, 31}), frozenset({-31, 3, -28, -21, 13, -17, -48, -47, 18, -46, -14, 22, -4, 29, 30}), frozenset({-30, 3, -29, -21, -4, 14, -18, -48, 17, -46, -47, -13, 22, 28, 31}), frozenset({-30, 4, -28, -21, 14, -18, -48, 17, -46, -47, -13, -3, 22, 29, 31}), frozenset({-30, -29, 4, -22, 14, -18, -48, 17, -46, -47, -13, 21, 28, -3, 31}), frozenset({-31, 4, -28, -21, 14, -17, -48, -47, 18, -46, -13, 29, 22, -3, 30}), frozenset({-31, 3, -29, -21, 28, 14, -17, -48, -47, 18, -46, -13, 22, -4, 30}), frozenset({-30, 3, -29, -21, -4, 13, -17, -48, -47, 18, -46, -14, 22, 28, 31}), frozenset({-30, -29, 4, -21, 14, -18, -48, 17, -46, -47, -13, 22, 28, -3, 31})]
200	itemsets left after W operation 	: [frozenset({49, 22, 31}), frozenset({2, 3, 4, 7, 8, 9, 11, 12, 13, 14, 15, 16, 17, 18, 21, 23, 24, 25, 26, 27, 28, 30, 32, 33, 35, 36, 37, 39, 40, 41, -49, -42, -38, -34, -29, -20, -19, -10, -6, -5}), frozenset({3, 4, 7, 8, 9, 12, 13, -49, 17, 18, 20, -44, -42, 23, 24, 25, 26, 27, 30, -34, -29, 39, -21, -19, -10, -6, -5}), frozenset({4, 5, 6, 7, 8, 10, 12, -49, 17, 18, -44, 21, -42, 23, 24, 25, 27, 29, 34, -30, -26, 39, -20, -19, -13, -9, -3}), frozenset({3, 5, 6, 7, 8, 12, 13, -49, 17, 19, -44, 21, -42, 23, 24, 25, 26, 29, 30, -34, -27, 39, -20, -18, -10, -9, -4}), frozenset({3, 5, 6, 7, 8, 12, 13, -49, 18, 19, 20, -44, -42, 23, 24, 25, 27, 29, 30, -34, -26, 39, -21, -17, -10, -9, -4}), frozenset({3, 7, 9, 13, 14, -49, 17, 19, -45, -42, 23, 27, -37, 29, 30, -33, 32, 35, 36, -28, 39, -21, -18, -12, -8, -4}), frozenset({3, 14, -49, 18, -46, -43, -42, 27, 28, 30, -32, -29, 39, -21, -17, -13, -4}), frozenset({3, 4, 6, 13, -49, 18, -46, -44, 21, -42, 24, 25, 26, 29, 30, -34, -27, 39, -20, -17, -10, -5}), frozenset({4, 8, 9, 12, 14, -49, 17, 18, -47, 21, -42, 28, -30, -29, 39, -23, -19, -13, -7, -3}), frozenset({-30, -29, 4, 39, -21, 14, -18, -49, 17, -46, -47, -13, -42, 28, -3}), frozenset({-30, 3, -29, 39, -21, 13, 28, -17, -49, -47, 18, -46, -14, -42, -4}), frozenset({4, 7, 9, 12, 14, -49, -48, 17, 19, 21, -43, 28, 29, 32, -30, -27, -23, -18, -13, -8, -3}), frozenset({3, 4, 6, 7, 8, 10, 13, -49, -48, 18, 19, -44, 21, 23, 24, 25, 27, 29, 30, -34, -26, -20, -17, -12, -9, -5}), frozenset({3, 4, 7, 8, 9, 12, 13, -49, -48, 18, 19, 20, 21, -44, 24, 26, 27, 29, 30, -34, -25, -23, -17, -10, -6, -5}), frozenset({3, 4, 6, 7, 9, 10, 13, -49, -48, 18, 19, -44, 21, 23, 24, 25, 27, 29, 30, -34, -26, -20, -17, -12, -8, -5}), frozenset({3, 4, 6, 8, 9, 12, 13, -49, -48, 18, 19, 20, -44, 23, 24, 25, 27, 29, 30, -34, -26, -21, -17, -10, -7, -5}), frozenset({3, 5, 6, 13, -49, -48, 18, -46, 20, 21, -44, 26, 27, 29, 30, -34, -25, -24, -17, -10, -4}), frozenset({3, 5, 6, 13, -49, -48, 18, -46, 20, -44, 24, 25, 26, 29, 30, -34, -27, -21, -17, -10, -4}), frozenset({4, 8, 9, 12, 14, -49, -48, 17, -47, 19, 21, 28, -30, -29, -23, -18, -13, -7, -3}), frozenset({3, 7, 9, 12, 14, -49, -48, 17, 18, -47, 23, 28, -30, -29, -21, -19, -13, -8, -4}), frozenset({4, 7, 8, 13, 14, -49, -48, 17, 18, -47, 23, 28, -30, -29, -21, -19, -12, -9, -3}), frozenset({-30, -29, 4, -21, 14, -17, -48, -47, 18, -46, -13, -49, 28, -3}), frozenset({-30, 3, -29, -21, -4, 14, -18, -48, 17, -46, -47, -13, -49, 28}), frozenset({-30, 4, -28, -21, 14, -18, -48, 17, -46, -47, -13, -49, -3, 29}), frozenset({-30, 3, -29, -21, -4, 13, -17, -48, -47, 18, -46, -14, -49, 28}), frozenset({-30, -29, 4, -21, 14, -18, -48, 17, -46, -47, -13, -49, 28, -3})]
178	itemsets left after W operation 	: [frozenset({50, 28, 14}), frozenset({4, 7, 8, 12, -50, 18, 19, 21, -42, 23, -43, 29, 31, 32, -30, -27, 39, -22, -17, -13, -9, -3}), frozenset({32, 33, 2, 36, 37, 38, 40, 41, 11, 44, -50, 15, 16, -35}), frozenset({4, 8, 9, 13, -50, 17, 19, -45, 21, 22, -42, 27, -36, 30, 32, 33, -31, 35, -29, 37, 39, -23, -18, -12, -7, -3}), frozenset({4, 7, 9, 13, -50, -47, 18, 19, 21, -42, 23, 30, -31, -29, 39, -22, -17, -12, -8, -3}), frozenset({-31, 3, -29, 39, -21, -50, -17, -47, 18, -46, -13, 22, -42, -4, 30}), frozenset({-30, -29, 4, 39, -22, -18, -50, 17, -46, -47, -13, 21, -42, -3, 31}), frozenset({-31, 3, -29, 39, -21, -18, -50, 17, -46, -47, -13, 22, -42, -4, 30}), frozenset({3, 8, 9, 13, -50, -48, 17, 19, 21, -43, 23, 27, 30, 31, -32, -29, -22, -18, -12, -7, -4}), frozenset({4, -50, -48, 17, -46, -43, 21, 29, 31, 32, -30, -27, -22, -18, -13, -3}), frozenset({4, 8, 9, 13, -50, -48, 17, -47, 19, 21, 22, 30, -31, -29, -23, -18, -12, -7, -3}), frozenset({-30, 3, -29, -22, -18, -50, -48, 17, -46, -47, -13, 21, -4, 31}), frozenset({-30, -29, 4, -22, -18, -50, -48, 17, -46, -47, -13, 21, -3, 31}), frozenset({-31, 3, -29, -21, -50, -17, -48, -47, 18, -46, -13, 22, -4, 30}), frozenset({2, 3, 4, 7, 8, 9, 11, 12, 13, 15, 16, 17, 18, 21, 23, 24, 25, 26, 27, 30, 32, 33, 35, 36, 37, 39, 40, 41, -50, -49, -42, -38, -34, -29, -20, -19, -10, -6, -5}), frozenset({3, -50, -49, 18, -46, -43, -42, 27, 30, -32, -29, 39, -21, -17, -13, -4}), frozenset({4, 8, 9, 12, -50, -49, 17, 18, -47, 21, -42, -30, -29, 39, -23, -19, -13, -7, -3}), frozenset({-30, -29, 4, 39, -21, -18, -49, -50, 17, -46, -47, -13, -42, -3}), frozenset({4, 7, 9, 12, -50, -49, -48, 17, 19, 21, -43, 29, 32, -30, -27, -23, -18, -13, -8, -3}), frozenset({4, 8, 9, 12, -50, -49, -48, 17, -47, 19, 21, -30, -29, -23, -18, -13, -7, -3}), frozenset({3, 7, 9, 12, -50, -49, -48, 17, 18, -47, 23, -30, -29, -21, -19, -13, -8, -4}), frozenset({4, 7, 8, 13, -50, -49, -48, 17, 18, -47, 23, -30, -29, -21, -19, -12, -9, -3}), frozenset({-30, -29, 4, -21, -50, -17, -48, -47, 18, -46, -13, -49, -3}), frozenset({-30, 3, -29, -21, -18, -49, -48, 17, -46, -47, -13, -50, -4}), frozenset({-30, -29, 4, -21, -18, -49, -48, 17, -46, -47, -13, -50, -3})]>/Users/arcchit/Docs/Mistle/Resources/spmf.jar
Running the DCI-Closed algorithm
========== DCI_CLOSED - STATS ============
 Number of transactions: 85
 Number of frequent closed itemsets: 11218
 Total time ~: 273 ms

156	itemsets left after W operation 	: [frozenset({3, 51, 30}), frozenset({5, 7, 8, 9, 10, 12, -51, 18, 19, 20, 21, 22, -42, 24, 25, 26, 27, -44, -31, 34, -29, 39, -23, -17, -13, -6, -4}), frozenset({-31, -28, 39, -22, -51, 14, -17, -47, 18, -46, -13, 21, -42, -4, 29}), frozenset({-31, -28, 39, -21, 13, -51, -17, -47, 18, -46, -14, 22, -42, -4, 29}), frozenset({4, 7, 8, 9, 12, 13, -51, -48, 18, 19, 20, 21, -44, 23, 24, 26, 27, 29, -34, 31, -25, -22, -17, -10, -6, -5}), frozenset({-31, -28, -21, -51, 14, -18, -48, 17, -46, -47, -13, 22, -4, 29}), frozenset({-31, -28, -21, -51, 14, -17, -48, -47, 18, -46, -13, 22, -4, 29}), frozenset({-31, -28, -21, 13, -51, -17, -48, -47, 18, -46, -14, 22, -4, 29}), frozenset({4, 7, 8, 9, 12, 13, -51, -49, 17, 18, 20, -44, -42, 23, 24, 25, 26, 27, -34, -29, 39, -21, -19, -10, -6, -5}), frozenset({5, 6, 7, 8, 12, 13, -51, -49, 17, 19, -44, 21, -42, 23, 24, 25, 26, 29, -34, -27, 39, -20, -18, -10, -9, -4}), frozenset({5, 6, 7, 8, 12, 13, -51, -49, 18, 19, 20, -44, -42, 23, 24, 25, 27, 29, -34, -26, 39, -21, -17, -10, -9, -4}), frozenset({7, 9, 13, 14, -49, -51, 17, 19, -45, -42, 23, 27, -37, 29, -33, 32, 35, 36, -28, 39, -21, -18, -12, -8, -4}), frozenset({4, 6, 13, -51, -49, 18, -46, -44, 21, -42, 24, 25, 26, 29, -34, -27, 39, -20, -17, -10, -5}), frozenset({4, 6, 7, 8, 10, 13, -51, -49, -48, 18, 19, -44, 21, 23, 24, 25, 27, 29, -34, -26, -20, -17, -12, -9, -5}), frozenset({4, 7, 8, 9, 12, 13, -51, -49, -48, 18, 19, 20, 21, -44, 24, 26, 27, 29, -34, -25, -23, -17, -10, -6, -5}), frozenset({4, 6, 7, 9, 10, 13, -51, -49, -48, 18, 19, -44, 21, 23, 24, 25, 27, 29, -34, -26, -20, -17, -12, -8, -5}), frozenset({4, 6, 8, 9, 12, 13, -51, -49, -48, 18, 19, 20, -44, 23, 24, 25, 27, 29, -34, -26, -21, -17, -10, -7, -5}), frozenset({5, 6, 13, -51, -49, -48, 18, -46, 20, 21, -44, 26, 27, 29, -34, -25, -24, -17, -10, -4}), frozenset({5, 6, 13, -51, -49, -48, 18, -46, 20, -44, 24, 25, 26, 29, -34, -27, -21, -17, -10, -4}), frozenset({-31, -29, 39, -21, -51, -50, -17, -47, 18, -46, -13, 22, -42, -4}), frozenset({-31, -29, 39, -21, -51, -18, -50, 17, -46, -47, -13, 22, -42, -4}), frozenset({8, 9, 13, -50, -51, -48, 17, 19, 21, -43, 23, 27, 31, -32, -29, -22, -18, -12, -7, -4}), frozenset({-31, -29, -21, -51, -50, -17, -48, -47, 18, -46, -13, 22, -4}), frozenset({2, 4, 7, 8, 9, 11, 12, 13, 15, 16, 17, 18, 21, 23, 24, 25, 26, 27, 32, 33, 35, 36, 37, 39, 40, 41, -51, -50, -49, -42, -38, -34, -29, -20, -19, -10, -6, -5}), frozenset({-32, -29, 39, -21, -51, -50, -49, -17, 18, -46, -13, -43, -42, 27, -4})]
114	itemsets left after W operation 	: [frozenset({18, 52, 23, 7}), frozenset({4, 8, 9, 12, 13, -51, -52, -48, 19, 20, 21, -44, 24, 26, 27, 29, -34, 31, -25, -22, -17, -10, -6, -5}), frozenset({4, 8, 9, 12, 13, -51, -49, -52, 17, 20, -44, -42, 24, 25, 26, 27, -34, -29, 39, -21, -19, -10, -6, -5}), frozenset({4, 5, 6, 8, 10, 12, -52, -49, 17, -44, 21, -42, 24, 25, 27, 29, 34, -30, -26, 39, -20, -19, -13, -9, -3}), frozenset({5, 6, 8, 12, 13, -51, -49, -52, 19, 20, -44, -42, 24, 25, 27, 29, -34, -26, 39, -21, -17, -10, -9, -4}), frozenset({4, 6, 8, 10, -52, 13, -51, -49, -48, 19, -44, 21, 24, 25, 27, 29, -34, -26, -20, -17, -12, -9, -5}), frozenset({4, 8, 12, -52, -50, 19, 21, -42, -43, 29, 31, 32, -30, -27, 39, -22, -17, -13, -9, -3}), frozenset({4, 6, 9, 10, -52, 13, -51, -49, -48, 19, -44, 21, 24, 25, 27, 29, -34, -26, -20, -17, -12, -8, -5}), frozenset({4, 9, -52, 13, -50, -47, 19, 21, -42, 30, -31, -29, 39, -22, -17, -12, -8, -3}), frozenset({2, 4, 8, 9, 11, 12, 13, 15, 16, 17, 21, 24, 25, 26, 27, 32, 33, 35, 36, 37, 39, 40, 41, -52, -51, -50, -49, -42, -38, -34, -29, -20, -19, -10, -6, -5}), frozenset({3, 9, 12, -52, -50, -49, -48, 17, -47, -30, -29, -21, -19, -13, -8, -4}), frozenset({4, 8, -52, 13, -50, -49, -48, 17, -47, -30, -29, -21, -19, -12, -9, -3})]
70	itemsets left after W operation 	: [frozenset({27, 9, 19, 53}), frozenset({7, -53, 13, 14, -49, -51, 17, -45, -42, 23, -37, 29, -33, 32, 35, 36, -28, 39, -21, -18, -12, -8, -4}), frozenset({4, 7, 8, -53, 12, 13, -51, -49, -48, 18, 20, 21, -44, 24, 26, 29, -34, -25, -23, -17, -10, -6, -5}), frozenset({4, 6, 8, -53, 12, 13, -51, -49, -48, 18, 20, -44, 23, 24, 25, 29, -34, -26, -21, -17, -10, -7, -5}), frozenset({8, -53, 13, -50, -51, -48, 17, 21, -43, 23, 31, -32, -29, -22, -18, -12, -7, -4}), frozenset({4, 8, -53, 13, -50, 17, -45, 21, 22, -42, -36, 30, 32, 33, -31, 35, -29, 37, 39, -23, -18, -12, -7, -3}), frozenset({4, 8, -53, 12, 13, -51, -52, -48, 20, 21, -44, 24, 26, 29, -34, 31, -25, -22, -17, -10, -6, -5}), frozenset({4, 6, 10, -53, -52, 13, -51, -49, -48, -44, 21, 24, 25, 29, -34, -26, -20, -17, -12, -8, -5}), frozenset({5, 7, 8, 10, -53, 12, -51, 18, 20, 21, 22, -42, 24, 25, 26, -44, -31, 34, -29, 39, -23, -17, -13, -6, -4})]
Initial DL				: 36506.14927983214
Final DL				: 7778.524977816154
Compression (wrt me)	: 0.7869256240040248
Operator Counters		: {'D': 0, 'W': 11, 'V': 0, 'S': 0, 'R': 0, 'T': 0}
Misle Learning Runtime	: 3.8034286499023438

Current Minsup[0.5] yields 59827 itemsets.
Current Minsup[0.75] yields 1425 itemsets.
Current Minsup[0.6196638636903373] yields 11218 itemsets.
Top-k minsup for at least 10000 paterns = 0.6196638636903373 or 53
6  violations of +ve partial assignments found for the learned theory.
Violating Clauses	:{frozenset({2, 3, 5, 6, 7, 9, 10, 11, 12, 14, 15, 16, 18, 19, 20, 22, 23, 24, 25, 26, 27, 28, 30, 32, 33, 34, 36, 37, 38, 39, 40, 41, -42, -35, -31, -29, -21, -17, -13, -8, -4}), frozenset({2, 3, 5, 6, 7, 9, 10, 11, 12, 14, 15, 16, 18, 19, 20, 22, 23, 24, 25, 26, 27, 28, 30, 31, 33, 34, 36, 37, 38, 39, 40, 41, -42, -35, -32, -29, -21, -17, -13, -8, -4}), frozenset({2, 3, 5, 6, 7, 9, 10, 11, 12, 14, 15, 16, 18, 19, 20, 22, 23, 24, 25, 26, 27, 28, 30, 32, 33, 34, 36, 37, 38, 40, 41, 42, -39, -35, -31, -29, -21, -17, -13, -8, -4}), frozenset({2, 4, 5, 6, 7, 9, 10, 11, 12, 14, 15, 16, 18, 19, 20, 22, 23, 24, 25, 26, 27, 29, 30, 32, 33, 34, 36, 37, 38, 40, 41, 42, -39, -35, -31, -28, -21, -17, -13, -8, -3}), frozenset({2, 3, 5, 6, 7, 9, 10, 11, 12, 14, 15, 16, 17, 19, 20, 22, 23, 24, 25, 26, 27, 29, 30, 32, 33, 34, 36, 37, 38, 40, 41, 42, -39, -35, -31, -28, -21, -18, -13, -8, -4}), frozenset({2, 4, 5, 6, 7, 9, 10, 11, 12, 14, 15, 16, 17, 19, 20, 21, 23, 24, 25, 26, 28, 29, 31, 32, 33, 34, 36, 37, 38, 40, 41, 42, -39, -35, -30, -27, -22, -18, -13, -8, -3})}
DL of initial theory	: 27278.293192357414
9976	itemsets left after T operation 	: [frozenset({34, 2, 36, 5, 38, 6, 40, 11, 14, 15, 16, 24, 27})]
7778	itemsets left after T operation 	: [frozenset({2, 36, 37, 38, 5, 40, 41, 12, 15, 16, -35})]
6	itemsets left after T operation 	: [frozenset({32, 38, 7, 40, 41, 6, 14, 15, 16, 24})]
0	itemsets left after T operation 	: [frozenset({2, 36, 5, 38, 40, 15, 16})]
# of frequent itemsets	: 0
Time of DCI Closed		: 0.30492329597473145
Initial DL				: 36506.14927983214
Final DL				: 8797.423981708742
Compression (wrt me)	: 0.7590152849517632
Operator Counters		: {'D': 0, 'W': 0, 'V': 0, 'S': 0, 'R': 0, 'T': 4}
Misle Learning Runtime	: 4.887993097305298


Max Score = 0.0 tied among 8/8 candidates.
Min Score = 0.0 tied among 4/8 candidates.
Still need to calculate most frequent values for dict_keys([13, 37])
Tie Breaking: Level 3
Tie Breaking: Level 3

Max Score = 0.0 tied among 8/8 candidates.
Min Score = 0.1 tied among 8/8 candidates.
Still need to calculate most frequent values for dict_keys([19, 27, 22])
Tie Breaking: Level 3
Tie Breaking: Level 3
Tie Breaking: Level 3

Max Score = 0.0 tied among 8/8 candidates.
Min Score = 0.1 tied among 8/8 candidates.
Still need to calculate most frequent values for dict_keys([32, 37, 23])
Tie Breaking: Level 3
Tie Breaking: Level 3
Tie Breaking: Level 3

Max Score = 0.0 tied among 8/8 candidates.
Min Score = 0.0 tied among 4/8 candidates.
Still need to calculate most frequent values for dict_keys([28, 10])
Tie Breaking: Level 3
Tie Breaking: Level 3

Max Score = 0.0 tied among 8/8 candidates.
Min Score = 0.0 tied among 4/8 candidates.
Still need to calculate most frequent values for dict_keys([18, 27])
Tie Breaking: Level 4
Tie Breaking: Level 3
Incorrect Prediction at tie level: [4, 3]

Max Score = 0.0 tied among 8/8 candidates.
Min Score = 0.0 tied among 4/8 candidates.
Still need to calculate most frequent values for dict_keys([28, 10])
Tie Breaking: Level 3
Tie Breaking: Level 3
Incorrect Prediction at tie level: [3, 3]

Max Score = 0.0 tied among 8/8 candidates.
Min Score = 0.1 tied among 8/8 candidates.
Still need to calculate most frequent values for dict_keys([20, 33, 32])
Tie Breaking: Level 3
Tie Breaking: Level 3
Tie Breaking: Level 3

Max Score = 0.0 tied among 8/8 candidates.
Min Score = 0.0 tied among 2/8 candidates.
Still need to calculate most frequent values for dict_keys([21])
Tie Breaking: Level 3

Max Score = 0.0 tied among 8/8 candidates.
Min Score = 0.24285714285714285 tied among 8/8 candidates.
Still need to calculate most frequent values for dict_keys([12, 35, 23])
Tie Breaking: Level 3
Tie Breaking: Level 3
Tie Breaking: Level 3

Max Score = 0.0 tied among 8/8 candidates.
Min Score = 0.0 tied among 4/8 candidates.
Still need to calculate most frequent values for dict_keys([28, 37])
Tie Breaking: Level 3
Tie Breaking: Level 3

Max Score = 0.0 tied among 8/8 candidates.
Min Score = 0.0 tied among 4/8 candidates.
Still need to calculate most frequent values for dict_keys([19, 22])
Tie Breaking: Level 3
Tie Breaking: Level 3
Incorrect Prediction at tie level: [3, 3]

Max Score = 0.0 tied among 8/8 candidates.
Min Score = 0.14285714285714285 tied among 8/8 candidates.
Still need to calculate most frequent values for dict_keys([35, 25, 17])
Tie Breaking: Level 3
Tie Breaking: Level 3
Tie Breaking: Level 3
Incorrect Prediction at tie level: [3, 3, 3]

Max Score = 0.0 tied among 8/8 candidates.
Min Score = 0.1 tied among 4/8 candidates.
Still need to calculate most frequent values for dict_keys([13, 23])
Tie Breaking: Level 3
Tie Breaking: Level 3
Incorrect Prediction at tie level: [3, 3]

Max Score = 0.0 tied among 8/8 candidates.
Min Score = 0.1 tied among 8/8 candidates.
Still need to calculate most frequent values for dict_keys([23, 29, 4])
Tie Breaking: Level 3
Tie Breaking: Level 3
Tie Breaking: Level 3
Incorrect Prediction at tie level: [3, 3, 3]

Max Score = 0.1 tied among 4/8 candidates.
Min Score = 1.613020429227523 tied among 4/8 candidates.
Still need to calculate most frequent values for dict_keys([29, 22])
Tie Breaking: Level 3
Tie Breaking: Level 3

Max Score = 0.14285714285714285 tied among 2/8 candidates.
Min Score = 1.613020429227523 tied among 2/8 candidates.
Still need to calculate most frequent values for dict_keys([19])
Tie Breaking: Level 3

Max Score = 0.14285714285714285 tied among 2/8 candidates.
Min Score = 1.613020429227523 tied among 2/8 candidates.
Still need to calculate most frequent values for dict_keys([22])
Tie Breaking: Level 3

Max Score = 0.14285714285714285 tied among 8/8 candidates.
Min Score = 1.613020429227523 tied among 8/8 candidates.
Still need to calculate most frequent values for dict_keys([6, 41, 30])
Tie Breaking: Level 3
Tie Breaking: Level 3
Tie Breaking: Level 3

Max Score = 0.1 tied among 4/8 candidates.
Min Score = 1.613020429227523 tied among 4/8 candidates.
Still need to calculate most frequent values for dict_keys([4, 25])
Tie Breaking: Level 3
Tie Breaking: Level 3
Incorrect Prediction at tie level: [3, 3]

Max Score = 0.14285714285714285 tied among 8/8 candidates.
Min Score = 1.613020429227523 tied among 8/8 candidates.
Still need to calculate most frequent values for dict_keys([11, 37, 41])
Tie Breaking: Level 3
Tie Breaking: Level 3
Tie Breaking: Level 3

Max Score = 0.24285714285714285 tied among 4/8 candidates.
Min Score = 1.613020429227523 tied among 4/8 candidates.
Still need to calculate most frequent values for dict_keys([9, 34])
Tie Breaking: Level 3
Tie Breaking: Level 3
Incorrect Prediction at tie level: [3, 3]

Max Score = 0.0 tied among 8/8 candidates.
Min Score = 1.613020429227523 tied among 8/8 candidates.
Still need to calculate most frequent values for dict_keys([9, 16, 24])
Tie Breaking: Level 3
Tie Breaking: Level 3
Tie Breaking: Level 3
Incorrect Prediction at tie level: [3, 3, 3]

Max Score = 0.24285714285714285 tied among 4/8 candidates.
Min Score = 1.613020429227523 tied among 4/8 candidates.
Still need to calculate most frequent values for dict_keys([22, 39])
Tie Breaking: Level 3
Tie Breaking: Level 3
Incorrect Prediction at tie level: [3, 3]

Max Score = 0.24285714285714285 tied among 8/8 candidates.
Min Score = 1.613020429227523 tied among 8/8 candidates.
Still need to calculate most frequent values for dict_keys([25, 26, 31])
Tie Breaking: Level 3
Tie Breaking: Level 3
Tie Breaking: Level 3
Incorrect Prediction at tie level: [3, 3, 3]

Max Score = 0.24285714285714285 tied among 4/8 candidates.
Min Score = 1.613020429227523 tied among 4/8 candidates.
Still need to calculate most frequent values for dict_keys([26, 28])
Tie Breaking: Level 3
Tie Breaking: Level 3

Max Score = 0.0 tied among 8/8 candidates.
Min Score = 1.613020429227523 tied among 8/8 candidates.
Still need to calculate most frequent values for dict_keys([38, 31, 7])
Tie Breaking: Level 3
Tie Breaking: Level 3
Tie Breaking: Level 3
Incorrect Prediction at tie level: [3, 3, 3]

Max Score = 0.1 tied among 4/8 candidates.
Min Score = 1.613020429227523 tied among 4/8 candidates.
Still need to calculate most frequent values for dict_keys([12, 22])
Tie Breaking: Level 3
Tie Breaking: Level 3
Incorrect Prediction at tie level: [3, 3]

Max Score = 0.24285714285714285 tied among 4/8 candidates.
Min Score = 1.613020429227523 tied among 4/8 candidates.
Still need to calculate most frequent values for dict_keys([11, 37])
Tie Breaking: Level 3
Tie Breaking: Level 3

Max Score = 0.24285714285714285 tied among 8/8 candidates.
Min Score = 1.613020429227523 tied among 8/8 candidates.
Still need to calculate most frequent values for dict_keys([12, 27, 26])
Tie Breaking: Level 3
Tie Breaking: Level 3
Tie Breaking: Level 3

Max Score = 0.14285714285714285 tied among 4/8 candidates.
Min Score = 1.613020429227523 tied among 4/8 candidates.
Still need to calculate most frequent values for dict_keys([31, 28])
Tie Breaking: Level 3
Tie Breaking: Level 3
Incorrect Prediction at tie level: [3, 3]

Max Score = 0.24285714285714285 tied among 4/8 candidates.
Min Score = 1.613020429227523 tied among 4/8 candidates.
Still need to calculate most frequent values for dict_keys([11, 9])
Tie Breaking: Level 3
Tie Breaking: Level 3

Max Score = 0.24285714285714285 tied among 8/8 candidates.
Min Score = 1.613020429227523 tied among 8/8 candidates.
Still need to calculate most frequent values for dict_keys([33, 34, 35])
Tie Breaking: Level 3
Tie Breaking: Level 3
Tie Breaking: Level 3

Max Score = 0.24285714285714285 tied among 4/8 candidates.
Min Score = 1.613020429227523 tied among 4/8 candidates.
Still need to calculate most frequent values for dict_keys([39, 8])
Tie Breaking: Level 3
Tie Breaking: Level 3
Incorrect Prediction at tie level: [3, 3]

Max Score = 0.24285714285714285 tied among 8/8 candidates.
Min Score = 1.613020429227523 tied among 8/8 candidates.
Still need to calculate most frequent values for dict_keys([13, 22, 37])
Tie Breaking: Level 3
Tie Breaking: Level 3
Tie Breaking: Level 3

Max Score = 0.24285714285714285 tied among 8/8 candidates.
Min Score = 1.613020429227523 tied among 8/8 candidates.
Still need to calculate most frequent values for dict_keys([11, 27, 42])
Tie Breaking: Level 3
Tie Breaking: Level 3
Tie Breaking: Level 3

Max Score = 0.24285714285714285 tied among 8/8 candidates.
Min Score = 1.613020429227523 tied among 8/8 candidates.
Still need to calculate most frequent values for dict_keys([25, 19, 12])
Tie Breaking: Level 3
Tie Breaking: Level 3
Tie Breaking: Level 3

Max Score = 0.24285714285714285 tied among 8/8 candidates.
Min Score = 1.613020429227523 tied among 8/8 candidates.
Still need to calculate most frequent values for dict_keys([21, 33, 29])
Tie Breaking: Level 3
Tie Breaking: Level 3
Tie Breaking: Level 3
Incorrect Prediction at tie level: [3, 3, 3]

Max Score = 0.24285714285714285 tied among 8/8 candidates.
Min Score = 1.613020429227523 tied among 8/8 candidates.
Still need to calculate most frequent values for dict_keys([25, 26, 13])
Tie Breaking: Level 3
Tie Breaking: Level 3
Tie Breaking: Level 3
Incorrect Prediction at tie level: [3, 3, 3]

Max Score = 0.14285714285714285 tied among 8/8 candidates.
Min Score = 1.613020429227523 tied among 8/8 candidates.
Still need to calculate most frequent values for dict_keys([6, 9, 27])
Tie Breaking: Level 3
Tie Breaking: Level 3
Tie Breaking: Level 3
Incorrect Prediction at tie level: [3, 3, 3]
Return Code	: 0
CNF-cc Accuracy		: 0.6829268292682927

Dataset				: glass.dat
Metric				: length
Minsups				: [3]
MF Accuracy			: [(0.575, 0.2682926829268293, 40, 41)]
Mistle Accuracy		: [0.5609756097560976]
CNFAlgo Accuracy	: [0.6829268292682927]
Randomized Accuracy	: [0.125]

# Test Examples		: 41
Mistle # Ties		: [(0, 0)]
CNFAlgo # Ties		: [(0, 0)]
