
##### Build transactions database #####.....[OK]
nbTransactions = 71
AVGTransactionsLenght = 46
##### Execute lcm #####.....[OK]
##### Parse lcm result & Build classes patterns #####.....[OK]

nbValidPatterns= 3144
nbClasses= 1

##### Reduction of non binaries clauses #####.....[OK]
##### Writing of output #####.....[OK]


##### Build transactions database #####.....[OK]
no binary clause for the instance NonBinary_Compressed_mining4sat_415cacc6-daa6-4a17-aee7-150c19bac19d_L2.cnf
mining4sat_415cacc6-daa6-4a17-aee7-150c19bac19d_ & 2 & 71 & 71 & 0 & 3,6 Ko & 123 & 121 & 2 & 26,87 & 2,6 Ko & 0 & 0 & 0 & 26,87 & 2,6 Ko & 0,59 \\

TotalCPUTime = 0,59



##### Build transactions database #####.....[OK]
nbTransactions = 107
AVGTransactionsLenght = 52
##### Execute lcm #####.....[OK]
##### Parse lcm result & Build classes patterns #####.....[OK]

nbValidPatterns= 4494
nbClasses= 1

##### Reduction of non binaries clauses #####.....[OK]
##### Writing of output #####.....[OK]


##### Build transactions database #####.....[OK]
no binary clause for the instance NonBinary_Compressed_mining4sat_a8da4738-6a30-4041-909a-234638488d6a_L2.cnf
mining4sat_a8da4738-6a30-4041-909a-234638488d6a_ & 2 & 107 & 107 & 0 & 5,5 Ko & 184 & 176 & 8 & 29,87 & 3,8 Ko & 0 & 0 & 0 & 29,87 & 3,8 Ko & 0,97 \\

TotalCPUTime = 0,97


Input Data	: /Users/arcchit/Docs/Mistle/mining4sat_415cacc6-daa6-4a17-aee7-150c19bac19d_.cnf
Command 	: cd /Users/arcchit/Docs/Mistle/Resources/Mining4SAT && java -Xms8G -Xmx25G -cp bin/ execution.FrequentPatterns /Users/arcchit/Docs/Mistle/mining4sat_415cacc6-daa6-4a17-aee7-150c19bac19d_.cnf 2
Return Code	: 0
Output Data	: /Users/arcchit/Docs/Mistle/Resources/Mining4SAT/NonBinary_Compressed_mining4sat_415cacc6-daa6-4a17-aee7-150c19bac19d_L2.cnf
Input Data	: /Users/arcchit/Docs/Mistle/mining4sat_a8da4738-6a30-4041-909a-234638488d6a_.cnf
Command 	: cd /Users/arcchit/Docs/Mistle/Resources/Mining4SAT && java -Xms8G -Xmx25G -cp bin/ execution.FrequentPatterns /Users/arcchit/Docs/Mistle/mining4sat_a8da4738-6a30-4041-909a-234638488d6a_.cnf 2
Return Code	: 0
Output Data	: /Users/arcchit/Docs/Mistle/Resources/Mining4SAT/NonBinary_Compressed_mining4sat_a8da4738-6a30-4041-909a-234638488d6a_L2.cnf
# of frequent itemsets	: 3165
Time of DCI Closed		: 0.36139988899230957
DL of initial theory	: 6825.762537098992
1879	itemsets left after W operation 	: [frozenset({-47, 67, -12, -2, -33}), frozenset({-62, -28, -58, -56, -22, -17, -43, -7, -37, -67}), frozenset({-31, -62, -59, -25, -55, -17, -43, -8, -37, -67}), frozenset({-31, -62, -59, -56, -22, -19, -46, -41, -8, -67}), frozenset({-62, -27, -58, -55, -22, -17, -44, -41, -8, -67}), frozenset({-31, -62, -61, -55, -22, -17, -46, -9, -37, -67}), frozenset({-31, -62, -58, -22, -53, -19, -42, -9, -37, -67}), frozenset({-31, -62, -58, -22, -54, -18, -43, -8, -38, -67}), frozenset({-28, -58, -26, -55, -17, -46, -7, -38, -67, -66}), frozenset({-62, -60, -27, -55, -22, -17, -44, -8, -38, -67}), frozenset({-62, -27, -58, -24, -56, -17, -42, -8, -38, -67}), frozenset({-62, -27, -58, -56, -22, -20, -43, -41, -8, -67}), frozenset({-31, -62, -58, -56, -22, -17, -44, -7, -37, -67}), frozenset({-63, -60, -28, -22, -54, -17, -45, -9, -38, -67}), frozenset({-62, -61, -28, -55, -22, -18, -42, -7, -37, -67}), frozenset({-62, -27, -58, -22, -53, -19, -44, -41, -8, -67}), frozenset({-62, -27, -58, -22, -52, -17, -9, -42, -41, -67}), frozenset({-28, -59, -24, -56, -17, -43, -8, -37, -67, -66}), frozenset({-63, -27, -58, -55, -22, -17, -43, -7, -37, -67}), frozenset({-60, -28, -55, -22, -20, -43, -40, -7, -67, -65}), frozenset({-62, -29, -60, -22, -53, -17, -46, -7, -39, -67}), frozenset({-62, -28, -59, -25, -55, -19, -43, -8, -38, -67}), frozenset({-31, -58, -26, -55, -17, -46, -8, -37, -67, -66}), frozenset({-62, -60, -28, -25, -56, -17, -43, -7, -37, -67}), frozenset({-62, -27, -57, -54, -22, -19, -43, -41, -8, -67}), frozenset({-62, -61, -28, -22, -54, -19, -43, -7, -37, -67}), frozenset({-60, -28, -26, -56, -17, -46, -7, -37, -67, -66}), frozenset({-62, -27, -58, -25, -54, -17, -9, -42, -41, -67}), frozenset({-62, -28, -58, -22, -53, -20, -46, -8, -39, -67}), frozenset({-61, -28, -55, -22, -19, -43, -8, -37, -67, -65}), frozenset({-63, -28, -58, -22, -52, -19, -11, -43, -40, -67}), frozenset({-62, -27, -58, -55, -22, -19, -44, -41, -8, -67}), frozenset({-62, -61, -27, -22, -53, -19, -9, -43, -41, -67}), frozenset({-60, -28, -55, -22, -17, -44, -8, -37, -67, -66}), frozenset({-31, -60, -25, -55, -19, -44, -7, -37, -67, -66}), frozenset({-31, -62, -60, -56, -22, -17, -43, -7, -37, -67}), frozenset({-62, -27, -57, -22, -52, -19, -11, -43, -41, -67})]
1310	itemsets left after W operation 	: [frozenset({-62, -22, 68}), frozenset({-31, -60, -56, -36, -20, -47, -14, -45, -8, -6, -37, -68}), frozenset({-31, -58, -55, -19, -47, -13, -43, -40, -7, -68, -2, -33}), frozenset({-32, -28, -57, -55, -17, -47, -12, -42, -7, -37, -68, -2}), frozenset({-31, -61, -36, -52, -19, -47, -46, -12, -11, -37, -68, -2}), frozenset({-28, -58, -54, -21, -16, -47, -44, -41, -8, -68, -2, -33}), frozenset({-31, -59, -36, -52, -19, -47, -12, -44, -8, -39, -68, -2}), frozenset({-31, -60, -53, -19, -47, -12, -43, -2, -8, -38, -68, -34}), frozenset({-31, -60, -55, -36, -17, -48, -46, -12, -7, -37, -68, -3}), frozenset({-31, -59, -56, -36, -17, -47, -46, -9, -12, -41, -68, -2}), frozenset({-31, -60, -52, -19, -47, -46, -12, -11, -2, -37, -68, -34}), frozenset({-31, -59, -56, -36, -17, -47, -45, -12, -7, -37, -68, -2}), frozenset({-28, -58, -54, -20, -47, -12, -42, -8, -6, -37, -68, -33}), frozenset({-31, -60, -54, -19, -47, -13, -42, -41, -7, -68, -2, -33}), frozenset({-28, -58, -56, -17, -43, -7, -37, -68, -67}), frozenset({-31, -59, -56, -19, -46, -41, -8, -68, -67}), frozenset({-27, -58, -55, -17, -44, -41, -8, -68, -67}), frozenset({-31, -61, -55, -17, -46, -9, -37, -68, -67}), frozenset({-31, -58, -53, -19, -42, -9, -37, -68, -67}), frozenset({-31, -58, -54, -18, -43, -8, -38, -68, -67}), frozenset({-60, -27, -55, -17, -44, -8, -38, -68, -67}), frozenset({-27, -58, -56, -20, -43, -41, -8, -68, -67}), frozenset({-31, -58, -56, -17, -44, -7, -37, -68, -67}), frozenset({-61, -28, -55, -18, -42, -7, -37, -68, -67}), frozenset({-27, -58, -53, -19, -44, -41, -8, -68, -67}), frozenset({-27, -58, -52, -17, -9, -42, -41, -68, -67}), frozenset({-29, -60, -53, -39, -17, -46, -7, -68, -67}), frozenset({-27, -57, -54, -19, -43, -41, -8, -68, -67}), frozenset({-61, -28, -54, -19, -43, -7, -37, -68, -67}), frozenset({-28, -58, -53, -20, -46, -8, -39, -68, -67}), frozenset({-27, -58, -55, -19, -44, -41, -8, -68, -67}), frozenset({-61, -27, -53, -19, -9, -43, -41, -68, -67}), frozenset({-31, -60, -56, -17, -43, -7, -37, -68, -67}), frozenset({-27, -57, -52, -19, -11, -43, -41, -68, -67})]
899	itemsets left after W operation 	: [frozenset({-31, -47, 69, -2}), frozenset({-58, -25, -56, -17, -14, -46, -7, -38, -69, -34, -65}), frozenset({-63, -59, -37, -25, -52, -18, -46, -12, -10, -69, -34}), frozenset({-62, -60, -25, -56, -20, -46, -12, -11, -41, -69, -34}), frozenset({-58, -55, -19, -13, -43, -40, -7, -69, -68, -33}), frozenset({-61, -37, -36, -52, -19, -46, -12, -11, -69, -68}), frozenset({-61, -37, -24, -52, -18, -45, -12, -9, -69, -35, -65}), frozenset({-58, -37, -55, -22, -17, -46, -12, -7, -69, -36, -65}), frozenset({-62, -61, -25, -52, -19, -13, -43, -9, -38, -69, -33}), frozenset({-59, -36, -52, -19, -12, -44, -8, -39, -69, -68}), frozenset({-60, -53, -19, -12, -43, -8, -38, -69, -68, -34}), frozenset({-61, -26, -37, -56, -21, -14, -46, -8, -69, -36, -66}), frozenset({-59, -56, -36, -17, -46, -9, -12, -41, -69, -68}), frozenset({-60, -37, -52, -19, -46, -12, -11, -69, -68, -34}), frozenset({-60, -37, -23, -54, -18, -15, -46, -7, -69, -36, -65}), frozenset({-59, -37, -56, -36, -17, -45, -12, -7, -69, -68}), frozenset({-60, -54, -19, -13, -42, -41, -7, -69, -68, -33})]
718	itemsets left after W operation 	: [frozenset({-7, -37, 70, -17}), frozenset({-58, -55, -22, -46, -12, -70, -69, -36, -65}), frozenset({-32, -28, -57, -55, -47, -12, -42, -70, -68, -2}), frozenset({-31, -60, -55, -36, -48, -46, -12, -70, -68, -3}), frozenset({-28, -43, -58, -56, -70, -68, -67}), frozenset({-59, -56, -68, -45, -12, -70, -69, -36}), frozenset({-6, -33, -28, -58, -56, -23, -47, -12, -42, -70, -65}), frozenset({-62, -60, -28, -23, -52, -47, -14, -46, -70, -2, -33}), frozenset({-31, -44, -58, -56, -70, -68, -67}), frozenset({-63, -27, -58, -55, -22, -43, -70, -67}), frozenset({-31, -60, -43, -56, -70, -68, -67}), frozenset({-62, -60, -28, -25, -56, -43, -70, -67}), frozenset({-60, -28, -26, -56, -46, -70, -67, -66})]
404	itemsets left after W operation 	: [frozenset({-47, -28, 71, -2, -33}), frozenset({-58, -56, -22, -20, -13, -43, -39, -71, -7, -65}), frozenset({-58, -55, -22, -19, -13, -43, -41, -8, -71, -65}), frozenset({-62, -60, -25, -54, -21, -15, -44, -11, -41, -71}), frozenset({-62, -60, -23, -52, -46, -14, -71, -70}), frozenset({-63, -60, -56, -22, -21, -14, -43, -8, -39, -71}), frozenset({-62, -58, -25, -56, -17, -13, -42, -41, -7, -71}), frozenset({-58, -54, -21, -16, -44, -41, -8, -71, -68})]
219	itemsets left after W operation 	: [frozenset({-57, 72, -25, -17, -12, -42, -41, -7}), frozenset({-31, -47, -72, -55, -5, -66, -33}), frozenset({-62, -28, -50, -72, -54, -2, -33}), frozenset({-32, -47, -28, -56, -72, -2, -65})]
146	itemsets left after W operation 	: [frozenset({73, -47, -2}), frozenset({-32, -27, -58, -26, -54, -19, -16, -43, -73, -8, -37, -65}), frozenset({-64, -27, -58, -25, -56, -18, -16, -41, -9, -42, -73, -33}), frozenset({-73, -33, -28, 71}), frozenset({-32, -27, -25, -57, -53, -19, -12, -43, -73, -8, -38, -66}), frozenset({-73, 67, -12, -33}), frozenset({-31, 69, -73}), frozenset({-32, -56, -28, -73, -72, -65}), frozenset({-32, -28, -57, -55, -12, -42, -73, -70, -68})]
136	itemsets left after W operation 	: [frozenset({-41, -42, -25, 74, -17}), frozenset({-62, -13, -58, -74, -56, -7, -71}), frozenset({-62, -27, -58, -9, -74, -54, -67}), frozenset({-12, -74, -57, 72, -7})]
128	itemsets left after W operation 	: [frozenset({-46, 75, -37}), frozenset({-63, -59, -25, -52, -18, -12, -75, -10, -69, -34}), frozenset({-61, -36, -52, -19, -12, -11, -75, -69, -68}), frozenset({-31, -58, -26, -55, -17, -75, -8, -67, -66}), frozenset({-61, -26, -56, -21, -14, -75, -8, -69, -36, -66}), frozenset({-60, -52, -19, -12, -11, -75, -69, -68, -34}), frozenset({-60, -23, -54, -18, -15, -75, -7, -69, -36, -65}), frozenset({-31, -61, -55, -17, -75, -9, -68, -67})]
# of frequent itemsets	: 1053
Time of DCI Closed		: 0.35258007049560547
950	itemsets left after W operation 	: [frozenset({-27, -41, -68, 76, -67}), frozenset({-44, -76, -58, -8, -55, -17}), frozenset({-76, -43, -58, -56, -8, -20}), frozenset({-44, -76, -58, -8, -53, -19}), frozenset({-76, -58, -9, -42, -52, -17}), frozenset({-76, -43, -57, -8, -54, -19}), frozenset({-44, -76, -58, -8, -55, -19}), frozenset({-61, -76, -43, -9, -53, -19}), frozenset({-76, -43, -11, -57, -52, -19})]
848	itemsets left after W operation 	: [frozenset({-43, -28, 77, -67}), frozenset({-77, -58, -56, -70, -68}), frozenset({-59, -56, -24, -17, -77, -8, -37, -66}), frozenset({-60, -55, -22, -20, -77, -40, -7, -65}), frozenset({-62, -59, -25, -55, -19, -77, -8, -38}), frozenset({-61, -55, -22, -19, -77, -8, -37, -65}), frozenset({-63, -58, -22, -52, -19, -77, -11, -40}), frozenset({-62, -77, -60, -25, -56, -70}), frozenset({-61, -77, -7, -54, -37, -68, -19})]
732	itemsets left after W operation 	: [frozenset({-8, -58, 78}), frozenset({-78, -76, -44, -55, -17}), frozenset({-78, -76, -43, -56, -20}), frozenset({-62, -27, -24, -56, -17, -78, -42, -38, -67}), frozenset({-78, -76, -44, -53, -19}), frozenset({-55, -22, -19, -78, -13, -43, -41, -71, -65}), frozenset({-78, -76, -44, -55, -19}), frozenset({-54, -21, -16, -78, -44, -41, -71, -68}), frozenset({-28, -54, -20, -47, -78, -12, -42, -6, -37, -68, -33}), frozenset({-31, -54, -18, -78, -43, -38, -68, -67}), frozenset({-32, -27, -26, -54, -19, -16, -78, -43, -73, -37, -65}), frozenset({-28, -53, -20, -46, -78, -39, -68, -67}), frozenset({-31, -26, -55, -17, -78, -75, -67, -66})]
652	itemsets left after W operation 	: [frozenset({-55, -17, -67, 79}), frozenset({-31, -62, -59, -25, -79, -43, -8, -37}), frozenset({-28, -58, -26, -79, -46, -7, -38, -66}), frozenset({-60, -28, -22, -79, -44, -8, -37, -66}), frozenset({-79, -60, -27, -44, -8, -38, -68}), frozenset({-31, -78, -79, -75, -26, -66}), frozenset({-31, -79, -61, -75, -9, -68})]
580	itemsets left after W operation 	: [frozenset({80, -68, -69, -12}), frozenset({-59, -52, -19, -80, -44, -8, -39, -36}), frozenset({-80, -61, -11, -75, -52, -36, -19}), frozenset({-59, -56, -17, -80, -46, -9, -41, -36}), frozenset({-80, -60, -11, -75, -52, -19, -34}), frozenset({-60, -53, -19, -80, -43, -8, -38, -34}), frozenset({-80, -45, -59, -56, -70, -36})]
530	itemsets left after W operation 	: [frozenset({81, -31, -68, -67}), frozenset({-54, -78, -43, -38, -18, -81}), frozenset({-46, -59, -41, -56, -8, -19, -81}), frozenset({-58, -9, -42, -53, -37, -19, -81}), frozenset({-44, -58, -56, -70, -81}), frozenset({-60, -43, -56, -70, -81})]
486	itemsets left after W operation 	: [frozenset({-19, 82, -43}), frozenset({-32, -27, -26, -54, -82, -16, -78, -73, -37, -65}), frozenset({-58, -55, -82, -13, -40, -7, -69, -68, -33}), frozenset({-62, -61, -25, -52, -82, -13, -9, -38, -69, -33}), frozenset({-76, -57, -8, -54, -82}), frozenset({-61, -76, -9, -53, -82}), frozenset({-55, -22, -82, -78, -13, -41, -71, -65}), frozenset({-76, -11, -57, -52, -82}), frozenset({-80, -60, -34, -8, -38, -53, -82}), frozenset({-32, -27, -25, -57, -53, -82, -12, -73, -8, -38, -66})]
471	itemsets left after W operation 	: [frozenset({-55, -22, 83, -65}), frozenset({-78, -13, -41, -71, -83, -82}), frozenset({-77, -60, -40, -7, -20, -83}), frozenset({-46, -12, -58, -70, -69, -36, -83}), frozenset({-61, -77, -8, -37, -19, -83})]
430	itemsets left after W operation 	: [frozenset({-56, 84, -58}), frozenset({-25, -84, -17, -46, -14, -7, -38, -69, -34, -65}), frozenset({-68, -70, -77, -84}), frozenset({-70, -44, -84, -81}), frozenset({-6, -33, -28, -23, -84, -47, -12, -42, -70, -65}), frozenset({-22, -20, -84, -13, -43, -39, -71, -7, -65}), frozenset({-64, -27, -25, -84, -18, -16, -41, -9, -42, -73, -33}), frozenset({-62, -13, -74, -7, -71, -84})]
396	itemsets left after W operation 	: [frozenset({-62, 85, -25}), frozenset({-31, -61, -54, -21, -85, -50, -16, -45, -41, -8, -36, -2}), frozenset({-77, -59, -8, -55, -38, -85, -19}), frozenset({-61, -85, -52, -82, -13, -9, -38, -69, -33}), frozenset({-77, -60, -56, -70, -85}), frozenset({-60, -56, -85, -20, -46, -12, -11, -41, -69, -34}), frozenset({-60, -54, -21, -85, -15, -44, -11, -41, -71}), frozenset({-31, -79, -59, -43, -37, -8, -85})]
359	itemsets left after W operation 	: [frozenset({-56, -60, 86}), frozenset({-31, -86, -36, -20, -47, -14, -45, -8, -6, -37, -68}), frozenset({-70, -46, -28, -26, -86, -67, -66}), frozenset({-63, -22, -21, -86, -14, -43, -8, -39, -71}), frozenset({-70, -86, -85, -77}), frozenset({-86, -85, -20, -46, -12, -11, -41, -69, -34}), frozenset({-70, -86, -43, -81})]
Initial DL				: 6701.159476259561
Final DL				: 5114.528286810152
Compression (wrt me)	: 0.23676965084481644
Operator Counters		: {'D': 0, 'W': 20, 'V': 0, 'S': 0, 'R': 0, 'T': 0}
Misle Learning Runtime	: 1.6992850303649902

# of frequent itemsets	: 4586
Time of DCI Closed		: 0.47549915313720703
DL of initial theory	: 10179.518730846721
4228	itemsets left after W operation 	: [frozenset({-31, 67, -25, -17, -6, -37, -36, -66}), frozenset({-61, -45, -12, -7, -55, -51, -67}), frozenset({-46, -61, -12, -8, -55, -67, -50}), frozenset({-46, -12, -59, -8, -55, -67, -50}), frozenset({-46, -60, -12, -56, -8, -51, -67}), frozenset({-13, -45, -59, -56, -8, -51, -67}), frozenset({-46, -61, -12, -8, -53, -67, -50}), frozenset({-15, -59, -43, -56, -8, -51, -67}), frozenset({-45, -60, -12, -8, -55, -51, -67}), frozenset({-47, -61, -12, -44, -8, -55, -67}), frozenset({-46, -60, -12, -56, -8, -67, -50}), frozenset({-48, -14, -61, -44, -9, -54, -67}), frozenset({-48, -46, -61, -13, -11, -53, -67}), frozenset({-14, -61, -44, -8, -53, -67, -50}), frozenset({-46, -61, -12, -8, -54, -67, -50}), frozenset({-46, -60, -12, -8, -55, -51, -67}), frozenset({-46, -12, -58, -8, -55, -67, -50}), frozenset({-46, -61, -13, -8, -53, -51, -67}), frozenset({-60, -12, -43, -8, -54, -67, -50}), frozenset({-46, -13, -59, -7, -53, -67, -50}), frozenset({-48, -46, -61, -12, -9, -55, -67})]
3244	itemsets left after W operation 	: [frozenset({-32, 68, -27, -57, -52}), frozenset({-25, -51, -17, -12, -11, -42, -2, -37, -68, -66}), frozenset({-64, -25, -19, -48, -12, -42, -9, -37, -68, -2}), frozenset({-25, -4, -19, -47, -9, -12, -43, -41, -68, -66}), frozenset({-22, -19, -47, -13, -11, -42, -41, -2, -68, -66}), frozenset({-22, -4, -51, -19, -12, -11, -43, -41, -68, -66}), frozenset({-62, -22, -51, -18, -12, -11, -43, -41, -6, -68}), frozenset({-25, -20, -51, -15, -43, -9, -39, -6, -68, -66}), frozenset({-25, -20, -51, -13, -11, -43, -41, -6, -68, -66}), frozenset({-22, -51, -18, -13, -9, -42, -41, -6, -68, -65}), frozenset({-64, -22, -51, -19, -12, -42, -9, -40, -6, -68}), frozenset({-22, -51, -19, -13, -11, -42, -41, -68, -2, -65}), frozenset({-25, -4, -51, -17, -45, -12, -9, -41, -68, -65}), frozenset({-62, -25, -20, -50, -12, -42, -9, -37, -68, -2}), frozenset({-23, -51, -17, -9, -12, -42, -41, -2, -68, -66}), frozenset({-63, -22, -50, -18, -9, -12, -42, -41, -6, -68}), frozenset({-22, -51, -18, -12, -42, -9, -39, -68, -2, -65}), frozenset({-62, -22, -19, -50, -12, -11, -42, -41, -6, -68}), frozenset({-62, -24, -20, -48, -14, -11, -42, -41, -68, -2}), frozenset({-25, -51, -18, -12, -43, -41, -7, -68, -2, -65}), frozenset({-62, -22, -51, -18, -9, -12, -42, -41, -68, -2}), frozenset({-62, -22, -18, -48, -12, -11, -42, -39, -6, -68}), frozenset({-25, -4, -51, -18, -12, -11, -43, -41, -68, -66}), frozenset({-25, -17, -48, -12, -42, -9, -39, -68, -2, -65}), frozenset({-25, -20, -51, -14, -9, -43, -41, -6, -68, -66}), frozenset({-23, -51, -19, -12, -11, -42, -41, -6, -68, -66}), frozenset({-25, -4, -51, -18, -9, -12, -43, -41, -68, -66}), frozenset({-62, -24, -50, -17, -12, -42, -9, -39, -68, -2})]
2260	itemsets left after W operation 	: [frozenset({-31, 69, -8, -66, -17}), frozenset({-61, -37, -24, -55, -48, -46, -12, -6, -69, -33}), frozenset({-6, -60, -54, -22, -47, -14, -43, -38, -69, -36}), frozenset({-61, -37, -56, -23, -50, -14, -46, -6, -69, -36}), frozenset({-58, -25, -37, -55, -47, -13, -43, -69, -2, -33}), frozenset({-58, -25, -55, -16, -47, -43, -38, -69, -4, -34}), frozenset({-61, -37, -25, -55, -47, -12, -43, -69, -4, -35}), frozenset({-61, -37, -25, -55, -48, -14, -43, -6, -69, -33}), frozenset({-59, -37, -24, -55, -48, -46, -12, -6, -69, -36}), frozenset({-61, -37, -24, -55, -47, -46, -12, -6, -69, -33}), frozenset({-59, -37, -25, -55, -4, -50, -14, -44, -69, -36}), frozenset({-58, -56, -22, -49, -46, -12, -41, -6, -69, -36}), frozenset({-59, -25, -56, -47, -46, -12, -40, -6, -69, -34}), frozenset({-59, -25, -55, -50, -14, -44, -39, -6, -69, -35}), frozenset({-6, -61, -25, -54, -50, -46, -12, -38, -69, -36}), frozenset({-6, -59, -25, -55, -50, -46, -12, -38, -69, -36}), frozenset({-59, -37, -55, -22, -50, -12, -44, -6, -69, -35}), frozenset({-59, -37, -55, -22, -51, -46, -12, -69, -36, -2}), frozenset({-61, -37, -55, -23, -47, -13, -43, -69, -2, -33}), frozenset({-61, -37, -25, -53, -48, -46, -12, -69, -36, -2})]
1584	itemsets left after W operation 	: [frozenset({-37, 70, -25}), frozenset({-31, -60, -55, -4, -50, -17, -14, -46, -9, -70, -36, -66}), frozenset({-31, -60, -52, -17, -47, -12, -11, -44, -70, -4, -34, -65}), frozenset({-62, -28, -57, -21, -52, -51, -16, -43, -8, -70, -3, -33}), frozenset({-31, -6, -61, -53, -17, -48, -12, -11, -43, -34, -70, -66}), frozenset({-30, -58, -56, -17, -47, -12, -43, -34, -7, -70, -3, -66}), frozenset({-62, -27, -57, -52, -19, -51, -13, -43, -9, -70, -2, -33}), frozenset({-32, -6, -28, -57, -20, -51, -52, -16, -11, -42, -70, -65}), frozenset({-33, -27, -57, -52, -17, -47, -12, -42, -7, -70, -2, -65}), frozenset({-31, -6, -61, -55, -19, -48, -45, -12, -8, -70, -36, -66}), frozenset({-31, -6, -60, -54, -19, -50, -46, -13, -8, -70, -35, -66}), frozenset({-62, -6, -27, -57, -20, -51, -52, -14, -43, -9, -70, -33}), frozenset({-62, -27, -57, -52, -18, -49, -12, -42, -9, -70, -2, -33}), frozenset({-30, -61, -55, -17, -47, -14, -46, -10, -2, -70, -66, -33}), frozenset({-31, -6, -58, -55, -18, -50, -15, -46, -8, -70, -36, -66}), frozenset({-31, -6, -58, -56, -19, -50, -15, -46, -7, -70, -36, -66}), frozenset({-6, -29, -59, -55, -17, -47, -14, -43, -8, -70, -66, -33}), frozenset({-31, -6, 67, -70, -36, -66, -17}), frozenset({-51, -17, -12, -11, -42, -2, -70, -68, -66}), frozenset({-64, -19, -48, -12, -42, -9, -70, -68, -2}), frozenset({-62, -20, -50, -12, -42, -9, -70, -68, -2}), frozenset({-58, -55, -47, -13, -43, -70, -69, -2, -33}), frozenset({-61, -55, -47, -12, -43, -70, -69, -4, -35}), frozenset({-6, -61, -55, -48, -14, -43, -70, -69, -33}), frozenset({-59, -55, -4, -50, -14, -44, -70, -69, -36}), frozenset({-61, -53, -48, -46, -12, -70, -69, -36, -2})]
1385	itemsets left after W operation 	: [frozenset({71, -42, -2, -9}), frozenset({-25, -17, -48, -12, -39, -71, -68, -65}), frozenset({-62, -27, -57, -52, -18, -49, -12, -71, -70, -33}), frozenset({-62, -24, -50, -17, -12, -39, -71, -68}), frozenset({-32, -64, -27, -58, -24, -52, -19, -15, -47, -41, -71}), frozenset({-64, -48, -12, -71, -70, -68, -19}), frozenset({-62, -68, -12, -71, -70, -20, -50}), frozenset({-32, -64, -29, -58, -25, -53, -20, -48, -14, -41, -71}), frozenset({-32, -63, -27, -58, -25, -53, -19, -50, -14, -41, -71}), frozenset({-32, -28, -57, -24, -21, -52, -51, -14, -41, -71, -66}), frozenset({-23, -51, -17, -12, -41, -71, -68, -66}), frozenset({-22, -51, -18, -12, -39, -71, -68, -65}), frozenset({-62, -22, -51, -18, -12, -41, -71, -68})]
1114	itemsets left after W operation 	: [frozenset({72, -31, -6, -66}), frozenset({-60, -22, -53, -17, -47, -12, -11, -43, -72, -37, -34}), frozenset({-58, -25, -8, -55, -18, -50, -14, -44, -72, -39, -36}), frozenset({-61, -25, -56, -8, -18, -16, -47, -44, -72, -38, -36}), frozenset({-61, -53, -17, -48, -12, -11, -43, -72, -70, -34}), frozenset({-61, -24, -55, -8, -18, -47, -14, -44, -72, -37, -34}), frozenset({-60, -26, -56, -8, -18, -49, -15, -43, -41, -72, -35}), frozenset({-61, -8, -55, -19, -48, -45, -12, -72, -70, -36}), frozenset({-60, -8, -54, -19, -50, -46, -13, -72, -70, -35}), frozenset({-58, -8, -55, -50, -18, -15, -46, -72, -70, -36}), frozenset({-58, -56, -19, -50, -15, -46, -72, -7, -70, -36}), frozenset({67, -72, -70, -36, -17})]
742	itemsets left after W operation 	: [frozenset({73, -52, -51, -57}), frozenset({-32, -28, -22, -19, -41, -9, -12, -43, -73, -5, -65}), frozenset({-32, -28, -24, -21, -73, -14, -41, -71, -66}), frozenset({-31, -25, -20, -15, -46, -73, -41, -8, -65, -6, -33}), frozenset({-32, -62, -29, -22, -19, -41, -12, -11, -42, -73, -2}), frozenset({-32, -31, -22, -19, -14, -46, -41, -73, -8, -6, -65}), frozenset({-62, -28, -21, -16, -43, -73, -8, -70, -3, -33}), frozenset({-32, -62, -28, -24, -20, -16, -41, -43, -11, -73, -6}), frozenset({-62, -27, -19, -13, -9, -43, -73, -70, -2, -33}), frozenset({-62, -27, -25, -19, -12, -11, -42, -73, -38, -3, -33}), frozenset({-32, -6, -28, -20, -16, -11, -42, -73, -70, -65}), frozenset({-62, -6, -27, -20, -14, -9, -43, -73, -70, -33})]
653	itemsets left after W operation 	: [frozenset({-22, -12, 74, -41}), frozenset({-4, -51, -19, -43, -11, -74, -68, -66}), frozenset({-32, -28, -57, -52, -50, -17, -43, -74, -7, -2, -65}), frozenset({-62, -51, -18, -43, -11, -74, -6, -68}), frozenset({-32, -28, -19, -9, -43, -74, -73, -5, -65}), frozenset({-32, -62, -28, -57, -53, -18, -47, -11, -42, -74, -6}), frozenset({-63, -50, -18, -9, -42, -74, -6, -68}), frozenset({-62, -19, -50, -11, -42, -74, -6, -68}), frozenset({-32, -62, -29, -19, -11, -42, -73, -74, -2}), frozenset({-62, -74, -71, -68, -51, -18}), frozenset({-58, -56, -49, -46, -74, -6, -69, -36})]
620	itemsets left after W operation 	: [frozenset({75, -12, -51}), frozenset({-17, -11, -42, -75, -2, -70, -68, -66}), frozenset({-64, -22, -19, -75, -42, -9, -40, -6, -68}), frozenset({-25, -4, -17, -45, -9, -75, -41, -68, -65}), frozenset({-25, -18, -43, -75, -41, -7, -68, -2, -65}), frozenset({-61, -45, -75, -55, -7, -67}), frozenset({-25, -4, -18, -43, -11, -41, -75, -68, -66}), frozenset({-23, -19, -11, -42, -41, -75, -6, -68, -66}), frozenset({-46, -60, -75, -56, -8, -67}), frozenset({-25, -4, -18, -9, -43, -75, -41, -68, -66}), frozenset({-45, -60, -75, -8, -55, -67}), frozenset({-75, -41, -23, -71, -68, -66, -17}), frozenset({-75, -39, -22, -71, -68, -18, -65}), frozenset({-46, -60, -75, -8, -55, -67}), frozenset({-59, -37, -55, -22, -46, -75, -69, -36, -2})]
599	itemsets left after W operation 	: [frozenset({-12, -50, 76}), frozenset({-62, -76, -71, -70, -68, -20}), frozenset({-32, -27, -58, -22, -52, -18, -76, -42, -9, -38, -5, -66}), frozenset({-46, -61, -76, -8, -55, -67}), frozenset({-46, -76, -59, -8, -55, -67}), frozenset({-46, -61, -76, -8, -53, -67}), frozenset({-6, -61, -25, -54, -46, -76, -38, -69, -36}), frozenset({-6, -59, -25, -55, -46, -76, -38, -69, -36}), frozenset({-46, -60, -76, -56, -8, -67}), frozenset({-59, -37, -55, -22, -44, -76, -6, -69, -35}), frozenset({-46, -61, -76, -8, -54, -67}), frozenset({-46, -76, -58, -8, -55, -67}), frozenset({-60, -43, -76, -8, -54, -67}), frozenset({-62, -76, -24, -39, -71, -68, -17})]
480	itemsets left after W operation 	: [frozenset({-41, 77, -25}), frozenset({-68, -18, -77, -43, -75, -9, -4, -66}), frozenset({-31, -60, -55, -20, -16, -47, -46, -77, -34, -2, -8, -66}), frozenset({-32, -28, -57, -54, -18, -50, -13, -77, -42, -9, -6, -65}), frozenset({-31, -20, -15, -46, -77, -73, -8, -65, -6, -33}), frozenset({-4, -19, -47, -77, -12, -43, -9, -68, -66}), frozenset({-20, -51, -13, -77, -43, -11, -6, -68, -66}), frozenset({-32, -64, -29, -58, -53, -20, -48, -14, -77, -71}), frozenset({-32, -63, -27, -58, -53, -19, -50, -14, -77, -71}), frozenset({-20, -51, -14, -77, -43, -9, -6, -68, -66}), frozenset({-68, -17, -45, -77, -75, -9, -4, -65}), frozenset({-18, -77, -43, -75, -7, -68, -2, -65}), frozenset({-68, -18, -77, -43, -11, -75, -4, -66})]
389	itemsets left after W operation 	: [frozenset({-66, -43, 78}), frozenset({-28, -59, -55, -23, -17, -48, -78, -12, -7, -6, -37, -33}), frozenset({-30, -58, -37, -55, -23, -17, -47, -78, -12, -8, -5, -33}), frozenset({-30, -58, -56, -17, -47, -78, -12, -7, -70, -3, -34}), frozenset({-6, -29, -59, -55, -17, -47, -14, -78, -8, -70, -33}), frozenset({-19, -78, -11, -74, -68, -4, -51}), frozenset({-78, -77, -75, -9, -68, -4, -18}), frozenset({-4, -19, -47, -78, -77, -12, -9, -68}), frozenset({-20, -51, -78, -77, -13, -11, -6, -68}), frozenset({-25, -20, -51, -15, -78, -9, -39, -6, -68}), frozenset({-20, -51, -14, -77, -78, -9, -6, -68}), frozenset({-78, -77, -11, -75, -68, -4, -18})]
350	itemsets left after W operation 	: [frozenset({-47, -12, 79}), frozenset({-61, -55, -79, -43, -70, -69, -4, -35}), frozenset({-79, -61, -44, -8, -55, -67}), frozenset({-60, -22, -53, -17, -79, -11, -43, -72, -37, -34}), frozenset({-30, -58, -37, -55, -23, -17, -79, -78, -8, -5, -33}), frozenset({-30, -58, -56, -17, -79, -78, -7, -70, -3, -34}), frozenset({-79, -78, -77, -9, -68, -4, -19}), frozenset({-61, -37, -24, -55, -79, -46, -6, -69, -33}), frozenset({-59, -25, -56, -79, -46, -40, -6, -69, -34}), frozenset({-31, -60, -52, -17, -79, -44, -11, -70, -4, -34, -65}), frozenset({-27, -57, -52, -17, -79, -42, -7, -70, -65, -2, -33})]
330	itemsets left after W operation 	: [frozenset({-48, 80, -12}), frozenset({-80, -17, -25, -39, -71, -68, -65}), frozenset({-64, -80, -71, -70, -68, -19}), frozenset({-28, -59, -55, -23, -17, -80, -78, -7, -6, -37, -33}), frozenset({-61, -53, -17, -80, -43, -11, -72, -70, -34}), frozenset({-80, -46, -61, -9, -55, -67}), frozenset({-61, -8, -55, -19, -80, -45, -72, -70, -36}), frozenset({-62, -22, -18, -80, -11, -42, -39, -6, -68}), frozenset({-61, -37, -24, -55, -80, -46, -6, -69, -33}), frozenset({-59, -37, -24, -55, -80, -46, -6, -69, -36}), frozenset({-61, -53, -80, -46, -70, -69, -36, -2})]
314	itemsets left after W operation 	: [frozenset({81, -14, -6}), frozenset({-51, -78, -77, -9, -68, -20, -81}), frozenset({-32, -31, -22, -19, -81, -46, -41, -73, -8, -65}), frozenset({-62, -27, -20, -81, -9, -43, -73, -70, -33}), frozenset({-60, -54, -22, -81, -47, -43, -38, -69, -36}), frozenset({-61, -37, -56, -23, -50, -81, -46, -69, -36}), frozenset({-59, -25, -55, -50, -81, -44, -39, -69, -35}), frozenset({-61, -55, -81, -48, -43, -70, -69, -33}), frozenset({-29, -59, -55, -17, -81, -47, -78, -8, -70, -33})]
295	itemsets left after W operation 	: [frozenset({-11, -6, 82}), frozenset({-32, -62, -28, -24, -20, -82, -16, -41, -43, -73}), frozenset({-32, -28, -20, -82, -16, -42, -73, -70, -65}), frozenset({-62, -43, -74, -18, -68, -51, -82}), frozenset({-62, -22, -82, -18, -80, -42, -39, -68}), frozenset({-32, -62, -28, -57, -53, -18, -82, -47, -42, -74}), frozenset({-62, -50, -42, -74, -68, -19, -82}), frozenset({-51, -78, -77, -13, -68, -20, -82}), frozenset({-23, -19, -82, -75, -42, -41, -68, -66})]
265	itemsets left after W operation 	: [frozenset({83, -42, -18, -9}), frozenset({-32, -28, -57, -54, -83, -50, -13, -77, -6, -65}), frozenset({-32, -27, -58, -22, -52, -83, -76, -38, -5, -66}), frozenset({-22, -51, -83, -13, -41, -6, -68, -65}), frozenset({-63, -74, -6, -68, -83, -50})]
244	itemsets left after W operation 	: [frozenset({-24, -32, 84, -41}), frozenset({-62, -27, -57, -53, -20, -84, -15, -47, -42, -9, -6}), frozenset({-14, -28, -73, -71, -21, -84, -66}), frozenset({-62, -28, -84, -20, -82, -16, -43, -73}), frozenset({-64, -27, -58, -52, -19, -84, -15, -47, -71})]
230	itemsets left after W operation 	: [frozenset({85, -42, -2}), frozenset({-32, -62, -29, -85, -19, -11, -74, -73}), frozenset({-22, -85, -19, -47, -13, -11, -41, -68, -66}), frozenset({-22, -85, -19, -51, -13, -11, -41, -68, -65}), frozenset({-62, -24, -85, -20, -48, -14, -11, -41, -68}), frozenset({-75, -11, -70, -85, -68, -66, -17}), frozenset({-85, 71, -9}), frozenset({-27, -57, -85, -52, -17, -79, -7, -70, -65, -33})]
# of frequent itemsets	: 1053
Time of DCI Closed		: 0.37517523765563965
1017	itemsets left after W operation 	: [frozenset({-8, -46, -67, 86}), frozenset({-61, -13, -86, -53, -51}), frozenset({-56, -86, -60, -75}), frozenset({-55, -86, -60, -75}), frozenset({-55, -86, -61, -76}), frozenset({-55, -86, -76, -59}), frozenset({-86, -61, -76, -53}), frozenset({-56, -86, -76, -60}), frozenset({-54, -86, -61, -76}), frozenset({-55, -86, -76, -58})]
958	itemsets left after W operation 	: [frozenset({-46, -69, -36, 87}), frozenset({-58, -74, -56, -87, -6, -49}), frozenset({-59, -75, -87, -22, -37, -55, -2}), frozenset({-54, -6, -61, -76, -25, -87, -38}), frozenset({-38, -76, -59, -25, -55, -6, -87}), frozenset({-80, -59, -24, -87, -6, -37, -55}), frozenset({-80, -61, -87, -70, -53, -2}), frozenset({-61, -56, -87, -37, -23, -50, -81})]
860	itemsets left after W operation 	: [frozenset({88, -55, -61}), frozenset({-69, -88, -24, -79, -46, -6, -37, -33}), frozenset({-45, -75, -88, -7, -67}), frozenset({-80, -46, -9, -88, -67}), frozenset({-88, -19, -80, -45, -72, -8, -70, -36}), frozenset({-37, -88, -23, -47, -13, -43, -69, -2, -33}), frozenset({-69, -88, -24, -80, -46, -6, -37, -33}), frozenset({-30, -88, -17, -47, -14, -46, -10, -2, -70, -66, -33}), frozenset({-48, -43, -88, -81, -70, -69, -33}), frozenset({-88, -86, -76}), frozenset({-24, -88, -8, -18, -47, -14, -44, -72, -37, -34}), frozenset({-79, -43, -88, -70, -69, -4, -35}), frozenset({-79, -44, -88, -8, -67})]
796	itemsets left after W operation 	: [frozenset({89, -55, -59}), frozenset({-31, -25, -89, -19, -16, -47, -45, -34, -9, -39, -4, -66}), frozenset({-89, -25, -50, -81, -44, -39, -69, -35}), frozenset({-69, -89, -22, -44, -76, -6, -37, -35}), frozenset({-86, -76, -89}), frozenset({-29, -89, -81, -17, -47, -78, -8, -70, -33}), frozenset({-89, -4, -50, -14, -44, -70, -69, -36}), frozenset({-75, -89, -87, -22, -37, -2}), frozenset({-38, -89, -76, -25, -87, -6}), frozenset({-80, -89, -24, -87, -6, -37}), frozenset({-28, -89, -23, -17, -80, -78, -7, -6, -37, -33})]
770	itemsets left after W operation 	: [frozenset({-70, -62, -43, -73, 90, -33}), frozenset({-27, -90, -9, -20, -81}), frozenset({-16, -28, -90, -8, -21, -3}), frozenset({-13, -27, -90, -9, -19, -2})]
733	itemsets left after W operation 	: [frozenset({-8, 91, -18, -72}), frozenset({-91, -58, -25, -55, -50, -14, -44, -39, -36}), frozenset({-61, -91, -25, -56, -16, -47, -44, -38, -36}), frozenset({-60, -91, -26, -56, -49, -15, -43, -41, -35}), frozenset({-91, -88, -24, -47, -14, -44, -37, -34}), frozenset({-91, -58, -55, -50, -15, -46, -70, -36})]
709	itemsets left after W operation 	: [frozenset({-78, -77, -68, 92}), frozenset({-13, -92, -20, -51, -82}), frozenset({-92, -75, -9, -4, -18}), frozenset({-92, -11, -75, -4, -18}), frozenset({-79, -92, -9, -4, -19}), frozenset({-92, -9, -20, -51, -81})]
649	itemsets left after W operation 	: [frozenset({-70, 93, -17}), frozenset({-30, -93, -88, -47, -14, -46, -10, -2, -66, -33}), frozenset({-31, -93, -60, -55, -4, -50, -14, -46, -9, -36, -66}), frozenset({-30, -93, -58, -56, -79, -78, -7, -3, -34}), frozenset({-93, -11, -75, -85, -68, -66}), frozenset({-31, -93, -60, -52, -79, -44, -11, -4, -34, -65}), frozenset({-72, 67, -36, -93}), frozenset({-29, -93, -89, -81, -47, -78, -8, -33}), frozenset({-93, -27, -57, -85, -52, -79, -7, -65, -33}), frozenset({-61, -93, -53, -80, -43, -11, -72, -34})]
637	itemsets left after W operation 	: [frozenset({-22, -85, -19, -13, -11, -41, -68, 94}), frozenset({-47, -94, -66}), frozenset({-94, -51, -65})]
605	itemsets left after W operation 	: [frozenset({-32, -28, 95, -65}), frozenset({-16, -95, -42, -73, -70, -20, -82}), frozenset({-95, -57, -52, -50, -17, -43, -74, -7, -2}), frozenset({-95, -9, -43, -74, -73, -5, -19}), frozenset({-95, -57, -54, -83, -50, -13, -77, -6})]
576	itemsets left after W operation 	: [frozenset({96, -47, -69, -43}), frozenset({-96, -58, -25, -55, -16, -38, -4, -34}), frozenset({-96, -13, -58, -55, -70, -2, -33}), frozenset({-96, -13, -88, -23, -37, -2, -33}), frozenset({-96, -54, -22, -60, -38, -36, -81})]
541	itemsets left after W operation 	: [frozenset({97, -68, -75}), frozenset({-77, -43, -18, -7, -65, -2, -97}), frozenset({-64, -22, -19, -42, -9, -40, -6, -97}), frozenset({-82, -42, -41, -23, -19, -66, -97}), frozenset({-17, -41, -23, -71, -66, -97}), frozenset({-39, -22, -71, -65, -18, -97}), frozenset({-93, -11, -85, -66, -97}), frozenset({-45, -77, -9, -65, -17, -4, -97})]
513	itemsets left after W operation 	: [frozenset({-8, 98, -67}), frozenset({-13, -45, -59, -56, -51, -98}), frozenset({-15, -59, -43, -56, -51, -98}), frozenset({-14, -61, -44, -50, -53, -98}), frozenset({-88, -79, -44, -98}), frozenset({-45, -60, -75, -55, -98}), frozenset({-60, -76, -43, -54, -98}), frozenset({86, -46, -98})]
469	itemsets left after W operation 	: [frozenset({-62, 99, -68}), frozenset({-51, -82, -43, -74, -99, -18}), frozenset({-80, -82, -42, -39, -22, -99, -18}), frozenset({-19, -82, -74, -42, -99, -50}), frozenset({-74, -99, -71, -51, -18}), frozenset({-76, -71, -70, -20, -99}), frozenset({-76, -24, -39, -71, -99, -17}), frozenset({-24, -85, -20, -48, -14, -11, -41, -99})]
455	itemsets left after W operation 	: [frozenset({-32, -14, -77, 100, -58, -71, -53}), frozenset({-64, -48, -29, -100, -20}), frozenset({-63, -27, -100, -19, -50})]
438	itemsets left after W operation 	: [frozenset({-53, 101, -61}), frozenset({-48, -46, -13, -11, -101, -67}), frozenset({-80, -93, -11, -43, -72, -101, -34}), frozenset({-86, -13, -101, -51}), frozenset({-86, -101, -76}), frozenset({-80, -87, -70, -101, -2}), frozenset({-14, -98, -44, -101, -50})]
412	itemsets left after W operation 	: [frozenset({-55, -58, 102}), frozenset({-96, -16, -25, -38, -4, -34, -102}), frozenset({-96, -33, -13, -70, -2, -102}), frozenset({-91, -25, -50, -14, -44, -39, -102, -36}), frozenset({-86, -76, -102}), frozenset({-15, -46, -91, -70, -36, -50, -102}), frozenset({-30, -37, -23, -17, -79, -78, -8, -102, -5, -33})]
Initial DL				: 10239.082784204236
Final DL				: 7618.696185440729
Compression (wrt me)	: 0.2559200520193039
Operator Counters		: {'D': 0, 'W': 36, 'V': 0, 'S': 0, 'R': 0, 'T': 0}
Misle Learning Runtime	: 3.6684250831604004

# of frequent itemsets	: 4586
Time of DCI Closed		: 0.45265698432922363
DL of initial theory	: 16982.173524328493
4228	itemsets left after T operation 	: [frozenset({-31, -25, -17, -6, -37, -36, -66})]
3130	itemsets left after T operation 	: [frozenset({-32, -52, -27, -57})]
2104	itemsets left after T operation 	: [frozenset({-8, -31, -66, -17})]
1592	itemsets left after T operation 	: [frozenset({-31, -6, -37, -66})]
1022	itemsets left after T operation 	: [frozenset({-52, -51, -57})]
793	itemsets left after T operation 	: [frozenset({-55, -17, -37, -66, -33})]
528	itemsets left after T operation 	: [frozenset({-32, -41, -42, -9})]
341	itemsets left after T operation 	: [frozenset({-55, -31, -66, -25})]
212	itemsets left after T operation 	: [frozenset({-27, -57, -25, -52, -12, -42, -37, -2, -33})]
139	itemsets left after T operation 	: [frozenset({-32, -28, -57, -22, -12, -41})]
79	itemsets left after T operation 	: [frozenset({-25, -17, -47, -12, -37, -34})]
61	itemsets left after T operation 	: [frozenset({-31, -56, -18, -8, -6, -66})]
29	itemsets left after T operation 	: [frozenset({-12, -52, -27, -42})]
15	itemsets left after T operation 	: [frozenset({-31, -66})]
12	itemsets left after V operation 	: [frozenset({-32, 51, -27}), frozenset({-52, -51, -57})]
# of frequent itemsets	: 9
Time of DCI Closed		: 0.28653502464294434
Initial DL				: 17017.69581684385
Final DL				: 887.9488110658122
Compression (wrt me)	: 0.94782203063079
Operator Counters		: {'D': 0, 'W': 0, 'V': 1, 'S': 0, 'R': 0, 'T': 14}
Misle Learning Runtime	: 1.0123860836029053

# of frequent itemsets	: 3165
Time of DCI Closed		: 0.3990058898925781
DL of initial theory	: 16982.173524328493
1879	itemsets left after T operation 	: [frozenset({-47, -12, -2, -33})]
1094	itemsets left after T operation 	: [frozenset({-31, -47, -2})]
668	itemsets left after T operation 	: [frozenset({-47, -28, -2, -33})]
367	itemsets left after T operation 	: [frozenset({-57, -25, -17, -12, -42, -41, -7})]
121	itemsets left after T operation 	: [frozenset({-28, -47, -12, -42, -37})]
85	itemsets left after T operation 	: [frozenset({-32, -27, -19, -47, -43, -8, -2})]
35	itemsets left after T operation 	: [frozenset({-31, -62, -60, -22, -37, -36})]
18	itemsets left after T operation 	: [frozenset({-47, -2, -33})]
7	itemsets left after T operation 	: [frozenset({-31, -62, -36})]
5	itemsets left after V operation 	: [frozenset({-47, -31, -2}), frozenset({-32, -27, -43, -8, -19, 31}), frozenset({31, -33})]
# of frequent itemsets	: 4
Time of DCI Closed		: 0.2834768295288086
Initial DL				: 17017.69581684385
Final DL				: 729.9893342788578
Compression (wrt me)	: 0.9571041025685554
Operator Counters		: {'D': 0, 'W': 0, 'V': 1, 'S': 0, 'R': 0, 'T': 9}
Misle Learning Runtime	: 0.8576219081878662

Comp Theory is T-.

Minsup					: 2
Initial DL				: 17018.69581684385
Mining4SAT Time			: 2.4164891242980957
Mining4SAT DL			: 15204.227457509534
Mistle Lossless Time			: 5.372063875198364
Mistle Lossless Pos DL	: 5114.528286810152
Mistle Lossless Neg DL	: 7618.696185440729
Mistle Lossless DL		: 12944.226635056344
Mistle Lossy Time			: 1.8701181411743164
Mistle Lossy Plus DL	: 887.9488110658123
Mistle Lossy Minus DL	: 729.989334278858

Data							: wine.dat
Minsup List						: [2]
Compression: Mining4SAT			: [0.10661618133737892]
Compression: Mistle - Lossless	: [0.23941136416310452]
Compression: Mistle - Lossy		: [0.9571041025685554]
