>/Users/arcchit/Docs/Mistle/Resources/spmf.jar
========== LCM - STATS ============
 Freq. closed itemsets count: 1118
 Total time ~: 48 ms
 Max memory:11.842079162597656
=====================================
>/Users/arcchit/Docs/Mistle/Resources/spmf.jar
========== LCM - STATS ============
 Freq. closed itemsets count: 1
 Total time ~: 1 ms
 Max memory:7.8578948974609375
=====================================
>/Users/arcchit/Docs/Mistle/Resources/spmf.jar
========== LCM - STATS ============
 Freq. closed itemsets count: 318
 Total time ~: 27 ms
 Max memory:8.562026977539062
=====================================
>/Users/arcchit/Docs/Mistle/Resources/spmf.jar
========== LCM - STATS ============
 Freq. closed itemsets count: 16
 Total time ~: 3 ms
 Max memory:7.562202453613281
=====================================
Current Minsup[0.5] yields 293 itemsets.
Current Minsup[0.25] yields 1324 itemsets.
Current Minsup[0.125] yields 2375 itemsets.
Current Minsup[0.0625] yields 3070 itemsets.
Current Minsup[0.03125] yields 3342 itemsets.
Current Minsup[0.015625] yields 3423 itemsets.
Length of freq items 1	: 1118
Time of freq items 1	: 0.38117408752441406
420203 Frequent Itemsets are mined in 7.383605003356934 seconds.
Length of freq items 2	: 420203
Time of freq items 2	: 7.3836469650268555
DL of initial theory	: 2208.630717725807
880	itemsets left after T operation 	: [frozenset({5, 6, 8, 12, 14, 15, -16, 17, -13})]
641	itemsets left after T operation 	: [frozenset({4, 5, 6, 8, 13, 14, 16, 17, -15, -12})]
37	itemsets left after T operation 	: [frozenset({2, 5, 9, 10, 12, 15, -16, 17})]
10	itemsets left after T operation 	: [frozenset({6, 8, 12, 14, 15, -16, 17, -13})]
1	itemsets left after T operation 	: [frozenset({-16, 17, 12, 15})]
0	itemsets left after T operation 	: [frozenset({17})]
Length of freq items 1	: 1
Time of freq items 1	: 0.36242103576660156
1 Frequent Itemsets are mined in 7.009506225585938e-05 seconds.
Length of freq items 2	: 1
Time of freq items 2	: 0.00011014938354492188
1 clauses are pruned.
Initial DL				: 6767.765296313812
Final DL				: 74.28727520261232
Compression (wrt me)	: 0.9890233671012388
Operator Counters		: {'D': 0, 'W': 0, 'V': 0, 'S': 0, 'R': 0, 'T': 6}
Length of freq items 1	: 318
Time of freq items 1	: 0.34503674507141113
276736 Frequent Itemsets are mined in 4.543215036392212 seconds.
Length of freq items 2	: 276736
Time of freq items 2	: 4.543269872665405
DL of initial theory	: 2208.630717725807
99	itemsets left after T operation 	: [frozenset({2, 5, 9, 12, 13, -17, 16, 15, -14})]
1	itemsets left after W operation 	: [frozenset({3, 5, 6, 10, 11, 12, 15, 18}), frozenset({2, 7, 9, 13, -18, -16, 17, -14, -8, -4}), frozenset({2, 7, 8, 13, -18, -17, 16, -14, -9, -4}), frozenset({4, 8, 9, 14, -17, 16, -18, -13, -7, -2})]
Length of freq items 1	: 16
Time of freq items 1	: 0.32294392585754395
1861 Frequent Itemsets are mined in 0.017581939697265625 seconds.
Length of freq items 2	: 1861
Time of freq items 2	: 0.01761317253112793
6	itemsets left after T operation 	: [frozenset({2, 7, 13, -18, -14, -4})]
0	itemsets left after T operation 	: [frozenset({16, 9, -17})]
0 clauses are pruned.
Initial DL				: 6767.765296313812
Final DL				: 106.67174335158607
Compression (wrt me)	: 0.9842382620139492
Operator Counters		: {'D': 0, 'W': 1, 'V': 0, 'S': 0, 'R': 0, 'T': 3}
Mistle Accuracy = 0.7241379310344828 ; 0.853448275862069 ; 0.5086206896551724 ; 0.6379310344827587 / 116
CNFAlgo Accuracy = 30/119 = 0.25210084033613445
Mistle Accuracy = 0.8181818181818182 ; 0.9144385026737968 ; 0.6631016042780749 ; 0.7593582887700535 / 374
CNFAlgo Accuracy = 38/375 = 0.10133333333333333
Mistle Accuracy = 0.6422351233671988 ; 0.7271407837445574 ; 0.4143686502177068 ; 0.49927431059506533 / 1378
CNFAlgo Accuracy = 45/1379 = 0.032632342277012324
dataset = iris_19.dat with minsup = 0.009523809523809525
missingness_parameters = [0.05, 0.15, 0.25]
mistle_accuracy_list1 = [0.7241379310344828, 0.8181818181818182, 0.6422351233671988]
mistle_accuracy_list2 = [0.853448275862069, 0.9144385026737968, 0.7271407837445574]
mistle_accuracy_list3 = [0.5086206896551724, 0.6631016042780749, 0.4143686502177068]
mistle_accuracy_list4 = [0.6379310344827587, 0.7593582887700535, 0.49927431059506533]
mistle_clauses_list = [3, 3, 3]
mistle_literals_list = [17, 17, 17]
cnfalgo_accuracy_list = [0.25210084033613445, 0.10133333333333333, 0.032632342277012324]
cnfalgo_clauses_list = [7270, 7270, 7270]
cnfalgo_literals_list = [27790, 27790, 27790]
train_data_literals_list = [1680, 1680, 1680]
randomized_accuracy_list = [0.361328125, 0.22172619047619047, 0.10569069602272728]
