>/Users/arcchit/Docs/Mistle/Resources/spmf.jar
========== LCM - STATS ============
 Freq. closed itemsets count: 4
 Total time ~: 8 ms
 Max memory:8.282951354980469
=====================================
Current Minsup[0.99] yields 4 itemsets.
>/Users/arcchit/Docs/Mistle/Resources/spmf.jar
========== LCM - STATS ============
 Freq. closed itemsets count: 4062
 Total time ~: 313 ms
 Max memory:40.66357421875
=====================================
Current Minsup[0.792] yields 4062 itemsets.
>/Users/arcchit/Docs/Mistle/Resources/spmf.jar
========== LCM - STATS ============
 Freq. closed itemsets count: 2197111
 Total time ~: 92203 ms
 Max memory:154.67266082763672
=====================================
Current Minsup[0.396] yields 2197111 itemsets.
>/Users/arcchit/Docs/Mistle/Resources/spmf.jar
========== LCM - STATS ============
 Freq. closed itemsets count: 12709
 Total time ~: 754 ms
 Max memory:129.69287109375
=====================================
Current Minsup[0.7353104140809114] yields 12709 itemsets.
>/Users/arcchit/Docs/Mistle/Resources/spmf.jar
========== LCM - STATS ============
 Freq. closed itemsets count: 6309
 Total time ~: 334 ms
 Max memory:34.900390625
=====================================
Length of freq items 1	: 6309
Time of freq items 1	: 0.7012150287628174
30570 Frequent Itemsets are mined in 0.5501818656921387 seconds.
Length of freq items 2	: 30570
Time of freq items 2	: 0.5503261089324951
DL of initial theory	: 25115.111343590903
6308	itemsets left after T operation 	: [frozenset({2, 36, 5, 6, 38, 40, 11, 14, 15, 16, 24, 27})]
5301	itemsets left after W operation 	: [frozenset({32, 2, 36, 5, 38, 40, 41, 43, 12, 15, 16}), frozenset({3, 6, 8, 9, 10, 13, 14, 17, 18, 20, 22, 23, 24, 25, 26, 27, 28, 30, 31, 34, 37, 42, -43, -39, -35, -33, -29, -21, -19, -11, -7, -4}), frozenset({4, 7, 8, 9, 10, 11, 14, 18, 19, 20, 21, 23, 24, 25, 26, 27, 28, 30, 33, 34, 37, 42, -43, -39, -35, -31, -29, -22, -17, -13, -6, -3}), frozenset({4, 6, 7, 8, 10, 13, 14, 17, 19, 20, 21, 22, 23, 26, 27, 28, 29, 31, 33, 34, 37, 42, -43, -39, -35, -30, -25, -24, -18, -11, -9, -3}), frozenset({3, 6, 7, 9, 10, 13, 14, 17, 18, 20, 22, 23, 24, 25, 26, 27, 28, 30, 31, 34, 35, 39, -43, -42, -37, -33, -29, -21, -19, -11, -8, -4}), frozenset({3, 6, 7, 8, 10, 11, 13, 18, 19, 21, 22, 23, 24, 26, 27, 28, 29, 30, 31, 34, 37, 42, -43, -39, -35, -33, -25, -20, -17, -14, -9, -4}), frozenset({3, 6, 7, 9, 10, 11, 13, 18, 19, 21, 22, 23, 24, 25, 26, 28, 29, 30, 31, 34, 37, 39, -43, -42, -35, -33, -27, -20, -17, -14, -8, -4}), frozenset({3, 7, 8, 9, 10, 13, 14, 17, 19, 20, 21, 22, 24, 25, 26, 27, 28, 30, 31, 33, 37, 42, -43, -39, -35, -34, -29, -23, -18, -11, -6, -4}), frozenset({3, 6, 7, 8, 10, 11, 13, 18, 19, 21, 22, 23, 24, 25, 27, 28, 29, 30, 31, 34, 37, 42, -43, -39, -35, -33, -26, -20, -17, -14, -9, -4}), frozenset({3, 6, 7, 9, 10, 11, 13, 18, 19, 21, 22, 23, 24, 25, 27, 28, 29, 30, 33, 34, 37, 42, -43, -39, -35, -31, -26, -20, -17, -14, -8, -4}), frozenset({4, 7, 8, 9, 11, 13, 14, 18, 19, 20, 21, 22, 23, 25, 26, 27, 28, 30, 33, 34, 37, 42, -43, -39, -35, -31, -29, -24, -17, -10, -6, -3}), frozenset({3, 7, 8, 9, 10, 13, 14, 17, 19, 20, 22, 23, 24, 25, 26, 27, 29, 30, 31, 33, 37, 42, -43, -39, -35, -34, -28, -21, -18, -11, -6, -4}), frozenset({3, 6, 7, 9, 10, 11, 14, 18, 19, 20, 22, 23, 24, 25, 26, 28, 29, 30, 31, 34, 37, 39, -43, -42, -35, -33, -27, -21, -17, -13, -8, -4})]
625	itemsets left after T operation 	: [frozenset({5, 6, 38, 40, 11, 14, 16, 24, 27})]
77	itemsets left after T operation 	: [frozenset({5, 6, 38, 40, 11, 14, 27})]
>/Users/arcchit/Docs/Mistle/Resources/spmf.jar
========== LCM - STATS ============
 Freq. closed itemsets count: 0
 Total time ~: 1 ms
 Max memory:7.562049865722656
=====================================
Length of freq items 1	: 0
Time of freq items 1	: 0.34636688232421875
0 Frequent Itemsets are mined in 0.00019216537475585938 seconds.
Length of freq items 2	: 0
Time of freq items 2	: 0.00030493736267089844
0 clauses are pruned.
Initial DL				: 33342.85571170743
Final DL				: 7796.615630355361
Compression (wrt me)	: 0.7661683300984387
Operator Counters		: {'D': 0, 'W': 1, 'V': 0, 'S': 0, 'R': 0, 'T': 3}
>/Users/arcchit/Docs/Mistle/Resources/spmf.jar
========== LCM - STATS ============
 Freq. closed itemsets count: 1186
 Total time ~: 76 ms
 Max memory:13.842170715332031
=====================================
Length of freq items 1	: 1186
Time of freq items 1	: 0.5362439155578613
174720 Frequent Itemsets are mined in 3.6467599868774414 seconds.
Length of freq items 2	: 174720
Time of freq items 2	: 3.646878957748413
DL of initial theory	: 25115.111343590903
1185	itemsets left after W operation 	: [frozenset({2, 6, 11, 15, 16, 24, 25, -35, 32, 33, 36, 37, 38, 40, 41, 43}), frozenset({4, 5, 7, 9, 10, 12, 14, 17, 19, 20, -43, 22, 23, -42, 26, 27, 28, 31, 34, -30, -29, 39, -21, -18, -13, -8, -3}), frozenset({3, 4, 7, 8, 10, 13, 14, 18, 19, 21, 22, 23, -43, -39, 27, 28, 29, 30, 31, -34, -26, 42, -20, -17, -12, -9, -5}), frozenset({3, 5, 7, 9, 10, 12, 14, 17, 19, 20, 21, -43, 23, -39, 26, 27, 28, 31, 34, -30, -29, 42, -22, -18, -13, -8, -4}), frozenset({4, 5, 7, 8, 10, 12, 14, 18, 19, 20, 21, -42, 23, -43, 26, 28, 29, 31, 34, -30, -27, 39, -22, -17, -13, -9, -3}), frozenset({4, 5, 7, 9, 10, 12, 14, 17, 19, 20, 21, -42, 23, -43, 26, 27, 28, 31, 34, -30, -29, 39, -22, -18, -13, -8, -3}), frozenset({4, 5, 8, 9, 10, 12, 14, 17, 19, 20, 21, 22, -43, -39, 26, 27, 28, 31, 34, -30, -29, -23, 42, -18, -13, -7, -3}), frozenset({3, 5, 7, 8, 12, 13, 14, 17, 19, 21, 22, 23, -42, -43, 26, 28, 29, 30, 31, -34, -27, 39, -20, -18, -10, -9, -4}), frozenset({3, 5, 7, 9, 10, 12, 14, 17, 18, 20, -43, 22, 23, -39, 26, 27, 28, 31, 34, -30, -29, 42, -21, -19, -13, -8, -4}), frozenset({3, 5, 7, 9, 10, 12, 13, 17, 19, 21, 22, 23, -42, -43, 26, 27, 29, 31, 34, -30, -28, 39, -20, -18, -14, -8, -4}), frozenset({3, 5, 7, 8, 12, 13, 14, 18, 19, 20, -43, 22, 23, -42, 27, 28, 29, 30, 31, -34, -26, 39, -21, -17, -10, -9, -4}), frozenset({3, 5, 7, 9, 10, 12, 13, 18, 19, 20, -43, 22, 23, -39, 26, 27, 29, 30, -31, 34, -28, 42, -21, -17, -14, -8, -4}), frozenset({3, 4, 7, 9, 12, 13, 14, 18, 19, 21, 22, 23, -42, -43, 26, 28, 29, 30, 31, -34, -27, 39, -20, -17, -10, -8, -5}), frozenset({3, 5, 7, 9, 10, 12, 14, 17, 19, 20, -43, 22, 23, -42, 26, 27, 28, 30, -31, 34, -29, 39, -21, -18, -13, -8, -4}), frozenset({4, 5, 8, 9, 10, 13, 14, 17, 19, 20, 21, 22, -43, -39, 26, 27, 28, 30, -31, 34, -29, -23, 42, -18, -12, -7, -3}), frozenset({3, 5, 7, 9, 10, 12, 14, 17, 19, 20, -43, 22, 23, -39, 26, 27, 28, 31, 34, -30, -29, 42, -21, -18, -13, -8, -4}), frozenset({4, 5, 7, 9, 10, 13, 14, 18, 19, 20, 21, -42, 23, -43, 26, 27, 28, 30, -31, 34, -29, 39, -22, -17, -12, -8, -3}), frozenset({4, 5, 7, 9, 10, 12, 14, 17, 19, 20, -43, 22, 23, -39, 26, 27, 29, 31, 34, -30, -28, 42, -21, -18, -13, -8, -3}), frozenset({3, 4, 7, 9, 10, 13, 14, 18, 19, 21, 22, 23, -43, -39, 27, 28, 29, 30, 31, -34, -26, 42, -20, -17, -12, -8, -5}), frozenset({3, 5, 7, 9, 10, 12, 13, 18, 19, 20, -43, 22, 23, -39, 26, 27, 28, 30, -31, 34, -29, 42, -21, -17, -14, -8, -4}), frozenset({3, 5, 7, 9, 10, 12, 13, 17, 19, 20, -43, 22, 23, -42, 26, 27, 29, 30, -31, 34, -28, 39, -21, -18, -14, -8, -4}), frozenset({4, 5, 7, 9, 10, 12, 14, 17, 19, 20, 21, -43, 23, -39, 26, 27, 28, 31, 34, -30, -29, 42, -22, -18, -13, -8, -3}), frozenset({4, 5, 8, 9, 10, 12, 14, 17, 18, 20, 21, 22, -42, -43, 26, 27, 28, 31, 34, -30, -29, 39, -23, -19, -13, -7, -3}), frozenset({4, 5, 7, 9, 10, 12, 14, 17, 19, 20, 21, -43, 23, -39, 26, 28, 29, 31, 34, -30, -27, 42, -22, -18, -13, -8, -3}), frozenset({3, 5, 7, 9, 12, 13, 14, 18, 19, 20, -43, 22, 23, -39, 26, 28, 29, 30, 31, -34, -27, 42, -21, -17, -10, -8, -4}), frozenset({4, 5, 7, 9, 10, 12, 14, 17, 19, 20, 21, 22, -42, -43, 27, 28, 29, 30, -31, 34, -26, 39, -23, -18, -13, -8, -3}), frozenset({3, 5, 7, 9, 10, 12, 13, 18, 19, 20, -43, 22, 23, -39, 26, 27, 28, 31, 34, -30, -29, 42, -21, -17, -14, -8, -4}), frozenset({4, 5, 7, 9, 10, 12, 14, 17, 18, 20, -43, 22, 23, -39, 26, 27, 28, 31, 34, -30, -29, 42, -21, -19, -13, -8, -3}), frozenset({3, 5, 7, 9, 10, 12, 14, 18, 19, 20, 21, -42, 23, -43, 26, 27, 29, 30, -31, 34, -28, 39, -22, -17, -13, -8, -4}), frozenset({4, 5, 7, 9, 10, 12, 14, 17, 19, 20, -43, 22, 23, -39, 26, 27, 28, 31, 34, -30, -29, 42, -21, -18, -13, -8, -3}), frozenset({3, 5, 7, 9, 10, 12, 13, 18, 19, 20, -43, 22, 23, -42, 26, 27, 29, 30, -31, 34, -28, 39, -21, -17, -14, -8, -4})]
709	itemsets left after W operation 	: [frozenset({2, 34, 5, 38, 40, 9, 10, 11, 41, 44, 15, 16, 20, 24, 25}), frozenset({3, 6, 7, 13, 14, 17, 19, -44, 22, 23, -42, 26, 27, 29, 30, 31, 32, -35, -33, 36, 37, -28, 39, -21, -18, -12, -8, -4}), frozenset({3, 6, 7, 13, 14, 17, 19, -44, 21, 23, -39, 26, 27, 28, -36, 30, 32, 33, -31, 35, -29, 37, 42, -22, -18, -12, -8, -4}), frozenset({3, 6, 7, 12, 14, 18, 19, -44, 22, 23, -42, 26, 27, 28, -35, 30, 31, -32, 33, -29, 36, 37, 39, -21, -17, -13, -8, -4}), frozenset({3, 6, 8, 13, 14, 18, 19, -44, 21, 22, -42, 26, 28, 29, 30, 31, 32, -35, -33, 36, 37, -27, 39, -23, -17, -12, -7, -4}), frozenset({4, 6, 8, 13, 14, 17, 19, -44, 21, 22, -42, 26, 27, 28, -36, 30, 32, 33, -31, 35, -29, 37, 39, -23, -18, -12, -7, -3}), frozenset({3, 6, 7, 13, 14, 17, 19, -44, 22, 23, -42, 26, 27, -37, 29, 30, 31, 32, -33, 35, 36, -28, 39, -21, -18, -12, -8, -4}), frozenset({3, 6, 8, 13, 14, 17, 19, -44, 21, 23, -39, 26, 27, 28, -35, 30, 31, -32, 33, -29, 36, 37, 42, -22, -18, -12, -7, -4}), frozenset({3, 7, 8, 12, 14, 18, 19, -44, 21, 22, -42, 26, 27, 28, -35, 30, 32, 33, -31, -29, 36, 37, 39, -23, -17, -13, -6, -4})]
1	itemsets left after W operation 	: [frozenset({32, 33, 2, 36, 37, 40, 41, 11, 45, 15, 16}), frozenset({3, 4, 7, 8, 9, 12, 13, 14, 18, 19, 20, 21, 22, 24, 26, 27, 28, 29, 30, 31, 38, 42, -45, -39, -35, -34, -25, -23, -17, -10, -6, -5}), frozenset({3, 5, 6, 7, 9, 12, 13, 14, 18, 19, 20, 21, 22, 23, 26, 27, 28, 29, 30, 31, 38, 42, -45, -39, -35, -34, -25, -24, -17, -10, -8, -4}), frozenset({3, 4, 7, 8, 9, 12, 13, 14, 18, 19, 21, 22, 23, 24, 25, 27, 28, 29, 30, 31, 38, 39, -45, -42, -35, -34, -26, -20, -17, -10, -6, -5}), frozenset({3, 4, 7, 8, 9, 12, 13, 14, 17, 18, 21, 22, 23, 24, 25, 26, 27, 28, 30, 31, 35, 39, -45, -42, -38, -34, -29, -20, -19, -10, -6, -5}), frozenset({-45, 6, 38, 24, 25, 43, -35})]
>/Users/arcchit/Docs/Mistle/Resources/spmf.jar
========== LCM - STATS ============
 Freq. closed itemsets count: 29
 Total time ~: 6 ms
 Max memory:7.8422393798828125
=====================================
Length of freq items 1	: 29
Time of freq items 1	: 0.37695884704589844
29 Frequent Itemsets are mined in 0.0005822181701660156 seconds.
Length of freq items 2	: 29
Time of freq items 2	: 0.0006222724914550781
28	itemsets left after W operation 	: [frozenset({19, 7, 46, 23}), frozenset({4, 5, 9, 10, 12, 14, 17, -46, 20, -43, 22, -42, 26, 27, 28, 31, 34, -30, -29, 39, -21, -18, -13, -8, -3}), frozenset({3, 4, 8, 10, 13, 14, 18, -46, 21, 22, -43, -39, 27, 28, 29, 30, 31, -34, -26, 42, -20, -17, -12, -9, -5}), frozenset({3, 5, 9, 10, 12, 14, 17, -46, 20, 21, -43, -39, 26, 27, 28, 31, 34, -30, -29, 42, -22, -18, -13, -8, -4}), frozenset({4, 5, 8, 10, 12, 14, 18, -46, 20, 21, -42, -43, 26, 28, 29, 31, 34, -30, -27, 39, -22, -17, -13, -9, -3}), frozenset({4, 5, 9, 10, 12, 14, 17, -46, 20, 21, -42, -43, 26, 27, 28, 31, 34, -30, -29, 39, -22, -18, -13, -8, -3}), frozenset({3, 5, 8, 12, 13, 14, 17, -46, 21, 22, -42, -43, 26, 28, 29, 30, 31, -34, -27, 39, -20, -18, -10, -9, -4}), frozenset({3, 5, 9, 10, 12, 13, 17, -46, 21, 22, -42, -43, 26, 27, 29, 31, 34, -30, -28, 39, -20, -18, -14, -8, -4}), frozenset({3, 5, 8, 12, 13, 14, 18, -46, 20, -43, 22, -42, 27, 28, 29, 30, 31, -34, -26, 39, -21, -17, -10, -9, -4}), frozenset({3, 5, 9, 10, 12, 13, 18, -46, 20, -43, 22, -39, 26, 27, 29, 30, -31, 34, -28, 42, -21, -17, -14, -8, -4}), frozenset({3, 4, 9, 12, 13, 14, 18, -46, 21, 22, -42, -43, 26, 28, 29, 30, 31, -34, -27, 39, -20, -17, -10, -8, -5}), frozenset({3, 5, 9, 10, 12, 14, 17, -46, 20, -43, 22, -42, 26, 27, 28, 30, -31, 34, -29, 39, -21, -18, -13, -8, -4}), frozenset({3, 5, 9, 10, 12, 14, 17, -46, 20, -43, 22, -39, 26, 27, 28, 31, 34, -30, -29, 42, -21, -18, -13, -8, -4}), frozenset({4, 5, 9, 10, 13, 14, 18, -46, 20, 21, -42, -43, 26, 27, 28, 30, -31, 34, -29, 39, -22, -17, -12, -8, -3}), frozenset({4, 5, 9, 10, 12, 14, 17, -46, 20, -43, 22, -39, 26, 27, 29, 31, 34, -30, -28, 42, -21, -18, -13, -8, -3}), frozenset({3, 4, 9, 10, 13, 14, 18, -46, 21, 22, -43, -39, 27, 28, 29, 30, 31, -34, -26, 42, -20, -17, -12, -8, -5}), frozenset({3, 5, 9, 10, 12, 13, 18, -46, 20, -43, 22, -39, 26, 27, 28, 30, -31, 34, -29, 42, -21, -17, -14, -8, -4}), frozenset({3, 5, 9, 10, 12, 13, 17, -46, 20, -43, 22, -42, 26, 27, 29, 30, -31, 34, -28, 39, -21, -18, -14, -8, -4}), frozenset({4, 5, 9, 10, 12, 14, 17, -46, 20, 21, -43, -39, 26, 27, 28, 31, 34, -30, -29, 42, -22, -18, -13, -8, -3}), frozenset({4, 5, 9, 10, 12, 14, 17, -46, 20, 21, -43, -39, 26, 28, 29, 31, 34, -30, -27, 42, -22, -18, -13, -8, -3}), frozenset({3, 5, 9, 12, 13, 14, 18, -46, 20, -43, 22, -39, 26, 28, 29, 30, 31, -34, -27, 42, -21, -17, -10, -8, -4}), frozenset({3, 5, 9, 10, 12, 13, 18, -46, 20, -43, 22, -39, 26, 27, 28, 31, 34, -30, -29, 42, -21, -17, -14, -8, -4}), frozenset({3, 5, 9, 10, 12, 14, 18, -46, 20, 21, -42, -43, 26, 27, 29, 30, -31, 34, -28, 39, -22, -17, -13, -8, -4}), frozenset({4, 5, 9, 10, 12, 14, 17, -46, 20, -43, 22, -39, 26, 27, 28, 31, 34, -30, -29, 42, -21, -18, -13, -8, -3}), frozenset({3, 5, 9, 10, 12, 13, 18, -46, 20, -43, 22, -42, 26, 27, 29, 30, -31, 34, -28, 39, -21, -17, -14, -8, -4}), frozenset({3, 6, 13, 14, 17, -46, -44, 22, -42, 26, 27, 29, 30, 31, 32, -35, -33, 36, 37, -28, 39, -21, -18, -12, -8, -4}), frozenset({3, 6, 13, 14, 17, -46, -44, 21, -39, 26, 27, 28, -36, 30, 32, 33, -31, 35, -29, 37, 42, -22, -18, -12, -8, -4}), frozenset({3, 6, 12, 14, 18, -46, -44, 22, -42, 26, 27, 28, -35, 30, 31, -32, 33, -29, 36, 37, 39, -21, -17, -13, -8, -4}), frozenset({3, 6, 13, 14, 17, -46, -44, 22, -42, 26, 27, -37, 29, 30, 31, 32, -33, 35, 36, -28, 39, -21, -18, -12, -8, -4}), frozenset({3, 5, 6, 9, 12, 13, 14, 18, -45, 20, 21, 22, -46, -39, 26, 27, 28, 29, 30, 31, -35, -34, 38, -25, -24, 42, -17, -10, -8, -4}), frozenset({3, 4, 8, 9, 12, 13, 14, 18, -45, -46, 21, 22, -42, 24, 25, 27, 28, 29, 30, 31, -35, -34, 38, 39, -26, -20, -17, -10, -6, -5})]
24	itemsets left after W operation 	: [frozenset({28, 14, 47}), frozenset({4, 5, 8, 9, 10, 12, 17, -47, 19, 20, 21, 22, -43, -39, 26, 27, 31, 34, -30, -29, -23, 42, -18, -13, -7, -3}), frozenset({3, 5, 7, 9, 10, 12, 17, 18, -47, 20, -43, 22, 23, -39, 26, 27, 31, 34, -30, -29, 42, -21, -19, -13, -8, -4}), frozenset({4, 5, 8, 9, 10, 13, 17, -47, 19, 20, 21, 22, -43, -39, 26, 27, 30, -31, 34, -29, -23, 42, -18, -12, -7, -3}), frozenset({4, 5, 8, 9, 10, 12, 17, 18, -47, 20, 21, 22, -42, -43, 26, 27, 31, 34, -30, -29, 39, -23, -19, -13, -7, -3}), frozenset({4, 5, 7, 9, 10, 12, 17, -47, 19, 20, 21, 22, -42, -43, 27, 29, 30, -31, 34, -26, 39, -23, -18, -13, -8, -3}), frozenset({4, 5, 7, 9, 10, 12, 17, 18, -47, 20, -43, 22, 23, -39, 26, 27, 31, 34, -30, -29, 42, -21, -19, -13, -8, -3}), frozenset({3, 6, 8, 13, -47, 18, 19, -44, 21, 22, -42, 26, 29, 30, 31, 32, -35, -33, 36, 37, -27, 39, -23, -17, -12, -7, -4}), frozenset({4, 6, 8, 13, 17, -47, 19, -44, 21, 22, -42, 26, 27, -36, 30, 32, 33, -31, 35, -29, 37, 39, -23, -18, -12, -7, -3}), frozenset({3, 6, 8, 13, 17, -47, 19, -44, 21, 23, -39, 26, 27, -35, 30, 31, -32, 33, -29, 36, 37, 42, -22, -18, -12, -7, -4}), frozenset({3, 7, 8, 12, -47, 18, 19, -44, 21, 22, -42, 26, 27, -35, 30, 32, 33, -31, -29, 36, 37, 39, -23, -17, -13, -6, -4}), frozenset({3, 4, 7, 8, 9, 12, 13, -47, 18, 19, 20, 21, 22, -45, 24, -39, 26, 27, 29, 30, 31, -35, -34, 38, -25, -23, 42, -17, -10, -6, -5}), frozenset({3, 4, 7, 8, 9, 12, 13, 17, 18, -45, -47, 21, 22, 23, 24, 25, 26, 27, -42, -38, 30, 31, -34, 35, -29, 39, -20, -19, -10, -6, -5}), frozenset({4, 5, 9, 10, 12, 17, -46, -47, 20, -43, 22, -42, 26, 27, 31, 34, -30, -29, 39, -21, -18, -13, -8, -3}), frozenset({3, 4, 8, 10, 13, -47, 18, -46, 21, 22, -43, -39, 27, 29, 30, 31, -34, -26, 42, -20, -17, -12, -9, -5}), frozenset({3, 5, 9, 10, 12, 17, -46, -47, 20, 21, -43, -39, 26, 27, 31, 34, -30, -29, 42, -22, -18, -13, -8, -4}), frozenset({4, 5, 8, 10, 12, -47, 18, -46, 20, 21, -42, -43, 26, 29, 31, 34, -30, -27, 39, -22, -17, -13, -9, -3}), frozenset({4, 5, 9, 10, 12, 17, -46, -47, 20, 21, -42, -43, 26, 27, 31, 34, -30, -29, 39, -22, -18, -13, -8, -3}), frozenset({3, 5, 8, 12, 13, 17, -46, -47, 21, 22, -42, -43, 26, 29, 30, 31, -34, -27, 39, -20, -18, -10, -9, -4}), frozenset({3, 5, 8, 12, 13, -47, 18, -46, 20, -43, 22, -42, 27, 29, 30, 31, -34, -26, 39, -21, -17, -10, -9, -4}), frozenset({3, 4, 9, 12, 13, -47, 18, -46, 21, 22, -42, -43, 26, 29, 30, 31, -34, -27, 39, -20, -17, -10, -8, -5}), frozenset({3, 5, 9, 10, 12, 17, -46, -47, 20, -43, 22, -42, 26, 27, 30, -31, 34, -29, 39, -21, -18, -13, -8, -4}), frozenset({3, 5, 9, 10, 12, 17, -46, -47, 20, -43, 22, -39, 26, 27, 31, 34, -30, -29, 42, -21, -18, -13, -8, -4}), frozenset({4, 5, 9, 10, 13, -47, 18, -46, 20, 21, -42, -43, 26, 27, 30, -31, 34, -29, 39, -22, -17, -12, -8, -3}), frozenset({3, 4, 9, 10, 13, -47, 18, -46, 21, 22, -43, -39, 27, 29, 30, 31, -34, -26, 42, -20, -17, -12, -8, -5}), frozenset({4, 5, 9, 10, 12, 17, -46, -47, 20, 21, -43, -39, 26, 27, 31, 34, -30, -29, 42, -22, -18, -13, -8, -3}), frozenset({4, 5, 9, 10, 12, 17, -46, -47, 20, 21, -43, -39, 26, 29, 31, 34, -30, -27, 42, -22, -18, -13, -8, -3}), frozenset({3, 5, 9, 12, 13, -47, 18, -46, 20, -43, 22, -39, 26, 29, 30, 31, -34, -27, 42, -21, -17, -10, -8, -4}), frozenset({4, 5, 9, 10, 12, 17, -46, -47, 20, -43, 22, -39, 26, 27, 31, 34, -30, -29, 42, -21, -18, -13, -8, -3}), frozenset({3, 6, 13, 17, -46, -47, -44, 21, -39, 26, 27, -36, 30, 32, 33, -31, 35, -29, 37, 42, -22, -18, -12, -8, -4}), frozenset({3, 6, 12, -47, 18, -46, -44, 22, -42, 26, 27, -35, 30, 31, -32, 33, -29, 36, 37, 39, -21, -17, -13, -8, -4}), frozenset({3, 5, 6, 9, 12, 13, -47, 18, -45, 20, 21, 22, -46, -39, 26, 27, 29, 30, 31, -35, -34, 38, -25, -24, 42, -17, -10, -8, -4}), frozenset({3, 4, 8, 9, 12, 13, -47, 18, -45, -46, 21, 22, -42, 24, 25, 27, 29, 30, 31, -35, -34, 38, 39, -26, -20, -17, -10, -6, -5})]
16	itemsets left after W operation 	: [frozenset({48, 26, 27}), frozenset({3, 5, 9, 10, 12, 13, -48, 17, -46, 21, 22, -42, -43, 29, 31, 34, -30, -28, 39, -20, -18, -14, -8, -4}), frozenset({3, 5, 9, 10, 12, 13, -48, 18, -46, 20, -43, 22, -39, 29, 30, -31, 34, -28, 42, -21, -17, -14, -8, -4}), frozenset({4, 5, 9, 10, 12, 14, -48, 17, -46, 20, -43, 22, -39, 29, 31, 34, -30, -28, 42, -21, -18, -13, -8, -3}), frozenset({3, 5, 9, 10, 12, 13, -48, 18, -46, 20, -43, 22, -39, 28, 30, -31, 34, -29, 42, -21, -17, -14, -8, -4}), frozenset({3, 5, 9, 10, 12, 13, -48, 17, -46, 20, -43, 22, -42, 29, 30, -31, 34, -28, 39, -21, -18, -14, -8, -4}), frozenset({3, 5, 9, 10, 12, 13, -48, 18, -46, 20, -43, 22, -39, 28, 31, 34, -30, -29, 42, -21, -17, -14, -8, -4}), frozenset({3, 5, 9, 10, 12, 14, -48, 18, -46, 20, 21, -42, -43, 29, 30, -31, 34, -28, 39, -22, -17, -13, -8, -4}), frozenset({3, 5, 9, 10, 12, 13, -48, 18, -46, 20, -43, 22, -42, 29, 30, -31, 34, -28, 39, -21, -17, -14, -8, -4}), frozenset({3, 6, 13, 14, -48, 17, -46, -44, 22, -42, 29, 30, 31, 32, -35, -33, 36, 37, -28, 39, -21, -18, -12, -8, -4}), frozenset({3, 6, 13, 14, -48, 17, -46, -44, 22, -42, -37, 29, 30, 31, 32, -33, 35, 36, -28, 39, -21, -18, -12, -8, -4}), frozenset({4, 5, 8, 9, 10, 12, -48, 17, -47, 19, 20, 21, 22, -43, -39, 31, 34, -30, -29, -23, 42, -18, -13, -7, -3}), frozenset({3, 5, 7, 9, 10, 12, -48, 17, 18, -47, 20, -43, 22, 23, -39, 31, 34, -30, -29, 42, -21, -19, -13, -8, -4}), frozenset({4, 5, 8, 9, 10, 13, -48, 17, -47, 19, 20, 21, 22, -43, -39, 30, -31, 34, -29, -23, 42, -18, -12, -7, -3}), frozenset({4, 5, 8, 9, 10, 12, -48, 17, 18, -47, 20, 21, 22, -42, -43, 31, 34, -30, -29, 39, -23, -19, -13, -7, -3}), frozenset({4, 5, 7, 9, 10, 12, -48, 17, 18, -47, 20, -43, 22, 23, -39, 31, 34, -30, -29, 42, -21, -19, -13, -8, -3}), frozenset({4, 6, 8, 13, -48, 17, -47, 19, -44, 21, 22, -42, -36, 30, 32, 33, -31, 35, -29, 37, 39, -23, -18, -12, -7, -3}), frozenset({3, 6, 8, 13, -48, 17, -47, 19, -44, 21, 23, -39, -35, 30, 31, -32, 33, -29, 36, 37, 42, -22, -18, -12, -7, -4}), frozenset({3, 7, 8, 12, -48, -47, 18, 19, -44, 21, 22, -42, -35, 30, 32, 33, -31, -29, 36, 37, 39, -23, -17, -13, -6, -4}), frozenset({3, 4, 7, 8, 9, 12, 13, -48, -47, 18, 19, 20, 21, 22, -45, 24, -39, 29, 30, 31, -35, -34, 38, -25, -23, 42, -17, -10, -6, -5}), frozenset({3, 4, 7, 8, 9, 12, 13, -48, 17, 18, -45, -47, 21, 22, 23, 24, 25, -42, -38, 30, 31, -34, 35, -29, 39, -20, -19, -10, -6, -5}), frozenset({4, 5, 9, 10, 12, -48, 17, -46, -47, 20, -43, 22, -42, 31, 34, -30, -29, 39, -21, -18, -13, -8, -3}), frozenset({3, 5, 9, 10, 12, -48, 17, -46, -47, 20, 21, -43, -39, 31, 34, -30, -29, 42, -22, -18, -13, -8, -4}), frozenset({4, 5, 9, 10, 12, -48, 17, -46, -47, 20, 21, -42, -43, 31, 34, -30, -29, 39, -22, -18, -13, -8, -3}), frozenset({3, 5, 9, 10, 12, -48, 17, -46, -47, 20, -43, 22, -42, 30, -31, 34, -29, 39, -21, -18, -13, -8, -4}), frozenset({3, 5, 9, 10, 12, -48, 17, -46, -47, 20, -43, 22, -39, 31, 34, -30, -29, 42, -21, -18, -13, -8, -4}), frozenset({4, 5, 9, 10, 13, -48, -47, 18, -46, 20, 21, -42, -43, 30, -31, 34, -29, 39, -22, -17, -12, -8, -3}), frozenset({4, 5, 9, 10, 12, -48, 17, -46, -47, 20, 21, -43, -39, 31, 34, -30, -29, 42, -22, -18, -13, -8, -3}), frozenset({4, 5, 9, 10, 12, -48, 17, -46, -47, 20, -43, 22, -39, 31, 34, -30, -29, 42, -21, -18, -13, -8, -3}), frozenset({3, 6, 13, -48, 17, -46, -47, -44, 21, -39, -36, 30, 32, 33, -31, 35, -29, 37, 42, -22, -18, -12, -8, -4}), frozenset({3, 6, 12, -48, -47, 18, -46, -44, 22, -42, -35, 30, 31, -32, 33, -29, 36, 37, 39, -21, -17, -13, -8, -4}), frozenset({3, 5, 6, 9, 12, 13, -48, -47, 18, -45, 20, 21, 22, -46, -39, 29, 30, 31, -35, -34, 38, -25, -24, 42, -17, -10, -8, -4})]
0 clauses are pruned.
Initial DL				: 33342.85571170743
Final DL				: 6901.959053668842
Compression (wrt me)	: 0.7930003622561517
Operator Counters		: {'D': 0, 'W': 6, 'V': 0, 'S': 0, 'R': 0, 'T': 0}

Dataset	: glass.dat;	Missingness Parameter	: 0.05
Mistle Accuracy = 0.38283828382838286 ; 0.7178217821782178 ; 0.07920792079207921 ; 0.4141914191419142 / 606
CNFAlgo Accuracy = 19/606 = 0.03135313531353135

Dataset	: glass.dat;	Missingness Parameter	: 0.1
Mistle Accuracy = 0.38202247191011235 ; 0.7462546816479401 ; 0.2612359550561798 ; 0.6254681647940075 / 2136
CNFAlgo Accuracy = 22/2136 = 0.010299625468164793


dataset = glass.dat with minsup = 0.7353104140809114
missingness_parameters = [0.05, 0.1]
mistle_accuracy_list1 = [0.38283828382838286, 0.38202247191011235]
mistle_accuracy_list2 = [0.7178217821782178, 0.7462546816479401]
mistle_accuracy_list3 = [0.07920792079207921, 0.2612359550561798]
mistle_accuracy_list4 = [0.4141914191419142, 0.6254681647940075]
mistle_clauses_list = [63, 63]
mistle_literals_list = [1525, 1525]
cnfalgo_accuracy_list = [0.03135313531353135, 0.010299625468164793]
cnfalgo_clauses_list = [889479, 889479]
cnfalgo_literals_list = [4074675, 4074675]
train_data_literals_list = [6478, 6478]
randomized_accuracy_list = [0.19163602941176472, 0.11279296875]
