>/Users/arcchit/Docs/Mistle/Resources/spmf.jar
========== LCM - STATS ============
 Freq. closed itemsets count: 5042
 Total time ~: 257 ms
 Max memory:26.64551544189453
=====================================
>/Users/arcchit/Docs/Mistle/Resources/spmf.jar
========== LCM - STATS ============
 Freq. closed itemsets count: 0
 Total time ~: 2 ms
 Max memory:7.565757751464844
=====================================
>/Users/arcchit/Docs/Mistle/Resources/spmf.jar
========== LCM - STATS ============
 Freq. closed itemsets count: 815
 Total time ~: 55 ms
 Max memory:11.842170715332031
=====================================
Current Minsup[0.5] yields 678598 itemsets.
Current Minsup[0.75] yields 9918 itemsets.
Length of freq items 1	: 5042
Time of freq items 1	: 0.6034660339355469
23648 Frequent Itemsets are mined in 0.39763593673706055 seconds.
Length of freq items 2	: 23648
Time of freq items 2	: 0.39771389961242676
DL of initial theory	: 25115.111343590903
5041	itemsets left after T operation 	: [frozenset({2, 36, 5, 6, 38, 40, 11, 14, 15, 16, 24, 27})]
4267	itemsets left after W operation 	: [frozenset({32, 2, 36, 5, 38, 40, 41, 43, 12, 15, 16}), frozenset({3, 6, 8, 9, 10, 13, 14, 17, 18, 20, 22, 23, 24, 25, 26, 27, 28, 30, 31, 34, 37, 42, -43, -39, -35, -33, -29, -21, -19, -11, -7, -4}), frozenset({4, 7, 8, 9, 10, 11, 14, 18, 19, 20, 21, 23, 24, 25, 26, 27, 28, 30, 33, 34, 37, 42, -43, -39, -35, -31, -29, -22, -17, -13, -6, -3}), frozenset({4, 6, 7, 8, 10, 13, 14, 17, 19, 20, 21, 22, 23, 26, 27, 28, 29, 31, 33, 34, 37, 42, -43, -39, -35, -30, -25, -24, -18, -11, -9, -3}), frozenset({3, 6, 7, 9, 10, 13, 14, 17, 18, 20, 22, 23, 24, 25, 26, 27, 28, 30, 31, 34, 35, 39, -43, -42, -37, -33, -29, -21, -19, -11, -8, -4}), frozenset({3, 6, 7, 8, 10, 11, 13, 18, 19, 21, 22, 23, 24, 26, 27, 28, 29, 30, 31, 34, 37, 42, -43, -39, -35, -33, -25, -20, -17, -14, -9, -4}), frozenset({3, 6, 7, 9, 10, 11, 13, 18, 19, 21, 22, 23, 24, 25, 26, 28, 29, 30, 31, 34, 37, 39, -43, -42, -35, -33, -27, -20, -17, -14, -8, -4}), frozenset({3, 7, 8, 9, 10, 13, 14, 17, 19, 20, 21, 22, 24, 25, 26, 27, 28, 30, 31, 33, 37, 42, -43, -39, -35, -34, -29, -23, -18, -11, -6, -4}), frozenset({3, 6, 7, 8, 10, 11, 13, 18, 19, 21, 22, 23, 24, 25, 27, 28, 29, 30, 31, 34, 37, 42, -43, -39, -35, -33, -26, -20, -17, -14, -9, -4}), frozenset({3, 6, 7, 9, 10, 11, 13, 18, 19, 21, 22, 23, 24, 25, 27, 28, 29, 30, 33, 34, 37, 42, -43, -39, -35, -31, -26, -20, -17, -14, -8, -4}), frozenset({4, 7, 8, 9, 11, 13, 14, 18, 19, 20, 21, 22, 23, 25, 26, 27, 28, 30, 33, 34, 37, 42, -43, -39, -35, -31, -29, -24, -17, -10, -6, -3}), frozenset({3, 7, 8, 9, 10, 13, 14, 17, 19, 20, 22, 23, 24, 25, 26, 27, 29, 30, 31, 33, 37, 42, -43, -39, -35, -34, -28, -21, -18, -11, -6, -4}), frozenset({3, 6, 7, 9, 10, 11, 14, 18, 19, 20, 22, 23, 24, 25, 26, 28, 29, 30, 31, 34, 37, 39, -43, -42, -35, -33, -27, -21, -17, -13, -8, -4})]
538	itemsets left after T operation 	: [frozenset({5, 6, 38, 40, 11, 14, 16, 24, 27})]
77	itemsets left after T operation 	: [frozenset({5, 6, 38, 40, 11, 14, 27})]
Length of freq items 1	: 0
Time of freq items 1	: 0.3202979564666748
0 Frequent Itemsets are mined in 0.0002079010009765625 seconds.
Length of freq items 2	: 0
Time of freq items 2	: 0.0002491474151611328
0 clauses are pruned.
Initial DL				: 33342.85571170743
Final DL				: 7796.615630355361
Compression (wrt me)	: 0.7661683300984387
Operator Counters		: {'D': 0, 'W': 1, 'V': 0, 'S': 0, 'R': 0, 'T': 3}
Length of freq items 1	: 815
Time of freq items 1	: 0.39620494842529297
97696 Frequent Itemsets are mined in 1.7431938648223877 seconds.
Length of freq items 2	: 97696
Time of freq items 2	: 1.743246078491211
DL of initial theory	: 25115.111343590903
813	itemsets left after W operation 	: [frozenset({32, 2, 36, 37, 6, 38, 40, 41, 11, 43, 15, 16, 24, 25, -35}), frozenset({4, 5, 7, 9, 10, 12, 14, 17, 19, 20, -43, 22, 23, -42, 26, 27, 28, 31, 33, 34, -30, -29, 39, -21, -18, -13, -8, -3}), frozenset({3, 5, 7, 9, 10, 13, 14, 17, 19, 20, -43, 22, 23, -42, 26, 27, 29, 30, 31, -33, 34, -28, 39, -21, -18, -12, -8, -4}), frozenset({3, 4, 7, 8, 10, 13, 14, 18, 19, 21, 22, 23, -43, -39, 27, 28, 29, 30, 31, -34, 33, -26, 42, -20, -17, -12, -9, -5}), frozenset({3, 5, 7, 9, 10, 12, 14, 17, 19, 20, 21, -43, 23, -39, 26, 27, 28, 31, 33, 34, -30, -29, 42, -22, -18, -13, -8, -4}), frozenset({4, 5, 7, 8, 10, 12, 14, 18, 19, 20, 21, -42, 23, -43, 26, 28, 29, 31, 33, 34, -30, -27, 39, -22, -17, -13, -9, -3}), frozenset({4, 5, 7, 9, 10, 12, 14, 17, 19, 20, 21, -42, 23, -43, 26, 27, 28, 31, 33, 34, -30, -29, 39, -22, -18, -13, -8, -3}), frozenset({4, 5, 8, 9, 10, 12, 14, 17, 19, 20, 21, 22, -43, -39, 26, 27, 28, 31, 33, 34, -30, -29, -23, 42, -18, -13, -7, -3}), frozenset({3, 5, 7, 8, 12, 13, 14, 17, 19, 21, 22, 23, -42, -43, 26, 28, 29, 30, 31, -34, 33, -27, 39, -20, -18, -10, -9, -4}), frozenset({3, 5, 7, 9, 10, 12, 14, 17, 18, 20, -43, 22, 23, -39, 26, 27, 28, 31, 33, 34, -30, -29, 42, -21, -19, -13, -8, -4}), frozenset({3, 5, 7, 9, 10, 12, 13, 17, 19, 21, 22, 23, -42, -43, 26, 27, 29, 31, 33, 34, -30, -28, 39, -20, -18, -14, -8, -4}), frozenset({3, 5, 7, 8, 12, 13, 14, 18, 19, 20, -43, 22, 23, -42, 27, 28, 29, 30, 31, -34, 33, -26, 39, -21, -17, -10, -9, -4}), frozenset({3, 5, 7, 9, 10, 12, 13, 18, 19, 20, -43, 22, 23, -39, 26, 27, 29, 30, 33, 34, -31, -28, 42, -21, -17, -14, -8, -4}), frozenset({3, 4, 7, 9, 12, 13, 14, 18, 19, 21, 22, 23, -42, -43, 26, 28, 29, 30, 31, -34, 33, -27, 39, -20, -17, -10, -8, -5}), frozenset({3, 5, 7, 9, 10, 12, 14, 17, 19, 20, -43, 22, 23, -42, 26, 27, 28, 30, 33, 34, -31, -29, 39, -21, -18, -13, -8, -4}), frozenset({4, 5, 8, 9, 10, 13, 14, 17, 19, 20, 21, 22, -43, -39, 26, 27, 28, 30, 33, 34, -31, -29, -23, 42, -18, -12, -7, -3}), frozenset({3, 5, 7, 9, 10, 12, 14, 17, 19, 20, -43, 22, 23, -39, 26, 27, 28, 31, 33, 34, -30, -29, 42, -21, -18, -13, -8, -4}), frozenset({4, 5, 7, 9, 10, 13, 14, 18, 19, 20, 21, -42, 23, -43, 26, 27, 28, 30, 33, 34, -31, -29, 39, -22, -17, -12, -8, -3}), frozenset({4, 5, 7, 9, 10, 12, 14, 17, 19, 20, -43, 22, 23, -39, 26, 27, 29, 31, 33, 34, -30, -28, 42, -21, -18, -13, -8, -3}), frozenset({3, 4, 7, 9, 10, 13, 14, 18, 19, 21, 22, 23, -43, -39, 27, 28, 29, 30, 31, -34, 33, -26, 42, -20, -17, -12, -8, -5}), frozenset({3, 5, 7, 9, 10, 12, 13, 18, 19, 20, -43, 22, 23, -39, 26, 27, 28, 30, 33, 34, -31, -29, 42, -21, -17, -14, -8, -4}), frozenset({3, 5, 8, 9, 10, 13, 14, 18, 19, 20, 21, 22, -42, -43, 26, 28, 29, 30, 31, -33, 34, -27, 39, -23, -17, -12, -7, -4}), frozenset({3, 5, 7, 9, 10, 12, 13, 17, 19, 20, -43, 22, 23, -42, 26, 27, 29, 30, 33, 34, -31, -28, 39, -21, -18, -14, -8, -4}), frozenset({4, 5, 7, 9, 10, 12, 14, 17, 19, 20, 21, -43, 23, -39, 26, 27, 28, 31, 33, 34, -30, -29, 42, -22, -18, -13, -8, -3}), frozenset({4, 5, 8, 9, 10, 12, 14, 17, 18, 20, 21, 22, -42, -43, 26, 27, 28, 31, 33, 34, -30, -29, 39, -23, -19, -13, -7, -3}), frozenset({4, 5, 7, 9, 10, 12, 14, 17, 19, 20, 21, -43, 23, -39, 26, 28, 29, 31, 33, 34, -30, -27, 42, -22, -18, -13, -8, -3}), frozenset({3, 5, 7, 9, 12, 13, 14, 18, 19, 20, -43, 22, 23, -39, 26, 28, 29, 30, 31, -34, 33, -27, 42, -21, -17, -10, -8, -4}), frozenset({4, 5, 7, 9, 10, 12, 14, 17, 19, 20, 21, 22, -42, -43, 27, 28, 29, 30, 33, 34, -31, -26, 39, -23, -18, -13, -8, -3}), frozenset({3, 5, 7, 9, 10, 12, 13, 18, 19, 20, -43, 22, 23, -39, 26, 27, 28, 31, 33, 34, -30, -29, 42, -21, -17, -14, -8, -4}), frozenset({4, 5, 7, 9, 10, 12, 14, 17, 18, 20, -43, 22, 23, -39, 26, 27, 28, 31, 33, 34, -30, -29, 42, -21, -19, -13, -8, -3}), frozenset({3, 5, 7, 9, 10, 12, 14, 18, 19, 20, 21, -42, 23, -43, 26, 27, 29, 30, 33, 34, -31, -28, 39, -22, -17, -13, -8, -4}), frozenset({4, 5, 7, 9, 10, 12, 14, 17, 19, 20, -43, 22, 23, -39, 26, 27, 28, 31, 33, 34, -30, -29, 42, -21, -18, -13, -8, -3}), frozenset({3, 5, 7, 9, 10, 12, 13, 18, 19, 20, -43, 22, 23, -42, 26, 27, 29, 30, 33, 34, -31, -28, 39, -21, -17, -14, -8, -4})]
36	itemsets left after W operation 	: [frozenset({33, 2, 37, 40, 9, 41, 11, 44, 15, 16, 27}), frozenset({3, 5, 6, 7, 10, 13, 14, 17, 19, 20, 21, 23, 24, 25, 26, 28, 30, 32, 34, 35, 38, 42, -44, -39, -36, -31, -29, -22, -18, -12, -8, -4}), frozenset({3, 4, 7, 8, 12, 13, 14, 18, 19, 20, 21, 22, 24, 26, 28, 29, 30, 31, 32, 36, 38, 42, -44, -39, -35, -34, -25, -23, -17, -10, -6, -5}), frozenset({3, 5, 6, 7, 12, 13, 14, 18, 19, 20, 21, 22, 23, 26, 28, 29, 30, 31, 32, 36, 38, 42, -44, -39, -35, -34, -25, -24, -17, -10, -8, -4}), frozenset({3, 5, 6, 7, 10, 12, 14, 18, 19, 20, 22, 23, 24, 25, 26, 28, 30, 31, 34, 36, 38, 39, -44, -42, -35, -32, -29, -21, -17, -13, -8, -4}), frozenset({3, 4, 7, 8, 12, 13, 14, 18, 19, 21, 22, 23, 24, 25, 28, 29, 30, 31, 32, 36, 38, 39, -44, -42, -35, -34, -26, -20, -17, -10, -6, -5}), frozenset({3, 4, 7, 8, 12, 13, 14, 17, 18, 21, 22, 23, 24, 25, 26, 28, 30, 31, 32, 35, 36, 39, -44, -42, -38, -34, -29, -20, -19, -10, -6, -5}), frozenset({4, 5, 6, 8, 10, 13, 14, 17, 19, 20, 21, 22, 24, 25, 26, 28, 30, 32, 34, 35, 38, 39, -44, -42, -36, -31, -29, -23, -18, -12, -7, -3}), frozenset({3, 5, 6, 8, 10, 13, 14, 17, 19, 20, 21, 23, 24, 25, 26, 28, 30, 31, 34, 36, 38, 42, -44, -39, -35, -32, -29, -22, -18, -12, -7, -4}), frozenset({3, 5, 7, 8, 10, 12, 14, 18, 19, 20, 21, 22, 24, 25, 26, 28, 30, 32, 34, 36, 38, 39, -44, -42, -35, -31, -29, -23, -17, -13, -6, -4})]>/Users/arcchit/Docs/Mistle/Resources/spmf.jar
========== LCM - STATS ============
 Freq. closed itemsets count: 33
 Total time ~: 8 ms
 Max memory:7.845787048339844
=====================================

Length of freq items 1	: 33
Time of freq items 1	: 0.3318028450012207
39 Frequent Itemsets are mined in 0.0006589889526367188 seconds.
Length of freq items 2	: 39
Time of freq items 2	: 0.0006921291351318359
31	itemsets left after W operation 	: [frozenset({34, 20, 5, 10, 45}), frozenset({2, 3, 6, 7, 9, 11, 13, 14, 15, 16, 17, 19, 22, 23, 24, 25, 26, 27, 29, 30, 31, 32, 35, 36, 38, 39, 40, 41, -45, -42, -37, -33, -28, -21, -18, -12, -8, -4}), frozenset({4, 7, 9, 12, 14, 17, 19, -45, -43, 22, 23, -42, 26, 27, 28, 31, 33, -30, -29, 39, -21, -18, -13, -8, -3}), frozenset({3, 7, 9, 13, 14, 17, 19, -45, -43, 22, 23, -42, 26, 27, 29, 30, 31, -33, -28, 39, -21, -18, -12, -8, -4}), frozenset({3, 7, 9, 12, 14, 17, 19, -45, 21, -43, 23, -39, 26, 27, 28, 31, 33, -30, -29, 42, -22, -18, -13, -8, -4}), frozenset({4, 7, 8, 12, 14, 18, 19, -45, 21, -42, 23, -43, 26, 28, 29, 31, 33, -30, -27, 39, -22, -17, -13, -9, -3}), frozenset({4, 7, 9, 12, 14, 17, 19, -45, 21, -42, 23, -43, 26, 27, 28, 31, 33, -30, -29, 39, -22, -18, -13, -8, -3}), frozenset({4, 8, 9, 12, 14, 17, 19, -45, 21, 22, -43, -39, 26, 27, 28, 31, 33, -30, -29, -23, 42, -18, -13, -7, -3}), frozenset({3, 7, 9, 12, 14, 17, 18, -45, -43, 22, 23, -39, 26, 27, 28, 31, 33, -30, -29, 42, -21, -19, -13, -8, -4}), frozenset({3, 7, 9, 12, 13, 18, 19, -45, -43, 22, 23, -39, 26, 27, 29, 30, 33, -31, -28, 42, -21, -17, -14, -8, -4}), frozenset({3, 7, 9, 12, 14, 17, 19, -45, -43, 22, 23, -42, 26, 27, 28, 30, 33, -31, -29, 39, -21, -18, -13, -8, -4}), frozenset({4, 8, 9, 13, 14, 17, 19, -45, 21, 22, -43, -39, 26, 27, 28, 30, 33, -31, -29, -23, 42, -18, -12, -7, -3}), frozenset({3, 7, 9, 12, 14, 17, 19, -45, -43, 22, 23, -39, 26, 27, 28, 31, 33, -30, -29, 42, -21, -18, -13, -8, -4}), frozenset({4, 7, 9, 13, 14, 18, 19, -45, 21, -42, 23, -43, 26, 27, 28, 30, 33, -31, -29, 39, -22, -17, -12, -8, -3}), frozenset({4, 7, 9, 12, 14, 17, 19, -45, -43, 22, 23, -39, 26, 27, 29, 31, 33, -30, -28, 42, -21, -18, -13, -8, -3}), frozenset({3, 7, 9, 12, 13, 18, 19, -45, -43, 22, 23, -39, 26, 27, 28, 30, 33, -31, -29, 42, -21, -17, -14, -8, -4}), frozenset({3, 8, 9, 13, 14, 18, 19, -45, 21, 22, -42, -43, 26, 28, 29, 30, 31, -33, -27, 39, -23, -17, -12, -7, -4}), frozenset({3, 7, 9, 12, 13, 17, 19, -45, -43, 22, 23, -42, 26, 27, 29, 30, 33, -31, -28, 39, -21, -18, -14, -8, -4}), frozenset({4, 7, 9, 12, 14, 17, 19, -45, 21, -43, 23, -39, 26, 27, 28, 31, 33, -30, -29, 42, -22, -18, -13, -8, -3}), frozenset({4, 8, 9, 12, 14, 17, 18, -45, 21, 22, -42, -43, 26, 27, 28, 31, 33, -30, -29, 39, -23, -19, -13, -7, -3}), frozenset({4, 7, 9, 12, 14, 17, 19, -45, 21, -43, 23, -39, 26, 28, 29, 31, 33, -30, -27, 42, -22, -18, -13, -8, -3}), frozenset({4, 7, 9, 12, 14, 17, 19, -45, 21, 22, -42, -43, 27, 28, 29, 30, 33, -31, -26, 39, -23, -18, -13, -8, -3}), frozenset({3, 7, 9, 12, 13, 18, 19, -45, -43, 22, 23, -39, 26, 27, 28, 31, 33, -30, -29, 42, -21, -17, -14, -8, -4}), frozenset({4, 7, 9, 12, 14, 17, 18, -45, -43, 22, 23, -39, 26, 27, 28, 31, 33, -30, -29, 42, -21, -19, -13, -8, -3}), frozenset({3, 7, 9, 12, 14, 18, 19, -45, 21, -42, 23, -43, 26, 27, 29, 30, 33, -31, -28, 39, -22, -17, -13, -8, -4}), frozenset({4, 7, 9, 12, 14, 17, 19, -45, -43, 22, 23, -39, 26, 27, 28, 31, 33, -30, -29, 42, -21, -18, -13, -8, -3}), frozenset({3, 7, 9, 12, 13, 18, 19, -45, -43, 22, 23, -42, 26, 27, 29, 30, 33, -31, -28, 39, -21, -17, -14, -8, -4}), frozenset({3, 6, 7, 13, 14, 17, 19, -44, 21, -45, 23, 24, 25, 26, -39, 28, -36, 30, 32, -31, 35, -29, 38, 42, -22, -18, -12, -8, -4}), frozenset({3, 6, 7, 12, 14, 18, 19, -44, -45, 22, 23, 24, 25, 26, -42, 28, -35, 30, 31, -32, -29, 36, 38, 39, -21, -17, -13, -8, -4}), frozenset({4, 6, 8, 13, 14, 17, 19, -44, 21, 22, -42, 24, 25, 26, -45, 28, -36, 30, 32, -31, 35, -29, 38, 39, -23, -18, -12, -7, -3}), frozenset({3, 6, 8, 13, 14, 17, 19, -44, 21, -45, 23, 24, 25, 26, -39, 28, -35, 30, 31, -32, -29, 36, 38, 42, -22, -18, -12, -7, -4}), frozenset({3, 7, 8, 12, 14, 18, 19, -44, 21, 22, -42, 24, 25, 26, -45, 28, -35, 30, 32, -31, -29, 36, 38, 39, -23, -17, -13, -6, -4})]
24	itemsets left after W operation 	: [frozenset({19, 46, 7}), frozenset({3, 4, 8, 10, 13, 14, 18, -46, 21, 22, 23, -43, -39, 27, 28, 29, 30, 31, -34, 33, -26, 42, -20, -17, -12, -9, -5}), frozenset({3, 5, 8, 12, 13, 14, 17, -46, 21, 22, 23, -42, -43, 26, 28, 29, 30, 31, -34, 33, -27, 39, -20, -18, -10, -9, -4}), frozenset({3, 5, 9, 10, 12, 13, 17, -46, 21, 22, 23, -42, -43, 26, 27, 29, 31, 33, 34, -30, -28, 39, -20, -18, -14, -8, -4}), frozenset({3, 5, 8, 12, 13, 14, 18, -46, 20, -43, 22, 23, -42, 27, 28, 29, 30, 31, -34, 33, -26, 39, -21, -17, -10, -9, -4}), frozenset({3, 4, 9, 12, 13, 14, 18, -46, 21, 22, 23, -42, -43, 26, 28, 29, 30, 31, -34, 33, -27, 39, -20, -17, -10, -8, -5}), frozenset({3, 4, 9, 10, 13, 14, 18, -46, 21, 22, 23, -43, -39, 27, 28, 29, 30, 31, -34, 33, -26, 42, -20, -17, -12, -8, -5}), frozenset({3, 5, 9, 12, 13, 14, 18, -46, 20, -43, 22, 23, -39, 26, 28, 29, 30, 31, -34, 33, -27, 42, -21, -17, -10, -8, -4}), frozenset({3, 4, 8, 12, 13, 14, 18, -46, 20, 21, 22, -44, 24, -39, 26, 28, 29, 30, 31, 32, -35, -34, 36, 38, -25, -23, 42, -17, -10, -6, -5}), frozenset({3, 5, 6, 12, 13, 14, 18, -46, 20, 21, 22, 23, -44, -39, 26, 28, 29, 30, 31, 32, -35, -34, 36, 38, -25, -24, 42, -17, -10, -8, -4}), frozenset({3, 4, 8, 12, 13, 14, 18, -46, -44, 21, 22, 23, 24, 25, -42, 28, 29, 30, 31, 32, -35, -34, 36, 38, 39, -26, -20, -17, -10, -6, -5}), frozenset({2, 3, 6, 9, 11, 13, 14, 15, 16, 17, 22, 23, 24, 25, 26, 27, 29, 30, 31, 32, 35, 36, 38, 39, 40, 41, -46, -45, -42, -37, -33, -28, -21, -18, -12, -8, -4}), frozenset({4, 9, 12, 14, 17, -46, -45, -43, 22, 23, -42, 26, 27, 28, 31, 33, -30, -29, 39, -21, -18, -13, -8, -3}), frozenset({3, 9, 13, 14, 17, -46, -45, -43, 22, 23, -42, 26, 27, 29, 30, 31, -33, -28, 39, -21, -18, -12, -8, -4}), frozenset({3, 9, 12, 14, 17, -46, -45, 21, -43, 23, -39, 26, 27, 28, 31, 33, -30, -29, 42, -22, -18, -13, -8, -4}), frozenset({4, 8, 12, 14, 18, -45, -46, 21, -42, 23, -43, 26, 28, 29, 31, 33, -30, -27, 39, -22, -17, -13, -9, -3}), frozenset({4, 9, 12, 14, 17, -46, -45, 21, -42, 23, -43, 26, 27, 28, 31, 33, -30, -29, 39, -22, -18, -13, -8, -3}), frozenset({3, 9, 12, 13, 18, -45, -46, -43, 22, 23, -39, 26, 27, 29, 30, 33, -31, -28, 42, -21, -17, -14, -8, -4}), frozenset({3, 9, 12, 14, 17, -46, -45, -43, 22, 23, -42, 26, 27, 28, 30, 33, -31, -29, 39, -21, -18, -13, -8, -4}), frozenset({3, 9, 12, 14, 17, -46, -45, -43, 22, 23, -39, 26, 27, 28, 31, 33, -30, -29, 42, -21, -18, -13, -8, -4}), frozenset({4, 9, 13, 14, 18, -45, -46, 21, -42, 23, -43, 26, 27, 28, 30, 33, -31, -29, 39, -22, -17, -12, -8, -3}), frozenset({4, 9, 12, 14, 17, -46, -45, -43, 22, 23, -39, 26, 27, 29, 31, 33, -30, -28, 42, -21, -18, -13, -8, -3}), frozenset({3, 9, 12, 13, 18, -45, -46, -43, 22, 23, -39, 26, 27, 28, 30, 33, -31, -29, 42, -21, -17, -14, -8, -4}), frozenset({3, 9, 12, 13, 17, -46, -45, -43, 22, 23, -42, 26, 27, 29, 30, 33, -31, -28, 39, -21, -18, -14, -8, -4}), frozenset({4, 9, 12, 14, 17, -46, -45, 21, -43, 23, -39, 26, 27, 28, 31, 33, -30, -29, 42, -22, -18, -13, -8, -3}), frozenset({4, 9, 12, 14, 17, -46, -45, 21, -43, 23, -39, 26, 28, 29, 31, 33, -30, -27, 42, -22, -18, -13, -8, -3}), frozenset({4, 9, 12, 14, 17, -46, -45, 21, 22, -42, -43, 27, 28, 29, 30, 33, -31, -26, 39, -23, -18, -13, -8, -3}), frozenset({3, 9, 12, 13, 18, -45, -46, -43, 22, 23, -39, 26, 27, 28, 31, 33, -30, -29, 42, -21, -17, -14, -8, -4}), frozenset({3, 9, 12, 14, 18, -45, -46, 21, -42, 23, -43, 26, 27, 29, 30, 33, -31, -28, 39, -22, -17, -13, -8, -4}), frozenset({4, 9, 12, 14, 17, -46, -45, -43, 22, 23, -39, 26, 27, 28, 31, 33, -30, -29, 42, -21, -18, -13, -8, -3}), frozenset({3, 9, 12, 13, 18, -45, -46, -43, 22, 23, -42, 26, 27, 29, 30, 33, -31, -28, 39, -21, -17, -14, -8, -4}), frozenset({3, 6, 13, 14, 17, -46, -45, -44, 21, 23, 24, 25, 26, -39, 28, -36, 30, 32, -31, 35, -29, 38, 42, -22, -18, -12, -8, -4}), frozenset({3, 6, 12, 14, 18, -45, -44, -46, 22, 23, 24, 25, 26, -42, 28, -35, 30, 31, -32, -29, 36, 38, 39, -21, -17, -13, -8, -4}), frozenset({3, 8, 12, 14, 18, -45, -44, 21, 22, -42, 24, 25, 26, -46, 28, -35, 30, 32, -31, -29, 36, 38, 39, -23, -17, -13, -6, -4})]
22	itemsets left after W operation 	: [frozenset({28, 14, 47}), frozenset({3, 4, 7, 8, 12, 13, 17, 18, -47, -44, 21, 22, 23, 24, 25, 26, -42, -38, 30, 31, 32, -34, 35, 36, -29, 39, -20, -19, -10, -6, -5}), frozenset({4, 8, 9, 12, 17, -47, 19, -45, 21, 22, -43, -39, 26, 27, 31, 33, -30, -29, -23, 42, -18, -13, -7, -3}), frozenset({3, 7, 9, 12, 17, 18, -45, -47, -43, 22, 23, -39, 26, 27, 31, 33, -30, -29, 42, -21, -19, -13, -8, -4}), frozenset({4, 8, 9, 13, 17, -47, 19, -45, 21, 22, -43, -39, 26, 27, 30, 33, -31, -29, -23, 42, -18, -12, -7, -3}), frozenset({3, 8, 9, 13, -47, 18, 19, -45, 21, 22, -42, -43, 26, 29, 30, 31, -33, -27, 39, -23, -17, -12, -7, -4}), frozenset({4, 8, 9, 12, 17, 18, -45, -47, 21, 22, -42, -43, 26, 27, 31, 33, -30, -29, 39, -23, -19, -13, -7, -3}), frozenset({4, 7, 9, 12, 17, 18, -45, -47, -43, 22, 23, -39, 26, 27, 31, 33, -30, -29, 42, -21, -19, -13, -8, -3}), frozenset({4, 6, 8, 13, 17, -47, 19, -44, 21, 22, -42, 24, 25, 26, -45, -36, 30, 32, -31, 35, -29, 38, 39, -23, -18, -12, -7, -3}), frozenset({3, 6, 8, 13, 17, -47, 19, -44, 21, -45, 23, 24, 25, 26, -39, -35, 30, 31, -32, -29, 36, 38, 42, -22, -18, -12, -7, -4}), frozenset({3, 4, 8, 10, 13, -47, 18, -46, 21, 22, 23, -43, -39, 27, 29, 30, 31, -34, 33, -26, 42, -20, -17, -12, -9, -5}), frozenset({3, 5, 8, 12, 13, 17, -46, -47, 21, 22, 23, -42, -43, 26, 29, 30, 31, -34, 33, -27, 39, -20, -18, -10, -9, -4}), frozenset({3, 5, 8, 12, 13, -47, 18, -46, 20, -43, 22, 23, -42, 27, 29, 30, 31, -34, 33, -26, 39, -21, -17, -10, -9, -4}), frozenset({3, 4, 9, 12, 13, -47, 18, -46, 21, 22, 23, -42, -43, 26, 29, 30, 31, -34, 33, -27, 39, -20, -17, -10, -8, -5}), frozenset({3, 4, 9, 10, 13, -47, 18, -46, 21, 22, 23, -43, -39, 27, 29, 30, 31, -34, 33, -26, 42, -20, -17, -12, -8, -5}), frozenset({3, 5, 9, 12, 13, -47, 18, -46, 20, -43, 22, 23, -39, 26, 29, 30, 31, -34, 33, -27, 42, -21, -17, -10, -8, -4}), frozenset({3, 4, 8, 12, 13, -47, 18, -46, 20, 21, 22, -44, 24, -39, 26, 29, 30, 31, 32, -35, -34, 36, 38, -25, -23, 42, -17, -10, -6, -5}), frozenset({3, 5, 6, 12, 13, -47, 18, -46, 20, 21, 22, 23, -44, -39, 26, 29, 30, 31, 32, -35, -34, 36, 38, -25, -24, 42, -17, -10, -8, -4}), frozenset({3, 4, 8, 12, 13, -47, 18, -46, -44, 21, 22, 23, 24, 25, -42, 29, 30, 31, 32, -35, -34, 36, 38, 39, -26, -20, -17, -10, -6, -5}), frozenset({4, 9, 12, 17, -46, -45, -47, -43, 22, 23, -42, 26, 27, 31, 33, -30, -29, 39, -21, -18, -13, -8, -3}), frozenset({3, 9, 12, 17, -46, -45, -47, 21, -43, 23, -39, 26, 27, 31, 33, -30, -29, 42, -22, -18, -13, -8, -4}), frozenset({4, 8, 12, -47, 18, -45, -46, 21, -42, 23, -43, 26, 29, 31, 33, -30, -27, 39, -22, -17, -13, -9, -3}), frozenset({4, 9, 12, 17, -46, -45, -47, 21, -42, 23, -43, 26, 27, 31, 33, -30, -29, 39, -22, -18, -13, -8, -3}), frozenset({3, 9, 12, 17, -46, -45, -47, -43, 22, 23, -42, 26, 27, 30, 33, -31, -29, 39, -21, -18, -13, -8, -4}), frozenset({3, 9, 12, 17, -46, -45, -47, -43, 22, 23, -39, 26, 27, 31, 33, -30, -29, 42, -21, -18, -13, -8, -4}), frozenset({4, 9, 13, -47, 18, -45, -46, 21, -42, 23, -43, 26, 27, 30, 33, -31, -29, 39, -22, -17, -12, -8, -3}), frozenset({4, 9, 12, 17, -46, -45, -47, 21, -43, 23, -39, 26, 27, 31, 33, -30, -29, 42, -22, -18, -13, -8, -3}), frozenset({4, 9, 12, 17, -46, -45, -47, 21, -43, 23, -39, 26, 29, 31, 33, -30, -27, 42, -22, -18, -13, -8, -3}), frozenset({4, 9, 12, 17, -46, -45, -47, 21, 22, -42, -43, 27, 29, 30, 33, -31, -26, 39, -23, -18, -13, -8, -3}), frozenset({4, 9, 12, 17, -46, -45, -47, -43, 22, 23, -39, 26, 27, 31, 33, -30, -29, 42, -21, -18, -13, -8, -3}), frozenset({3, 6, 13, 17, -46, -45, -44, 21, -47, 23, 24, 25, 26, -39, -36, 30, 32, -31, 35, -29, 38, 42, -22, -18, -12, -8, -4}), frozenset({3, 6, 12, -47, 18, -45, -44, -46, 22, 23, 24, 25, 26, -42, -35, 30, 31, -32, -29, 36, 38, 39, -21, -17, -13, -8, -4}), frozenset({3, 8, 12, -47, 18, -45, -44, 21, 22, -42, 24, 25, 26, -46, -35, 30, 32, -31, -29, 36, 38, 39, -23, -17, -13, -6, -4})]
0 clauses are pruned.
Initial DL				: 33342.85571170743
Final DL				: 6952.375097915908
Compression (wrt me)	: 0.7914883128779286
Operator Counters		: {'D': 0, 'W': 5, 'V': 0, 'S': 0, 'R': 0, 'T': 0}
Mistle Accuracy = 0.38943894389438943 ; 0.7178217821782178 ; 0.0858085808580858 ; 0.4141914191419142 / 606
CNFAlgo Accuracy = 19/606 = 0.03135313531353135
Mistle Accuracy = 0.29641809167256905 ; 0.784023069918041 ; 0.2181017909541637 ; 0.7057067691996357 / 19766
CNFAlgo Accuracy = 24/19766 = 0.001214206212688455
Mistle Accuracy = 0.31955638982531415 ; 0.3108987128409439 ; 0.3391089488201042 ; 0.330451271835734 / 522080
CNFAlgo Accuracy = 26/522080 = 4.9800796812749006e-05
dataset = glass.dat with minsup = 0.75
missingness_parameters = [0.05, 0.15, 0.25]
mistle_accuracy_list1 = [0.38943894389438943, 0.29641809167256905, 0.31955638982531415]
mistle_accuracy_list2 = [0.7178217821782178, 0.784023069918041, 0.3108987128409439]
mistle_accuracy_list3 = [0.0858085808580858, 0.2181017909541637, 0.3391089488201042]
mistle_accuracy_list4 = [0.4141914191419142, 0.7057067691996357, 0.330451271835734]
mistle_clauses_list = [62, 62, 62]
mistle_literals_list = [1547, 1547, 1547]
cnfalgo_accuracy_list = [0.03135313531353135, 0.001214206212688455, 4.9800796812749006e-05]
cnfalgo_clauses_list = [889479, 889479, 889479]
cnfalgo_literals_list = [4074675, 4074675, 4074675]
train_data_literals_list = [6478, 6478, 6478]
randomized_accuracy_list = [0.19163602941176472, 0.05124555315290179, 0.004336629595075335]
