>/Users/arcchit/Docs/Mistle/Resources/spmf.jar
========== LCM - STATS ============
 Freq. closed itemsets count: 22
 Total time ~: 33 ms
 Max memory:11.282135009765625
=====================================
>/Users/arcchit/Docs/Mistle/Resources/spmf.jar
>/Users/arcchit/Docs/Mistle/Resources/spmf.jar
========== LCM - STATS ============
 Freq. closed itemsets count: 592503
 Total time ~: 121782 ms
 Max memory:155.44709014892578
=====================================
>/Users/arcchit/Docs/Mistle/Resources/spmf.jar
========== LCM - STATS ============
 Freq. closed itemsets count: 15107
 Total time ~: 3590 ms
 Max memory:153.94287109375
=====================================
>/Users/arcchit/Docs/Mistle/Resources/spmf.jar
========== LCM - STATS ============
 Freq. closed itemsets count: 55
 Total time ~: 20 ms
 Max memory:8.282051086425781
=====================================
>/Users/arcchit/Docs/Mistle/Resources/spmf.jar
========== LCM - STATS ============
 Freq. closed itemsets count: 0
 Total time ~: 2 ms
 Max memory:7.562065124511719
=====================================
>/Users/arcchit/Docs/Mistle/Resources/spmf.jar
========== LCM - STATS ============
 Freq. closed itemsets count: 62
 Total time ~: 24 ms
 Max memory:8.0
=====================================
>/Users/arcchit/Docs/Mistle/Resources/spmf.jar
========== LCM - STATS ============
 Freq. closed itemsets count: 27
 Total time ~: 12 ms
 Max memory:7.845855712890625
=====================================
Current Minsup[0.99] yields 22 itemsets.
Timeout Reached
Current Minsup[0.891] yields 592503 itemsets.
Current Minsup[0.9455] yields 15107 itemsets.
Length of freq items 1	: 55
Time of freq items 1	: 0.42371416091918945
380 Frequent Itemsets are mined in 0.009694099426269531 seconds.
Length of freq items 2	: 380
Time of freq items 2	: 0.00977325439453125
DL of initial theory	: 14784.153297700876
45	itemsets left after T operation 	: [frozenset({4, 36, 12, 14, 22, 25, 29})]
9	itemsets left after V operation 	: [frozenset({3, 5, 6, 7, 8, 10, 11, 13, 15, 16, 17, 19, 21, 23, 26, 27, 30, 31, 32, -33, 34, 35, -28, 37, -24, -20, -18, -12, -9, -2}), frozenset({4, 36, 22, 25, 12, 29, 14})]
1	itemsets left after V operation 	: [frozenset({2, 3, 5, 7, 8, 9, 11, 13, 16, 17, 18, 19, 21, 23, 24, 27, 28, 30, -33, 32, -31, 34, 35, 37, -26, -20, -15, -10, -6, -4}), frozenset({36, 4, 22, 25, 12, 29, 14})]
Length of freq items 1	: 0
Time of freq items 1	: 0.39659595489501953
0 Frequent Itemsets are mined in 0.0002529621124267578 seconds.
Length of freq items 2	: 0
Time of freq items 2	: 0.00029206275939941406
0 clauses are pruned.
Initial DL				: 106689.21865101744
Final DL				: 5430.082362944098
Compression (wrt me)	: 0.9491037385820023
Operator Counters		: {'D': 0, 'W': 0, 'V': 2, 'S': 0, 'R': 0, 'T': 1}
Length of freq items 1	: 62
Time of freq items 1	: 0.44249987602233887
276 Frequent Itemsets are mined in 0.0068209171295166016 seconds.
Length of freq items 2	: 276
Time of freq items 2	: 0.006886959075927734
DL of initial theory	: 14784.153297700876
53	itemsets left after W operation 	: [frozenset({36, 21, 38, 8, 12, 29, 30}), frozenset({3, 4, 5, 7, 9, 11, 13, 14, 16, 17, 18, 19, 22, 23, 25, 26, 27, -38, -35, 31, 32, 33, 34, -28, 37, -24, -20, -15, -10, -6, -2}), frozenset({3, 4, 5, 6, 9, 11, 13, 14, 15, 16, 17, 18, 22, 23, 25, 26, 27, -38, 31, 32, -33, 34, 35, -28, 37, -24, -20, -19, -10, -7, -2}), frozenset({3, 4, 5, 6, 7, 11, 13, 14, 16, 17, 18, 19, 20, 22, 25, 26, 27, 28, -38, 31, -33, -32, 34, 35, 37, -24, -23, -15, -10, -9, -2}), frozenset({2, 3, 4, 7, 9, 11, 13, 14, 15, 17, 18, 19, 22, 23, 25, 26, 27, -38, -34, 31, 32, 33, 35, -28, 37, -24, -20, -16, -10, -6, -5}), frozenset({3, 4, 5, 7, 9, 11, 13, 14, 15, 17, 18, 19, 22, 23, 24, 25, -38, 27, 31, 32, -33, 34, 35, -28, 37, -26, -20, -16, -10, -6, -2}), frozenset({2, 3, 4, 7, 9, 11, 13, 14, 16, 17, 18, 19, 22, 23, 25, 26, 27, -37, -38, 31, 32, 33, 34, 35, -28, -24, -20, -15, -10, -6, -5}), frozenset({3, 4, 5, 7, 9, 11, 13, 14, 16, 17, 18, 19, 22, 23, 24, 26, 27, -38, 31, 32, -33, 34, 35, -28, 37, -25, -20, -15, -10, -6, -2}), frozenset({3, 4, 5, 7, 9, 11, 13, 14, 15, 16, 18, 19, 20, 22, 25, 26, 27, -38, 31, 32, -33, 34, 35, -28, 37, -24, -23, -17, -10, -6, -2}), frozenset({3, 4, 5, 6, 7, 11, 13, 14, 16, 17, 18, 19, 22, 23, 24, 25, -38, 27, 28, -37, 32, 33, 34, 35, -31, -26, -20, -15, -10, -9, -2}), frozenset({3, 4, 5, 7, 9, 10, 13, 14, 15, 16, 17, 19, 22, 23, 25, 26, 27, -38, 31, 32, -33, 34, 35, -28, 37, -24, -20, -18, -11, -6, -2}), frozenset({2, 4, 5, 7, 9, 11, 13, 14, 16, 17, 18, 19, 20, 23, 25, 26, 27, -38, 31, 32, -33, 34, 35, -28, 37, -24, -22, -15, -10, -6, -3}), frozenset({3, 4, 5, 6, 7, 10, 13, 14, 16, 17, 18, 19, 22, 23, 25, 26, 27, -37, -38, 31, 32, 33, 34, 35, -28, -24, -20, -15, -11, -9, -2}), frozenset({3, 4, 5, 7, 9, 11, 13, 14, 15, 16, 18, 19, 22, 23, 24, 26, 27, -38, 31, 32, -33, 34, 35, -28, 37, -25, -20, -17, -10, -6, -2}), frozenset({2, 3, 4, 6, 9, 11, 13, 14, 16, 17, 18, 19, 22, 23, 25, 26, 27, -37, -38, 31, 32, 33, 34, 35, -28, -24, -20, -15, -10, -7, -5}), frozenset({3, 4, 5, 7, 9, 11, 13, 14, 15, 16, 17, 18, 22, 23, 25, 26, 27, -38, 31, 32, -33, 34, 35, -28, 37, -24, -20, -19, -10, -6, -2}), frozenset({3, 4, 5, 6, 7, 11, 13, 14, 15, 16, 18, 19, 22, 23, 24, 25, -38, 27, 31, 32, -33, 34, 35, -28, 37, -26, -20, -17, -10, -9, -2}), frozenset({3, 4, 5, 7, 9, 10, 11, 13, 16, 17, 18, 19, 22, 23, 25, 26, 27, -38, 31, 32, -33, 34, 35, -28, 37, -24, -20, -15, -14, -6, -2}), frozenset({2, 4, 5, 7, 9, 11, 13, 14, 15, 16, 17, 19, 22, 23, 25, 26, 27, -38, 31, 32, -33, 34, 35, -28, 37, -24, -20, -18, -10, -6, -3}), frozenset({2, 3, 5, 7, 9, 11, 13, 14, 16, 17, 18, 19, 22, 23, 25, 26, 27, 28, -37, -38, 31, -32, 33, 34, 35, -24, -20, -15, -10, -6, -4}), frozenset({3, 4, 5, 6, 7, 11, 13, 14, 16, 17, 18, 19, 20, 22, 24, 25, 26, -38, 31, 32, -33, 34, 35, -28, 37, -27, -23, -15, -10, -9, -2}), frozenset({2, 4, 5, 7, 9, 11, 13, 14, 16, 17, 18, 19, 22, 23, 25, 26, 27, -37, -38, 31, 32, 33, 34, 35, -28, -24, -20, -15, -10, -6, -3}), frozenset({2, 3, 5, 7, 9, 10, 13, 14, 16, 17, 18, 19, 22, 23, 25, 26, 27, 28, -38, -33, 32, -31, 34, 35, 37, -24, -20, -15, -11, -6, -4}), frozenset({2, 3, 4, 7, 9, 11, 13, 14, 15, 17, 18, 19, 22, 23, 24, 25, -38, 27, 31, 32, -33, 34, 35, -28, 37, -26, -20, -16, -10, -6, -5}), frozenset({3, 4, 5, 6, 7, 10, 11, 14, 16, 17, 18, 19, 22, 23, 25, 26, 27, -38, 31, 32, -33, 34, 35, -28, 37, -24, -20, -15, -13, -9, -2}), frozenset({3, 4, 5, 7, 9, 11, 13, 14, 16, 17, 18, 19, 20, 23, 25, 26, 27, -38, 31, 32, -33, 34, 35, -28, 37, -24, -22, -15, -10, -6, -2}), frozenset({3, 4, 5, 6, 7, 11, 13, 14, 15, 16, 17, 19, 22, 23, 25, 26, 27, -38, -34, 31, 32, 33, 35, -28, 37, -24, -20, -18, -10, -9, -2}), frozenset({2, 3, 4, 7, 9, 11, 13, 14, 15, 16, 17, 18, 22, 23, 25, 26, 27, -38, 31, 32, -33, 34, 35, -28, 37, -24, -20, -19, -10, -6, -5}), frozenset({2, 3, 4, 6, 7, 11, 13, 14, 16, 17, 18, 19, 22, 23, 25, 26, 27, 28, -38, -33, 32, -31, 34, 35, 37, -24, -20, -15, -10, -9, -5}), frozenset({3, 4, 5, 6, 9, 11, 13, 14, 16, 17, 18, 19, 22, 23, 24, 26, 27, -38, -34, 31, 32, 33, 35, -28, 37, -25, -20, -15, -10, -7, -2}), frozenset({3, 4, 5, 6, 7, 10, 13, 14, 16, 17, 18, 19, 22, 23, 25, 26, 27, 28, -38, 31, -33, -32, 34, 35, 37, -24, -20, -15, -11, -9, -2}), frozenset({3, 4, 5, 6, 9, 11, 13, 14, 16, 17, 18, 19, 22, 23, 25, 26, 27, 28, -38, -33, 32, -31, 34, 35, 37, -24, -20, -15, -10, -7, -2}), frozenset({2, 3, 5, 7, 9, 11, 13, 14, 15, 16, 17, 18, 22, 23, 25, 26, 27, -37, -38, 31, 32, 33, 34, 35, -28, -24, -20, -19, -10, -6, -4}), frozenset({3, 4, 5, 7, 9, 11, 13, 14, 15, 16, 17, 18, 22, 23, 25, 26, 27, 28, -38, -33, 32, -31, 34, 35, 37, -24, -20, -19, -10, -6, -2}), frozenset({3, 4, 5, 7, 9, 10, 13, 14, 16, 17, 18, 19, 22, 23, 25, 26, 27, 28, -38, -33, 32, -31, 34, 35, 37, -24, -20, -15, -11, -6, -2})]
Length of freq items 1	: 27
Time of freq items 1	: 0.4462320804595947
27 Frequent Itemsets are mined in 0.001132965087890625 seconds.
Length of freq items 2	: 27
Time of freq items 2	: 0.0011799335479736328
23	itemsets left after W operation 	: [frozenset({27, 35, 14, 39}), frozenset({3, 4, 5, 6, 7, 9, 11, 12, 13, 15, 16, 17, 19, 20, 22, 23, 25, 26, 29, 30, 31, 32, 34, 36, 37, -39, -33, -28, -24, -21, -18, -10, -8, -2}), frozenset({2, 3, 4, 7, 8, 9, 10, 11, 13, 16, 17, 18, 19, 21, 22, 23, 25, 26, 29, 30, 31, 32, 33, 36, 37, -39, -34, -28, -24, -20, -15, -12, -6, -5}), frozenset({3, 4, 5, 6, 7, 9, 11, 12, 13, 16, 17, 18, 19, 21, 22, 23, 25, 26, 29, 30, 31, 32, 34, 36, 37, -39, -33, -28, -24, -20, -15, -10, -8, -2}), frozenset({3, 4, 5, 6, 9, 11, 13, 15, 16, 17, 18, 22, 23, 25, 26, -38, -39, 31, 32, -33, 34, -28, 37, -24, -20, -19, -10, -7, -2}), frozenset({3, 4, 5, 6, 7, 11, 13, 16, 17, 18, 19, 20, 22, 25, 26, -38, 28, -39, 31, -33, -32, 34, 37, -24, -23, -15, -10, -9, -2}), frozenset({2, 3, 4, 7, 9, 11, 13, 15, 17, 18, 19, 22, 23, 25, 26, -38, -39, -34, 31, 32, 33, -28, 37, -24, -20, -16, -10, -6, -5}), frozenset({3, 4, 5, 7, 9, 11, 13, 15, 17, 18, 19, 22, 23, 24, 25, -38, -39, 31, 32, -33, 34, -28, 37, -26, -20, -16, -10, -6, -2}), frozenset({2, 3, 4, 7, 9, 11, 13, 16, 17, 18, 19, 22, 23, 25, 26, -37, -38, -39, 31, 32, 33, 34, -28, -24, -20, -15, -10, -6, -5}), frozenset({3, 4, 5, 7, 9, 11, 13, 16, 17, 18, 19, 22, 23, 24, -39, 26, -38, 31, 32, -33, 34, -28, 37, -25, -20, -15, -10, -6, -2}), frozenset({3, 4, 5, 7, 9, 11, 13, 15, 16, 18, 19, 20, 22, 25, 26, -38, -39, 31, 32, -33, 34, -28, 37, -24, -23, -17, -10, -6, -2}), frozenset({3, 4, 5, 6, 7, 11, 13, 16, 17, 18, 19, 22, 23, 24, 25, -38, -37, 28, -39, 32, 33, 34, -31, -26, -20, -15, -10, -9, -2}), frozenset({3, 4, 5, 7, 9, 10, 13, 15, 16, 17, 19, 22, 23, 25, 26, -38, -39, 31, 32, -33, 34, -28, 37, -24, -20, -18, -11, -6, -2}), frozenset({2, 4, 5, 7, 9, 11, 13, 16, 17, 18, 19, 20, 23, 25, 26, -38, -39, 31, 32, -33, 34, -28, 37, -24, -22, -15, -10, -6, -3}), frozenset({3, 4, 5, 6, 7, 10, 13, 16, 17, 18, 19, 22, 23, 25, 26, -37, -38, -39, 31, 32, 33, 34, -28, -24, -20, -15, -11, -9, -2}), frozenset({3, 4, 5, 7, 9, 11, 13, 15, 16, 18, 19, 22, 23, 24, -39, 26, -38, 31, 32, -33, 34, -28, 37, -25, -20, -17, -10, -6, -2}), frozenset({2, 3, 4, 6, 9, 11, 13, 16, 17, 18, 19, 22, 23, 25, 26, -37, -38, -39, 31, 32, 33, 34, -28, -24, -20, -15, -10, -7, -5}), frozenset({3, 4, 5, 7, 9, 11, 13, 15, 16, 17, 18, 22, 23, 25, 26, -38, -39, 31, 32, -33, 34, -28, 37, -24, -20, -19, -10, -6, -2}), frozenset({3, 4, 5, 6, 7, 11, 13, 15, 16, 18, 19, 22, 23, 24, 25, -38, -39, 31, 32, -33, 34, -28, 37, -26, -20, -17, -10, -9, -2}), frozenset({2, 4, 5, 7, 9, 11, 13, 15, 16, 17, 19, 22, 23, 25, 26, -38, -39, 31, 32, -33, 34, -28, 37, -24, -20, -18, -10, -6, -3}), frozenset({2, 3, 5, 7, 9, 11, 13, 16, 17, 18, 19, 22, 23, 25, 26, -37, 28, -38, -39, 31, -32, 33, 34, -24, -20, -15, -10, -6, -4}), frozenset({2, 4, 5, 7, 9, 11, 13, 16, 17, 18, 19, 22, 23, 25, 26, -37, -38, -39, 31, 32, 33, 34, -28, -24, -20, -15, -10, -6, -3}), frozenset({2, 3, 5, 7, 9, 10, 13, 16, 17, 18, 19, 22, 23, 25, 26, -38, 28, -39, -33, 32, -31, 34, 37, -24, -20, -15, -11, -6, -4}), frozenset({2, 3, 4, 7, 9, 11, 13, 15, 17, 18, 19, 22, 23, 24, 25, -38, -39, 31, 32, -33, 34, -28, 37, -26, -20, -16, -10, -6, -5}), frozenset({3, 4, 5, 6, 7, 10, 11, 16, 17, 18, 19, 22, 23, 25, 26, -38, -39, 31, 32, -33, 34, -28, 37, -24, -20, -15, -13, -9, -2}), frozenset({3, 4, 5, 7, 9, 11, 13, 16, 17, 18, 19, 20, 23, 25, 26, -38, -39, 31, 32, -33, 34, -28, 37, -24, -22, -15, -10, -6, -2}), frozenset({3, 4, 5, 6, 7, 11, 13, 15, 16, 17, 19, 22, 23, 25, 26, -38, -39, -34, 31, 32, 33, -28, 37, -24, -20, -18, -10, -9, -2}), frozenset({2, 3, 4, 7, 9, 11, 13, 15, 16, 17, 18, 22, 23, 25, 26, -38, -39, 31, 32, -33, 34, -28, 37, -24, -20, -19, -10, -6, -5}), frozenset({2, 3, 4, 6, 7, 11, 13, 16, 17, 18, 19, 22, 23, 25, 26, -38, 28, -39, -33, 32, -31, 34, 37, -24, -20, -15, -10, -9, -5}), frozenset({3, 4, 5, 6, 9, 11, 13, 16, 17, 18, 19, 22, 23, 24, -39, 26, -38, -34, 31, 32, 33, -28, 37, -25, -20, -15, -10, -7, -2}), frozenset({3, 4, 5, 6, 7, 10, 13, 16, 17, 18, 19, 22, 23, 25, 26, -38, 28, -39, 31, -33, -32, 34, 37, -24, -20, -15, -11, -9, -2}), frozenset({3, 4, 5, 6, 9, 11, 13, 16, 17, 18, 19, 22, 23, 25, 26, -38, 28, -39, -33, 32, -31, 34, 37, -24, -20, -15, -10, -7, -2}), frozenset({2, 3, 5, 7, 9, 11, 13, 15, 16, 17, 18, 22, 23, 25, 26, -37, -38, -39, 31, 32, 33, 34, -28, -24, -20, -19, -10, -6, -4}), frozenset({3, 4, 5, 7, 9, 11, 13, 15, 16, 17, 18, 22, 23, 25, 26, -38, 28, -39, -33, 32, -31, 34, 37, -24, -20, -19, -10, -6, -2}), frozenset({3, 4, 5, 7, 9, 10, 13, 16, 17, 18, 19, 22, 23, 25, 26, -38, 28, -39, -33, 32, -31, 34, 37, -24, -20, -15, -11, -6, -2})]
16	itemsets left after W operation 	: [frozenset({40, 13, 22}), frozenset({3, 4, 5, 7, 9, 11, 14, 16, 17, 18, 19, 23, -40, 25, 26, 27, -38, -35, 31, 32, 33, 34, -28, 37, -24, -20, -15, -10, -6, -2}), frozenset({3, 4, 5, 7, 9, 10, 11, 16, 17, 18, 19, 23, -40, 25, 26, 27, -38, 31, 32, -33, 34, 35, -28, 37, -24, -20, -15, -14, -6, -2}), frozenset({3, 4, 5, 6, 7, 11, 14, 16, 17, 18, 19, 20, 24, 25, 26, -38, -40, 31, 32, -33, 34, 35, -28, 37, -27, -23, -15, -10, -9, -2}), frozenset({3, 4, 5, 6, 7, 9, 11, 12, 15, 16, 17, 19, 20, 23, 25, 26, 29, 30, 31, 32, 34, 36, 37, -40, -39, -33, -28, -24, -21, -18, -10, -8, -2}), frozenset({2, 3, 4, 7, 8, 9, 10, 11, 16, 17, 18, 19, 21, 23, 25, 26, 29, 30, 31, 32, 33, 36, 37, -40, -39, -34, -28, -24, -20, -15, -12, -6, -5}), frozenset({3, 4, 5, 6, 7, 9, 11, 12, 16, 17, 18, 19, 21, 23, 25, 26, 29, 30, 31, 32, 34, 36, 37, -40, -39, -33, -28, -24, -20, -15, -10, -8, -2}), frozenset({3, 4, 5, 6, 9, 11, 15, 16, 17, 18, 23, -40, 25, 26, -38, -39, 31, 32, -33, 34, -28, 37, -24, -20, -19, -10, -7, -2}), frozenset({3, 4, 5, 6, 7, 11, 16, 17, 18, 19, 20, -40, 25, 26, -38, 28, -39, 31, -33, -32, 34, 37, -24, -23, -15, -10, -9, -2}), frozenset({2, 3, 4, 7, 9, 11, 15, 17, 18, 19, 23, -40, 25, 26, -38, -39, -34, 31, 32, 33, -28, 37, -24, -20, -16, -10, -6, -5}), frozenset({3, 4, 5, 7, 9, 11, 15, 17, 18, 19, 23, 24, 25, -38, -39, -40, 31, 32, -33, 34, -28, 37, -26, -20, -16, -10, -6, -2}), frozenset({2, 3, 4, 7, 9, 11, 16, 17, 18, 19, 23, -40, 25, 26, -37, -38, -39, 31, 32, 33, 34, -28, -24, -20, -15, -10, -6, -5}), frozenset({3, 4, 5, 7, 9, 11, 16, 17, 18, 19, 23, 24, -39, 26, -38, -40, 31, 32, -33, 34, -28, 37, -25, -20, -15, -10, -6, -2}), frozenset({3, 4, 5, 7, 9, 11, 15, 16, 18, 19, 20, -40, 25, 26, -38, -39, 31, 32, -33, 34, -28, 37, -24, -23, -17, -10, -6, -2}), frozenset({3, 4, 5, 6, 7, 11, 16, 17, 18, 19, 23, 24, 25, -38, -37, 28, -39, -40, 32, 33, 34, -31, -26, -20, -15, -10, -9, -2}), frozenset({3, 4, 5, 7, 9, 10, 15, 16, 17, 19, 23, -40, 25, 26, -38, -39, 31, 32, -33, 34, -28, 37, -24, -20, -18, -11, -6, -2}), frozenset({3, 4, 5, 6, 7, 10, 16, 17, 18, 19, 23, -40, 25, 26, -37, -38, -39, 31, 32, 33, 34, -28, -24, -20, -15, -11, -9, -2}), frozenset({3, 4, 5, 7, 9, 11, 15, 16, 18, 19, 23, 24, -39, 26, -38, -40, 31, 32, -33, 34, -28, 37, -25, -20, -17, -10, -6, -2}), frozenset({2, 3, 4, 6, 9, 11, 16, 17, 18, 19, 23, -40, 25, 26, -37, -38, -39, 31, 32, 33, 34, -28, -24, -20, -15, -10, -7, -5}), frozenset({3, 4, 5, 7, 9, 11, 15, 16, 17, 18, 23, -40, 25, 26, -38, -39, 31, 32, -33, 34, -28, 37, -24, -20, -19, -10, -6, -2}), frozenset({3, 4, 5, 6, 7, 11, 15, 16, 18, 19, 23, 24, 25, -38, -39, -40, 31, 32, -33, 34, -28, 37, -26, -20, -17, -10, -9, -2}), frozenset({2, 4, 5, 7, 9, 11, 15, 16, 17, 19, 23, -40, 25, 26, -38, -39, 31, 32, -33, 34, -28, 37, -24, -20, -18, -10, -6, -3}), frozenset({2, 3, 5, 7, 9, 11, 16, 17, 18, 19, 23, -40, 25, 26, -37, 28, -38, -39, 31, -32, 33, 34, -24, -20, -15, -10, -6, -4}), frozenset({2, 4, 5, 7, 9, 11, 16, 17, 18, 19, 23, -40, 25, 26, -37, -38, -39, 31, 32, 33, 34, -28, -24, -20, -15, -10, -6, -3}), frozenset({2, 3, 5, 7, 9, 10, 16, 17, 18, 19, 23, -40, 25, 26, -38, 28, -39, -33, 32, -31, 34, 37, -24, -20, -15, -11, -6, -4}), frozenset({2, 3, 4, 7, 9, 11, 15, 17, 18, 19, 23, 24, 25, -38, -39, -40, 31, 32, -33, 34, -28, 37, -26, -20, -16, -10, -6, -5}), frozenset({3, 4, 5, 6, 7, 11, 15, 16, 17, 19, 23, -40, 25, 26, -38, -39, -34, 31, 32, 33, -28, 37, -24, -20, -18, -10, -9, -2}), frozenset({2, 3, 4, 7, 9, 11, 15, 16, 17, 18, 23, -40, 25, 26, -38, -39, 31, 32, -33, 34, -28, 37, -24, -20, -19, -10, -6, -5}), frozenset({2, 3, 4, 6, 7, 11, 16, 17, 18, 19, 23, -40, 25, 26, -38, 28, -39, -33, 32, -31, 34, 37, -24, -20, -15, -10, -9, -5}), frozenset({3, 4, 5, 6, 9, 11, 16, 17, 18, 19, 23, 24, -39, 26, -38, -40, -34, 31, 32, 33, -28, 37, -25, -20, -15, -10, -7, -2}), frozenset({3, 4, 5, 6, 7, 10, 16, 17, 18, 19, 23, -40, 25, 26, -38, 28, -39, 31, -33, -32, 34, 37, -24, -20, -15, -11, -9, -2}), frozenset({3, 4, 5, 6, 9, 11, 16, 17, 18, 19, 23, -40, 25, 26, -38, 28, -39, -33, 32, -31, 34, 37, -24, -20, -15, -10, -7, -2}), frozenset({2, 3, 5, 7, 9, 11, 15, 16, 17, 18, 23, -40, 25, 26, -37, -38, -39, 31, 32, 33, 34, -28, -24, -20, -19, -10, -6, -4}), frozenset({3, 4, 5, 7, 9, 11, 15, 16, 17, 18, 23, -40, 25, 26, -38, 28, -39, -33, 32, -31, 34, 37, -24, -20, -19, -10, -6, -2}), frozenset({3, 4, 5, 7, 9, 10, 16, 17, 18, 19, 23, -40, 25, 26, -38, 28, -39, -33, 32, -31, 34, 37, -24, -20, -15, -11, -6, -2})]
0 clauses are pruned.
Initial DL				: 106689.21865101744
Final DL				: 6215.624824721385
Compression (wrt me)	: 0.9417408347037125
Operator Counters		: {'D': 0, 'W': 3, 'V': 0, 'S': 0, 'R': 0, 'T': 0}

Dataset	: pima.dat;	Missingness Parameter	: 0.05
Mistle Accuracy = 0.6725352112676056 ; 0.8661971830985915 ; 0.2772887323943662 ; 0.4709507042253521 / 1136
CNFAlgo Accuracy = 139/1146 = 0.1212914485165794

Dataset	: pima.dat;	Missingness Parameter	: 0.1
Mistle Accuracy = 0.646120377084844 ; 0.788977519941987 ; 0.32904278462654096 ; 0.4718999274836838 / 5516
CNFAlgo Accuracy = 150/5517 = 0.027188689505165852


dataset = pima.dat with minsup = 0.9455
missingness_parameters = [0.05, 0.1]
mistle_accuracy_list1 = [0.6725352112676056, 0.646120377084844]
mistle_accuracy_list2 = [0.8661971830985915, 0.788977519941987]
mistle_accuracy_list3 = [0.2772887323943662, 0.32904278462654096]
mistle_accuracy_list4 = [0.4709507042253521, 0.4718999274836838]
mistle_clauses_list = [44, 44]
mistle_literals_list = [1177, 1177]
cnfalgo_accuracy_list = [0.1212914485165794, 0.027188689505165852]
cnfalgo_clauses_list = [63650, 63650]
cnfalgo_literals_list = [257494, 257494]
train_data_literals_list = [21420, 21420]
randomized_accuracy_list = [0.2775201612903226, 0.13139415922619047]
