>/Users/arcchit/Docs/Mistle/Resources/spmf.jar
========== LCM - STATS ============
 Freq. closed itemsets count: 861
 Total time ~: 144 ms
 Max memory:13.562118530273438
=====================================
>/Users/arcchit/Docs/Mistle/Resources/spmf.jar
========== LCM - STATS ============
 Freq. closed itemsets count: 0
 Total time ~: 1 ms
 Max memory:7.85809326171875
=====================================
>/Users/arcchit/Docs/Mistle/Resources/spmf.jar
========== LCM - STATS ============
 Freq. closed itemsets count: 12
 Total time ~: 5 ms
 Max memory:7.5620574951171875
=====================================
>/Users/arcchit/Docs/Mistle/Resources/spmf.jar
========== LCM - STATS ============
 Freq. closed itemsets count: 0
 Total time ~: 1 ms
 Max memory:7.577690124511719
=====================================
Current Minsup[0.5] yields 40465 itemsets.
Current Minsup[0.75] yields 4006 itemsets.
Current Minsup[0.708899037274747] yields 6341 itemsets.
Current Minsup[0.6044495186373735] yields 16644 itemsets.
Length of freq items 1	: 861
Time of freq items 1	: 0.6263370513916016
7798 Frequent Itemsets are mined in 0.2582242488861084 seconds.
Length of freq items 2	: 7798
Time of freq items 2	: 0.25830984115600586
DL of initial theory	: 8818.384710451483
860	itemsets left after T operation 	: [frozenset({4, 9, 10, 13, 15, 18, -14, -12, 24, 25})]
443	itemsets left after T operation 	: [frozenset({3, 8, 15, 17, -14, 22, 24, 25})]
20	itemsets left after T operation 	: [frozenset({4, 9, 13, 15, -14, -12, 24, 25})]
1	itemsets left after T operation 	: [frozenset({3, 8, 17, 22, 24, 25})]
0	itemsets left after T operation 	: [frozenset({24, 25})]
Length of freq items 1	: 0
Time of freq items 1	: 0.5512399673461914
0 Frequent Itemsets are mined in 4.291534423828125e-05 seconds.
Length of freq items 2	: 0
Time of freq items 2	: 8.606910705566406e-05
1 clauses are pruned.
Initial DL				: 30152.413869509157
Final DL				: 490.67148903880076
Compression (wrt me)	: 0.9837269582739783
Operator Counters		: {'D': 0, 'W': 0, 'V': 0, 'S': 0, 'R': 0, 'T': 5}
Length of freq items 1	: 12
Time of freq items 1	: 0.47350096702575684
4390912 Frequent Itemsets are mined in 424.7924380302429 seconds.
Length of freq items 2	: 4390912
Time of freq items 2	: 424.79412388801575
DL of initial theory	: 8818.384710451483
0	itemsets left after T operation 	: [frozenset({4, 6, 8, 9, 11, -20, 13, 15, 17, 18, -14, -12, 21, 22, 23, 25, 27})]
Length of freq items 1	: 0
Time of freq items 1	: 0.5126018524169922
0 Frequent Itemsets are mined in 0.00012993812561035156 seconds.
Length of freq items 2	: 0
Time of freq items 2	: 0.0002040863037109375
1 clauses are pruned.
Initial DL				: 30152.413869509157
Final DL				: 0
Compression (wrt me)	: 1.0
Operator Counters		: {'D': 0, 'W': 0, 'V': 0, 'S': 0, 'R': 0, 'T': 1}
Mistle Accuracy = 0.5425531914893617 ; 1.0 ; 0.0 ; 0.4574468085106383 / 376
CNFAlgo Accuracy = 64/380 = 0.16842105263157894
Mistle Accuracy = 0.5264217413185707 ; 1.0 ; 0.0 ; 0.4735782586814293 / 3974
CNFAlgo Accuracy = 83/3975 = 0.02088050314465409
Mistle Accuracy = 0.5120187963130309 ; 1.0 ; 0.0 ; 0.48798120368696907 / 22132
CNFAlgo Accuracy = 93/22132 = 0.004202060365082234


dataset = ecoli.dat with minsup = 0.6044495186373735
missingness_parameters = [0.05, 0.15, 0.25]
mistle_accuracy_list1 = [0.5425531914893617, 0.5264217413185707, 0.5120187963130309]
mistle_accuracy_list2 = [1.0, 1.0, 1.0]
mistle_accuracy_list3 = [0.0, 0.0, 0.0]
mistle_accuracy_list4 = [0.4574468085106383, 0.4735782586814293, 0.48798120368696907]
mistle_clauses_list = [0, 0, 0]
mistle_literals_list = [0, 0, 0]
cnfalgo_accuracy_list = [0.16842105263157894, 0.02088050314465409, 0.004202060365082234]
cnfalgo_clauses_list = [41905, 41905, 41905]
cnfalgo_literals_list = [187287, 187287, 187287]
train_data_literals_list = [6578, 6578, 6578]
randomized_accuracy_list = [0.3134057971014493, 0.11822434413580248, 0.032741316829819275]
