>/Users/arcchit/Docs/Mistle/Resources/spmf.jar
========== LCM - STATS ============
 Freq. closed itemsets count: 1
 Total time ~: 3 ms
 Max memory:8.842300415039062
=====================================
Current Minsup[0.99] yields 1 itemsets.
>/Users/arcchit/Docs/Mistle/Resources/spmf.jar
========== LCM - STATS ============
 Freq. closed itemsets count: 2734
 Total time ~: 269 ms
 Max memory:40.72216796875
=====================================
Current Minsup[0.792] yields 2734 itemsets.
>/Users/arcchit/Docs/Mistle/Resources/spmf.jar
Timeout Reached
>/Users/arcchit/Docs/Mistle/Resources/spmf.jar
========== LCM - STATS ============
 Freq. closed itemsets count: 174677
 Total time ~: 8105 ms
 Max memory:154.71279907226562
=====================================
Current Minsup[0.5940000000000001] yields 174677 itemsets.
>/Users/arcchit/Docs/Mistle/Resources/spmf.jar
========== LCM - STATS ============
 Freq. closed itemsets count: 2534
 Total time ~: 233 ms
 Max memory:37.79052734375
=====================================
Current Minsup[0.797] yields 2534 itemsets.
>/Users/arcchit/Docs/Mistle/Resources/spmf.jar
========== LCM - STATS ============
 Freq. closed itemsets count: 10979
 Total time ~: 678 ms
 Max memory:153.73486328125
=====================================
Current Minsup[0.731168112797788] yields 10979 itemsets.
>/Users/arcchit/Docs/Mistle/Resources/spmf.jar
========== LCM - STATS ============
 Freq. closed itemsets count: 22452
 Total time ~: 1402 ms
 Max memory:153.6826171875
=====================================
Length of freq items 1	: 22452
Time of freq items 1	: 1.8371179103851318
316414 Frequent Itemsets are mined in 10.647292137145996 seconds.
Length of freq items 2	: 316414
Time of freq items 2	: 10.647372722625732
DL of initial theory	: 53671.12616729041
22451	itemsets left after T operation 	: [frozenset({32, 2, -29, 36, 37, 38, 7, 40, 41, 42, 4, 44, -43, -39, -35, 30, 31})]
18402	itemsets left after W operation 	: [frozenset({32, 4, 38, 7, 42, 11, 45, 14, 18, 26}), frozenset({2, 3, 5, 9, 10, 13, 15, 17, 19, 20, 21, 24, 25, 28, 29, 31, 34, 36, 37, 40, 41, 44, -45, -43, -39, -35, -33, -30, -27, -23, -22, -16, -12, -8, -6}), frozenset({2, 3, 5, 9, 10, 12, 15, 17, 19, 21, 22, 24, 25, 28, 30, 31, 34, 36, 37, 39, 41, 44, -45, -43, -40, -35, -33, -29, -27, -23, -20, -16, -13, -8, -6}), frozenset({2, 5, 6, 8, 9, 12, 15, 16, 19, 21, 22, 24, 25, 28, 30, 31, 34, 35, 37, 40, 41, 43, -45, -44, -39, -36, -33, -29, -27, -23, -20, -17, -13, -10, -3}), frozenset({3, 5, 6, 8, 10, 12, 15, 17, 20, 21, 22, 24, 25, 28, 29, 30, 34, 35, 36, 40, 41, 44, -45, -43, -39, -37, -33, -31, -27, -23, -19, -16, -13, -9, -2}), frozenset({2, 5, 6, 8, 10, 13, 15, 17, 19, 20, 21, 24, 25, 28, 29, 31, 34, 36, 37, 40, 41, 44, -45, -43, -39, -35, -33, -30, -27, -23, -22, -16, -12, -9, -3}), frozenset({2, 3, 5, 8, 9, 12, 16, 17, 19, 21, 22, 24, 25, 28, 30, 31, 34, 36, 37, 39, 41, 44, -45, -43, -40, -35, -33, -29, -27, -23, -20, -15, -13, -10, -6}), frozenset({3, 5, 6, 8, 10, 13, 15, 17, 20, 21, 22, 23, 25, 28, 30, 31, 34, 36, 37, 40, 41, 44, -45, -43, -39, -35, -33, -29, -27, -24, -19, -16, -12, -9, -2}), frozenset({2, 3, 5, 8, 9, 12, 16, 17, 19, 20, 22, 24, 25, 28, 30, 31, 34, 36, 37, 39, 40, 44, -45, -43, -41, -35, -33, -29, -27, -23, -21, -15, -13, -10, -6}), frozenset({2, 3, 5, 8, 10, 12, 15, 16, 19, 21, 22, 24, 25, 28, 29, 30, 34, 36, 37, 40, 41, 44, -45, -43, -39, -35, -33, -31, -27, -23, -20, -17, -13, -9, -6}), frozenset({2, 3, 5, 8, 10, 13, 15, 16, 19, 20, 22, 24, 25, 27, 30, 31, 34, 36, 37, 39, 41, 44, -45, -43, -40, -35, -33, -29, -28, -23, -21, -17, -12, -9, -6}), frozenset({2, 3, 6, 9, 10, 13, 16, 17, 19, 21, 22, 24, 25, 28, 29, 30, 34, 36, 37, 40, 41, 44, -45, -43, -39, -35, -33, -31, -27, -23, -20, -15, -12, -8, -5}), frozenset({3, 5, 6, 8, 10, 12, 15, 16, 20, 21, 22, 24, 25, 28, 29, 31, 34, 35, 37, 40, 41, 43, -45, -44, -39, -36, -33, -30, -27, -23, -19, -17, -13, -9, -2}), frozenset({2, 3, 5, 8, 9, 13, 15, 16, 19, 20, 21, 24, 25, 27, 30, 31, 34, 36, 37, 39, 41, 44, -45, -43, -40, -35, -33, -29, -28, -23, -22, -17, -12, -10, -6}), frozenset({2, 5, 6, 8, 10, 12, 15, 17, 20, 21, 22, 24, 25, 28, 29, 30, 34, 35, 36, 40, 41, 44, -45, -43, -39, -37, -33, -31, -27, -23, -19, -16, -13, -9, -3}), frozenset({3, 5, 6, 8, 10, 12, 15, 17, 20, 21, 22, 24, 25, 28, 29, 30, 34, 35, 36, 40, 41, 43, -45, -44, -39, -37, -33, -31, -27, -23, -19, -16, -13, -9, -2}), frozenset({3, 5, 6, 8, 9, 12, 16, 17, 19, 21, 22, 24, 25, 28, 29, 30, 34, 35, 37, 40, 41, 43, -45, -44, -39, -36, -33, -31, -27, -23, -20, -15, -13, -10, -2}), frozenset({3, 5, 6, 8, 10, 12, 15, 16, 19, 21, 22, 24, 25, 28, 29, 30, 34, 35, 36, 39, 40, 43, -45, -44, -41, -37, -33, -31, -27, -23, -20, -17, -13, -9, -2}), frozenset({2, 5, 6, 9, 10, 13, 16, 17, 19, 20, 22, 24, 25, 28, 29, 31, 34, 36, 37, 40, 41, 44, -45, -43, -39, -35, -33, -30, -27, -23, -21, -15, -12, -8, -3}), frozenset({2, 3, 5, 6, 9, 10, 13, 16, 17, 19, 20, 22, 24, 25, 28, 30, 31, 34, 35, 37, 40, 41, 44, -45, -43, -39, -36, -33, -29, -27, -23, -21, -15, -12, -8}), frozenset({2, 5, 6, 8, 10, 12, 15, 17, 19, 21, 22, 24, 25, 28, 30, 31, 34, 35, 37, 40, 41, 44, -45, -43, -39, -36, -33, -29, -27, -23, -20, -16, -13, -9, -3}), frozenset({2, 3, 5, 9, 10, 13, 15, 17, 20, 21, 22, 24, 25, 28, 29, 31, 34, 36, 37, 40, 41, 44, -45, -43, -39, -35, -33, -30, -27, -23, -19, -16, -12, -8, -6}), frozenset({2, 3, 5, 8, 10, 12, 16, 17, 19, 20, 22, 24, 25, 28, 29, 31, 34, 36, 37, 40, 41, 44, -45, -43, -39, -35, -33, -30, -27, -23, -21, -15, -13, -9, -6}), frozenset({2, 5, 6, 8, 10, 12, 15, 16, 19, 20, 21, 24, 25, 28, 29, 31, 34, 36, 37, 40, 41, 44, -45, -43, -39, -35, -33, -30, -27, -23, -22, -17, -13, -9, -3}), frozenset({2, 3, 5, 9, 10, 13, 15, 16, 19, 20, 22, 24, 25, 28, 30, 31, 34, 35, 37, 40, 41, 44, -45, -43, -39, -36, -33, -29, -27, -23, -21, -17, -12, -8, -6}), frozenset({2, 3, 5, 8, 9, 12, 15, 17, 19, 20, 21, 24, 25, 28, 30, 31, 34, 36, 37, 40, 41, 43, -45, -44, -39, -35, -33, -29, -27, -23, -22, -16, -13, -10, -6}), frozenset({3, 5, 6, 8, 10, 12, 16, 17, 20, 21, 22, 24, 25, 28, 29, 30, 34, 35, 37, 39, 41, 43, -45, -44, -40, -36, -33, -31, -27, -23, -19, -15, -13, -9, -2}), frozenset({3, 5, 6, 8, 9, 12, 16, 17, 20, 21, 22, 24, 25, 28, 29, 30, 34, 35, 36, 39, 40, 44, -45, -43, -41, -37, -33, -31, -27, -23, -19, -15, -13, -10, -2}), frozenset({3, 5, 6, 8, 9, 12, 15, 16, 19, 21, 22, 24, 25, 28, 30, 31, 34, 36, 37, 40, 41, 44, -45, -43, -39, -35, -33, -29, -27, -23, -20, -17, -13, -10, -2}), frozenset({3, 5, 6, 8, 10, 13, 16, 17, 19, 20, 22, 24, 25, 28, 30, 31, 34, 36, 37, 40, 41, 44, -45, -43, -39, -35, -33, -29, -27, -23, -21, -15, -12, -9, -2}), frozenset({2, 3, 5, 9, 10, 13, 16, 17, 19, 21, 22, 24, 25, 28, 29, 30, 34, 36, 37, 40, 41, 44, -45, -43, -39, -35, -33, -31, -27, -23, -20, -15, -12, -8, -6}), frozenset({3, 5, 6, 8, 10, 12, 15, 17, 19, 21, 22, 24, 25, 28, 29, 30, 34, 35, 36, 40, 41, 43, -45, -44, -39, -37, -33, -31, -27, -23, -20, -16, -13, -9, -2})]
8003	itemsets left after W operation 	: [frozenset({32, 2, -29, 36, 38, 40, 42, 44, 46, -43, 30, 31}), frozenset({3, 5, 6, 7, 8, 10, 11, 12, 14, 15, 17, 18, 19, 21, 22, 24, 25, 26, 28, 34, 37, 41, -46, -39, -35, -33, -27, -23, -20, -16, -13, -9, -4}), frozenset({3, 5, 6, 7, 8, 10, 11, 13, 14, 15, 16, 17, 19, 20, 21, 23, 24, 25, 27, 34, 35, 41, -46, -39, -37, -33, -28, -26, -22, -18, -12, -9, -4}), frozenset({3, 4, 5, 7, 8, 10, 11, 12, 13, 16, 17, 18, 19, 20, 21, 24, 25, 26, 28, 34, 37, 39, -46, -41, -35, -33, -27, -23, -22, -15, -14, -9, -6}), frozenset({3, 4, 5, 8, 9, 10, 11, 13, 14, 16, 17, 18, 19, 20, 21, 24, 25, 26, 28, 34, 37, 41, -46, -39, -35, -33, -27, -23, -22, -15, -12, -7, -6}), frozenset({-46, 4, 37, 7, 41, -39, -35})]
2211	itemsets left after T operation 	: [frozenset({36, 37, 4, 7, 40, 41, 42, 18, -39, 26})]
176	itemsets left after W operation 	: [frozenset({4, 38, 7, 40, 41, 42, 11, 47, -39, 30, 31}), frozenset({3, 5, 6, 8, 10, 12, 14, 15, 17, 18, 20, 21, 22, 24, 25, 26, 28, 29, 34, 35, 36, 43, -47, -44, -37, -33, -32, -27, -23, -19, -16, -13, -9, -2}), frozenset({3, 5, 6, 8, 9, 12, 14, 15, 16, 18, 20, 21, 22, 24, 25, 26, 28, 29, 34, 35, 37, 43, -47, -44, -36, -33, -32, -27, -23, -19, -17, -13, -10, -2})]
>/Users/arcchit/Docs/Mistle/Resources/spmf.jar
========== LCM - STATS ============
 Freq. closed itemsets count: 0
 Total time ~: 2 ms
 Max memory:7.562049865722656
=====================================
Length of freq items 1	: 0
Time of freq items 1	: 0.2839980125427246
0 Frequent Itemsets are mined in 0.0007002353668212891 seconds.
Length of freq items 2	: 0
Time of freq items 2	: 0.0007805824279785156
0 clauses are pruned.
Initial DL				: 61336.56937737567
Final DL				: 6972.333958778618
Compression (wrt me)	: 0.8863266395634054
Operator Counters		: {'D': 0, 'W': 3, 'V': 0, 'S': 0, 'R': 0, 'T': 2}
>/Users/arcchit/Docs/Mistle/Resources/spmf.jar
========== LCM - STATS ============
 Freq. closed itemsets count: 776
 Total time ~: 100 ms
 Max memory:14.0
=====================================
Length of freq items 1	: 776
Time of freq items 1	: 0.4199800491333008
407296 Frequent Itemsets are mined in 9.01142692565918 seconds.
Length of freq items 2	: 407296
Time of freq items 2	: 9.011497974395752
DL of initial theory	: 53671.12616729041
767	itemsets left after T operation 	: [frozenset({32, 2, 34, 4, 5, -33, 7, -29, -27, 8, 11, 15, 26, 28, 30, 31})]
138	itemsets left after T operation 	: [frozenset({32, 34, 3, -29, -27, 7, 11, 12, 15, -33, 28, 30, 31})]
0	itemsets left after T operation 	: [frozenset({32, 2, 34, 4, -27, 39, 11, 15, 28, -33})]
>/Users/arcchit/Docs/Mistle/Resources/spmf.jar
========== LCM - STATS ============
 Freq. closed itemsets count: 0
 Total time ~: 1 ms
 Max memory:7.565757751464844
=====================================
Length of freq items 1	: 0
Time of freq items 1	: 0.2893092632293701
0 Frequent Itemsets are mined in 9.298324584960938e-05 seconds.
Length of freq items 2	: 0
Time of freq items 2	: 0.00012493133544921875
0 clauses are pruned.
Initial DL				: 61336.56937737567
Final DL				: 9916.347097612594
Compression (wrt me)	: 0.8383289577771806
Operator Counters		: {'D': 0, 'W': 0, 'V': 0, 'S': 0, 'R': 0, 'T': 3}

Dataset	: dermatology.dat;	Missingness Parameter	: 0.05
Mistle Accuracy = 0.6548974943052391 ; 0.7038724373576309 ; 0.7107061503416856 ; 0.7596810933940774 / 878
CNFAlgo Accuracy = 15/879 = 0.017064846416382253

Dataset	: dermatology.dat;	Missingness Parameter	: 0.1
Mistle Accuracy = 0.6834886817576564 ; 0.577762982689747 ; 0.7495339547270307 ; 0.6438082556591211 / 7510
CNFAlgo Accuracy = 16/7510 = 0.0021304926764314247


dataset = dermatology.dat with minsup = 0.731168112797788
missingness_parameters = [0.05, 0.1]
mistle_accuracy_list1 = [0.6548974943052391, 0.6834886817576564]
mistle_accuracy_list2 = [0.7038724373576309, 0.577762982689747]
mistle_accuracy_list3 = [0.7107061503416856, 0.7495339547270307]
mistle_accuracy_list4 = [0.7596810933940774, 0.6438082556591211]
mistle_clauses_list = [33, 33]
mistle_literals_list = [962, 962]
cnfalgo_accuracy_list = [0.017064846416382253, 0.0021304926764314247]
cnfalgo_clauses_list = [1474992, 1474992]
cnfalgo_literals_list = [6869974, 6869974]
train_data_literals_list = [11782, 11782]
randomized_accuracy_list = [0.2251998546511628, 0.09844501201923077]
