>/Users/arcchit/Docs/Mistle/Resources/spmf.jar
========== LCM - STATS ============
 Freq. closed itemsets count: 3
 Total time ~: 5 ms
 Max memory:8.282157897949219
=====================================
>/Users/arcchit/Docs/Mistle/Resources/spmf.jar
========== LCM - STATS ============
 Freq. closed itemsets count: 15878
 Total time ~: 786 ms
 Max memory:139.13134765625
=====================================
>/Users/arcchit/Docs/Mistle/Resources/spmf.jar
========== LCM - STATS ============
 Freq. closed itemsets count: 5618
 Total time ~: 438 ms
 Max memory:65.87939453125
=====================================
>/Users/arcchit/Docs/Mistle/Resources/spmf.jar
========== LCM - STATS ============
 Freq. closed itemsets count: 0
 Total time ~: 1 ms
 Max memory:7.562080383300781
=====================================
>/Users/arcchit/Docs/Mistle/Resources/spmf.jar
========== LCM - STATS ============
 Freq. closed itemsets count: 160
 Total time ~: 20 ms
 Max memory:8.281974792480469
=====================================
>/Users/arcchit/Docs/Mistle/Resources/spmf.jar
========== LCM - STATS ============
 Freq. closed itemsets count: 24
 Total time ~: 4 ms
 Max memory:7.857887268066406
=====================================
Current Minsup[0.99] yields 3 itemsets.
Current Minsup[0.792] yields 15878 itemsets.
Length of freq items 1	: 5618
Time of freq items 1	: 0.8103089332580566
3792960 Frequent Itemsets are mined in 297.7160019874573 seconds.
Length of freq items 2	: 3792960
Time of freq items 2	: 297.7201991081238
DL of initial theory	: 31195.06809672076
5617	itemsets left after T operation 	: [frozenset({3, 5, 27, 29, 32, 33, 34, 36, 38, 41, 43, 45, 46, 47, 49, 50, 51, 52, -30, -28})]
1246	itemsets left after T operation 	: [frozenset({33, 3, 36, 5, 6, 38, 11, 45, 47, 50, 51, -12})]
1	itemsets left after T operation 	: [frozenset({32, 34, 3, 36, 5, 38, -28, 41, 43, 45, 46, 47, 49, 51, 52, 27})]
Length of freq items 1	: 0
Time of freq items 1	: 0.3124840259552002
0 Frequent Itemsets are mined in 7.104873657226562e-05 seconds.
Length of freq items 2	: 0
Time of freq items 2	: 9.608268737792969e-05
0 clauses are pruned.
Initial DL				: 33268.362346766946
Final DL				: 4681.447581417461
Compression (wrt me)	: 0.8592822955148434
Operator Counters		: {'D': 0, 'W': 0, 'V': 0, 'S': 0, 'R': 0, 'T': 3}
Length of freq items 1	: 160
Time of freq items 1	: 0.30731201171875
1273856 Frequent Itemsets are mined in 20.277139902114868 seconds.
Length of freq items 2	: 1273856
Time of freq items 2	: 20.277195930480957
DL of initial theory	: 31195.06809672076
152	itemsets left after W operation 	: [frozenset({4, 5, 6, 8, 19, -40, 33, 36, 37, 38, 41, 42, 43, 44, 47, 49, 51, 56, -7}), frozenset({3, 9, 11, 14, 16, 17, 22, 23, 26, 28, 30, 32, 34, 35, 45, 48, 52, 53, 54, -56, -55, -50, -46, -39, -31, -29, -27, -25, -24, -21, -20, -18, -15, -13, -12, -10, -2}), frozenset({2, 10, 11, 14, 16, 17, 21, 23, 26, 28, 29, 31, 32, 39, 45, 46, 52, 53, 54, -56, -55, -50, -48, -35, -34, -30, -27, -25, -24, -22, -20, -18, -15, -13, -12, -9, -3}), frozenset({3, 10, 11, 14, 16, 18, 22, 23, 26, 28, 30, 32, 34, 39, 45, 46, 50, 52, 53, 54, -56, -55, -48, -35, -31, -29, -27, -25, -24, -21, -20, -17, -15, -13, -12, -9, -2}), frozenset({3, 10, 12, 14, 16, 17, 22, 23, 25, 27, 29, 32, 34, 35, 45, 46, 50, 52, 55, -56, -54, -53, -48, -39, -31, -30, -28, -26, -24, -21, -20, -18, -15, -13, -11, -9, -2}), frozenset({3, 9, 11, 14, 15, 17, 22, 24, 26, 27, 30, 31, 32, 39, 45, 46, 50, 52, 53, 54, -56, -55, -48, -35, -34, -29, -28, -25, -23, -21, -20, -18, -16, -13, -12, -10, -2}), frozenset({3, 10, 11, 14, 16, 17, 20, 21, 22, 24, 25, 28, 29, 31, 32, 39, 45, 46, 50, 52, 54, -56, -55, -53, -48, -35, -34, -30, -27, -26, -23, -18, -15, -13, -12, -9, -2}), frozenset({3, 10, 11, 14, 16, 17, 21, 23, 25, 28, 29, 32, 34, 39, 45, 46, 52, 53, 54, -56, -55, -50, -48, -35, -31, -30, -27, -26, -24, -22, -20, -18, -15, -13, -12, -9, -2}), frozenset({3, 10, 11, 14, 16, 17, 21, 24, 26, 27, 29, 32, 34, 39, 45, 46, 50, 53, 54, -56, -55, -52, -48, -35, -31, -30, -28, -25, -23, -22, -20, -18, -15, -13, -12, -9, -2}), frozenset({2, 9, 11, 14, 16, 18, 21, 23, 26, 28, 29, 31, 32, 35, 39, 45, 48, 50, 52, 55, -56, -54, -53, -46, -34, -30, -27, -25, -24, -22, -20, -17, -15, -13, -12, -10, -3}), frozenset({3, 9, 11, 14, 16, 18, 21, 23, 26, 28, 29, 32, 34, 35, 39, 46, 48, 50, 52, 53, 54, -56, -55, -45, -31, -30, -27, -25, -24, -22, -20, -17, -15, -13, -12, -10, -2}), frozenset({3, 10, 12, 14, 16, 17, 21, 23, 26, 27, 29, 32, 34, 39, 45, 46, 52, 53, 54, -56, -55, -50, -48, -35, -31, -30, -28, -25, -24, -22, -20, -18, -15, -13, -11, -9, -2}), frozenset({3, 9, 11, 14, 16, 18, 22, 23, 26, 28, 30, 31, 34, 35, 45, 46, 50, 52, 53, 54, -56, -55, -48, -39, -32, -29, -27, -25, -24, -21, -20, -17, -15, -13, -12, -10, -2}), frozenset({3, 9, 11, 14, 16, 17, 22, 23, 25, 28, 30, 32, 34, 39, 46, 48, 50, 52, 54, -56, -55, -53, -45, -35, -31, -29, -27, -26, -24, -21, -20, -18, -15, -13, -12, -10, -2}), frozenset({3, 10, 11, 13, 15, 17, 22, 23, 25, 27, 29, 32, 34, 35, 45, 46, 50, 52, 54, -56, -55, -53, -48, -39, -31, -30, -28, -26, -24, -21, -20, -18, -16, -14, -12, -9, -2}), frozenset({3, 9, 11, 14, 15, 17, 21, 24, 26, 28, 29, 32, 34, 39, 45, 46, 50, 52, 54, -56, -55, -53, -48, -35, -31, -30, -27, -25, -23, -22, -20, -18, -16, -13, -12, -10, -2}), frozenset({3, 10, 11, 14, 16, 18, 21, 24, 25, 27, 29, 31, 32, 35, 39, 46, 48, 50, 52, 53, 54, -56, -55, -45, -34, -30, -28, -26, -23, -22, -20, -17, -15, -13, -12, -9, -2}), frozenset({3, 9, 11, 13, 15, 17, 21, 23, 26, 27, 30, 32, 34, 39, 45, 46, 50, 52, 54, -56, -55, -53, -48, -35, -31, -29, -28, -25, -24, -22, -20, -18, -16, -14, -12, -10, -2})]
1	itemsets left after W operation 	: [frozenset({5, 6, 8, 11, 14, -7, 33, 36, 38, 41, 43, 47, 49, 51, 52, -13, -12, 57}), frozenset({3, 4, 10, 16, 17, 20, 22, 23, 26, 27, 29, 31, 34, 35, 39, 40, 44, 45, 46, 48, 50, 53, 55, -57, -54, -42, -37, -32, -30, -28, -25, -24, -21, -19, -18, -15, -9, -2}), frozenset({2, 3, 10, 16, 17, 19, 22, 24, 26, 27, 29, 32, 34, 37, 39, 40, 44, 45, 46, 50, 54, -57, -55, -53, -48, -42, -35, -31, -30, -28, -25, -23, -21, -20, -18, -15, -9, -4}), frozenset({2, 3, 10, 16, 17, 19, 20, 21, 22, 23, 26, 27, 29, 31, 32, 34, 35, 37, 39, 40, 42, 44, 45, 46, 48, 50, 53, 54, -57, -55, -30, -28, -25, -24, -18, -15, -9, -4}), frozenset({2, 3, 9, 15, 17, 20, 22, 24, 26, 27, 29, 32, 34, 35, 37, 40, 42, 45, 46, 50, 53, 55, -57, -54, -48, -44, -39, -31, -30, -28, -25, -23, -21, -19, -18, -16, -10, -4}), frozenset({3, 4, 9, 16, 18, 19, 21, 23, 26, 28, 30, 31, 32, 35, 37, 39, 40, 42, 45, 46, 50, 54, -57, -55, -53, -48, -44, -34, -29, -27, -25, -24, -22, -20, -17, -15, -10, -2})]
0	itemsets left after W operation 	: [frozenset({33, 36, 5, 6, 38, 8, 41, 43, 47, 49, 51, -7, 58}), frozenset({4, 37, -58, 42, 44, 19, -40, 56}), frozenset({-13, 52, -12, -58, 57, 11, 14})]
Length of freq items 1	: 24
Time of freq items 1	: 0.31316184997558594
30 Frequent Itemsets are mined in 0.0005958080291748047 seconds.
Length of freq items 2	: 30
Time of freq items 2	: 0.0006420612335205078
23	itemsets left after W operation 	: [frozenset({32, 59, 3, 46}), frozenset({10, 11, 14, 16, 18, 22, 23, 26, 28, 30, 34, 39, 45, 50, 52, 53, 54, -59, -56, -55, -48, -35, -31, -29, -27, -25, -24, -21, -20, -17, -15, -13, -12, -9, -2}), frozenset({10, 12, 14, 16, 17, 22, 23, 25, 27, 29, 34, 35, 45, 50, 52, 55, -59, -56, -54, -53, -48, -39, -31, -30, -28, -26, -24, -21, -20, -18, -15, -13, -11, -9, -2}), frozenset({9, 11, 14, 15, 17, 22, 24, 26, 27, 30, 31, 39, 45, 50, 52, 53, 54, -59, -56, -55, -48, -35, -34, -29, -28, -25, -23, -21, -20, -18, -16, -13, -12, -10, -2}), frozenset({10, 11, 14, 16, 17, 20, 21, 22, 24, 25, 28, 29, 31, 39, 45, 50, 52, 54, -59, -56, -55, -53, -48, -35, -34, -30, -27, -26, -23, -18, -15, -13, -12, -9, -2}), frozenset({10, 11, 14, 16, 17, 21, 23, 25, 28, 29, 34, 39, 45, 52, 53, 54, -59, -56, -55, -50, -48, -35, -31, -30, -27, -26, -24, -22, -20, -18, -15, -13, -12, -9, -2}), frozenset({10, 11, 14, 16, 17, 21, 24, 26, 27, 29, 34, 39, 45, 50, 53, 54, -59, -56, -55, -52, -48, -35, -31, -30, -28, -25, -23, -22, -20, -18, -15, -13, -12, -9, -2}), frozenset({9, 11, 14, 16, 18, 21, 23, 26, 28, 29, 34, 35, 39, 48, 50, 52, 53, 54, -59, -56, -55, -45, -31, -30, -27, -25, -24, -22, -20, -17, -15, -13, -12, -10, -2}), frozenset({10, 12, 14, 16, 17, 21, 23, 26, 27, 29, 34, 39, 45, 52, 53, 54, -59, -56, -55, -50, -48, -35, -31, -30, -28, -25, -24, -22, -20, -18, -15, -13, -11, -9, -2}), frozenset({9, 11, 14, 16, 17, 22, 23, 25, 28, 30, 34, 39, 48, 50, 52, 54, -59, -56, -55, -53, -45, -35, -31, -29, -27, -26, -24, -21, -20, -18, -15, -13, -12, -10, -2}), frozenset({10, 11, 13, 15, 17, 22, 23, 25, 27, 29, 34, 35, 45, 50, 52, 54, -59, -56, -55, -53, -48, -39, -31, -30, -28, -26, -24, -21, -20, -18, -16, -14, -12, -9, -2}), frozenset({9, 11, 14, 15, 17, 21, 24, 26, 28, 29, 34, 39, 45, 50, 52, 54, -59, -56, -55, -53, -48, -35, -31, -30, -27, -25, -23, -22, -20, -18, -16, -13, -12, -10, -2}), frozenset({10, 11, 14, 16, 18, 21, 24, 25, 27, 29, 31, 35, 39, 48, 50, 52, 53, 54, -59, -56, -55, -45, -34, -30, -28, -26, -23, -22, -20, -17, -15, -13, -12, -9, -2}), frozenset({9, 11, 13, 15, 17, 21, 23, 26, 27, 30, 34, 39, 45, 50, 52, 54, -59, -56, -55, -53, -48, -35, -31, -29, -28, -25, -24, -22, -20, -18, -16, -14, -12, -10, -2}), frozenset({2, 10, 16, 17, 19, 22, 24, 26, 27, 29, 34, 37, 39, 40, 44, 45, 50, 54, -59, -57, -55, -53, -48, -42, -35, -31, -30, -28, -25, -23, -21, -20, -18, -15, -9, -4}), frozenset({2, 10, 16, 17, 19, 20, 21, 22, 23, 26, 27, 29, 31, 34, 35, 37, 39, 40, 42, 44, 45, 48, 50, 53, 54, -59, -57, -55, -30, -28, -25, -24, -18, -15, -9, -4}), frozenset({2, 9, 15, 17, 20, 22, 24, 26, 27, 29, 34, 35, 37, 40, 42, 45, 50, 53, 55, -59, -57, -54, -48, -44, -39, -31, -30, -28, -25, -23, -21, -19, -18, -16, -10, -4}), frozenset({4, 9, 16, 18, 19, 21, 23, 26, 28, 30, 31, 35, 37, 39, 40, 42, 45, 50, 54, -59, -57, -55, -53, -48, -44, -34, -29, -27, -25, -24, -22, -20, -17, -15, -10, -2})]
19	itemsets left after W operation 	: [frozenset({-55, 60, 54}), frozenset({3, 9, 11, 14, 16, 17, 22, 23, 26, 28, 30, 32, 34, 35, 45, 48, 52, 53, -60, -56, -50, -46, -39, -31, -29, -27, -25, -24, -21, -20, -18, -15, -13, -12, -10, -2}), frozenset({2, 10, 11, 14, 16, 17, 21, 23, 26, 28, 29, 31, 32, 39, 45, 46, 52, 53, -60, -56, -50, -48, -35, -34, -30, -27, -25, -24, -22, -20, -18, -15, -13, -12, -9, -3}), frozenset({3, 9, 11, 14, 16, 18, 22, 23, 26, 28, 30, 31, 34, 35, 45, 46, 50, 52, 53, -60, -56, -48, -39, -32, -29, -27, -25, -24, -21, -20, -17, -15, -13, -12, -10, -2}), frozenset({10, 11, 14, 16, 18, 22, 23, 26, 28, 30, 34, 39, 45, 50, 52, 53, -60, -59, -56, -48, -35, -31, -29, -27, -25, -24, -21, -20, -17, -15, -13, -12, -9, -2}), frozenset({9, 11, 14, 15, 17, 22, 24, 26, 27, 30, 31, 39, 45, 50, 52, 53, -60, -59, -56, -48, -35, -34, -29, -28, -25, -23, -21, -20, -18, -16, -13, -12, -10, -2}), frozenset({10, 11, 14, 16, 17, 20, 21, 22, 24, 25, 28, 29, 31, 39, 45, 50, 52, -60, -59, -56, -53, -48, -35, -34, -30, -27, -26, -23, -18, -15, -13, -12, -9, -2}), frozenset({10, 11, 14, 16, 17, 21, 23, 25, 28, 29, 34, 39, 45, 52, 53, -60, -59, -56, -50, -48, -35, -31, -30, -27, -26, -24, -22, -20, -18, -15, -13, -12, -9, -2}), frozenset({10, 11, 14, 16, 17, 21, 24, 26, 27, 29, 34, 39, 45, 50, 53, -60, -59, -56, -52, -48, -35, -31, -30, -28, -25, -23, -22, -20, -18, -15, -13, -12, -9, -2}), frozenset({9, 11, 14, 16, 18, 21, 23, 26, 28, 29, 34, 35, 39, 48, 50, 52, 53, -60, -59, -56, -45, -31, -30, -27, -25, -24, -22, -20, -17, -15, -13, -12, -10, -2}), frozenset({10, 12, 14, 16, 17, 21, 23, 26, 27, 29, 34, 39, 45, 52, 53, -60, -59, -56, -50, -48, -35, -31, -30, -28, -25, -24, -22, -20, -18, -15, -13, -11, -9, -2}), frozenset({9, 11, 14, 16, 17, 22, 23, 25, 28, 30, 34, 39, 48, 50, 52, -60, -59, -56, -53, -45, -35, -31, -29, -27, -26, -24, -21, -20, -18, -15, -13, -12, -10, -2}), frozenset({10, 11, 13, 15, 17, 22, 23, 25, 27, 29, 34, 35, 45, 50, 52, -60, -59, -56, -53, -48, -39, -31, -30, -28, -26, -24, -21, -20, -18, -16, -14, -12, -9, -2}), frozenset({9, 11, 14, 15, 17, 21, 24, 26, 28, 29, 34, 39, 45, 50, 52, -60, -59, -56, -53, -48, -35, -31, -30, -27, -25, -23, -22, -20, -18, -16, -13, -12, -10, -2}), frozenset({10, 11, 14, 16, 18, 21, 24, 25, 27, 29, 31, 35, 39, 48, 50, 52, 53, -60, -59, -56, -45, -34, -30, -28, -26, -23, -22, -20, -17, -15, -13, -12, -9, -2}), frozenset({9, 11, 13, 15, 17, 21, 23, 26, 27, 30, 34, 39, 45, 50, 52, -60, -59, -56, -53, -48, -35, -31, -29, -28, -25, -24, -22, -20, -18, -16, -14, -12, -10, -2}), frozenset({2, 10, 16, 17, 19, 22, 24, 26, 27, 29, 34, 37, 39, 40, 44, 45, 50, -60, -59, -57, -53, -48, -42, -35, -31, -30, -28, -25, -23, -21, -20, -18, -15, -9, -4}), frozenset({2, 10, 16, 17, 19, 20, 21, 22, 23, 26, 27, 29, 31, 34, 35, 37, 39, 40, 42, 44, 45, 48, 50, 53, -60, -59, -57, -30, -28, -25, -24, -18, -15, -9, -4}), frozenset({4, 9, 16, 18, 19, 21, 23, 26, 28, 30, 31, 35, 37, 39, 40, 42, 45, 50, -60, -59, -57, -53, -48, -44, -34, -29, -27, -25, -24, -22, -20, -17, -15, -10, -2})]
18	itemsets left after W operation 	: [frozenset({16, -15, 61}), frozenset({2, 9, 11, 14, 18, 21, 23, 26, 28, 29, 31, 32, 35, 39, 45, 48, 50, 52, 55, -61, -56, -54, -53, -46, -34, -30, -27, -25, -24, -22, -20, -17, -13, -12, -10, -3}), frozenset({3, 4, 10, 17, 20, 22, 23, 26, 27, 29, 31, 34, 35, 39, 40, 44, 45, 46, 48, 50, 53, 55, -61, -57, -54, -42, -37, -32, -30, -28, -25, -24, -21, -19, -18, -9, -2}), frozenset({10, 12, 14, 17, 22, 23, 25, 27, 29, 34, 35, 45, 50, 52, 55, -61, -59, -56, -54, -53, -48, -39, -31, -30, -28, -26, -24, -21, -20, -18, -13, -11, -9, -2}), frozenset({3, 9, 11, 14, 17, 22, 23, 26, 28, 30, 32, 34, 35, 45, 48, 52, 53, -61, -60, -56, -50, -46, -39, -31, -29, -27, -25, -24, -21, -20, -18, -13, -12, -10, -2}), frozenset({2, 10, 11, 14, 17, 21, 23, 26, 28, 29, 31, 32, 39, 45, 46, 52, 53, -61, -60, -56, -50, -48, -35, -34, -30, -27, -25, -24, -22, -20, -18, -13, -12, -9, -3}), frozenset({3, 9, 11, 14, 18, 22, 23, 26, 28, 30, 31, 34, 35, 45, 46, 50, 52, 53, -61, -60, -56, -48, -39, -32, -29, -27, -25, -24, -21, -20, -17, -13, -12, -10, -2}), frozenset({10, 11, 14, 18, 22, 23, 26, 28, 30, 34, 39, 45, 50, 52, 53, -61, -60, -59, -56, -48, -35, -31, -29, -27, -25, -24, -21, -20, -17, -13, -12, -9, -2}), frozenset({10, 11, 14, 17, 20, 21, 22, 24, 25, 28, 29, 31, 39, 45, 50, 52, -61, -60, -59, -56, -53, -48, -35, -34, -30, -27, -26, -23, -18, -13, -12, -9, -2}), frozenset({10, 11, 14, 17, 21, 23, 25, 28, 29, 34, 39, 45, 52, 53, -61, -60, -59, -56, -50, -48, -35, -31, -30, -27, -26, -24, -22, -20, -18, -13, -12, -9, -2}), frozenset({10, 11, 14, 17, 21, 24, 26, 27, 29, 34, 39, 45, 50, 53, -61, -60, -59, -56, -52, -48, -35, -31, -30, -28, -25, -23, -22, -20, -18, -13, -12, -9, -2}), frozenset({9, 11, 14, 18, 21, 23, 26, 28, 29, 34, 35, 39, 48, 50, 52, 53, -61, -60, -59, -56, -45, -31, -30, -27, -25, -24, -22, -20, -17, -13, -12, -10, -2}), frozenset({10, 12, 14, 17, 21, 23, 26, 27, 29, 34, 39, 45, 52, 53, -61, -60, -59, -56, -50, -48, -35, -31, -30, -28, -25, -24, -22, -20, -18, -13, -11, -9, -2}), frozenset({9, 11, 14, 17, 22, 23, 25, 28, 30, 34, 39, 48, 50, 52, -61, -60, -59, -56, -53, -45, -35, -31, -29, -27, -26, -24, -21, -20, -18, -13, -12, -10, -2}), frozenset({10, 11, 14, 18, 21, 24, 25, 27, 29, 31, 35, 39, 48, 50, 52, 53, -61, -60, -59, -56, -45, -34, -30, -28, -26, -23, -22, -20, -17, -13, -12, -9, -2}), frozenset({2, 10, 17, 19, 22, 24, 26, 27, 29, 34, 37, 39, 40, 44, 45, 50, -61, -60, -59, -57, -53, -48, -42, -35, -31, -30, -28, -25, -23, -21, -20, -18, -9, -4}), frozenset({2, 10, 17, 19, 20, 21, 22, 23, 26, 27, 29, 31, 34, 35, 37, 39, 40, 42, 44, 45, 48, 50, 53, -61, -60, -59, -57, -30, -28, -25, -24, -18, -9, -4}), frozenset({4, 9, 18, 19, 21, 23, 26, 28, 30, 31, 35, 37, 39, 40, 42, 45, 50, -61, -60, -59, -57, -53, -48, -44, -34, -29, -27, -25, -24, -22, -20, -17, -10, -2})]
0 clauses are pruned.
Initial DL				: 33268.362346766946
Final DL				: 5247.309698815112
Compression (wrt me)	: 0.8422732792158297
Operator Counters		: {'D': 0, 'W': 6, 'V': 0, 'S': 0, 'R': 0, 'T': 0}

Dataset	: hepatitis.dat;	Missingness Parameter	: 0.05
Mistle Accuracy = 0.33181818181818185 ; 0.5454545454545454 ; 0.21818181818181817 ; 0.4318181818181818 / 880
CNFAlgo Accuracy = 11/880 = 0.0125

Dataset	: hepatitis.dat;	Missingness Parameter	: 0.1
Mistle Accuracy = 0.4151880766501065 ; 0.6245564229950319 ; 0.3470546486870121 ; 0.5564229950319376 / 5636
CNFAlgo Accuracy = 10/5636 = 0.0017743080198722497


dataset = hepatitis.dat with minsup = 0.792
missingness_parameters = [0.05, 0.1]
mistle_accuracy_list1 = [0.33181818181818185, 0.4151880766501065]
mistle_accuracy_list2 = [0.5454545454545454, 0.6245564229950319]
mistle_accuracy_list3 = [0.21818181818181817, 0.3470546486870121]
mistle_accuracy_list4 = [0.4318181818181818, 0.5564229950319376]
mistle_clauses_list = [30, 30]
mistle_literals_list = [816, 816]
cnfalgo_accuracy_list = [0.0125, 0.0017743080198722497]
cnfalgo_clauses_list = [3553853, 3553853]
cnfalgo_literals_list = [16672015, 16672015]
train_data_literals_list = [6048, 6048]
randomized_accuracy_list = [0.13128810975609756, 0.058094113372093026]
