>/Users/arcchit/Docs/Mistle/Resources/spmf.jar
========== LCM - STATS ============
 Freq. closed itemsets count: 0
 Total time ~: 2 ms
 Max memory:7.845008850097656
=====================================
Current Minsup[0.99] yields 0 itemsets.
>/Users/arcchit/Docs/Mistle/Resources/spmf.jar
========== LCM - STATS ============
 Freq. closed itemsets count: 13
 Total time ~: 10 ms
 Max memory:7.843055725097656
=====================================
Current Minsup[0.792] yields 13 itemsets.
>/Users/arcchit/Docs/Mistle/Resources/spmf.jar
========== LCM - STATS ============
 Freq. closed itemsets count: 670
 Total time ~: 104 ms
 Max memory:10.842094421386719
=====================================
Current Minsup[0.396] yields 670 itemsets.
>/Users/arcchit/Docs/Mistle/Resources/spmf.jar
========== LCM - STATS ============
 Freq. closed itemsets count: 2004
 Total time ~: 183 ms
 Max memory:14.0
=====================================
Current Minsup[0.198] yields 2004 itemsets.
>/Users/arcchit/Docs/Mistle/Resources/spmf.jar
========== LCM - STATS ============
 Freq. closed itemsets count: 2828
 Total time ~: 203 ms
 Max memory:14.271484375
=====================================
Current Minsup[0.099] yields 2828 itemsets.
>/Users/arcchit/Docs/Mistle/Resources/spmf.jar
========== LCM - STATS ============
 Freq. closed itemsets count: 3422
 Total time ~: 182 ms
 Max memory:15.5927734375
=====================================
Current Minsup[0.0495] yields 3422 itemsets.
>/Users/arcchit/Docs/Mistle/Resources/spmf.jar
========== LCM - STATS ============
 Freq. closed itemsets count: 3684
 Total time ~: 222 ms
 Max memory:18.08740234375
=====================================
Current Minsup[0.02475] yields 3684 itemsets.
>/Users/arcchit/Docs/Mistle/Resources/spmf.jar
========== LCM - STATS ============
 Freq. closed itemsets count: 3727
 Total time ~: 229 ms
 Max memory:18.578125
=====================================
Current Minsup[0.012375] yields 3727 itemsets.
>/Users/arcchit/Docs/Mistle/Resources/spmf.jar
========== LCM - STATS ============
 Freq. closed itemsets count: 1062
 Total time ~: 65 ms
 Max memory:11.562004089355469
=====================================
Length of freq items 1	: 1062
Time of freq items 1	: 0.8171260356903076
427088 Frequent Itemsets are mined in 15.569406986236572 seconds.
Length of freq items 2	: 427088
Time of freq items 2	: 15.56948709487915
DL of initial theory	: 2345.627031159262
623	itemsets left after T operation 	: [frozenset({2, 5, 9, 12, 13, 15, -14})]
135	itemsets left after T operation 	: [frozenset({4, 5, 6, 8, 13, 14, 16, -15, 17, -12})]
10	itemsets left after T operation 	: [frozenset({3, 5, 6, 8, 10, 11, 12, -17, 16, 15})]
1	itemsets left after T operation 	: [frozenset({16, 8, 5, 6})]
>/Users/arcchit/Docs/Mistle/Resources/spmf.jar
========== LCM - STATS ============
 Freq. closed itemsets count: 3
 Total time ~: 3 ms
 Max memory:7.562080383300781
=====================================
Length of freq items 1	: 3
Time of freq items 1	: 0.5482089519500732
71 Frequent Itemsets are mined in 0.0011570453643798828 seconds.
Length of freq items 2	: 71
Time of freq items 2	: 0.0011980533599853516
0 clauses are pruned.
Initial DL				: 6767.765296313812
Final DL				: 276.2697947691426
Compression (wrt me)	: 0.9591785792394991
Operator Counters		: {'D': 0, 'W': 0, 'V': 0, 'S': 0, 'R': 0, 'T': 4}
>/Users/arcchit/Docs/Mistle/Resources/spmf.jar
========== LCM - STATS ============
 Freq. closed itemsets count: 696
 Total time ~: 106 ms
 Max memory:9.842071533203125
=====================================
Length of freq items 1	: 696
Time of freq items 1	: 0.5998258590698242
329384 Frequent Itemsets are mined in 10.198777914047241 seconds.
Length of freq items 2	: 329384
Time of freq items 2	: 10.198882102966309
DL of initial theory	: 2345.627031159262
452	itemsets left after T operation 	: [frozenset({2, 6, 11, 12, 14, 15, -16, 17, -13})]
18	itemsets left after T operation 	: [frozenset({3, 5, 8, 9, 10, 12, 15, -16, 17})]
>/Users/arcchit/Docs/Mistle/Resources/spmf.jar
========== LCM - STATS ============
 Freq. closed itemsets count: 7
 Total time ~: 72 ms
 Max memory:7.565757751464844
=====================================
Length of freq items 1	: 7
Time of freq items 1	: 0.6424961090087891
33234 Frequent Itemsets are mined in 0.8587100505828857 seconds.
Length of freq items 2	: 33234
Time of freq items 2	: 0.8587827682495117
0 clauses are pruned.
Initial DL				: 6767.765296313812
Final DL				: 166.4385513137781
Compression (wrt me)	: 0.9754071626265717
Operator Counters		: {'D': 0, 'W': 0, 'V': 0, 'S': 0, 'R': 0, 'T': 2}

Dataset	: iris_18.dat;	Missingness Parameter	: 0.05
Mistle Accuracy = 0.8103448275862069 ; 0.5948275862068966 ; 0.9655172413793104 ; 0.75 / 116
CNFAlgo Accuracy = 29/119 = 0.24369747899159663

Dataset	: iris_18.dat;	Missingness Parameter	: 0.1
Mistle Accuracy = 0.801980198019802 ; 0.5445544554455446 ; 0.9257425742574258 ; 0.6683168316831684 / 202
CNFAlgo Accuracy = 37/205 = 0.18048780487804877


dataset = iris_18.dat with minsup = 0.009523809523809525
missingness_parameters = [0.05, 0.1]
mistle_accuracy_list1 = [0.8103448275862069, 0.801980198019802]
mistle_accuracy_list2 = [0.5948275862068966, 0.5445544554455446]
mistle_accuracy_list3 = [0.9655172413793104, 0.9257425742574258]
mistle_accuracy_list4 = [0.75, 0.6683168316831684]
mistle_clauses_list = [5, 5]
mistle_literals_list = [45, 45]
cnfalgo_accuracy_list = [0.24369747899159663, 0.18048780487804877]
cnfalgo_clauses_list = [8822, 8822]
cnfalgo_literals_list = [33422, 33422]
train_data_literals_list = [1680, 1680]
randomized_accuracy_list = [0.361328125, 0.2878289473684211]
