
##### Build transactions database #####.....java.lang.ArrayIndexOutOfBoundsException: 86
	at parsers.CNFParser.parsingClause(CNFParser.java:145)
	at parsers.CNFParser.buildtdatabase(CNFParser.java:204)
	at execution.FrequentPatterns.launchNonBinary(FrequentPatterns.java:49)
	at execution.FrequentPatterns.main(FrequentPatterns.java:156)


##### Build transactions database #####.....[OK]
no binary clause for the instance /Users/arcchit/Docs/Mistle/mining4sat_d15e7a47-e02d-49dd-a724-5a61707930bf_.cnf
Exception in thread "main" java.lang.NullPointerException
	at execution.FrequentPatterns.main(FrequentPatterns.java:202)

##### Build transactions database #####.....[OK]
nbTransactions = 123
AVGTransactionsLenght = 72
##### Execute lcm #####.....[OK]
##### Parse lcm result & Build classes patterns #####.....[OK]

nbValidPatterns= 10412
nbClasses= 1

##### Reduction of non binaries clauses #####.....[OK]
##### Writing of output #####.....[OK]


##### Build transactions database #####.....[OK]
no binary clause for the instance NonBinary_Compressed_mining4sat_08ac30c3-80aa-42d2-a22a-73865ceb5775_L38.cnf
mining4sat_08ac30c3-80aa-42d2-a22a-73865ceb5775_ & 38 & 123 & 123 & 0 & 8,6 Ko & 169 & 169 & 0 & 46,07 & 4,6 Ko & 0 & 0 & 0 & 46,07 & 4,6 Ko & 10,46 \\

TotalCPUTime = 10,46


Input Data	: /Users/arcchit/Docs/Mistle/mining4sat_d15e7a47-e02d-49dd-a724-5a61707930bf_.cnf
Command 	: cd /Users/arcchit/Docs/Mistle/Resources/Mining4SAT && java -Xms8G -Xmx25G -cp bin/ execution.FrequentPatterns /Users/arcchit/Docs/Mistle/mining4sat_d15e7a47-e02d-49dd-a724-5a61707930bf_.cnf 38
Return Code	: 256
Output Data	: /Users/arcchit/Docs/Mistle/Resources/Mining4SAT/Binary_Compressed_mining4sat_d15e7a47-e02d-49dd-a724-5a61707930bf_.cnf
Output File not created	: [Errno 2] No such file or directory: '/Users/arcchit/Docs/Mistle/Resources/Mining4SAT/Binary_Compressed_mining4sat_d15e7a47-e02d-49dd-a724-5a61707930bf_.cnf'
Input Data	: /Users/arcchit/Docs/Mistle/mining4sat_08ac30c3-80aa-42d2-a22a-73865ceb5775_.cnf
Command 	: cd /Users/arcchit/Docs/Mistle/Resources/Mining4SAT && java -Xms8G -Xmx25G -cp bin/ execution.FrequentPatterns /Users/arcchit/Docs/Mistle/mining4sat_08ac30c3-80aa-42d2-a22a-73865ceb5775_.cnf 38
Return Code	: 0
Output Data	: /Users/arcchit/Docs/Mistle/Resources/Mining4SAT/NonBinary_Compressed_mining4sat_08ac30c3-80aa-42d2-a22a-73865ceb5775_L38.cnf
# of frequent itemsets	: 0
Time of DCI Closed		: 0.35187792778015137
# of frequent itemsets	: 3874
Time of DCI Closed		: 0.5748770236968994
DL of initial theory	: 13280.37093450261
3864	itemsets left after W operation 	: [frozenset({-31, -30, -28, -26, -24, -18, -48, 56, -7}), frozenset({-56, -22, -54, -53, -20, -16, -35, -13, -12, -9, -40, -3}), frozenset({-56, -54, -53, -21, -19, -16, -13, -12, -9, -40, -4, -35}), frozenset({-56, -55, -22, -53, -20, -16, -14, -12, -10, -40, -37, -2}), frozenset({-56, -22, -54, -53, -20, -15, -13, -11, -9, -40, -35, -2}), frozenset({-56, -54, -22, -53, -20, -16, -14, -11, -40, -35, -2}), frozenset({-56, -54, -22, -20, -49, -16, -14, -11, -9, -40, -35, -2}), frozenset({-56, -55, -22, -53, -20, -16, -13, -12, -42, -9, -35, -2}), frozenset({-56, -55, -22, -20, -16, -14, -12, -9, -40, -2}), frozenset({-56, -55, -22, -20, -16, -14, -12, -10, -40, -2}), frozenset({-56, -54, -22, -20, -16, -14, -12, -10, -40, -2}), frozenset({-56, -22, -54, -53, -20, -15, -13, -12, -10, -40, -35, -2}), frozenset({-56, -54, -22, -20, -16, -13, -12, -10, -40, -4, -35}), frozenset({-56, -55, -16, -14, -12, -10, -40, -2}), frozenset({-56, -55, -22, -20, -16, -13, -12, -9, -40, -35, -2}), frozenset({-56, -54, -53, -21, -20, -16, -13, -12, -42, -9, -35, -2}), frozenset({-56, -54, -53, -21, -20, -16, -13, -11, -10, -40, -35, -2}), frozenset({-56, -22, -54, -53, -20, -16, -14, -12, -42, -10, -35, -2}), frozenset({-56, -22, -54, -53, -20, -16, -14, -11, -10, -40, -35, -2}), frozenset({-56, -54, -22, -20, -16, -14, -12, -10, -40, -35, -2}), frozenset({-56, -54, -22, -20, -15, -13, -12, -9, -40, -35, -2}), frozenset({-56, -55, -22, -53, -20, -16, -14, -12, -10, -40, -35, -2}), frozenset({-56, -22, -54, -53, -20, -16, -14, -12, -10, -40, -35, -2}), frozenset({-56, -54, -22, -20, -15, -13, -12, -10, -40, -35, -2}), frozenset({-56, -22, -54, -53, -20, -16, -13, -12, -10, -40, -35, -2}), frozenset({-56, -54, -22, -20, -16, -35, -14, -12, -9, -40, -3}), frozenset({-56, -54, -21, -20, -16, -13, -12, -10, -40, -2}), frozenset({-56, -55, -22, -53, -20, -16, -14, -11, -10, -40, -35, -2}), frozenset({-56, -22, -54, -53, -20, -16, -14, -12, -9, -40, -35, -2}), frozenset({-56, -55, -22, -20, -49, -16, -14, -12, -10, -40, -35, -2}), frozenset({-56, -54, -22, -19, -16, -13, -12, -9, -40, -37, -2}), frozenset({-56, -55, -22, -20, -16, -13, -12, -9, -40, -2}), frozenset({-56, -54, -53, -21, -20, -16, -13, -12, -10, -40, -35, -2}), frozenset({-56, -54, -22, -20, -16, -14, -12, -10, -42, -2}), frozenset({-56, -55, -53, -21, -19, -16, -14, -43, -11, -9, -37, -2}), frozenset({-56, -55, -20, -16, -14, -41, -12, -9, -35, -2}), frozenset({-56, -55, -22, -20, -16, -14, -12, -10, -40, -35, -2}), frozenset({-56, -55, -22, -20, -16, -14, -12, -9, -40, -37, -2}), frozenset({-56, -22, -54, -53, -20, -15, -13, -12, -9, -40, -35, -2}), frozenset({-56, -54, -22, -20, -16, -14, -12, -9, -40, -35, -2}), frozenset({-56, -54, -53, -21, -19, -15, -13, -11, -10, -40, -4, -35}), frozenset({-56, -55, -21, -20, -16, -13, -12, -10, -40, -37, -2}), frozenset({-56, -54, -22, -20, -16, -13, -12, -10, -40, -6, -35}), frozenset({-56, -55, -53, -21, -20, -16, -13, -11, -10, -40, -6, -35}), frozenset({-56, -54, -53, -21, -19, -16, -14, -11, -9, -40, -35, -2})]
3681	itemsets left after W operation 	: [frozenset({-48, -31, -30, -28, -40, 57, -2}), frozenset({-25, -24, -55, -57, -53, -21, -19, -17, -15, -13, -12, -10, -8, -35}), frozenset({-26, -57, -24, -55, -53, -21, -19, -17, -15, -13, -11, -9, -7, -35}), frozenset({-25, -57, -23, -54, -53, -21, -19, -17, -15, -13, -12, -10, -7, -37}), frozenset({-26, -57, -23, -54, -21, -20, -18, -16, -13, -12, -9, -7, -35}), frozenset({-25, -24, -55, -57, -21, -19, -18, -16, -14, -12, -10, -7}), frozenset({-26, -57, -24, -54, -53, -22, -20, -17, -15, -13, -11, -10, -8, -35}), frozenset({-26, -57, -24, -54, -53, -22, -20, -18, -16, -14, -11, -9, -8, -35}), frozenset({-26, -57, -24, -54, -53, -21, -20, -18, -16, -14, -12, -9, -8, -37}), frozenset({-25, -57, -55, -23, -53, -21, -20, -18, -16, -14, -12, -10, -7, -35}), frozenset({-26, -57, -23, -54, -53, -22, -20, -18, -16, -14, -12, -9, -7, -35}), frozenset({-25, -24, -57, -54, -53, -21, -19, -18, -16, -13, -12, -9, -7, -35}), frozenset({-26, -57, -24, -54, -22, -19, -18, -16, -14, -12, -9, -8, -35}), frozenset({-26, -57, -24, -54, -53, -21, -20, -17, -15, -13, -12, -9, -7, -35}), frozenset({-25, -57, -55, -23, -53, -21, -19, -18, -16, -13, -12, -9, -8, -39}), frozenset({-26, -57, -24, -54, -22, -20, -17, -15, -13, -12, -10, -7}), frozenset({-26, -57, -24, -55, -53, -21, -19, -17, -15, -13, -12, -9, -7, -35}), frozenset({-26, -57, -23, -54, -53, -21, -20, -18, -16, -13, -11, -10, -7, -35}), frozenset({-25, -24, -57, -54, -21, -20, -17, -15, -13, -11, -9, -7, -35}), frozenset({-25, -24, -57, -54, -21, -20, -18, -16, -14, -12, -9, -7, -35}), frozenset({-26, -57, -24, -54, -53, -22, -20, -18, -16, -13, -11, -10, -8, -35}), frozenset({-25, -24, -57, -54, -53, -22, -20, -17, -15, -13, -11, -10, -7, -36}), frozenset({-25, -57, -23, -54, -21, -19, -17, -15, -13, -12, -9, -8, -37}), frozenset({-25, -24, -55, -57, -53, -21, -20, -18, -15, -13, -12, -9, -7, -37}), frozenset({-26, -57, -24, -54, -53, -21, -20, -18, -16, -14, -11, -9, -8, -35}), frozenset({-26, -57, -23, -55, -21, -20, -18, -16, -14, -12, -10, -7, -39}), frozenset({-26, -57, -24, -54, -21, -20, -53, -17, -15, -13, -12, -9, -7}), frozenset({-26, -57, -23, -54, -53, -21, -19, -18, -16, -14, -12, -9, -39, -7})]
2870	itemsets left after W operation 	: [frozenset({-12, 58, -22, -20, -2}), frozenset({-58, -55, -53, -48, -40, -35, -31, -30, -27, -26, -24, -18, -15, -13, -9, -7}), frozenset({-31, -30, -28, -58, -25, -24, -55, -18, -16, -48, -13, -43, -9, -7}), frozenset({-58, -54, -53, -48, -41, -39, -31, -30, -28, -26, -23, -17, -15, -13, -10, -7}), frozenset({-31, -30, -28, -26, -58, -23, -54, -18, -15, -13, -40, -9, -8, -35}), frozenset({-30, -28, -26, -58, -24, -54, -18, -16, -14, -10, -40, -7}), frozenset({-31, -30, -28, -26, -58, -24, -54, -17, -15, -13, -9, -40, -7, -35}), frozenset({-31, -30, -28, -26, -58, -24, -55, -17, -15, -13, -44, -9, -7}), frozenset({-31, -30, -28, -26, -58, -24, -55, -18, -16, -14, -10, -40, -7}), frozenset({-58, -55, -53, -48, -40, -35, -31, -29, -28, -25, -23, -18, -16, -13, -9, -8}), frozenset({-31, -30, -28, -26, -58, -23, -55, -18, -16, -14, -10, -40, -7, -35}), frozenset({-58, -55, -49, -48, -40, -37, -31, -30, -27, -25, -24, -17, -15, -13, -9, -7}), frozenset({-58, -54, -50, -48, -40, -39, -33, -29, -28, -25, -24, -17, -15, -13, -10, -7}), frozenset({-58, -54, -53, -48, -40, -35, -31, -30, -27, -26, -24, -17, -15, -13, -9, -7}), frozenset({-31, -30, -28, -26, -58, -24, -54, -18, -16, -14, -10, -7}), frozenset({-58, -56, -55, -53, -16, -14, -10, -40, -37}), frozenset({-58, -56, -55, -53, -16, -13, -42, -9, -35}), frozenset({-16, -14, -40, -58, -9, -56, -55}), frozenset({-16, -14, -10, -40, -56, -55, -58}), frozenset({-16, -14, -10, -40, -56, -58, -54}), frozenset({-58, -56, -54, -53, -15, -13, -10, -40, -35}), frozenset({-58, -56, -55, -16, -13, -9, -40, -35}), frozenset({-58, -56, -54, -53, -16, -14, -42, -10, -35}), frozenset({-58, -56, -54, -16, -14, -10, -40, -35}), frozenset({-58, -56, -54, -15, -13, -9, -40, -35}), frozenset({-58, -56, -55, -53, -16, -14, -10, -40, -35}), frozenset({-58, -56, -54, -53, -16, -14, -10, -40, -35}), frozenset({-58, -56, -54, -15, -13, -10, -40, -35}), frozenset({-58, -56, -54, -53, -16, -13, -10, -40, -35}), frozenset({-58, -56, -54, -53, -16, -14, -9, -40, -35}), frozenset({-58, -56, -55, -49, -16, -14, -10, -40, -35}), frozenset({-16, -13, -40, -58, -9, -56, -55}), frozenset({-16, -14, -10, -42, -56, -58, -54}), frozenset({-58, -56, -55, -16, -14, -10, -40, -35}), frozenset({-58, -56, -55, -16, -14, -9, -40, -37}), frozenset({-58, -56, -54, -53, -15, -13, -9, -40, -35}), frozenset({-58, -56, -54, -16, -14, -9, -40, -35})]
2834	itemsets left after W operation 	: [frozenset({-40, -54, 59, -35}), frozenset({-59, -18, -16, -48, -14, -12, -10, -2, -7, -34}), frozenset({-59, -56, -22, -53, -20, -16, -13, -12, -9, -3}), frozenset({-59, -56, -53, -21, -19, -16, -13, -12, -9, -4}), frozenset({-59, -56, -22, -53, -20, -15, -13, -11, -9, -2}), frozenset({-59, -56, -22, -53, -20, -16, -14, -11, -2}), frozenset({-59, -56, -22, -20, -49, -16, -14, -11, -9, -2}), frozenset({-59, -56, -22, -20, -16, -13, -12, -10, -4}), frozenset({-59, -56, -53, -20, -21, -16, -13, -11, -10, -2}), frozenset({-59, -56, -22, -53, -20, -16, -14, -11, -10, -2}), frozenset({-59, -56, -22, -20, -16, -14, -12, -9, -3}), frozenset({-59, -56, -53, -20, -21, -16, -13, -12, -10, -2}), frozenset({-59, -56, -53, -21, -19, -15, -13, -11, -10, -4}), frozenset({-59, -56, -22, -20, -16, -13, -12, -10, -6}), frozenset({-59, -56, -53, -21, -19, -16, -14, -11, -9, -2}), frozenset({-31, -30, -28, -59, -58, -26, -23, -18, -15, -13, -9, -8}), frozenset({-31, -30, -28, -59, -58, -26, -24, -17, -15, -13, -9, -7}), frozenset({-31, -30, -27, -58, -26, -24, -59, -53, -17, -48, -15, -13, -9, -7}), frozenset({-15, -13, -59, -58, -10, -56, -53}), frozenset({-16, -14, -59, -58, -10, -56}), frozenset({-15, -13, -59, -58, -9, -56}), frozenset({-16, -14, -59, -58, -10, -56, -53}), frozenset({-15, -13, -59, -58, -10, -56}), frozenset({-16, -13, -59, -58, -10, -56, -53}), frozenset({-16, -14, -59, -58, -9, -56, -53}), frozenset({-15, -13, -59, -58, -9, -56, -53}), frozenset({-16, -14, -59, -58, -9, -56})]
2080	itemsets left after W operation 	: [frozenset({-24, -7, -13, 60}), frozenset({-60, -55, -46, -40, -39, -31, -29, -28, -25, -21, -19, -17, -15, -12, -9, -2}), frozenset({-60, -55, -53, -48, -43, -39, -32, -30, -28, -26, -21, -20, -18, -16, -12, -9, -2}), frozenset({-60, -55, -48, -44, -37, -31, -30, -28, -25, -21, -20, -17, -15, -12, -10, -2}), frozenset({-60, -55, -48, -40, -35, -33, -30, -28, -26, -21, -19, -18, -16, -12, -10, -2}), frozenset({-60, -55, -48, -40, -35, -33, -30, -28, -25, -21, -19, -18, -15, -12, -9, -2}), frozenset({-60, -55, -48, -40, -35, -31, -30, -28, -25, -21, -19, -18, -15, -12, -9, -4}), frozenset({-31, -30, -60, -27, -25, -55, -17, -48, -15, -12, -10, -40, -2}), frozenset({-60, -54, -53, -48, -44, -35, -31, -30, -28, -25, -21, -20, -18, -16, -11, -10, -2}), frozenset({-60, -26, -57, -55, -21, -53, -19, -17, -15, -11, -9, -35}), frozenset({-60, -57, -25, -54, -21, -53, -19, -18, -16, -12, -9, -35}), frozenset({-60, -26, -57, -54, -21, -53, -20, -17, -15, -12, -9, -35}), frozenset({-60, -26, -57, -54, -22, -20, -17, -15, -12, -10}), frozenset({-60, -26, -57, -55, -21, -53, -19, -17, -15, -12, -9, -35}), frozenset({-60, -57, -25, -54, -21, -20, -17, -15, -11, -9, -35}), frozenset({-60, -57, -25, -22, -54, -53, -20, -17, -15, -11, -10, -36}), frozenset({-60, -57, -25, -55, -21, -53, -20, -18, -15, -12, -9, -37}), frozenset({-60, -26, -57, -54, -21, -20, -53, -17, -15, -12, -9}), frozenset({-31, -30, -60, -27, -58, -26, -55, -53, -18, -48, -15, -9, -40, -35}), frozenset({-31, -30, -28, -60, -58, -25, -55, -18, -16, -48, -43, -9}), frozenset({-31, -30, -28, -60, -58, -26, -55, -17, -15, -44, -9}), frozenset({-31, -30, -60, -27, -58, -25, -55, -49, -48, -17, -15, -9, -40, -37}), frozenset({-29, -28, -60, -58, -25, -54, -50, -17, -48, -15, -10, -40, -39, -33}), frozenset({-31, -30, -28, -59, -58, -26, -60, -17, -15, -9}), frozenset({-31, -30, -60, -27, -58, -26, -59, -53, -17, -48, -15, -9})]
1541	itemsets left after W operation 	: [frozenset({-16, -12, 61, -18}), frozenset({-30, -61, -28, -25, -55, -23, -21, -19, -13, -9, -40, -7, -4}), frozenset({-30, -61, -28, -26, -24, -55, -22, -20, -13, -10, -40, -8, -6, -35, -33}), frozenset({-61, -55, -53, -48, -40, -37, -31, -29, -28, -25, -24, -21, -20, -14, -10, -7, -2}), frozenset({-61, -55, -53, -48, -40, -31, -29, -28, -25, -23, -21, -20, -13, -10, -7, -2}), frozenset({-61, -54, -52, -46, -40, -39, -31, -30, -28, -25, -24, -21, -20, -13, -10, -8, -4}), frozenset({-61, -55, -53, -48, -42, -39, -31, -29, -27, -25, -23, -21, -19, -13, -10, -7, -2}), frozenset({-61, -26, -57, -23, -54, -21, -20, -13, -9, -7, -35}), frozenset({-61, -57, -24, -55, -25, -21, -19, -14, -10, -7}), frozenset({-61, -26, -57, -24, -54, -53, -21, -20, -14, -9, -8, -37}), frozenset({-61, -57, -25, -55, -23, -53, -21, -20, -14, -10, -7, -35}), frozenset({-61, -26, -57, -23, -54, -53, -22, -20, -14, -9, -7, -35}), frozenset({-61, -26, -57, -24, -54, -22, -19, -14, -9, -8, -35}), frozenset({-61, -57, -25, -55, -23, -53, -21, -19, -13, -9, -8, -39}), frozenset({-61, -57, -24, -25, -54, -21, -20, -14, -9, -7, -35}), frozenset({-61, -26, -57, -23, -55, -21, -20, -14, -10, -7, -39}), frozenset({-61, -26, -57, -23, -54, -53, -21, -19, -14, -9, -39, -7}), frozenset({-61, -59, -48, -14, -10, -2, -7, -34}), frozenset({-32, -30, -61, -60, -28, -26, -55, -53, -21, -20, -48, -43, -9, -39, -2}), frozenset({-30, -61, -60, -28, -26, -55, -21, -19, -48, -10, -40, -35, -2, -33}), frozenset({-61, -60, -25, -57, -54, -21, -53, -19, -9, -35})]
906	itemsets left after W operation 	: [frozenset({-31, -30, -28, 62}), frozenset({-62, -58, -26, -23, -55, -18, -16, -14, -10, -40, -7, -35}), frozenset({-62, -58, -26, -24, -54, -18, -16, -14, -10, -7}), frozenset({-62, -61, -25, -24, -54, -21, -52, -20, -46, -13, -10, -40, -8, -39, -4}), frozenset({-62, -54, -53, -48, -44, -39, -26, -24, -21, -20, -18, -15, -13, -12, -10, -8, -2}), frozenset({-62, -54, -53, -48, -42, -37, -25, -24, -21, -20, -18, -15, -13, -12, -10, -8, -4}), frozenset({-48, -62, -26, -24, -7, 56, -18}), frozenset({-62, -60, -25, -55, -21, -20, -17, -48, -15, -44, -12, -10, -37, -2}), frozenset({-62, -60, -25, -55, -21, -19, -18, -48, -15, -12, -9, -40, -4, -35}), frozenset({-62, -60, -25, -54, -53, -21, -20, -18, -48, -16, -44, -11, -10, -35, -2}), frozenset({-48, -62, -40, 57, -2}), frozenset({-62, -60, -58, -25, -55, -18, -16, -48, -43, -9}), frozenset({-62, -60, -58, -26, -55, -17, -15, -44, -9}), frozenset({-62, -60, -59, -58, -26, -17, -15, -9}), frozenset({-62, -58, -26, -23, -54, -53, -17, -48, -15, -13, -10, -41, -39, -7}), frozenset({-62, -59, -58, -26, -23, -18, -15, -13, -9, -8}), frozenset({-62, -58, -26, -24, -55, -18, -16, -14, -10, -40, -7})]
724	itemsets left after W operation 	: [frozenset({-20, -10, 63}), frozenset({-63, -55, -53, -48, -40, -39, -31, -30, -27, -25, -23, -21, -18, -15, -13, -12, -7, -4}), frozenset({-63, -56, -54, -21, -16, -13, -12, -40, -2}), frozenset({-63, -56, -55, -22, -53, -16, -14, -11, -40, -35, -2}), frozenset({-63, -56, -55, -21, -16, -13, -12, -40, -37, -2}), frozenset({-63, -56, -55, -53, -21, -16, -13, -11, -40, -6, -35}), frozenset({-63, -26, -57, -24, -54, -53, -22, -17, -15, -13, -11, -8, -35}), frozenset({-63, -26, -57, -23, -54, -53, -21, -18, -16, -13, -11, -7, -35}), frozenset({-63, -26, -57, -24, -54, -53, -22, -18, -16, -13, -11, -8, -35}), frozenset({-63, -59, -56, -22, -16, -13, -12, -4}), frozenset({-63, -59, -56, -53, -21, -16, -13, -11, -2}), frozenset({-63, -59, -56, -22, -53, -16, -14, -11, -2}), frozenset({-63, -59, -56, -53, -21, -16, -13, -12, -2}), frozenset({-63, -59, -56, -22, -16, -13, -12, -6}), frozenset({-63, -60, -26, -57, -54, -22, -17, -15, -12}), frozenset({-63, -60, -57, -25, -22, -54, -53, -17, -15, -11, -36}), frozenset({-63, -30, -61, -28, -26, -24, -55, -22, -13, -40, -8, -6, -35, -33}), frozenset({-63, -61, -55, -53, -48, -40, -37, -31, -29, -28, -25, -24, -21, -14, -7, -2}), frozenset({-31, -63, -61, -29, -28, -25, -55, -23, -53, -21, -48, -13, -40, -7, -2}), frozenset({-63, -61, -57, -25, -55, -23, -53, -21, -14, -7, -35}), frozenset({-63, -61, -26, -57, -23, -55, -21, -14, -7, -39}), frozenset({-63, -62, -61, -25, -24, -54, -21, -52, -46, -13, -40, -8, -39, -4}), frozenset({-63, -62, -54, -53, -48, -44, -39, -26, -24, -21, -18, -15, -13, -12, -8, -2}), frozenset({-63, -62, -54, -53, -48, -42, -37, -25, -24, -21, -18, -15, -13, -12, -8, -4}), frozenset({-63, -62, -60, -25, -55, -21, -17, -48, -15, -44, -12, -37, -2}), frozenset({-63, -62, -60, -25, -54, -53, -21, -18, -48, -16, -44, -11, -35, -2})]
647	itemsets left after W operation 	: [frozenset({64, -13, -12}), frozenset({-64, -31, -22, -54, -20, -18, -48, -15, -40, -9, -8, -39, -4}), frozenset({-64, -59, -56, -22, -53, -20, -16, -9, -3}), frozenset({-64, -55, -53, -48, -44, -39, -34, -29, -28, -25, -23, -21, -20, -17, -15, -9, -7, -2}), frozenset({-64, -59, -56, -53, -21, -19, -16, -9, -4}), frozenset({-64, -31, -54, -17, -48, -15, -44, -10, -7, -35, -2}), frozenset({-16, -63, -64, -59, -56, -22, -4}), frozenset({-64, -56, -54, -53, -21, -20, -16, -42, -9, -35, -2}), frozenset({-64, -56, -54, -22, -19, -16, -9, -40, -37, -2}), frozenset({-64, -63, -59, -56, -53, -21, -16, -2}), frozenset({-16, -63, -64, -22, -59, -56, -6}), frozenset({-64, -25, -24, -55, -57, -53, -21, -19, -17, -15, -10, -8, -35}), frozenset({-64, -25, -57, -23, -54, -53, -21, -19, -17, -15, -10, -7, -37}), frozenset({-64, -25, -57, -23, -54, -21, -19, -17, -15, -9, -8, -37}), frozenset({-64, -63, -62, -26, -24, -54, -53, -21, -18, -48, -15, -44, -8, -39, -2}), frozenset({-64, -63, -62, -25, -24, -54, -53, -21, -18, -48, -15, -42, -8, -37, -4}), frozenset({-64, -63, -55, -53, -48, -40, -39, -31, -30, -27, -25, -23, -21, -18, -15, -7, -4}), frozenset({-64, -63, -56, -54, -21, -16, -40, -2}), frozenset({-64, -63, -56, -55, -21, -16, -40, -37, -2})]
519	itemsets left after W operation 	: [frozenset({65, -21, -2}), frozenset({-63, -62, -60, -25, -55, -17, -48, -15, -44, -12, -37, -65}), frozenset({-32, -30, -61, -60, -28, -26, -55, -53, -20, -48, -43, -9, -39, -65}), frozenset({-30, -61, -60, -28, -26, -55, -19, -48, -10, -40, -33, -35, -65}), frozenset({-56, -55, -53, -19, -16, -14, -43, -11, -9, -37, -65}), frozenset({-63, -62, -60, -25, -54, -53, -18, -48, -16, -44, -11, -35, -65}), frozenset({-64, -55, -53, -48, -44, -39, -34, -29, -28, -25, -23, -20, -17, -15, -9, -7, -65}), frozenset({-31, -29, -60, -28, -25, -55, -19, -17, -15, -46, -12, -9, -40, -39, -65}), frozenset({-30, -60, -28, -25, -55, -19, -18, -48, -15, -12, -9, -40, -33, -35, -65}), frozenset({-64, -56, -54, -53, -20, -16, -42, -9, -35, -65}), frozenset({-64, -63, -16, -59, -56, -53, -65}), frozenset({-64, -63, -62, -26, -24, -54, -53, -18, -48, -15, -44, -8, -39, -65}), frozenset({-64, -63, -16, -56, -40, -54, -65}), frozenset({-64, -63, -56, -55, -16, -40, -37, -65}), frozenset({-63, -59, -56, -53, -16, -13, -11, -65}), frozenset({-61, -55, -53, -48, -42, -39, -31, -29, -27, -25, -23, -19, -13, -10, -7, -65}), frozenset({-63, -31, -61, -29, -28, -25, -24, -55, -53, -48, -14, -40, -7, -37, -65}), frozenset({-31, -63, -61, -29, -28, -25, -55, -23, -53, -48, -13, -40, -7, -65}), frozenset({-59, -56, -53, -19, -16, -14, -11, -9, -65})]
509	itemsets left after W operation 	: [frozenset({-35, -54, 66}), frozenset({-26, -57, -24, -22, -53, -20, -18, -16, -14, -11, -9, -8, -66}), frozenset({-26, -57, -24, -53, -21, -20, -18, -16, -14, -11, -9, -8, -66}), frozenset({-60, -26, -57, -21, -53, -20, -17, -15, -12, -9, -66}), frozenset({-63, -62, -60, -25, -53, -18, -48, -16, -44, -11, -66, -65}), frozenset({-60, -25, -57, -21, -20, -17, -15, -11, -9, -66}), frozenset({-63, -26, -57, -24, -22, -53, -17, -15, -13, -11, -8, -66}), frozenset({-63, -26, -57, -23, -53, -21, -18, -16, -13, -11, -7, -66}), frozenset({-63, -26, -57, -24, -22, -53, -18, -16, -13, -11, -8, -66}), frozenset({-58, -56, -53, -16, -14, -42, -10, -66}), frozenset({-64, -56, -53, -20, -16, -42, -9, -66, -65}), frozenset({-61, -26, -57, -23, -21, -20, -13, -9, -7, -66}), frozenset({-61, -26, -57, -24, -22, -19, -14, -9, -8, -66}), frozenset({-40, 59, -66}), frozenset({-61, -26, -57, -23, -22, -53, -20, -14, -9, -7, -66}), frozenset({-61, -25, -24, -57, -21, -20, -14, -9, -7, -66}), frozenset({-64, -31, -17, -48, -15, -44, -10, -2, -7, -66}), frozenset({-61, -60, -57, -25, -21, -53, -19, -9, -66})]
406	itemsets left after W operation 	: [frozenset({-48, -31, 67, -40}), frozenset({-30, -60, -27, -25, -55, -17, -15, -12, -10, -67, -2}), frozenset({-63, -61, -28, -29, -25, -24, -55, -53, -14, -7, -37, -67, -65}), frozenset({-63, -61, -28, -29, -25, -55, -23, -53, -13, -7, -67, -65}), frozenset({-29, -28, -58, -25, -55, -23, -53, -18, -16, -35, -13, -9, -8, -67}), frozenset({-30, -60, -27, -58, -26, -55, -53, -18, -35, -15, -9, -67}), frozenset({-30, -60, -27, -58, -25, -55, -49, -17, -15, -9, -37, -67}), frozenset({-64, -54, -22, -20, -18, -15, -9, -8, -39, -4, -67}), frozenset({-64, -63, -30, -27, -25, -55, -23, -53, -21, -18, -15, -7, -39, -4, -67})]
319	itemsets left after W operation 	: [frozenset({-16, -14, 68, -18}), frozenset({-30, -28, -26, -24, -22, -54, -20, -11, -9, -40, -7, -68, -2}), frozenset({-30, -28, -58, -26, -24, -54, -10, -40, -7, -68}), frozenset({-62, -58, -26, -23, -55, -10, -40, -7, -68, -35}), frozenset({-62, -58, -26, -24, -54, -10, -7, -68}), frozenset({-62, -58, -26, -24, -55, -10, -40, -7, -68}), frozenset({-26, -57, -24, -22, -53, -20, -11, -9, -8, -68, -66}), frozenset({-26, -57, -24, -21, -53, -20, -11, -9, -8, -68, -66})]
278	itemsets left after W operation 	: [frozenset({-40, 69, -10}), frozenset({-16, -14, -12, -56, -55, -69, -2}), frozenset({-29, -28, -60, -58, -25, -54, -50, -17, -48, -15, -39, -69, -33}), frozenset({-69, -58, -56, -55, -53, -16, -14, -37}), frozenset({-16, -14, -58, -56, -55, -69}), frozenset({-16, -14, -58, -56, -54, -69}), frozenset({-58, -56, -55, -53, -16, -14, -69, -35}), frozenset({-58, -56, -55, -49, -16, -14, -69, -35}), frozenset({-30, -61, -60, -28, -26, -55, -19, -48, -33, -69, -35, -65}), frozenset({-16, -14, -58, -56, -55, -69, -35}), frozenset({-30, -28, -58, -26, -24, -54, -7, -69, -68}), frozenset({-62, -58, -26, -23, -55, -7, -69, -68, -35}), frozenset({-62, -58, -26, -24, -55, -7, -69, -68})]
260	itemsets left after W operation 	: [frozenset({-55, -7, 70}), frozenset({-63, -61, -28, -29, -25, -24, -53, -14, -70, -37, -67, -65}), frozenset({-63, -61, -28, -29, -25, -23, -53, -13, -70, -67, -65}), frozenset({-64, -53, -48, -44, -39, -34, -29, -28, -25, -23, -20, -17, -15, -9, -70, -65}), frozenset({-64, -63, -30, -27, -25, -23, -53, -21, -18, -15, -39, -70, -4, -67}), frozenset({-31, -61, -29, -27, -25, -23, -53, -19, -48, -13, -42, -10, -39, -70, -65}), frozenset({-63, -61, -25, -57, -23, -53, -21, -14, -70, -35}), frozenset({-63, -61, -26, -57, -23, -21, -14, -39, -70}), frozenset({-62, -58, -26, -23, -70, -69, -68, -35}), frozenset({-62, -58, -26, -24, -70, -69, -68}), frozenset({-30, -61, -28, -25, -23, -21, -19, -13, -9, -40, -70, -4}), frozenset({-61, -25, -24, -57, -21, -19, -14, -10, -70})]
203	itemsets left after W operation 	: [frozenset({-40, -9, 71}), frozenset({-30, -28, -26, -24, -22, -54, -20, -11, -7, -71, -68, -2}), frozenset({-31, -29, -60, -28, -25, -55, -19, -17, -15, -46, -12, -39, -71, -65}), frozenset({-30, -60, -28, -25, -55, -19, -18, -48, -15, -12, -71, -33, -35, -65}), frozenset({-16, -14, -58, -56, -55, -71}), frozenset({-16, -13, -58, -56, -55, -71, -35}), frozenset({-16, -13, -58, -56, -55, -71}), frozenset({-62, -60, -25, -55, -21, -19, -18, -48, -15, -12, -71, -4, -35}), frozenset({-16, -14, -58, -71, -56, -55, -37}), frozenset({-64, -56, -54, -22, -19, -16, -71, -37, -2}), frozenset({-30, -61, -28, -25, -23, -21, -19, -13, -71, -70, -4})]
175	itemsets left after W operation 	: [frozenset({72, -22, -20}), frozenset({-72, 58, -12, -2}), frozenset({-59, -56, -53, -15, -13, -11, -9, -72, -2}), frozenset({-59, -56, -53, -16, -14, -11, -72, -2}), frozenset({-59, -56, -49, -16, -14, -11, -9, -72, -2}), frozenset({-59, -56, -16, -14, -12, -9, -72, -3}), frozenset({-61, -26, -57, -23, -53, -14, -9, -72, -7, -66}), frozenset({-64, -59, -56, -53, -16, -9, -72, -3}), frozenset({-30, -28, -26, -24, -54, -11, -72, -7, -71, -68, -2}), frozenset({-64, -54, -18, -15, -72, -9, -8, -39, -4, -67}), frozenset({-26, -57, -24, -53, -11, -72, -9, -8, -68, -66})]
121	itemsets left after W operation 	: [frozenset({73, -30, -28, -26}), frozenset({-24, -54, -11, -73, -72, -7, -71, -68, -2}), frozenset({-63, -61, -24, -55, -22, -13, -40, -73, -8, -6, -35, -33}), frozenset({-32, -61, -60, -55, -53, -20, -48, -9, -43, -73, -39, -65}), frozenset({-61, -60, -55, -19, -48, -73, -33, -69, -35, -65}), frozenset({-58, -73, -24, -7, -54, -69, -68})]
109	itemsets left after W operation 	: [frozenset({-55, 74, -12}), frozenset({-56, -20, -16, -14, -9, -74, -41, -35, -2}), frozenset({-31, -29, -60, -28, -25, -19, -17, -15, -46, -74, -39, -71, -65}), frozenset({-30, -60, -28, -25, -19, -18, -48, -15, -65, -74, -71, -35, -33}), frozenset({-30, -60, -27, -25, -17, -15, -10, -74, -67, -2}), frozenset({-62, -60, -25, -21, -19, -18, -48, -15, -74, -71, -4, -35}), frozenset({-60, -26, -57, -21, -53, -19, -17, -15, -74, -9, -35}), frozenset({-60, -57, -25, -21, -53, -20, -18, -15, -74, -9, -37}), frozenset({-63, -62, -60, -25, -17, -48, -15, -44, -74, -37, -65}), frozenset({-16, -14, -74, -56, -69, -2})]
92	itemsets left after W operation 	: [frozenset({-48, 75, -53}), frozenset({-64, -63, -62, -25, -24, -54, -21, -18, -15, -75, -42, -8, -37, -4}), frozenset({-31, -30, -60, -27, -58, -26, -59, -17, -15, -75, -9}), frozenset({-64, -63, -62, -26, -24, -54, -18, -15, -44, -75, -8, -39, -65}), frozenset({-32, -61, -60, -55, -20, -73, -43, -75, -9, -39, -65}), frozenset({-64, -29, -28, -25, -23, -20, -17, -15, -44, -75, -9, -39, -70, -34, -65}), frozenset({-63, -62, -60, -25, -18, -16, -44, -11, -75, -66, -65}), frozenset({-31, -61, -29, -27, -25, -23, -19, -13, -75, -42, -10, -39, -70, -65}), frozenset({-62, -58, -26, -23, -54, -17, -15, -13, -75, -10, -41, -39, -7})]
# of frequent itemsets	: 5
Time of DCI Closed		: 0.34940075874328613
4	itemsets left after W operation 	: [frozenset({-56, -16, 76}), frozenset({-58, -55, -53, -13, -76, -42, -9, -35}), frozenset({-14, -76, -58, -42, -10, -54}), frozenset({-14, -76, -59, -58, -10}), frozenset({-14, -76, -59, -58, -10, -53}), frozenset({-13, -76, -59, -58, -10, -53}), frozenset({-14, -76, -59, -58, -9, -53}), frozenset({-14, -76, -59, -58, -9}), frozenset({-63, -55, -22, -53, -14, -76, -11, -40, -35, -2}), frozenset({-63, -55, -53, -21, -13, -76, -11, -40, -6, -35}), frozenset({-63, -59, -22, -53, -14, -76, -11, -2}), frozenset({-64, -59, -53, -21, -19, -76, -9, -4}), frozenset({-64, -63, -76, -59, -22, -4}), frozenset({-64, -63, -22, -76, -59, -6}), frozenset({-55, -53, -19, -14, -76, -43, -11, -9, -37, -65}), frozenset({-64, -63, -76, -59, -53, -65}), frozenset({-64, -63, -76, -40, -54, -65}), frozenset({-64, -63, -76, -40, -55, -37, -65}), frozenset({-63, -13, -76, -59, -11, -53, -65}), frozenset({-59, -53, -19, -14, -76, -11, -9, -65}), frozenset({-14, -76, -58, -42, -10, -53, -66}), frozenset({-64, -53, -20, -76, -42, -9, -66, -65}), frozenset({-14, -76, -58, -53, -37, -55, -69}), frozenset({-14, -76, -58, -55, -69}), frozenset({-14, -76, -58, -54, -69}), frozenset({-14, -76, -58, -53, -55, -69, -35}), frozenset({-14, -76, -58, -55, -69, -35, -49}), frozenset({-14, -76, -58, -55, -69, -35}), frozenset({-14, -76, -58, -55, -71}), frozenset({-13, -76, -58, -55, -71, -35}), frozenset({-13, -76, -58, -55, -71}), frozenset({-14, -76, -58, -71, -55, -37}), frozenset({-64, -54, -22, -19, -76, -71, -37, -2}), frozenset({-14, -76, -59, -11, -72, -53, -2}), frozenset({-59, -49, -14, -76, -11, -9, -72, -2}), frozenset({-14, -12, -59, -76, -9, -72, -3}), frozenset({-64, -76, -59, -9, -72, -53, -3}), frozenset({-20, -14, -9, -76, -74, -41, -35, -2}), frozenset({-14, -76, -74, -69, -2})]
Clause Pruned	: frozenset({-15, -13, -59, -58, -10, -56, -53})
Clause Pruned	: frozenset({-15, -13, -59, -58, -9, -56})
Clause Pruned	: frozenset({-15, -13, -59, -58, -9, -56, -53})
Clause Pruned	: frozenset({-60, -26, -57, -54, -21, -20, -53, -17, -15, -12, -9})
Clause Pruned	: frozenset({-61, -26, -57, -23, -54, -53, -21, -19, -14, -9, -39, -7})
Clause Pruned	: frozenset({-62, -60, -59, -58, -26, -17, -15, -9})
Clause Pruned	: frozenset({-60, -26, -57, -21, -53, -20, -17, -15, -12, -9, -66})
Clause Pruned	: frozenset({-61, -26, -57, -23, -21, -20, -13, -9, -7, -66})
Clause Pruned	: frozenset({-61, -25, -24, -57, -21, -20, -14, -9, -7, -66})
Clause Pruned	: frozenset({-61, -60, -57, -25, -21, -53, -19, -9, -66})
Clause Pruned	: frozenset({-61, -26, -57, -23, -53, -14, -9, -72, -7, -66})
Clause Pruned	: frozenset({-31, -30, -60, -27, -58, -26, -59, -17, -15, -75, -9})
Clause Pruned	: frozenset({-14, -76, -58, -42, -10, -54})
Clause Pruned	: frozenset({-14, -76, -59, -58, -10})
Clause Pruned	: frozenset({-14, -76, -59, -58, -10, -53})
Clause Pruned	: frozenset({-14, -76, -59, -58, -9, -53})
Clause Pruned	: frozenset({-14, -76, -59, -58, -9})
Clause Pruned	: frozenset({-63, -59, -22, -53, -14, -76, -11, -2})
Clause Pruned	: frozenset({-64, -63, -76, -59, -53, -65})
Clause Pruned	: frozenset({-14, -76, -58, -42, -10, -53, -66})
Clause Pruned	: frozenset({-64, -53, -20, -76, -42, -9, -66, -65})
Clause Pruned	: frozenset({-14, -76, -58, -53, -37, -55, -69})
Clause Pruned	: frozenset({-14, -76, -58, -55, -69})
Clause Pruned	: frozenset({-14, -76, -58, -54, -69})
Clause Pruned	: frozenset({-14, -76, -58, -53, -55, -69, -35})
Clause Pruned	: frozenset({-14, -76, -58, -55, -69, -35, -49})
Clause Pruned	: frozenset({-14, -76, -58, -55, -69, -35})
Clause Pruned	: frozenset({-13, -76, -58, -55, -71, -35})
Clause Pruned	: frozenset({-14, -76, -58, -71, -55, -37})
Clause Pruned	: frozenset({-64, -54, -22, -19, -76, -71, -37, -2})
Clause Pruned	: frozenset({-59, -49, -14, -76, -11, -9, -72, -2})
Initial DL				: 14722.454478067943
Final DL				: 6560.028333647133
Compression (wrt me)	: 0.5544201991984683
Operator Counters		: {'D': 0, 'W': 21, 'V': 0, 'S': 0, 'R': 0, 'T': 0}
Misle Learning Runtime	: 3.384690999984741

# of frequent itemsets	: 3874
Time of DCI Closed		: 0.7490460872650146
2  violations of +ve partial assignments found for the learned theory.
Violating Clauses	:{frozenset({-54, -12, -9, -7, -2})}
DL of initial theory	: 17144.118167206707
3864	itemsets left after T operation 	: [frozenset({-31, -30, -28, -26, -24, -18, -48, -7})]
3681	itemsets left after T operation 	: [frozenset({-31, -30, -28, -48, -40, -2})]
3044	itemsets left after T operation 	: [frozenset({-28, -20, -12, -7, -2})]
1754	itemsets left after T operation 	: [frozenset({-48, -31, -13, -12})]
506	itemsets left after T operation 	: [frozenset({-30, -28, -18, -12, -40})]
74	itemsets left after T operation 	: [frozenset({-30, -28, -24, -18, -7})]
28	itemsets left after W operation 	: [frozenset({56, -7, -12, -2}), frozenset({-56, -55, -46, -40, -39, -31, -29, -28, -25, -24, -21, -19, -17, -15, -13, -9}), frozenset({-56, -54, -18, -16, -48, -14, -10, -40, -35, -34}), frozenset({-56, -54, -9}), frozenset({-56, -28, -20})]
19	itemsets left after T operation 	: [frozenset({-30, -28, -18})]
7	itemsets left after T operation 	: [frozenset({-40, -31, -28})]
# of frequent itemsets	: 0
Time of DCI Closed		: 0.5777583122253418
Initial DL				: 18571.337650933143
Final DL				: 2606.0381897748484
Compression (wrt me)	: 0.8596741797086488
Operator Counters		: {'D': 0, 'W': 1, 'V': 0, 'S': 0, 'R': 0, 'T': 8}
Misle Learning Runtime	: 1.7252709865570068

# of frequent itemsets	: 0
Time of DCI Closed		: 0.31275081634521484
Comp Theory is T-.
mining4sat_pos_theory is not learned.
mistle_minus_theory is not learned.

Minsup					: 38
Initial DL				: 18572.337650933143
Mining4SAT DL			: 9473.292341964
Mistle Lossless Pos DL	: 0
Mistle Lossless Neg DL	: 6560.028333647133
Mistle Lossless DL		: 6561.028333647133
Mistle Lossy Plus DL	: 2606.038189774849
Mistle Lossy Minus DL	: nan

Data							: hepatitis.dat
Minsup List						: [38]
Compression: Mining4SAT			: [0.4899246115370929]
Compression: Mistle - Lossless	: [0.6467311516212132]
Compression: Mistle - Lossy		: [nan]
