
##### Build transactions database #####.....[OK]
nbTransactions = 50
AVGTransactionsLenght = 12
##### Execute lcm #####.....[OK]
##### Parse lcm result & Build classes patterns #####.....[OK]

nbValidPatterns= 28
nbClasses= 1

##### Reduction of non binaries clauses #####.....[OK]
##### Writing of output #####.....[OK]


##### Build transactions database #####.....[OK]
no binary clause for the instance NonBinary_Compressed_mining4sat_6cb80920-3289-4780-8a29-e83bad3043b5_L1.cnf
mining4sat_6cb80920-3289-4780-8a29-e83bad3043b5_ & 1 & 50 & 50 & 0 & 0,8 Ko & 63 & 49 & 14 & 34,7 & 0,5 Ko & 0 & 0 & 0 & 34,7 & 0,5 Ko & 0,06 \\

TotalCPUTime = 0,06



##### Build transactions database #####.....[OK]
nbTransactions = 100
AVGTransactionsLenght = 16
##### Execute lcm #####.....[OK]
##### Parse lcm result & Build classes patterns #####.....[OK]

nbValidPatterns= 37
nbClasses= 1

##### Reduction of non binaries clauses #####.....[OK]
##### Writing of output #####.....[OK]


##### Build transactions database #####.....[OK]
nbTransactions = 1
AVGTransactionsLenght = 3
##### Execute lcm #####.....[OK]
##### Parse lcm result & Build classes patterns #####.....[OK]

nbValidPatterns = 0
nbClasses = 0
no binary reduction for the instance NonBinary_Compressed_mining4sat_6172a4a8-7f97-49f5-98b1-1f353d5a589d_L1.cnf
mining4sat_6172a4a8-7f97-49f5-98b1-1f353d5a589d_ & 1 & 100 & 100 & 0 & 1,7 Ko & 121 & 80 & 41 & 34,5 & 1,1 Ko & 0 & 0 & 0 & 34,5 & 1,1 Ko & 0,07 \\

TotalCPUTime = 0,07


Input Data	: /Users/arcchit/Docs/Mistle/mining4sat_6cb80920-3289-4780-8a29-e83bad3043b5_.cnf
Command 	: cd /Users/arcchit/Docs/Mistle/Resources/Mining4SAT && java -Xms8G -Xmx25G -cp bin/ execution.FrequentPatterns /Users/arcchit/Docs/Mistle/mining4sat_6cb80920-3289-4780-8a29-e83bad3043b5_.cnf 1
Return Code	: 0
Output Data	: /Users/arcchit/Docs/Mistle/Resources/Mining4SAT/NonBinary_Compressed_mining4sat_6cb80920-3289-4780-8a29-e83bad3043b5_L1.cnf
Input Data	: /Users/arcchit/Docs/Mistle/mining4sat_6172a4a8-7f97-49f5-98b1-1f353d5a589d_.cnf
Command 	: cd /Users/arcchit/Docs/Mistle/Resources/Mining4SAT && java -Xms8G -Xmx25G -cp bin/ execution.FrequentPatterns /Users/arcchit/Docs/Mistle/mining4sat_6172a4a8-7f97-49f5-98b1-1f353d5a589d_.cnf 1
Return Code	: 0
Output Data	: /Users/arcchit/Docs/Mistle/Resources/Mining4SAT/NonBinary_Compressed_mining4sat_6172a4a8-7f97-49f5-98b1-1f353d5a589d_L1.cnf
# of frequent itemsets	: 53
Time of DCI Closed		: 0.32181310653686523
DL of initial theory	: 495.6143005017033
16	itemsets left after W operation 	: [frozenset({-16, 18, -13}), frozenset({-3, -18, -9}), frozenset({-4, -18, -9}), frozenset({-5, -18, -9}), frozenset({-6, -11, -18}), frozenset({-4, -11, -18}), frozenset({-3, -11, -18}), frozenset({-7, -4, -18}), frozenset({-7, -3, -18}), frozenset({-8, -3, -18}), frozenset({-5, -10, -18}), frozenset({-7, -2, -18}), frozenset({-10, -18, -2}), frozenset({-3, -10, -18}), frozenset({-8, -4, -18})]
# of frequent itemsets	: 51
Time of DCI Closed		: 0.3145310878753662
Initial DL				: 1137.5592578677044
Final DL				: 429.899624402957
Compression (wrt me)	: 0.6220859516287692
Operator Counters		: {'D': 0, 'W': 1, 'V': 0, 'S': 0, 'R': 0, 'T': 0}
Misle Learning Runtime	: 0.6556978225708008

# of frequent itemsets	: 54
Time of DCI Closed		: 0.34142518043518066
DL of initial theory	: 543.6461710678151
13	itemsets left after W operation 	: [frozenset({-14, 18, -17}), frozenset({-6, -11, -18}), frozenset({-7, -6, -18}), frozenset({-7, -3, -18}), frozenset({-7, -4, -18}), frozenset({-4, -10, -18}), frozenset({-8, -4, -18}), frozenset({-3, -10, -18}), frozenset({-6, -10, -18}), frozenset({-8, -6, -18}), frozenset({-6, -18, -9}), frozenset({-8, -3, -18}), frozenset({-4, -18, -9}), frozenset({-4, -11, -18})]
10	itemsets left after W operation 	: [frozenset({-15, 19, -12, -2}), frozenset({-11, -19}), frozenset({-7, -19}), frozenset({-19, -10}), frozenset({-19, -9})]
# of frequent itemsets	: 50
Time of DCI Closed		: 0.3368260860443115
Initial DL				: 2311.9010251021787
Final DL				: 485.4908121630704
Compression (wrt me)	: 0.7900036347180506
Operator Counters		: {'D': 0, 'W': 2, 'V': 0, 'S': 0, 'R': 0, 'T': 0}
Misle Learning Runtime	: 0.7025799751281738

# of frequent itemsets	: 54
Time of DCI Closed		: 0.33409929275512695
2  violations of +ve partial assignments found for the learned theory.
Violating Clauses	:{frozenset({-6, -14, -10, -17}), frozenset({-16, -7, -14, -3})}
DL of initial theory	: 975.1259888548162
12	itemsets left after T operation 	: [frozenset({-14, -17})]
7	itemsets left after T operation 	: [frozenset({-15, -12, -2})]
3	itemsets left after T operation 	: [frozenset({-15, -12})]
0	itemsets left after T operation 	: [frozenset({-14})]
# of frequent itemsets	: 3
Time of DCI Closed		: 0.32712507247924805
Initial DL				: 3534.4326449280866
Final DL				: 213.5428006163466
Compression (wrt me)	: 0.9395821558736505
Operator Counters		: {'D': 0, 'W': 0, 'V': 0, 'S': 0, 'R': 0, 'T': 4}
Misle Learning Runtime	: 0.6725313663482666

# of frequent itemsets	: 53
Time of DCI Closed		: 0.3198540210723877
2  violations of +ve partial assignments found for the learned theory.
Violating Clauses	:{frozenset({-6, -14, -10, -17}), frozenset({-16, -7, -14, -3})}
DL of initial theory	: 975.1259888548162
14	itemsets left after T operation 	: [frozenset({-16, -13})]
3	itemsets left after T operation 	: [frozenset({-16, -14})]
0	itemsets left after T operation 	: [frozenset({-16})]
# of frequent itemsets	: 4
Time of DCI Closed		: 0.27742981910705566
Initial DL				: 3534.4326449280866
Final DL				: 174.81179208847772
Compression (wrt me)	: 0.9505403526816862
Operator Counters		: {'D': 0, 'W': 0, 'V': 0, 'S': 0, 'R': 0, 'T': 3}
Misle Learning Runtime	: 0.606909990310669

Comp Theory is T-.

Minsup					: 1
Initial DL				: 3535.4326449280866
Mining4SAT DL			: 3297.7600550280627
Mistle Lossless Pos DL	: 429.899624402957
Mistle Lossless Neg DL	: 485.4908121630704
Mistle Lossless DL		: 934.1032458252121
Mistle Lossy Plus DL	: 213.54280061634645
Mistle Lossy Minus DL	: 174.81179208847806

Data							: iris_18.dat
Minsup List						: [1]
Compression: Mining4SAT			: [0.06722588542055462]
Compression: Mistle - Lossless	: [0.7357881369440677]
Compression: Mistle - Lossy		: [0.9505403526816862]
